#
# There is insufficient memory for the Java Runtime Environment to continue.
# Native memory allocation (mmap) failed to map 148897792 bytes. Error detail: G1 virtual space
# Possible reasons:
#   The system is out of physical RAM or swap space
#   This process is running with CompressedOops enabled, and the Java Heap may be blocking the growth of the native heap
# Possible solutions:
#   Reduce memory load on the system
#   Increase physical memory or swap space
#   Check if swap backing store is full
#   Decrease Java heap size (-Xmx/-Xms)
#   Decrease number of Java threads
#   Decrease Java thread stack sizes (-Xss)
#   Set larger code cache with -XX:ReservedCodeCacheSize=
#   JVM is running with Unscaled Compressed Oops mode in which the Java heap is
#     placed in the first 4GB address space. The Java Heap base address is the
#     maximum limit for the native heap growth. Please use -XX:HeapBaseMinAddress
#     to set the Java Heap base and to place the Java Heap above 4GB virtual address.
# This output file may be truncated or incomplete.
#
#  Out of Memory Error (os_windows.cpp:3898), pid=22312, tid=16816
#
# JRE version: OpenJDK Runtime Environment (21.0.7) (build 21.0.7+-13880790-b1038.58)
# Java VM: OpenJDK 64-Bit Server VM (21.0.7+-13880790-b1038.58, mixed mode, tiered, compressed oops, compressed class ptrs, g1 gc, windows-amd64)
# No core dump will be written. Minidumps are not enabled by default on client versions of Windows
#

---------------  S U M M A R Y ------------

Command Line: org.jetbrains.kotlin.cli.jvm.K2JVMCompiler @D:\User\Documents\GitHub\app-chat\app\common\build\20260105_243924142355013675.compiler.options

Host: AMD Ryzen 5 4600H with Radeon Graphics         , 12 cores, 7G,  Windows 11 , 64 bit Build 22621 (10.0.22621.5415)
Time: Mon Jan  5 11:52:19 2026  Windows 11 , 64 bit Build 22621 (10.0.22621.5415) elapsed time: 6.714742 seconds (0d 0h 0m 6s)

---------------  T H R E A D  ---------------

Current thread (0x0000021136b2df80):  VMThread "VM Thread"          [id=16816, stack(0x0000004f39100000,0x0000004f39200000) (1024K)]

Stack: [0x0000004f39100000,0x0000004f39200000]
Native frames: (J=compiled Java code, j=interpreted, Vv=VM code, C=native code)
V  [jvm.dll+0x6d25c9]
V  [jvm.dll+0x860923]
V  [jvm.dll+0x862e7e]
V  [jvm.dll+0x863563]
V  [jvm.dll+0x27f156]
V  [jvm.dll+0x6ceee5]
V  [jvm.dll+0x6c29aa]
V  [jvm.dll+0x355ebb]
V  [jvm.dll+0x35db16]
V  [jvm.dll+0x3afb16]
V  [jvm.dll+0x3afde8]
V  [jvm.dll+0x32855c]
V  [jvm.dll+0x3285e7]
V  [jvm.dll+0x36e47c]
V  [jvm.dll+0x36cc2e]
V  [jvm.dll+0x327cb1]
V  [jvm.dll+0x36c330]
V  [jvm.dll+0x8692e8]
V  [jvm.dll+0x86a664]
V  [jvm.dll+0x86aba0]
V  [jvm.dll+0x86ae33]
V  [jvm.dll+0x808d08]
V  [jvm.dll+0x6d0e1d]
C  [ucrtbase.dll+0x29333]
C  [KERNEL32.DLL+0x1259d]
C  [ntdll.dll+0x5af78]

VM_Operation (0x0000004f38af9cc0): G1CollectForAllocation, mode: safepoint, requested by thread 0x000002111f2afd00


---------------  P R O C E S S  ---------------

Threads class SMR info:
_java_thread_list=0x000002113e654170, length=12, elements={
0x000002111f2afd00, 0x000002113b07b080, 0x000002113b051aa0, 0x000002113b052390,
0x000002113b0d47b0, 0x000002113b0d5210, 0x000002113b0d5c70, 0x000002113b0d66d0,
0x000002113b0d9470, 0x000002113b0d9f10, 0x000002113b259a40, 0x000002113e3e3410
}

Java Threads: ( => current thread )
  0x000002111f2afd00 JavaThread "main"                              [_thread_blocked, id=3976, stack(0x0000004f38a00000,0x0000004f38b00000) (1024K)]
  0x000002113b07b080 JavaThread "Common-Cleaner"             daemon [_thread_blocked, id=19124, stack(0x0000004f39200000,0x0000004f39300000) (1024K)]
  0x000002113b051aa0 JavaThread "Reference Handler"          daemon [_thread_blocked, id=5128, stack(0x0000004f39300000,0x0000004f39400000) (1024K)]
  0x000002113b052390 JavaThread "Finalizer"                  daemon [_thread_blocked, id=5152, stack(0x0000004f39400000,0x0000004f39500000) (1024K)]
  0x000002113b0d47b0 JavaThread "Signal Dispatcher"          daemon [_thread_blocked, id=12936, stack(0x0000004f39500000,0x0000004f39600000) (1024K)]
  0x000002113b0d5210 JavaThread "Attach Listener"            daemon [_thread_blocked, id=22128, stack(0x0000004f39600000,0x0000004f39700000) (1024K)]
  0x000002113b0d5c70 JavaThread "Service Thread"             daemon [_thread_blocked, id=23840, stack(0x0000004f39700000,0x0000004f39800000) (1024K)]
  0x000002113b0d66d0 JavaThread "Monitor Deflation Thread"   daemon [_thread_blocked, id=23104, stack(0x0000004f39800000,0x0000004f39900000) (1024K)]
  0x000002113b0d9470 JavaThread "C2 CompilerThread0"         daemon [_thread_blocked, id=2176, stack(0x0000004f39900000,0x0000004f39a00000) (1024K)]
  0x000002113b0d9f10 JavaThread "C1 CompilerThread0"         daemon [_thread_blocked, id=2724, stack(0x0000004f39a00000,0x0000004f39b00000) (1024K)]
  0x000002113b259a40 JavaThread "Notification Thread"        daemon [_thread_blocked, id=22380, stack(0x0000004f39b00000,0x0000004f39c00000) (1024K)]
  0x000002113e3e3410 JavaThread "C2 CompilerThread1"         daemon [_thread_blocked, id=12632, stack(0x0000004f3a600000,0x0000004f3a700000) (1024K)]
Total: 12

Other Threads:
=>0x0000021136b2df80 VMThread "VM Thread"                           [id=16816, stack(0x0000004f39100000,0x0000004f39200000) (1024K)]
  0x0000021136aa96c0 WatcherThread "VM Periodic Task Thread"        [id=19948, stack(0x0000004f39000000,0x0000004f39100000) (1024K)]
  0x000002111f303d80 WorkerThread "GC Thread#0"                     [id=18928, stack(0x0000004f38b00000,0x0000004f38c00000) (1024K)]
  0x000002113b90a390 WorkerThread "GC Thread#1"                     [id=20292, stack(0x0000004f39c00000,0x0000004f39d00000) (1024K)]
  0x000002113b96a140 WorkerThread "GC Thread#2"                     [id=18076, stack(0x0000004f39d00000,0x0000004f39e00000) (1024K)]
  0x000002113b96a4e0 WorkerThread "GC Thread#3"                     [id=8504, stack(0x0000004f39e00000,0x0000004f39f00000) (1024K)]
  0x000002113b96a880 WorkerThread "GC Thread#4"                     [id=5396, stack(0x0000004f39f00000,0x0000004f3a000000) (1024K)]
  0x000002113b96ac20 WorkerThread "GC Thread#5"                     [id=21632, stack(0x0000004f3a000000,0x0000004f3a100000) (1024K)]
  0x000002113babaff0 WorkerThread "GC Thread#6"                     [id=6008, stack(0x0000004f3a100000,0x0000004f3a200000) (1024K)]
  0x000002113babb390 WorkerThread "GC Thread#7"                     [id=21568, stack(0x0000004f3a200000,0x0000004f3a300000) (1024K)]
  0x000002113bf22f30 WorkerThread "GC Thread#8"                     [id=21824, stack(0x0000004f3a300000,0x0000004f3a400000) (1024K)]
  0x000002113bf24c30 WorkerThread "GC Thread#9"                     [id=24232, stack(0x0000004f3a700000,0x0000004f3a800000) (1024K)]
  0x000002111f3142f0 ConcurrentGCThread "G1 Main Marker"            [id=17872, stack(0x0000004f38c00000,0x0000004f38d00000) (1024K)]
  0x000002111f314f60 WorkerThread "G1 Conc#0"                       [id=17288, stack(0x0000004f38d00000,0x0000004f38e00000) (1024K)]
  0x000002113bf24890 WorkerThread "G1 Conc#1"                       [id=23520, stack(0x0000004f3a400000,0x0000004f3a500000) (1024K)]
  0x000002113bf24150 WorkerThread "G1 Conc#2"                       [id=15176, stack(0x0000004f3a500000,0x0000004f3a600000) (1024K)]
  0x000002111f36e4e0 ConcurrentGCThread "G1 Refine#0"               [id=356, stack(0x0000004f38e00000,0x0000004f38f00000) (1024K)]
  0x000002113697b6a0 ConcurrentGCThread "G1 Service"                [id=12332, stack(0x0000004f38f00000,0x0000004f39000000) (1024K)]
Total: 18

Threads with active compile tasks:
C1 CompilerThread0  6744 6018       3       org.jetbrains.kotlin.types.model.TypeSystemContext::typeConstructor (32 bytes)
Total: 1

VM state: at safepoint (normal execution)

VM Mutex/Monitor currently owned by a thread:  ([mutex/lock_event])
[0x00007ff804141468] Threads_lock - owner thread: 0x0000021136b2df80
[0x00007ff804141568] Heap_lock - owner thread: 0x000002111f2afd00

Heap address: 0x0000000089400000, size: 1900 MB, Compressed Oops mode: 32-bit

CDS archive(s) not mapped
Compressed class space mapped at: 0x0000000100000000-0x0000000140000000, reserved size: 1073741824
Narrow klass base: 0x0000000000000000, Narrow klass shift: 3, Narrow klass range: 0x140000000

GC Precious Log:
 CardTable entry size: 512
 Card Set container configuration: InlinePtr #cards 5 size 8 Array Of Cards #cards 12 size 40 Howl #buckets 4 coarsen threshold 1843 Howl Bitmap #cards 512 size 80 coarsen threshold 460 Card regions per heap region 1 cards per card region 2048
 CPUs: 12 total, 12 available
 Memory: 7598M
 Large Page Support: Disabled
 NUMA Support: Disabled
 Compressed Oops: Enabled (32-bit)
 Heap Region Size: 1M
 Heap Min Capacity: 8M
 Heap Initial Capacity: 120M
 Heap Max Capacity: 1900M
 Pre-touch: Disabled
 Parallel Workers: 10
 Concurrent Workers: 3
 Concurrent Refinement Workers: 10
 Periodic GC: Disabled

Heap:
 garbage-first heap   total 184320K, used 127579K [0x0000000089400000, 0x0000000100000000)
  region size 1024K, 6 young (6144K), 6 survivors (6144K)
 Metaspace       used 63596K, committed 63936K, reserved 1114112K
  class space    used 7286K, committed 7424K, reserved 1048576K

Heap Regions: E=young(eden), S=young(survivor), O=old, HS=humongous(starts), HC=humongous(continues), CS=collection set, F=free, TAMS=top-at-mark-start, PB=parsable bottom
|   0|0x0000000089400000, 0x0000000089500000, 0x0000000089500000|100%|HS|  |TAMS 0x0000000089400000| PB 0x0000000089400000| Complete 
|   1|0x0000000089500000, 0x0000000089600000, 0x0000000089600000|100%|HC|  |TAMS 0x0000000089500000| PB 0x0000000089500000| Complete 
|   2|0x0000000089600000, 0x0000000089700000, 0x0000000089700000|100%|HC|  |TAMS 0x0000000089600000| PB 0x0000000089600000| Complete 
|   3|0x0000000089700000, 0x0000000089800000, 0x0000000089800000|100%|HC|  |TAMS 0x0000000089700000| PB 0x0000000089700000| Complete 
|   4|0x0000000089800000, 0x0000000089900000, 0x0000000089900000|100%| O|  |TAMS 0x0000000089800000| PB 0x0000000089800000| Untracked 
|   5|0x0000000089900000, 0x0000000089a00000, 0x0000000089a00000|100%| O|  |TAMS 0x0000000089900000| PB 0x0000000089900000| Untracked 
|   6|0x0000000089a00000, 0x0000000089b00000, 0x0000000089b00000|100%| O|  |TAMS 0x0000000089a00000| PB 0x0000000089a00000| Untracked 
|   7|0x0000000089b00000, 0x0000000089c00000, 0x0000000089c00000|100%| O|  |TAMS 0x0000000089b00000| PB 0x0000000089b00000| Untracked 
|   8|0x0000000089c00000, 0x0000000089d00000, 0x0000000089d00000|100%| O|  |TAMS 0x0000000089c00000| PB 0x0000000089c00000| Untracked 
|   9|0x0000000089d00000, 0x0000000089e00000, 0x0000000089e00000|100%| O|  |TAMS 0x0000000089d00000| PB 0x0000000089d00000| Untracked 
|  10|0x0000000089e00000, 0x0000000089f00000, 0x0000000089f00000|100%| O|  |TAMS 0x0000000089e00000| PB 0x0000000089e00000| Untracked 
|  11|0x0000000089f00000, 0x000000008a000000, 0x000000008a000000|100%| O|  |TAMS 0x0000000089f00000| PB 0x0000000089f00000| Untracked 
|  12|0x000000008a000000, 0x000000008a100000, 0x000000008a100000|100%| O|  |TAMS 0x000000008a000000| PB 0x000000008a000000| Untracked 
|  13|0x000000008a100000, 0x000000008a200000, 0x000000008a200000|100%| O|  |TAMS 0x000000008a100000| PB 0x000000008a100000| Untracked 
|  14|0x000000008a200000, 0x000000008a300000, 0x000000008a300000|100%| O|  |TAMS 0x000000008a200000| PB 0x000000008a200000| Untracked 
|  15|0x000000008a300000, 0x000000008a400000, 0x000000008a400000|100%| O|  |TAMS 0x000000008a300000| PB 0x000000008a300000| Untracked 
|  16|0x000000008a400000, 0x000000008a500000, 0x000000008a500000|100%| O|  |TAMS 0x000000008a400000| PB 0x000000008a400000| Untracked 
|  17|0x000000008a500000, 0x000000008a600000, 0x000000008a600000|100%| O|  |TAMS 0x000000008a500000| PB 0x000000008a500000| Untracked 
|  18|0x000000008a600000, 0x000000008a700000, 0x000000008a700000|100%| O|  |TAMS 0x000000008a600000| PB 0x000000008a600000| Untracked 
|  19|0x000000008a700000, 0x000000008a800000, 0x000000008a800000|100%| O|  |TAMS 0x000000008a700000| PB 0x000000008a700000| Untracked 
|  20|0x000000008a800000, 0x000000008a900000, 0x000000008a900000|100%| O|  |TAMS 0x000000008a800000| PB 0x000000008a800000| Untracked 
|  21|0x000000008a900000, 0x000000008aa00000, 0x000000008aa00000|100%| O|  |TAMS 0x000000008a900000| PB 0x000000008a900000| Untracked 
|  22|0x000000008aa00000, 0x000000008ab00000, 0x000000008ab00000|100%| O|  |TAMS 0x000000008aa00000| PB 0x000000008aa00000| Untracked 
|  23|0x000000008ab00000, 0x000000008ac00000, 0x000000008ac00000|100%| O|  |TAMS 0x000000008ab00000| PB 0x000000008ab00000| Untracked 
|  24|0x000000008ac00000, 0x000000008ad00000, 0x000000008ad00000|100%| O|  |TAMS 0x000000008ac00000| PB 0x000000008ac00000| Untracked 
|  25|0x000000008ad00000, 0x000000008ae00000, 0x000000008ae00000|100%| O|  |TAMS 0x000000008ad00000| PB 0x000000008ad00000| Untracked 
|  26|0x000000008ae00000, 0x000000008af00000, 0x000000008af00000|100%| O|  |TAMS 0x000000008ae00000| PB 0x000000008ae00000| Untracked 
|  27|0x000000008af00000, 0x000000008b000000, 0x000000008b000000|100%| O|  |TAMS 0x000000008af00000| PB 0x000000008af00000| Untracked 
|  28|0x000000008b000000, 0x000000008b100000, 0x000000008b100000|100%| O|  |TAMS 0x000000008b000000| PB 0x000000008b000000| Untracked 
|  29|0x000000008b100000, 0x000000008b200000, 0x000000008b200000|100%| O|  |TAMS 0x000000008b100000| PB 0x000000008b100000| Untracked 
|  30|0x000000008b200000, 0x000000008b300000, 0x000000008b300000|100%| O|  |TAMS 0x000000008b200000| PB 0x000000008b200000| Untracked 
|  31|0x000000008b300000, 0x000000008b400000, 0x000000008b400000|100%| O|  |TAMS 0x000000008b300000| PB 0x000000008b300000| Untracked 
|  32|0x000000008b400000, 0x000000008b500000, 0x000000008b500000|100%| O|  |TAMS 0x000000008b400000| PB 0x000000008b400000| Untracked 
|  33|0x000000008b500000, 0x000000008b600000, 0x000000008b600000|100%| O|  |TAMS 0x000000008b500000| PB 0x000000008b500000| Untracked 
|  34|0x000000008b600000, 0x000000008b700000, 0x000000008b700000|100%| O|  |TAMS 0x000000008b600000| PB 0x000000008b600000| Untracked 
|  35|0x000000008b700000, 0x000000008b800000, 0x000000008b800000|100%| O|  |TAMS 0x000000008b700000| PB 0x000000008b700000| Untracked 
|  36|0x000000008b800000, 0x000000008b900000, 0x000000008b900000|100%| O|  |TAMS 0x000000008b800000| PB 0x000000008b800000| Untracked 
|  37|0x000000008b900000, 0x000000008ba00000, 0x000000008ba00000|100%| O|  |TAMS 0x000000008b900000| PB 0x000000008b900000| Untracked 
|  38|0x000000008ba00000, 0x000000008bb00000, 0x000000008bb00000|100%| O|  |TAMS 0x000000008ba00000| PB 0x000000008ba00000| Untracked 
|  39|0x000000008bb00000, 0x000000008bc00000, 0x000000008bc00000|100%| O|  |TAMS 0x000000008bb00000| PB 0x000000008bb00000| Untracked 
|  40|0x000000008bc00000, 0x000000008bd00000, 0x000000008bd00000|100%| O|  |TAMS 0x000000008bc00000| PB 0x000000008bc00000| Untracked 
|  41|0x000000008bd00000, 0x000000008be00000, 0x000000008be00000|100%| O|  |TAMS 0x000000008bd00000| PB 0x000000008bd00000| Untracked 
|  42|0x000000008be00000, 0x000000008bf00000, 0x000000008bf00000|100%| O|  |TAMS 0x000000008be00000| PB 0x000000008be00000| Untracked 
|  43|0x000000008bf00000, 0x000000008c000000, 0x000000008c000000|100%| O|  |TAMS 0x000000008bf00000| PB 0x000000008bf00000| Untracked 
|  44|0x000000008c000000, 0x000000008c100000, 0x000000008c100000|100%| O|  |TAMS 0x000000008c000000| PB 0x000000008c000000| Untracked 
|  45|0x000000008c100000, 0x000000008c200000, 0x000000008c200000|100%| O|  |TAMS 0x000000008c100000| PB 0x000000008c100000| Untracked 
|  46|0x000000008c200000, 0x000000008c300000, 0x000000008c300000|100%| O|  |TAMS 0x000000008c200000| PB 0x000000008c200000| Untracked 
|  47|0x000000008c300000, 0x000000008c400000, 0x000000008c400000|100%| O|  |TAMS 0x000000008c300000| PB 0x000000008c300000| Untracked 
|  48|0x000000008c400000, 0x000000008c500000, 0x000000008c500000|100%| O|  |TAMS 0x000000008c400000| PB 0x000000008c400000| Untracked 
|  49|0x000000008c500000, 0x000000008c600000, 0x000000008c600000|100%| O|  |TAMS 0x000000008c500000| PB 0x000000008c500000| Untracked 
|  50|0x000000008c600000, 0x000000008c700000, 0x000000008c700000|100%| O|  |TAMS 0x000000008c600000| PB 0x000000008c600000| Untracked 
|  51|0x000000008c700000, 0x000000008c800000, 0x000000008c800000|100%| O|  |TAMS 0x000000008c700000| PB 0x000000008c700000| Untracked 
|  52|0x000000008c800000, 0x000000008c900000, 0x000000008c900000|100%| O|  |TAMS 0x000000008c800000| PB 0x000000008c800000| Untracked 
|  53|0x000000008c900000, 0x000000008ca00000, 0x000000008ca00000|100%| O|  |TAMS 0x000000008c900000| PB 0x000000008c900000| Untracked 
|  54|0x000000008ca00000, 0x000000008cb00000, 0x000000008cb00000|100%| O|  |TAMS 0x000000008ca00000| PB 0x000000008ca00000| Untracked 
|  55|0x000000008cb00000, 0x000000008cc00000, 0x000000008cc00000|100%| O|  |TAMS 0x000000008cb00000| PB 0x000000008cb00000| Untracked 
|  56|0x000000008cc00000, 0x000000008cd00000, 0x000000008cd00000|100%| O|  |TAMS 0x000000008cc00000| PB 0x000000008cc00000| Untracked 
|  57|0x000000008cd00000, 0x000000008ce00000, 0x000000008ce00000|100%| O|  |TAMS 0x000000008cd00000| PB 0x000000008cd00000| Untracked 
|  58|0x000000008ce00000, 0x000000008cf00000, 0x000000008cf00000|100%| O|  |TAMS 0x000000008ce00000| PB 0x000000008ce00000| Untracked 
|  59|0x000000008cf00000, 0x000000008d000000, 0x000000008d000000|100%| O|  |TAMS 0x000000008cf00000| PB 0x000000008cf00000| Untracked 
|  60|0x000000008d000000, 0x000000008d100000, 0x000000008d100000|100%| O|  |TAMS 0x000000008d000000| PB 0x000000008d000000| Untracked 
|  61|0x000000008d100000, 0x000000008d200000, 0x000000008d200000|100%| O|  |TAMS 0x000000008d100000| PB 0x000000008d100000| Untracked 
|  62|0x000000008d200000, 0x000000008d300000, 0x000000008d300000|100%| O|  |TAMS 0x000000008d200000| PB 0x000000008d200000| Untracked 
|  63|0x000000008d300000, 0x000000008d400000, 0x000000008d400000|100%| O|  |TAMS 0x000000008d300000| PB 0x000000008d300000| Untracked 
|  64|0x000000008d400000, 0x000000008d500000, 0x000000008d500000|100%| O|  |TAMS 0x000000008d400000| PB 0x000000008d400000| Untracked 
|  65|0x000000008d500000, 0x000000008d600000, 0x000000008d600000|100%| O|  |TAMS 0x000000008d500000| PB 0x000000008d500000| Untracked 
|  66|0x000000008d600000, 0x000000008d700000, 0x000000008d700000|100%| O|  |TAMS 0x000000008d600000| PB 0x000000008d600000| Untracked 
|  67|0x000000008d700000, 0x000000008d800000, 0x000000008d800000|100%| O|  |TAMS 0x000000008d700000| PB 0x000000008d700000| Untracked 
|  68|0x000000008d800000, 0x000000008d900000, 0x000000008d900000|100%| O|  |TAMS 0x000000008d800000| PB 0x000000008d800000| Untracked 
|  69|0x000000008d900000, 0x000000008da00000, 0x000000008da00000|100%| O|  |TAMS 0x000000008d900000| PB 0x000000008d900000| Untracked 
|  70|0x000000008da00000, 0x000000008db00000, 0x000000008db00000|100%| O|  |TAMS 0x000000008da00000| PB 0x000000008da00000| Untracked 
|  71|0x000000008db00000, 0x000000008dc00000, 0x000000008dc00000|100%| O|  |TAMS 0x000000008db00000| PB 0x000000008db00000| Untracked 
|  72|0x000000008dc00000, 0x000000008dd00000, 0x000000008dd00000|100%| O|  |TAMS 0x000000008dc00000| PB 0x000000008dc00000| Untracked 
|  73|0x000000008dd00000, 0x000000008de00000, 0x000000008de00000|100%| O|  |TAMS 0x000000008dd00000| PB 0x000000008dd00000| Untracked 
|  74|0x000000008de00000, 0x000000008df00000, 0x000000008df00000|100%| O|  |TAMS 0x000000008de00000| PB 0x000000008de00000| Untracked 
|  75|0x000000008df00000, 0x000000008df00000, 0x000000008e000000|  0%| F|  |TAMS 0x000000008df00000| PB 0x000000008df00000| Untracked 
|  76|0x000000008e000000, 0x000000008e100000, 0x000000008e100000|100%| O|  |TAMS 0x000000008e000000| PB 0x000000008e000000| Untracked 
|  77|0x000000008e100000, 0x000000008e200000, 0x000000008e200000|100%| O|  |TAMS 0x000000008e100000| PB 0x000000008e100000| Untracked 
|  78|0x000000008e200000, 0x000000008e300000, 0x000000008e300000|100%| O|  |TAMS 0x000000008e200000| PB 0x000000008e200000| Untracked 
|  79|0x000000008e300000, 0x000000008e400000, 0x000000008e400000|100%| O|  |TAMS 0x000000008e300000| PB 0x000000008e300000| Untracked 
|  80|0x000000008e400000, 0x000000008e500000, 0x000000008e500000|100%| O|  |TAMS 0x000000008e400000| PB 0x000000008e400000| Untracked 
|  81|0x000000008e500000, 0x000000008e600000, 0x000000008e600000|100%| O|  |TAMS 0x000000008e500000| PB 0x000000008e500000| Untracked 
|  82|0x000000008e600000, 0x000000008e700000, 0x000000008e700000|100%| O|  |TAMS 0x000000008e600000| PB 0x000000008e600000| Untracked 
|  83|0x000000008e700000, 0x000000008e800000, 0x000000008e800000|100%| O|  |TAMS 0x000000008e700000| PB 0x000000008e700000| Untracked 
|  84|0x000000008e800000, 0x000000008e900000, 0x000000008e900000|100%| O|  |TAMS 0x000000008e800000| PB 0x000000008e800000| Untracked 
|  85|0x000000008e900000, 0x000000008ea00000, 0x000000008ea00000|100%| O|  |TAMS 0x000000008e900000| PB 0x000000008e900000| Untracked 
|  86|0x000000008ea00000, 0x000000008eb00000, 0x000000008eb00000|100%| O|  |TAMS 0x000000008ea00000| PB 0x000000008ea00000| Untracked 
|  87|0x000000008eb00000, 0x000000008ec00000, 0x000000008ec00000|100%| O|  |TAMS 0x000000008eb00000| PB 0x000000008eb00000| Untracked 
|  88|0x000000008ec00000, 0x000000008ed00000, 0x000000008ed00000|100%| O|  |TAMS 0x000000008ec00000| PB 0x000000008ec00000| Untracked 
|  89|0x000000008ed00000, 0x000000008ed00000, 0x000000008ee00000|  0%| F|  |TAMS 0x000000008ed00000| PB 0x000000008ed00000| Untracked 
|  90|0x000000008ee00000, 0x000000008ef00000, 0x000000008ef00000|100%| O|  |TAMS 0x000000008ee00000| PB 0x000000008ee00000| Untracked 
|  91|0x000000008ef00000, 0x000000008f000000, 0x000000008f000000|100%| O|  |TAMS 0x000000008ef00000| PB 0x000000008ef00000| Untracked 
|  92|0x000000008f000000, 0x000000008f100000, 0x000000008f100000|100%| O|  |TAMS 0x000000008f000000| PB 0x000000008f000000| Untracked 
|  93|0x000000008f100000, 0x000000008f200000, 0x000000008f200000|100%| O|  |TAMS 0x000000008f100000| PB 0x000000008f100000| Untracked 
|  94|0x000000008f200000, 0x000000008f300000, 0x000000008f300000|100%| O|  |TAMS 0x000000008f200000| PB 0x000000008f200000| Untracked 
|  95|0x000000008f300000, 0x000000008f400000, 0x000000008f400000|100%| O|  |TAMS 0x000000008f300000| PB 0x000000008f300000| Untracked 
|  96|0x000000008f400000, 0x000000008f500000, 0x000000008f500000|100%| O|  |TAMS 0x000000008f400000| PB 0x000000008f400000| Untracked 
|  97|0x000000008f500000, 0x000000008f600000, 0x000000008f600000|100%| O|  |TAMS 0x000000008f500000| PB 0x000000008f500000| Untracked 
|  98|0x000000008f600000, 0x000000008f700000, 0x000000008f700000|100%| O|  |TAMS 0x000000008f600000| PB 0x000000008f600000| Untracked 
|  99|0x000000008f700000, 0x000000008f800000, 0x000000008f800000|100%|HS|  |TAMS 0x000000008f700000| PB 0x000000008f700000| Complete 
| 100|0x000000008f800000, 0x000000008f900000, 0x000000008f900000|100%| O|  |TAMS 0x000000008f800000| PB 0x000000008f800000| Untracked 
| 101|0x000000008f900000, 0x000000008fa00000, 0x000000008fa00000|100%| O|  |TAMS 0x000000008f900000| PB 0x000000008f900000| Untracked 
| 102|0x000000008fa00000, 0x000000008fb00000, 0x000000008fb00000|100%| O|  |TAMS 0x000000008fa00000| PB 0x000000008fa00000| Untracked 
| 103|0x000000008fb00000, 0x000000008fc00000, 0x000000008fc00000|100%| O|  |TAMS 0x000000008fb00000| PB 0x000000008fb00000| Untracked 
| 104|0x000000008fc00000, 0x000000008fd00000, 0x000000008fd00000|100%| O|  |TAMS 0x000000008fc00000| PB 0x000000008fc00000| Untracked 
| 105|0x000000008fd00000, 0x000000008fe00000, 0x000000008fe00000|100%| O|  |TAMS 0x000000008fd00000| PB 0x000000008fd00000| Untracked 
| 106|0x000000008fe00000, 0x000000008ff00000, 0x000000008ff00000|100%| O|  |TAMS 0x000000008fe00000| PB 0x000000008fe00000| Untracked 
| 107|0x000000008ff00000, 0x0000000090000000, 0x0000000090000000|100%| O|  |TAMS 0x000000008ff00000| PB 0x000000008ff00000| Untracked 
| 108|0x0000000090000000, 0x0000000090100000, 0x0000000090100000|100%| O|  |TAMS 0x0000000090000000| PB 0x0000000090000000| Untracked 
| 109|0x0000000090100000, 0x0000000090200000, 0x0000000090200000|100%| O|  |TAMS 0x0000000090100000| PB 0x0000000090100000| Untracked 
| 110|0x0000000090200000, 0x0000000090300000, 0x0000000090300000|100%| O|  |TAMS 0x0000000090200000| PB 0x0000000090200000| Untracked 
| 111|0x0000000090300000, 0x0000000090400000, 0x0000000090400000|100%| O|  |TAMS 0x0000000090300000| PB 0x0000000090300000| Untracked 
| 112|0x0000000090400000, 0x0000000090500000, 0x0000000090500000|100%| O|  |TAMS 0x0000000090400000| PB 0x0000000090400000| Untracked 
| 113|0x0000000090500000, 0x0000000090600000, 0x0000000090600000|100%| O|  |TAMS 0x0000000090500000| PB 0x0000000090500000| Untracked 
| 114|0x0000000090600000, 0x0000000090700000, 0x0000000090700000|100%| O|  |TAMS 0x0000000090600000| PB 0x0000000090600000| Untracked 
| 115|0x0000000090700000, 0x0000000090800000, 0x0000000090800000|100%| O|  |TAMS 0x0000000090700000| PB 0x0000000090700000| Untracked 
| 116|0x0000000090800000, 0x0000000090900000, 0x0000000090900000|100%| O|  |TAMS 0x0000000090800000| PB 0x0000000090800000| Untracked 
| 117|0x0000000090900000, 0x0000000090a00000, 0x0000000090a00000|100%| O|  |TAMS 0x0000000090900000| PB 0x0000000090900000| Untracked 
| 118|0x0000000090a00000, 0x0000000090a96db0, 0x0000000090b00000| 58%| O|  |TAMS 0x0000000090a00000| PB 0x0000000090a00000| Untracked 
| 119|0x0000000090b00000, 0x0000000090b00000, 0x0000000090c00000|  0%| F|  |TAMS 0x0000000090b00000| PB 0x0000000090b00000| Untracked 
| 120|0x0000000090c00000, 0x0000000090c00000, 0x0000000090d00000|  0%| F|  |TAMS 0x0000000090c00000| PB 0x0000000090c00000| Untracked 
| 121|0x0000000090d00000, 0x0000000090d00000, 0x0000000090e00000|  0%| F|  |TAMS 0x0000000090d00000| PB 0x0000000090d00000| Untracked 
| 122|0x0000000090e00000, 0x0000000090e00000, 0x0000000090f00000|  0%| F|  |TAMS 0x0000000090e00000| PB 0x0000000090e00000| Untracked 
| 123|0x0000000090f00000, 0x0000000090f00000, 0x0000000091000000|  0%| F|  |TAMS 0x0000000090f00000| PB 0x0000000090f00000| Untracked 
| 124|0x0000000091000000, 0x0000000091000000, 0x0000000091100000|  0%| F|  |TAMS 0x0000000091000000| PB 0x0000000091000000| Untracked 
| 125|0x0000000091100000, 0x0000000091100000, 0x0000000091200000|  0%| F|  |TAMS 0x0000000091100000| PB 0x0000000091100000| Untracked 
| 126|0x0000000091200000, 0x0000000091200000, 0x0000000091300000|  0%| F|  |TAMS 0x0000000091200000| PB 0x0000000091200000| Untracked 
| 127|0x0000000091300000, 0x0000000091300000, 0x0000000091400000|  0%| F|  |TAMS 0x0000000091300000| PB 0x0000000091300000| Untracked 
| 128|0x0000000091400000, 0x0000000091400000, 0x0000000091500000|  0%| F|  |TAMS 0x0000000091400000| PB 0x0000000091400000| Untracked 
| 129|0x0000000091500000, 0x0000000091500000, 0x0000000091600000|  0%| F|  |TAMS 0x0000000091500000| PB 0x0000000091500000| Untracked 
| 130|0x0000000091600000, 0x0000000091600000, 0x0000000091700000|  0%| F|  |TAMS 0x0000000091600000| PB 0x0000000091600000| Untracked 
| 131|0x0000000091700000, 0x0000000091700000, 0x0000000091800000|  0%| F|  |TAMS 0x0000000091700000| PB 0x0000000091700000| Untracked 
| 132|0x0000000091800000, 0x0000000091800000, 0x0000000091900000|  0%| F|  |TAMS 0x0000000091800000| PB 0x0000000091800000| Untracked 
| 133|0x0000000091900000, 0x0000000091900000, 0x0000000091a00000|  0%| F|  |TAMS 0x0000000091900000| PB 0x0000000091900000| Untracked 
| 134|0x0000000091a00000, 0x0000000091a00000, 0x0000000091b00000|  0%| F|  |TAMS 0x0000000091a00000| PB 0x0000000091a00000| Untracked 
| 135|0x0000000091b00000, 0x0000000091c00000, 0x0000000091c00000|100%| S|CS|TAMS 0x0000000091b00000| PB 0x0000000091b00000| Complete 
| 136|0x0000000091c00000, 0x0000000091d00000, 0x0000000091d00000|100%| S|CS|TAMS 0x0000000091c00000| PB 0x0000000091c00000| Complete 
| 137|0x0000000091d00000, 0x0000000091e00000, 0x0000000091e00000|100%| S|CS|TAMS 0x0000000091d00000| PB 0x0000000091d00000| Complete 
| 138|0x0000000091e00000, 0x0000000091f00000, 0x0000000091f00000|100%| S|CS|TAMS 0x0000000091e00000| PB 0x0000000091e00000| Complete 
| 139|0x0000000091f00000, 0x0000000092000000, 0x0000000092000000|100%| S|CS|TAMS 0x0000000091f00000| PB 0x0000000091f00000| Complete 
| 140|0x0000000092000000, 0x0000000092100000, 0x0000000092100000|100%| S|CS|TAMS 0x0000000092000000| PB 0x0000000092000000| Complete 
| 141|0x0000000092100000, 0x0000000092100000, 0x0000000092200000|  0%| F|  |TAMS 0x0000000092100000| PB 0x0000000092100000| Untracked 
| 142|0x0000000092200000, 0x0000000092200000, 0x0000000092300000|  0%| F|  |TAMS 0x0000000092200000| PB 0x0000000092200000| Untracked 
| 143|0x0000000092300000, 0x0000000092300000, 0x0000000092400000|  0%| F|  |TAMS 0x0000000092300000| PB 0x0000000092300000| Untracked 
| 144|0x0000000092400000, 0x0000000092400000, 0x0000000092500000|  0%| F|  |TAMS 0x0000000092400000| PB 0x0000000092400000| Untracked 
| 145|0x0000000092500000, 0x0000000092500000, 0x0000000092600000|  0%| F|  |TAMS 0x0000000092500000| PB 0x0000000092500000| Untracked 
| 146|0x0000000092600000, 0x0000000092600000, 0x0000000092700000|  0%| F|  |TAMS 0x0000000092600000| PB 0x0000000092600000| Untracked 
| 147|0x0000000092700000, 0x0000000092700000, 0x0000000092800000|  0%| F|  |TAMS 0x0000000092700000| PB 0x0000000092700000| Untracked 
| 148|0x0000000092800000, 0x0000000092800000, 0x0000000092900000|  0%| F|  |TAMS 0x0000000092800000| PB 0x0000000092800000| Untracked 
| 149|0x0000000092900000, 0x0000000092900000, 0x0000000092a00000|  0%| F|  |TAMS 0x0000000092900000| PB 0x0000000092900000| Untracked 
| 150|0x0000000092a00000, 0x0000000092a00000, 0x0000000092b00000|  0%| F|  |TAMS 0x0000000092a00000| PB 0x0000000092a00000| Untracked 
| 151|0x0000000092b00000, 0x0000000092b00000, 0x0000000092c00000|  0%| F|  |TAMS 0x0000000092b00000| PB 0x0000000092b00000| Untracked 
| 152|0x0000000092c00000, 0x0000000092c00000, 0x0000000092d00000|  0%| F|  |TAMS 0x0000000092c00000| PB 0x0000000092c00000| Untracked 
| 153|0x0000000092d00000, 0x0000000092d00000, 0x0000000092e00000|  0%| F|  |TAMS 0x0000000092d00000| PB 0x0000000092d00000| Untracked 
| 154|0x0000000092e00000, 0x0000000092e00000, 0x0000000092f00000|  0%| F|  |TAMS 0x0000000092e00000| PB 0x0000000092e00000| Untracked 
| 155|0x0000000092f00000, 0x0000000092f00000, 0x0000000093000000|  0%| F|  |TAMS 0x0000000092f00000| PB 0x0000000092f00000| Untracked 
| 156|0x0000000093000000, 0x0000000093000000, 0x0000000093100000|  0%| F|  |TAMS 0x0000000093000000| PB 0x0000000093000000| Untracked 
| 157|0x0000000093100000, 0x0000000093100000, 0x0000000093200000|  0%| F|  |TAMS 0x0000000093100000| PB 0x0000000093100000| Untracked 
| 158|0x0000000093200000, 0x0000000093200000, 0x0000000093300000|  0%| F|  |TAMS 0x0000000093200000| PB 0x0000000093200000| Untracked 
| 159|0x0000000093300000, 0x0000000093300000, 0x0000000093400000|  0%| F|  |TAMS 0x0000000093300000| PB 0x0000000093300000| Untracked 
| 160|0x0000000093400000, 0x0000000093400000, 0x0000000093500000|  0%| F|  |TAMS 0x0000000093400000| PB 0x0000000093400000| Untracked 
| 161|0x0000000093500000, 0x0000000093500000, 0x0000000093600000|  0%| F|  |TAMS 0x0000000093500000| PB 0x0000000093500000| Untracked 
| 162|0x0000000093600000, 0x0000000093600000, 0x0000000093700000|  0%| F|  |TAMS 0x0000000093600000| PB 0x0000000093600000| Untracked 
| 163|0x0000000093700000, 0x0000000093700000, 0x0000000093800000|  0%| F|  |TAMS 0x0000000093700000| PB 0x0000000093700000| Untracked 
| 164|0x0000000093800000, 0x0000000093800000, 0x0000000093900000|  0%| F|  |TAMS 0x0000000093800000| PB 0x0000000093800000| Untracked 
| 165|0x0000000093900000, 0x0000000093900000, 0x0000000093a00000|  0%| F|  |TAMS 0x0000000093900000| PB 0x0000000093900000| Untracked 
| 166|0x0000000093a00000, 0x0000000093a00000, 0x0000000093b00000|  0%| F|  |TAMS 0x0000000093a00000| PB 0x0000000093a00000| Untracked 
| 167|0x0000000093b00000, 0x0000000093b00000, 0x0000000093c00000|  0%| F|  |TAMS 0x0000000093b00000| PB 0x0000000093b00000| Untracked 
| 168|0x0000000093c00000, 0x0000000093c00000, 0x0000000093d00000|  0%| F|  |TAMS 0x0000000093c00000| PB 0x0000000093c00000| Untracked 
| 169|0x0000000093d00000, 0x0000000093d00000, 0x0000000093e00000|  0%| F|  |TAMS 0x0000000093d00000| PB 0x0000000093d00000| Untracked 
| 170|0x0000000093e00000, 0x0000000093e00000, 0x0000000093f00000|  0%| F|  |TAMS 0x0000000093e00000| PB 0x0000000093e00000| Untracked 
| 171|0x0000000093f00000, 0x0000000093f00000, 0x0000000094000000|  0%| F|  |TAMS 0x0000000093f00000| PB 0x0000000093f00000| Untracked 
| 172|0x0000000094000000, 0x0000000094000000, 0x0000000094100000|  0%| F|  |TAMS 0x0000000094000000| PB 0x0000000094000000| Untracked 
| 173|0x0000000094100000, 0x0000000094100000, 0x0000000094200000|  0%| F|  |TAMS 0x0000000094100000| PB 0x0000000094100000| Untracked 
| 174|0x0000000094200000, 0x0000000094200000, 0x0000000094300000|  0%| F|  |TAMS 0x0000000094200000| PB 0x0000000094200000| Untracked 
| 175|0x0000000094300000, 0x0000000094300000, 0x0000000094400000|  0%| F|  |TAMS 0x0000000094300000| PB 0x0000000094300000| Untracked 
| 176|0x0000000094400000, 0x0000000094400000, 0x0000000094500000|  0%| F|  |TAMS 0x0000000094400000| PB 0x0000000094400000| Untracked 
|1897|0x00000000ffd00000, 0x00000000ffd00000, 0x00000000ffe00000|  0%| F|  |TAMS 0x00000000ffd00000| PB 0x00000000ffd00000| Untracked 
|1898|0x00000000ffe00000, 0x00000000fff00000, 0x00000000fff00000|100%| O|  |TAMS 0x00000000ffe00000| PB 0x00000000ffe00000| Untracked 
|1899|0x00000000fff00000, 0x0000000100000000, 0x0000000100000000|100%| O|  |TAMS 0x00000000fff00000| PB 0x00000000fff00000| Untracked 

Card table byte_map: [0x0000021131d10000,0x00000211320d0000] _byte_map_base: 0x00000211318c6000

Marking Bits: (CMBitMap*) 0x000002111f304480
 Bits: [0x00000211320d0000, 0x0000021133e80000)

Polling page: 0x000002111d290000

Metaspace:

Usage:
  Non-class:     54.99 MB used.
      Class:      7.12 MB used.
       Both:     62.11 MB used.

Virtual space:
  Non-class space:       64.00 MB reserved,      55.19 MB ( 86%) committed,  1 nodes.
      Class space:        1.00 GB reserved,       7.25 MB ( <1%) committed,  1 nodes.
             Both:        1.06 GB reserved,      62.44 MB (  6%) committed. 

Chunk freelists:
   Non-Class:  7.89 MB
       Class:  8.76 MB
        Both:  16.65 MB

MaxMetaspaceSize: unlimited
CompressedClassSpaceSize: 1.00 GB
Initial GC threshold: 21.00 MB
Current GC threshold: 96.50 MB
CDS: off
 - commit_granule_bytes: 65536.
 - commit_granule_words: 8192.
 - virtual_space_node_default_size: 8388608.
 - enlarge_chunks_in_place: 1.
 - use_allocation_guard: 0.


Internal statistics:

num_allocs_failed_limit: 6.
num_arena_births: 276.
num_arena_deaths: 0.
num_vsnodes_births: 2.
num_vsnodes_deaths: 0.
num_space_committed: 998.
num_space_uncommitted: 0.
num_chunks_returned_to_freelist: 6.
num_chunks_taken_from_freelist: 2161.
num_chunk_merges: 6.
num_chunk_splits: 1810.
num_chunks_enlarged: 1628.
num_inconsistent_stats: 0.

CodeHeap 'non-profiled nmethods': size=120000Kb used=3284Kb max_used=3284Kb free=116716Kb
 bounds [0x0000021129ed0000, 0x000002112a210000, 0x0000021131400000]
CodeHeap 'profiled nmethods': size=120000Kb used=11273Kb max_used=11273Kb free=108726Kb
 bounds [0x0000021122400000, 0x0000021122f10000, 0x0000021129930000]
CodeHeap 'non-nmethods': size=5760Kb used=1654Kb max_used=1701Kb free=4106Kb
 bounds [0x0000021129930000, 0x0000021129ba0000, 0x0000021129ed0000]
 total_blobs=5911 nmethods=5211 adapters=604
 compilation: enabled
              stopped_count=0, restarted_count=0
 full_count=0

Compilation events (20 events):
Event: 6.696 Thread 0x000002113b0d9f10 nmethod 6003 0x000002112a204710 code [0x000002112a2048a0, 0x000002112a204968]
Event: 6.696 Thread 0x000002113b0d9f10 6004       1       org.jetbrains.kotlin.fir.resolve.calls.candidate.CandidateFactory::getContext (5 bytes)
Event: 6.696 Thread 0x000002113b0d9f10 nmethod 6004 0x000002112a204a10 code [0x000002112a204ba0, 0x000002112a204c68]
Event: 6.696 Thread 0x000002113b0d9f10 6005       1       org.jetbrains.kotlin.fir.resolve.calls.candidate.CheckerSinkImpl::setContinuation (6 bytes)
Event: 6.696 Thread 0x000002113b0d9f10 nmethod 6005 0x000002112a204d10 code [0x000002112a204ea0, 0x000002112a204fb0]
Event: 6.696 Thread 0x000002113b0d9f10 6009       3       org.jetbrains.kotlin.types.TypeCheckerState::refineType (15 bytes)
Event: 6.696 Thread 0x000002113b0d9f10 nmethod 6009 0x0000021122efdf90 code [0x0000021122efe220, 0x0000021122efec58]
Event: 6.696 Thread 0x000002113b0d9f10 6013       3       org.jetbrains.kotlin.types.model.TypeSystemContext::lowerBoundIfFlexible (41 bytes)
Event: 6.697 Thread 0x000002113b0d9f10 nmethod 6013 0x0000021122eff090 code [0x0000021122eff340, 0x0000021122efff90]
Event: 6.697 Thread 0x000002113b0d9f10 6012       3       java.util.AbstractList::subList (40 bytes)
Event: 6.697 Thread 0x000002113b0d9f10 nmethod 6012 0x0000021122f00390 code [0x0000021122f005a0, 0x0000021122f00ca0]
Event: 6.697 Thread 0x000002113b0d9f10 6010       3       org.jetbrains.kotlin.types.AbstractTypeRefiner$Default::refineType (8 bytes)
Event: 6.697 Thread 0x000002113b0d9f10 nmethod 6010 0x0000021122f00e90 code [0x0000021122f010a0, 0x0000021122f01620]
Event: 6.697 Thread 0x000002113b0d9f10 6014       3       org.jetbrains.kotlin.fir.types.ConeTypeContext::isIntersection (11 bytes)
Event: 6.698 Thread 0x000002113b0d9f10 nmethod 6014 0x0000021122f01890 code [0x0000021122f01ac0, 0x0000021122f02120]
Event: 6.698 Thread 0x000002113b0d9f10 6011       3       org.jetbrains.kotlin.fir.types.ConeTypeContext::isStubType (11 bytes)
Event: 6.698 Thread 0x000002113b0d9f10 nmethod 6011 0x0000021122f02390 code [0x0000021122f025c0, 0x0000021122f02c20]
Event: 6.698 Thread 0x000002113b0d9f10 6019       3       org.jetbrains.kotlin.fir.types.ConeTypeContext::asDefinitelyNotNullType (25 bytes)
Event: 6.698 Thread 0x000002113b0d9f10 nmethod 6019 0x0000021122f02e90 code [0x0000021122f030e0, 0x0000021122f03968]
Event: 6.698 Thread 0x000002113b0d9f10 6018       3       org.jetbrains.kotlin.types.model.TypeSystemContext::typeConstructor (32 bytes)

GC Heap History (20 events):
Event: 4.287 GC heap after
{Heap after GC invocations=14 (full 0):
 garbage-first heap   total 79872K, used 34675K [0x0000000089400000, 0x0000000100000000)
  region size 1024K, 3 young (3072K), 3 survivors (3072K)
 Metaspace       used 51706K, committed 52032K, reserved 1114112K
  class space    used 6104K, committed 6272K, reserved 1048576K
}
Event: 4.736 GC heap before
{Heap before GC invocations=14 (full 0):
 garbage-first heap   total 79872K, used 63347K [0x0000000089400000, 0x0000000100000000)
  region size 1024K, 32 young (32768K), 3 survivors (3072K)
 Metaspace       used 56521K, committed 56832K, reserved 1114112K
  class space    used 6607K, committed 6784K, reserved 1048576K
}
Event: 4.747 GC heap after
{Heap after GC invocations=15 (full 0):
 garbage-first heap   total 79872K, used 39685K [0x0000000089400000, 0x0000000100000000)
  region size 1024K, 4 young (4096K), 4 survivors (4096K)
 Metaspace       used 56521K, committed 56832K, reserved 1114112K
  class space    used 6607K, committed 6784K, reserved 1048576K
}
Event: 4.968 GC heap before
{Heap before GC invocations=15 (full 0):
 garbage-first heap   total 79872K, used 66309K [0x0000000089400000, 0x0000000100000000)
  region size 1024K, 30 young (30720K), 4 survivors (4096K)
 Metaspace       used 57076K, committed 57408K, reserved 1114112K
  class space    used 6634K, committed 6784K, reserved 1048576K
}
Event: 4.981 GC heap after
{Heap after GC invocations=16 (full 0):
 garbage-first heap   total 79872K, used 49152K [0x0000000089400000, 0x0000000100000000)
  region size 1024K, 4 young (4096K), 4 survivors (4096K)
 Metaspace       used 57076K, committed 57408K, reserved 1114112K
  class space    used 6634K, committed 6784K, reserved 1048576K
}
Event: 5.041 GC heap before
{Heap before GC invocations=16 (full 0):
 garbage-first heap   total 79872K, used 67584K [0x0000000089400000, 0x0000000100000000)
  region size 1024K, 22 young (22528K), 4 survivors (4096K)
 Metaspace       used 57188K, committed 57536K, reserved 1114112K
  class space    used 6634K, committed 6784K, reserved 1048576K
}
Event: 5.047 GC heap after
{Heap after GC invocations=17 (full 0):
 garbage-first heap   total 79872K, used 54784K [0x0000000089400000, 0x0000000100000000)
  region size 1024K, 3 young (3072K), 3 survivors (3072K)
 Metaspace       used 57188K, committed 57536K, reserved 1114112K
  class space    used 6634K, committed 6784K, reserved 1048576K
}
Event: 5.102 GC heap before
{Heap before GC invocations=18 (full 0):
 garbage-first heap   total 92160K, used 69120K [0x0000000089400000, 0x0000000100000000)
  region size 1024K, 17 young (17408K), 3 survivors (3072K)
 Metaspace       used 57191K, committed 57536K, reserved 1114112K
  class space    used 6634K, committed 6784K, reserved 1048576K
}
Event: 5.107 GC heap after
{Heap after GC invocations=19 (full 0):
 garbage-first heap   total 92160K, used 59392K [0x0000000089400000, 0x0000000100000000)
  region size 1024K, 3 young (3072K), 3 survivors (3072K)
 Metaspace       used 57191K, committed 57536K, reserved 1114112K
  class space    used 6634K, committed 6784K, reserved 1048576K
}
Event: 5.153 GC heap before
{Heap before GC invocations=19 (full 0):
 garbage-first heap   total 92160K, used 77824K [0x0000000089400000, 0x0000000100000000)
  region size 1024K, 21 young (21504K), 3 survivors (3072K)
 Metaspace       used 57191K, committed 57536K, reserved 1114112K
  class space    used 6634K, committed 6784K, reserved 1048576K
}
Event: 5.160 GC heap after
{Heap after GC invocations=20 (full 0):
 garbage-first heap   total 184320K, used 64477K [0x0000000089400000, 0x0000000100000000)
  region size 1024K, 3 young (3072K), 3 survivors (3072K)
 Metaspace       used 57191K, committed 57536K, reserved 1114112K
  class space    used 6634K, committed 6784K, reserved 1048576K
}
Event: 5.356 GC heap before
{Heap before GC invocations=20 (full 0):
 garbage-first heap   total 184320K, used 137181K [0x0000000089400000, 0x0000000100000000)
  region size 1024K, 74 young (75776K), 3 survivors (3072K)
 Metaspace       used 57191K, committed 57536K, reserved 1114112K
  class space    used 6634K, committed 6784K, reserved 1048576K
}
Event: 5.369 GC heap after
{Heap after GC invocations=21 (full 0):
 garbage-first heap   total 184320K, used 87040K [0x0000000089400000, 0x0000000100000000)
  region size 1024K, 10 young (10240K), 10 survivors (10240K)
 Metaspace       used 57191K, committed 57536K, reserved 1114112K
  class space    used 6634K, committed 6784K, reserved 1048576K
}
Event: 5.508 GC heap before
{Heap before GC invocations=21 (full 0):
 garbage-first heap   total 184320K, used 136192K [0x0000000089400000, 0x0000000100000000)
  region size 1024K, 58 young (59392K), 10 survivors (10240K)
 Metaspace       used 57295K, committed 57600K, reserved 1114112K
  class space    used 6652K, committed 6784K, reserved 1048576K
}
Event: 5.520 GC heap after
{Heap after GC invocations=22 (full 0):
 garbage-first heap   total 184320K, used 102400K [0x0000000089400000, 0x0000000100000000)
  region size 1024K, 8 young (8192K), 8 survivors (8192K)
 Metaspace       used 57295K, committed 57600K, reserved 1114112K
  class space    used 6652K, committed 6784K, reserved 1048576K
}
Event: 5.813 GC heap before
{Heap before GC invocations=22 (full 0):
 garbage-first heap   total 184320K, used 116736K [0x0000000089400000, 0x0000000100000000)
  region size 1024K, 23 young (23552K), 8 survivors (8192K)
 Metaspace       used 58881K, committed 59264K, reserved 1114112K
  class space    used 6816K, committed 6976K, reserved 1048576K
}
Event: 5.821 GC heap after
{Heap after GC invocations=23 (full 0):
 garbage-first heap   total 184320K, used 106878K [0x0000000089400000, 0x0000000100000000)
  region size 1024K, 4 young (4096K), 4 survivors (4096K)
 Metaspace       used 58881K, committed 59264K, reserved 1114112K
  class space    used 6816K, committed 6976K, reserved 1048576K
}
Event: 6.143 GC heap before
{Heap before GC invocations=24 (full 0):
 garbage-first heap   total 184320K, used 151934K [0x0000000089400000, 0x0000000100000000)
  region size 1024K, 47 young (48128K), 4 survivors (4096K)
 Metaspace       used 59792K, committed 60096K, reserved 1114112K
  class space    used 6893K, committed 7040K, reserved 1048576K
}
Event: 6.153 GC heap after
{Heap after GC invocations=25 (full 0):
 garbage-first heap   total 184320K, used 119773K [0x0000000089400000, 0x0000000100000000)
  region size 1024K, 6 young (6144K), 6 survivors (6144K)
 Metaspace       used 59792K, committed 60096K, reserved 1114112K
  class space    used 6893K, committed 7040K, reserved 1048576K
}
Event: 6.699 GC heap before
{Heap before GC invocations=25 (full 0):
 garbage-first heap   total 184320K, used 157661K [0x0000000089400000, 0x0000000100000000)
  region size 1024K, 43 young (44032K), 6 survivors (6144K)
 Metaspace       used 63596K, committed 63936K, reserved 1114112K
  class space    used 7286K, committed 7424K, reserved 1048576K
}

Dll operation events (3 events):
Event: 0.015 Loaded shared library E:\Programm\Program Files\Android\Android Studio\jbr\bin\java.dll
Event: 0.024 Loaded shared library E:\Programm\Program Files\Android\Android Studio\jbr\bin\zip.dll
Event: 2.642 Loaded shared library E:\Programm\Program Files\Android\Android Studio\jbr\bin\verify.dll

Deoptimization events (20 events):
Event: 6.235 Thread 0x000002111f2afd00 DEOPT PACKING pc=0x000002112a10bb4c sp=0x0000004f38afcda0
Event: 6.235 Thread 0x000002111f2afd00 DEOPT UNPACKING pc=0x00000211299846a2 sp=0x0000004f38afcd38 mode 2
Event: 6.377 Thread 0x000002111f2afd00 Uncommon trap: trap_request=0xffffffc6 fr.pc=0x0000021129fb3790 relative=0x00000000000000d0
Event: 6.377 Thread 0x000002111f2afd00 Uncommon trap: reason=bimorphic_or_optimized_type_check action=maybe_recompile pc=0x0000021129fb3790 method=kotlin.collections.CollectionsKt___CollectionsKt.getOrNull(Ljava/util/List;I)Ljava/lang/Object; @ 35 c2
Event: 6.377 Thread 0x000002111f2afd00 DEOPT PACKING pc=0x0000021129fb3790 sp=0x0000004f38afacd0
Event: 6.377 Thread 0x000002111f2afd00 DEOPT UNPACKING pc=0x00000211299846a2 sp=0x0000004f38afac78 mode 2
Event: 6.377 Thread 0x000002111f2afd00 Uncommon trap: trap_request=0xffffffc6 fr.pc=0x0000021129fb3790 relative=0x00000000000000d0
Event: 6.377 Thread 0x000002111f2afd00 Uncommon trap: reason=bimorphic_or_optimized_type_check action=maybe_recompile pc=0x0000021129fb3790 method=kotlin.collections.CollectionsKt___CollectionsKt.getOrNull(Ljava/util/List;I)Ljava/lang/Object; @ 35 c2
Event: 6.377 Thread 0x000002111f2afd00 DEOPT PACKING pc=0x0000021129fb3790 sp=0x0000004f38afacb0
Event: 6.377 Thread 0x000002111f2afd00 DEOPT UNPACKING pc=0x00000211299846a2 sp=0x0000004f38afac58 mode 2
Event: 6.382 Thread 0x000002111f2afd00 DEOPT PACKING pc=0x0000021122d6323c sp=0x0000004f38af91d0
Event: 6.382 Thread 0x000002111f2afd00 DEOPT UNPACKING pc=0x0000021129984e42 sp=0x0000004f38af8638 mode 0
Event: 6.532 Thread 0x000002111f2afd00 Uncommon trap: trap_request=0xffffff45 fr.pc=0x000002112a11d3b4 relative=0x00000000000001f4
Event: 6.532 Thread 0x000002111f2afd00 Uncommon trap: reason=unstable_if action=reinterpret pc=0x000002112a11d3b4 method=org.jetbrains.kotlin.name.FqNameUnsafe.equals(Ljava/lang/Object;)Z @ 2 c2
Event: 6.532 Thread 0x000002111f2afd00 DEOPT PACKING pc=0x000002112a11d3b4 sp=0x0000004f38af8660
Event: 6.532 Thread 0x000002111f2afd00 DEOPT UNPACKING pc=0x00000211299846a2 sp=0x0000004f38af8518 mode 2
Event: 6.678 Thread 0x000002111f2afd00 Uncommon trap: trap_request=0xffffffcc fr.pc=0x000002112a1ffa94 relative=0x0000000000000254
Event: 6.678 Thread 0x000002111f2afd00 Uncommon trap: reason=intrinsic_or_type_checked_inlining action=make_not_entrant pc=0x000002112a1ffa94 method=java.util.ArrayList.toArray([Ljava/lang/Object;)[Ljava/lang/Object; @ 36 c2
Event: 6.678 Thread 0x000002111f2afd00 DEOPT PACKING pc=0x000002112a1ffa94 sp=0x0000004f38af9230
Event: 6.678 Thread 0x000002111f2afd00 DEOPT UNPACKING pc=0x00000211299846a2 sp=0x0000004f38af9200 mode 2

Classes loaded (20 events):
Event: 4.485 Loading class java/util/PriorityQueue
Event: 4.486 Loading class java/util/PriorityQueue done
Event: 4.605 Loading class java/security/AccessControlException
Event: 4.605 Loading class java/security/AccessControlException done
Event: 4.608 Loading class java/lang/Override
Event: 4.608 Loading class java/lang/Override done
Event: 4.695 Loading class java/util/concurrent/atomic/AtomicIntegerArray
Event: 4.696 Loading class java/util/concurrent/atomic/AtomicIntegerArray done
Event: 4.696 Loading class java/util/concurrent/atomic/AtomicLongArray
Event: 4.696 Loading class java/util/concurrent/atomic/AtomicLongArray done
Event: 5.619 Loading class java/text/StringCharacterIterator
Event: 5.619 Loading class java/text/CharacterIterator
Event: 5.619 Loading class java/text/CharacterIterator done
Event: 5.619 Loading class java/text/StringCharacterIterator done
Event: 5.690 Loading class java/util/AbstractList$ListItr
Event: 5.690 Loading class java/util/AbstractList$ListItr done
Event: 6.190 Loading class java/util/RegularEnumSet$EnumSetIterator
Event: 6.190 Loading class java/util/RegularEnumSet$EnumSetIterator done
Event: 6.418 Loading class java/util/AbstractList$RandomAccessSubList
Event: 6.418 Loading class java/util/AbstractList$RandomAccessSubList done

Classes unloaded (0 events):
No events

Classes redefined (0 events):
No events

Internal exceptions (20 events):
Event: 3.171 Thread 0x000002111f2afd00 Exception <a 'java/lang/NoSuchMethodError'{0x000000008ba7e850}: 'java.lang.Object java.lang.invoke.DirectMethodHandle$Holder.newInvokeSpecial(java.lang.Object, java.lang.Object, java.lang.Object, java.lang.Object, java.lang.Object, java.lang.Object, java.lang.Object, java.lang.Object)'> (0x000000008ba7e850) 
thrown [s\src\hotspot\share\interpreter\linkResolver.cpp, line 784]
Event: 3.173 Thread 0x000002111f2afd00 Exception <a 'java/lang/NoSuchMethodError'{0x000000008ba91270}: 'java.lang.Object java.lang.invoke.DirectMethodHandle$Holder.newInvokeSpecial(java.lang.Object, java.lang.Object, java.lang.Object, java.lang.Object, java.lang.Object, java.lang.Object, java.lang.Object, java.lang.Object, java.lang.Object)'> (0x000000008ba91270) 
thrown [s\src\hotspot\share\interpreter\linkResolver.cpp, line 784]
Event: 3.550 Thread 0x000002111f2afd00 Exception <a 'java/lang/NoSuchMethodError'{0x000000008ea4e6b8}: 'java.lang.Object java.lang.invoke.DirectMethodHandle$Holder.newInvokeSpecial(java.lang.Object, java.lang.Object, int, int)'> (0x000000008ea4e6b8) 
thrown [s\src\hotspot\share\interpreter\linkResolver.cpp, line 784]
Event: 3.550 Thread 0x000002111f2afd00 Exception <a 'java/lang/NoSuchMethodError'{0x000000008ea52708}: 'java.lang.Object java.lang.invoke.DirectMethodHandle$Holder.invokeSpecial(java.lang.Object, java.lang.Object, java.lang.Object, int, int)'> (0x000000008ea52708) 
thrown [s\src\hotspot\share\interpreter\linkResolver.cpp, line 784]
Event: 3.553 Thread 0x000002111f2afd00 Exception <a 'java/lang/NoSuchMethodError'{0x000000008ea64af8}: 'java.lang.Object java.lang.invoke.DirectMethodHandle$Holder.invokeStatic(java.lang.Object, java.lang.Object, int, java.lang.Object)'> (0x000000008ea64af8) 
thrown [s\src\hotspot\share\interpreter\linkResolver.cpp, line 784]
Event: 4.055 Thread 0x000002111f2afd00 Exception <a 'java/lang/NoSuchMethodError'{0x000000008e920c60}: 'java.lang.Object java.lang.invoke.DirectMethodHandle$Holder.newInvokeSpecial(java.lang.Object, java.lang.Object, java.lang.Object, int)'> (0x000000008e920c60) 
thrown [s\src\hotspot\share\interpreter\linkResolver.cpp, line 784]
Event: 4.055 Thread 0x000002111f2afd00 Exception <a 'java/lang/NoSuchMethodError'{0x000000008e924e60}: 'java.lang.Object java.lang.invoke.DirectMethodHandle$Holder.invokeSpecial(java.lang.Object, java.lang.Object, java.lang.Object, java.lang.Object, int)'> (0x000000008e924e60) 
thrown [s\src\hotspot\share\interpreter\linkResolver.cpp, line 784]
Event: 4.055 Thread 0x000002111f2afd00 Exception <a 'java/lang/NoSuchMethodError'{0x000000008e9285b8}: 'java.lang.Object java.lang.invoke.Invokers$Holder.linkToTargetMethod(java.lang.Object, java.lang.Object, int, java.lang.Object)'> (0x000000008e9285b8) 
thrown [s\src\hotspot\share\interpreter\linkResolver.cpp, line 784]
Event: 4.190 Thread 0x000002111f2afd00 Implicit null exception at 0x000002112a04dd29 to 0x000002112a04e410
Event: 4.683 Thread 0x000002111f2afd00 Exception <a 'java/lang/NoSuchMethodError'{0x000000008c678120}: 'java.lang.Object java.lang.invoke.DirectMethodHandle$Holder.newInvokeSpecial(java.lang.Object, java.lang.Object, java.lang.Object, int, java.lang.Object)'> (0x000000008c678120) 
thrown [s\src\hotspot\share\interpreter\linkResolver.cpp, line 784]
Event: 4.692 Thread 0x000002111f2afd00 Exception <a 'java/lang/NoSuchMethodError'{0x000000008c6f64e0}: 'java.lang.Object java.lang.invoke.DirectMethodHandle$Holder.newInvokeSpecial(java.lang.Object, java.lang.Object, java.lang.Object, java.lang.Object, int)'> (0x000000008c6f64e0) 
thrown [s\src\hotspot\share\interpreter\linkResolver.cpp, line 784]
Event: 4.692 Thread 0x000002111f2afd00 Exception <a 'java/lang/NoSuchMethodError'{0x000000008c6fae18}: 'java.lang.Object java.lang.invoke.DirectMethodHandle$Holder.invokeSpecial(java.lang.Object, java.lang.Object, java.lang.Object, java.lang.Object, java.lang.Object, int)'> (0x000000008c6fae18) 
thrown [s\src\hotspot\share\interpreter\linkResolver.cpp, line 784]
Event: 4.692 Thread 0x000002111f2afd00 Exception <a 'java/lang/NoSuchMethodError'{0x000000008c6fee08}: 'java.lang.Object java.lang.invoke.Invokers$Holder.linkToTargetMethod(java.lang.Object, java.lang.Object, java.lang.Object, int, java.lang.Object)'> (0x000000008c6fee08) 
thrown [s\src\hotspot\share\interpreter\linkResolver.cpp, line 784]
Event: 4.796 Thread 0x000002111f2afd00 Implicit null exception at 0x0000021129f51125 to 0x0000021129f51374
Event: 6.250 Thread 0x000002111f2afd00 Exception <a 'java/lang/NoSuchMethodError'{0x00000000941b7670}: 'java.lang.Object java.lang.invoke.DirectMethodHandle$Holder.newInvokeSpecial(java.lang.Object, int, java.lang.Object)'> (0x00000000941b7670) 
thrown [s\src\hotspot\share\interpreter\linkResolver.cpp, line 784]
Event: 6.256 Thread 0x000002111f2afd00 Exception <a 'java/lang/NoSuchMethodError'{0x00000000941f1ab0}: 'java.lang.Object java.lang.invoke.DirectMethodHandle$Holder.newInvokeSpecial(java.lang.Object, java.lang.Object, java.lang.Object, java.lang.Object, int, java.lang.Object, java.lang.Object)'> (0x00000000941f1ab0) 
thrown [s\src\hotspot\share\interpreter\linkResolver.cpp, line 784]
Event: 6.257 Thread 0x000002111f2afd00 Exception <a 'java/lang/NoSuchMethodError'{0x00000000941f9c90}: 'java.lang.Object java.lang.invoke.Invokers$Holder.linkToTargetMethod(java.lang.Object, java.lang.Object, java.lang.Object, int, java.lang.Object, java.lang.Object, java.lang.Object)'> (0x00000000941f9c90) 
thrown [s\src\hotspot\share\interpreter\linkResolver.cpp, line 784]
Event: 6.300 Thread 0x000002111f2afd00 Exception <a 'java/lang/NoSuchMethodError'{0x0000000093e315a0}: 'java.lang.Object java.lang.invoke.DirectMethodHandle$Holder.newInvokeSpecial(java.lang.Object, java.lang.Object, java.lang.Object, java.lang.Object, java.lang.Object, java.lang.Object)'> (0x0000000093e315a0) 
thrown [s\src\hotspot\share\interpreter\linkResolver.cpp, line 784]
Event: 6.580 Thread 0x000002111f2afd00 Exception <a 'java/lang/NoSuchMethodError'{0x000000009249a6d0}: 'java.lang.Object java.lang.invoke.DirectMethodHandle$Holder.invokeSpecial(java.lang.Object, java.lang.Object, int, java.lang.Object, java.lang.Object)'> (0x000000009249a6d0) 
thrown [s\src\hotspot\share\interpreter\linkResolver.cpp, line 784]
Event: 6.584 Thread 0x000002111f2afd00 Exception <a 'java/lang/NoSuchMethodError'{0x00000000924c4070}: 'java.lang.Object java.lang.invoke.DirectMethodHandle$Holder.invokeStatic(java.lang.Object, int, java.lang.Object, java.lang.Object)'> (0x00000000924c4070) 
thrown [s\src\hotspot\share\interpreter\linkResolver.cpp, line 784]

ZGC Phase Switch (0 events):
No events

VM Operations (20 events):
Event: 5.622 Executing VM operation: HandshakeAllThreads (Deoptimize) done
Event: 5.691 Executing VM operation: HandshakeAllThreads (Deoptimize)
Event: 5.691 Executing VM operation: HandshakeAllThreads (Deoptimize) done
Event: 5.812 Executing VM operation: G1TryInitiateConcMark (G1 Humongous Allocation)
Event: 5.821 Executing VM operation: G1TryInitiateConcMark (G1 Humongous Allocation) done
Event: 5.864 Executing VM operation: G1PauseRemark
Event: 5.868 Executing VM operation: G1PauseRemark done
Event: 5.886 Executing VM operation: G1PauseCleanup
Event: 5.886 Executing VM operation: G1PauseCleanup done
Event: 6.142 Executing VM operation: G1CollectForAllocation (G1 Evacuation Pause)
Event: 6.153 Executing VM operation: G1CollectForAllocation (G1 Evacuation Pause) done
Event: 6.416 Executing VM operation: ICBufferFull
Event: 6.416 Executing VM operation: ICBufferFull done
Event: 6.502 Executing VM operation: HandshakeAllThreads (Deoptimize)
Event: 6.502 Executing VM operation: HandshakeAllThreads (Deoptimize) done
Event: 6.605 Executing VM operation: HandshakeAllThreads (Deoptimize)
Event: 6.605 Executing VM operation: HandshakeAllThreads (Deoptimize) done
Event: 6.689 Executing VM operation: ICBufferFull
Event: 6.690 Executing VM operation: ICBufferFull done
Event: 6.699 Executing VM operation: G1CollectForAllocation (G1 Evacuation Pause)

Memory protections (0 events):
No events

Nmethod flushes (20 events):
Event: 5.867 Thread 0x0000021136b2df80 flushing  nmethod 0x000002112290fa10
Event: 5.867 Thread 0x0000021136b2df80 flushing  nmethod 0x0000021122910e90
Event: 5.867 Thread 0x0000021136b2df80 flushing  nmethod 0x0000021122912f90
Event: 5.867 Thread 0x0000021136b2df80 flushing  nmethod 0x0000021122954390
Event: 5.867 Thread 0x0000021136b2df80 flushing  nmethod 0x0000021122954710
Event: 5.867 Thread 0x0000021136b2df80 flushing  nmethod 0x000002112295e890
Event: 5.867 Thread 0x0000021136b2df80 flushing  nmethod 0x0000021122a61f10
Event: 5.867 Thread 0x0000021136b2df80 flushing  nmethod 0x0000021122a62510
Event: 5.867 Thread 0x0000021136b2df80 flushing  nmethod 0x0000021122a62c90
Event: 5.867 Thread 0x0000021136b2df80 flushing  nmethod 0x0000021122a63290
Event: 5.867 Thread 0x0000021136b2df80 flushing  nmethod 0x0000021122a63990
Event: 5.867 Thread 0x0000021136b2df80 flushing  nmethod 0x0000021122a65990
Event: 5.867 Thread 0x0000021136b2df80 flushing  nmethod 0x0000021122a65e10
Event: 5.867 Thread 0x0000021136b2df80 flushing  nmethod 0x0000021122a66b10
Event: 5.867 Thread 0x0000021136b2df80 flushing  nmethod 0x0000021122a8cd10
Event: 5.867 Thread 0x0000021136b2df80 flushing  nmethod 0x0000021122a8dd10
Event: 5.867 Thread 0x0000021136b2df80 flushing  nmethod 0x0000021122adc210
Event: 5.867 Thread 0x0000021136b2df80 flushing  nmethod 0x0000021122af4e10
Event: 5.867 Thread 0x0000021136b2df80 flushing  nmethod 0x0000021122b1d690
Event: 5.867 Thread 0x0000021136b2df80 flushing  nmethod 0x0000021122b3fa90

Events (20 events):
Event: 0.100 Thread 0x000002111f2afd00 Thread added: 0x000002113b0d5c70
Event: 0.100 Thread 0x000002111f2afd00 Thread added: 0x000002113b0d66d0
Event: 0.100 Thread 0x000002111f2afd00 Thread added: 0x000002113b0d9470
Event: 0.100 Thread 0x000002111f2afd00 Thread added: 0x000002113b0d9f10
Event: 0.141 Thread 0x000002111f2afd00 Thread added: 0x000002113b259a40
Event: 0.157 Loaded shared library E:\Programm\Program Files\Android\Android Studio\jbr\bin\net.dll
Event: 0.160 Loaded shared library E:\Programm\Program Files\Android\Android Studio\jbr\bin\nio.dll
Event: 0.179 Thread 0x000002113b0d9470 Thread added: 0x000002113b2e2940
Event: 0.179 Thread 0x000002113b0d9470 Thread added: 0x000002113b2e2ff0
Event: 0.191 Loaded shared library E:\Programm\Program Files\Android\Android Studio\jbr\bin\zip.dll
Event: 0.264 Loaded shared library E:\Programm\Program Files\Android\Android Studio\jbr\bin\jimage.dll
Event: 0.378 Thread 0x000002113b2e2ff0 Thread exited: 0x000002113b2e2ff0
Event: 0.417 Thread 0x000002113b2e2940 Thread added: 0x000002113b553b40
Event: 0.523 Thread 0x000002113b553b40 Thread exited: 0x000002113b553b40
Event: 0.816 Thread 0x000002113b2e2940 Thread exited: 0x000002113b2e2940
Event: 1.623 Loaded shared library E:\Programm\Program Files\Android\Android Studio\jbr\bin\management.dll
Event: 1.631 Loaded shared library E:\Programm\Program Files\Android\Android Studio\jbr\bin\management_ext.dll
Event: 2.145 Thread 0x000002113b0d9f10 Thread added: 0x000002113bfb1610
Event: 3.712 Thread 0x000002113bfb1610 Thread exited: 0x000002113bfb1610
Event: 3.791 Thread 0x000002113b0d9f10 Thread added: 0x000002113e3e3410


Dynamic libraries:
0x00007ff71e280000 - 0x00007ff71e28a000 	E:\Programm\Program Files\Android\Android Studio\jbr\bin\java.exe
0x00007ff85be10000 - 0x00007ff85c028000 	C:\WINDOWS\SYSTEM32\ntdll.dll
0x00007ff85b170000 - 0x00007ff85b234000 	C:\WINDOWS\System32\KERNEL32.DLL
0x00007ff859470000 - 0x00007ff859843000 	C:\WINDOWS\System32\KERNELBASE.dll
0x00007ff858f20000 - 0x00007ff859031000 	C:\WINDOWS\System32\ucrtbase.dll
0x00007ff846e40000 - 0x00007ff846e58000 	E:\Programm\Program Files\Android\Android Studio\jbr\bin\jli.dll
0x00007ff852200000 - 0x00007ff85221b000 	E:\Programm\Program Files\Android\Android Studio\jbr\bin\VCRUNTIME140.dll
0x00007ff85b240000 - 0x00007ff85b3f2000 	C:\WINDOWS\System32\USER32.dll
0x00007ff859300000 - 0x00007ff859326000 	C:\WINDOWS\System32\win32u.dll
0x00007ff849fe0000 - 0x00007ff84a27c000 	C:\WINDOWS\WinSxS\amd64_microsoft.windows.common-controls_6595b64144ccf1df_6.0.22621.6060_none_2712eda17382d24b\COMCTL32.dll
0x00007ff859ab0000 - 0x00007ff859ad9000 	C:\WINDOWS\System32\GDI32.dll
0x00007ff85a9d0000 - 0x00007ff85aa77000 	C:\WINDOWS\System32\msvcrt.dll
0x00007ff8591b0000 - 0x00007ff8592cb000 	C:\WINDOWS\System32\gdi32full.dll
0x00007ff859990000 - 0x00007ff859a2a000 	C:\WINDOWS\System32\msvcp_win.dll
0x00007ff85b660000 - 0x00007ff85b691000 	C:\WINDOWS\System32\IMM32.DLL
0x00007ff849d60000 - 0x00007ff849d6c000 	E:\Programm\Program Files\Android\Android Studio\jbr\bin\vcruntime140_1.dll
0x00007ff828ab0000 - 0x00007ff828b3d000 	E:\Programm\Program Files\Android\Android Studio\jbr\bin\msvcp140.dll
0x00007ff803590000 - 0x00007ff80421e000 	E:\Programm\Program Files\Android\Android Studio\jbr\bin\server\jvm.dll
0x00007ff85ba70000 - 0x00007ff85bb21000 	C:\WINDOWS\System32\ADVAPI32.dll
0x00007ff85b400000 - 0x00007ff85b4a8000 	C:\WINDOWS\System32\sechost.dll
0x00007ff8592d0000 - 0x00007ff8592f8000 	C:\WINDOWS\System32\bcrypt.dll
0x00007ff85bb30000 - 0x00007ff85bc48000 	C:\WINDOWS\System32\RPCRT4.dll
0x00007ff85b810000 - 0x00007ff85b881000 	C:\WINDOWS\System32\WS2_32.dll
0x00007ff858c40000 - 0x00007ff858c8d000 	C:\WINDOWS\SYSTEM32\POWRPROF.dll
0x00007ff851b40000 - 0x00007ff851b4a000 	C:\WINDOWS\SYSTEM32\VERSION.dll
0x00007ff84f260000 - 0x00007ff84f294000 	C:\WINDOWS\SYSTEM32\WINMM.dll
0x00007ff858c20000 - 0x00007ff858c33000 	C:\WINDOWS\SYSTEM32\UMPDC.dll
0x00007ff857ee0000 - 0x00007ff857ef8000 	C:\WINDOWS\SYSTEM32\kernel.appcore.dll
0x00007ff849d50000 - 0x00007ff849d5a000 	E:\Programm\Program Files\Android\Android Studio\jbr\bin\jimage.dll
0x00007ff850b50000 - 0x00007ff850d83000 	C:\WINDOWS\SYSTEM32\DBGHELP.DLL
0x00007ff85a400000 - 0x00007ff85a791000 	C:\WINDOWS\System32\combase.dll
0x00007ff85b990000 - 0x00007ff85ba68000 	C:\WINDOWS\System32\OLEAUT32.dll
0x00007ff84ce30000 - 0x00007ff84ce62000 	C:\WINDOWS\SYSTEM32\dbgcore.DLL
0x00007ff859a30000 - 0x00007ff859aab000 	C:\WINDOWS\System32\bcryptPrimitives.dll
0x00007ff849a70000 - 0x00007ff849a90000 	E:\Programm\Program Files\Android\Android Studio\jbr\bin\java.dll
0x00007ff8463f0000 - 0x00007ff846408000 	E:\Programm\Program Files\Android\Android Studio\jbr\bin\zip.dll
0x00007ff859ae0000 - 0x00007ff85a37c000 	C:\WINDOWS\System32\SHELL32.dll
0x00007ff859330000 - 0x00007ff85946f000 	C:\WINDOWS\System32\wintypes.dll
0x00007ff856dd0000 - 0x00007ff8576ea000 	C:\WINDOWS\SYSTEM32\windows.storage.dll
0x00007ff85afd0000 - 0x00007ff85b0d4000 	C:\WINDOWS\System32\SHCORE.dll
0x00007ff85b100000 - 0x00007ff85b169000 	C:\WINDOWS\System32\shlwapi.dll
0x00007ff858e50000 - 0x00007ff858e75000 	C:\WINDOWS\SYSTEM32\profapi.dll
0x00007ff849af0000 - 0x00007ff849b00000 	E:\Programm\Program Files\Android\Android Studio\jbr\bin\net.dll
0x00007ff854ee0000 - 0x00007ff85500c000 	C:\WINDOWS\SYSTEM32\WINHTTP.dll
0x00007ff8583e0000 - 0x00007ff858449000 	C:\WINDOWS\system32\mswsock.dll
0x00007ff8463d0000 - 0x00007ff8463e6000 	E:\Programm\Program Files\Android\Android Studio\jbr\bin\nio.dll
0x00007ff846ed0000 - 0x00007ff846ed9000 	E:\Programm\Program Files\Android\Android Studio\jbr\bin\management.dll
0x00007ff846dd0000 - 0x00007ff846ddb000 	E:\Programm\Program Files\Android\Android Studio\jbr\bin\management_ext.dll
0x00007ff85bc50000 - 0x00007ff85bc58000 	C:\WINDOWS\System32\PSAPI.DLL
0x00007ff846280000 - 0x00007ff846290000 	E:\Programm\Program Files\Android\Android Studio\jbr\bin\verify.dll

dbghelp: loaded successfully - version: 4.0.5 - missing functions: none
symbol engine: initialized successfully - sym options: 0x614 - pdb path: .;E:\Programm\Program Files\Android\Android Studio\jbr\bin;C:\WINDOWS\SYSTEM32;C:\WINDOWS\WinSxS\amd64_microsoft.windows.common-controls_6595b64144ccf1df_6.0.22621.6060_none_2712eda17382d24b;E:\Programm\Program Files\Android\Android Studio\jbr\bin\server

VM Arguments:
java_command: org.jetbrains.kotlin.cli.jvm.K2JVMCompiler @D:\User\Documents\GitHub\app-chat\app\common\build\20260105_243924142355013675.compiler.options
java_class_path (initial): C:\Users\User\.gradle\caches\modules-2\files-2.1\org.jetbrains.kotlin\kotlin-compiler-embeddable\2.2.20\bb8331b7585e36ea311825b01a1c06860c055fd1\kotlin-compiler-embeddable-2.2.20.jar;C:\Users\User\.gradle\caches\modules-2\files-2.1\org.jetbrains.kotlin\kotlin-stdlib\2.2.20\5380b19fa1924399b62ce3a1faffebb2b4f82272\kotlin-stdlib-2.2.20.jar;C:\Users\User\.gradle\caches\modules-2\files-2.1\org.jetbrains.kotlin\kotlin-script-runtime\2.2.20\4c679cbeac0bb583b75c3a080013da8eaf240807\kotlin-script-runtime-2.2.20.jar;C:\Users\User\.gradle\caches\modules-2\files-2.1\org.jetbrains.kotlin\kotlin-reflect\1.6.10\1cbe9c92c12a94eea200d23c2bbaedaf3daf5132\kotlin-reflect-1.6.10.jar;C:\Users\User\.gradle\caches\modules-2\files-2.1\org.jetbrains.kotlin\kotlin-daemon-embeddable\2.2.20\feff12d48d7f1eb628742b0a721395e16f8755bf\kotlin-daemon-embeddable-2.2.20.jar;C:\Users\User\.gradle\caches\modules-2\files-2.1\org.jetbrains.kotlinx\kotlinx-coroutines-core-jvm\1.8.0\ac1dc37a30a93150b704022f8d895ee1bd3a36b3\kotlinx-coroutines-core-jvm-1.8.0.jar;C:\Users\User\.gradle\caches\modules-2\files-2.1\org.jetbrains\annotations\13.0\919f0dfe192fb4e063e7dacadee7f8bb9a2672a9\annotations-13.0.jar
Launcher Type: SUN_STANDARD

[Global flags]
     intx CICompilerCount                          = 4                                         {product} {ergonomic}
     uint ConcGCThreads                            = 3                                         {product} {ergonomic}
     uint G1ConcRefinementThreads                  = 10                                        {product} {ergonomic}
   size_t G1HeapRegionSize                         = 1048576                                   {product} {ergonomic}
    uintx GCDrainStackTargetSize                   = 64                                        {product} {ergonomic}
   size_t InitialHeapSize                          = 125829120                                 {product} {ergonomic}
   size_t MarkStackSize                            = 4194304                                   {product} {ergonomic}
   size_t MaxHeapSize                              = 1992294400                                {product} {ergonomic}
   size_t MaxNewSize                               = 1195376640                                {product} {ergonomic}
   size_t MinHeapDeltaBytes                        = 1048576                                   {product} {ergonomic}
   size_t MinHeapSize                              = 8388608                                   {product} {ergonomic}
    uintx NonNMethodCodeHeapSize                   = 5839372                                {pd product} {ergonomic}
    uintx NonProfiledCodeHeapSize                  = 122909434                              {pd product} {ergonomic}
    uintx ProfiledCodeHeapSize                     = 122909434                              {pd product} {ergonomic}
    uintx ReservedCodeCacheSize                    = 251658240                              {pd product} {ergonomic}
     bool SegmentedCodeCache                       = true                                      {product} {ergonomic}
   size_t SoftMaxHeapSize                          = 1992294400                             {manageable} {ergonomic}
     bool UseCompressedOops                        = true                           {product lp64_product} {ergonomic}
     bool UseG1GC                                  = true                                      {product} {ergonomic}
     bool UseLargePagesIndividualAllocation        = false                                  {pd product} {ergonomic}

Logging:
Log output configuration:
 #0: stdout all=warning uptime,level,tags foldmultilines=false
 #1: stderr all=off uptime,level,tags foldmultilines=false

Environment Variables:
PATH=C:\Program Files (x86)\Common Files\Intel\Shared Libraries\redist\intel64\compiler;E:\Programm\Program Files\Common Files\Oracle\Java\javapath;E:\Programm\Program Files\Zulu\zulu-17\bin\;E:\Programm\Program Files\Python310\Scripts\;E:\Programm\Program Files\Python310\;C:\Windows\system32;C:\Windows;C:\Windows\System32\Wbem;C:\Windows\System32\WindowsPowerShell\v1.0\;C:\Windows\System32\OpenSSH\;C:\Program Files (x86)\NVIDIA Corporation\PhysX\Common;C:\Program Files\NVIDIA Corporation\NVIDIA NvDLISR;C:\WINDOWS\system32;C:\WINDOWS;C:\WINDOWS\System32\Wbem;C:\WINDOWS\System32\WindowsPowerShell\v1.0\;C:\WINDOWS\System32\OpenSSH\;D:\BaiduNetdiskDownload\php-8.3.3-Win32;E:\Programm\Program Files\apache-maven-3.9.7\bin;E:\Programm\Program Files\nodejs\;E:\Program Files (x86)\WinSCP\;E:\Programm\Program Files\Git\cmd;C:\ProgramData\chocolatey\bin;E:\Programm\Program Files\apache-ant-1.10.15\bin;E:\Programm\Program Files\swipl\bin;E:\Users\User\AppData\Local\bin\NASM;E:\Programm\Program Files\Bochs-2.8;E:\Programm\Program Files\qemu;E:\Programm\Program Files\x86_64-elf-tools-windows\bin;E:\Programm\Program Files\gradle-9.2.1\bin;E:\Programm\Program Files\MySQL\MySQL Shell 8.0\bin\;C:\Users\User\AppData\Local\Microsoft\WindowsApps;E:\Programm\Program Files\JetBrains\PyCharm Community Edition 2023.1.4\bin;;E:\Users\User\AppData\Local\Programs\Microsoft VS Code\bin;E:\Programm\Program Files\JetBrains\IntelliJ IDEA Community Edition 2024.1\bin;;C:\Users\User\AppData\Roaming\npm;C:\Users\User\AppData\Local\GitHubDesktop\bin;C:\Users\User\.local\bin;C:\Users\User\.local\share\man;c:\users\user\appdata\roaming\python\python310\scripts;E:\ghcup\bin;E:\BaiduNetdiskDownload\pandoc-2.14.2-windows-x86_64\pandoc-2.14.2;E:\Programm\Program Files\MiKTex\miktex\bin\x64\;C:\Users\User\AppData\Local\Pandoc\;E:\Programm\Program Files\Git\usr\bin;C:\Users\User\AppData\Local\Programs\Julia-1.11.6\bin;
USERNAME=User
OS=Windows_NT
PROCESSOR_IDENTIFIER=AMD64 Family 23 Model 96 Stepping 1, AuthenticAMD
TMP=E:\UserData\Tmp
TEMP=E:\UserData\Temp




Periodic native trim disabled

JNI global refs:
JNI global refs: 11, weak refs: 5

JNI global refs memory usage: 835, weak refs: 833

Process memory usage:
Resident Set Size: 410824K (5% of 7781324K total physical memory with 461316K free physical memory)

OOME stack traces (most recent first):
Classloader memory used:
Loader jdk.internal.loader.ClassLoaders$AppClassLoader                                 : 50352K
Loader bootstrap                                                                       : 11584K
Loader java.net.URLClassLoader                                                         : 1272K
Loader jdk.internal.jrtfs.JrtFileSystemProvider$JrtFsLoader                            : 319K
Loader jdk.internal.loader.ClassLoaders$PlatformClassLoader                            : 67904B

Classes loaded by more than one classloader:
Class jdk.internal.jimage.BasicImageReader                                            : loaded 2 times (x 93B)
Class jdk.internal.jimage.decompressor.StringSharingDecompressorFactory               : loaded 2 times (x 72B)
Class jdk.internal.jrtfs.JrtFileSystemProvider                                        : loaded 2 times (x 99B)
Class jdk.internal.jimage.ImageLocation                                               : loaded 2 times (x 88B)
Class jdk.internal.jimage.ImageBufferCache$1                                          : loaded 2 times (x 81B)
Class jdk.internal.jimage.ImageBufferCache$2                                          : loaded 2 times (x 89B)
Class jdk.internal.jimage.ImageHeader                                                 : loaded 2 times (x 69B)
Class jdk.internal.jimage.decompressor.ResourceDecompressor                           : loaded 2 times (x 68B)
Class jdk.internal.jimage.ImageStringsReader                                          : loaded 2 times (x 78B)
Class jdk.internal.jimage.ImageReader                                                 : loaded 2 times (x 73B)
Class jdk.internal.jimage.ImageReader$SharedImageReader                               : loaded 2 times (x 93B)
Class jdk.internal.jimage.decompressor.ResourceDecompressorFactory                    : loaded 2 times (x 72B)
Class jdk.internal.jimage.ImageReader$Node                                            : loaded 2 times (x 82B)
Class jdk.internal.jimage.BasicImageReader$1                                          : loaded 2 times (x 75B)
Class jdk.internal.jimage.decompressor.Decompressor                                   : loaded 2 times (x 70B)
Class jdk.internal.jimage.ImageBufferCache                                            : loaded 2 times (x 69B)
Class jdk.internal.jrtfs.JrtPath                                                      : loaded 2 times (x 116B)
Class jdk.internal.jimage.decompressor.ResourceDecompressorRepository                 : loaded 2 times (x 69B)
Class jdk.internal.jimage.ImageReader$Directory                                       : loaded 2 times (x 82B)
Class jdk.internal.jimage.decompressor.ZipDecompressorFactory                         : loaded 2 times (x 72B)
Class jdk.internal.jimage.decompressor.ZipDecompressor                                : loaded 2 times (x 73B)
Class jdk.internal.jimage.ImageStrings                                                : loaded 2 times (x 68B)
Class jdk.internal.jrtfs.JrtFileSystem                                                : loaded 2 times (x 100B)
Class jdk.internal.jimage.decompressor.CompressedResourceHeader                       : loaded 2 times (x 69B)
Class jdk.internal.jimage.decompressor.ResourceDecompressor$StringsProvider           : loaded 2 times (x 68B)

---------------  S Y S T E M  ---------------

OS:
 Windows 11 , 64 bit Build 22621 (10.0.22621.5415)
OS uptime: 8 days 21:52 hours
Hyper-V role detected

CPU: total 12 (initial active 12) (12 cores per cpu, 2 threads per core) family 23 model 96 stepping 1 microcode 0x0, cx8, cmov, fxsr, ht, mmx, 3dnowpref, sse, sse2, sse3, ssse3, sse4a, sse4.1, sse4.2, popcnt, lzcnt, tsc, tscinvbit, avx, avx2, aes, clmul, bmi1, bmi2, adx, sha, fma, vzeroupper, clflush, clflushopt, hv, rdtscp, rdpid, f16c
Processor Information for the first 12 processors :
  Max Mhz: 3001, Current Mhz: 3001, Mhz Limit: 3001

Memory: 4k page, system-wide physical 7598M (450M free)
TotalPageFile size 27290M (AvailPageFile size 112M)
current process WorkingSet (physical memory assigned to process): 401M, peak: 401M
current process commit charge ("private bytes"): 402M, peak: 545M

vm_info: OpenJDK 64-Bit Server VM (21.0.7+-13880790-b1038.58) for windows-amd64 JRE (21.0.7+-13880790-b1038.58), built on 2025-08-04T20:56:21Z by "builder" with MS VC++ 16.10 / 16.11 (VS2019)

END.
