#
# There is insufficient memory for the Java Runtime Environment to continue.
# Native memory allocation (malloc) failed to allocate 1383216 bytes. Error detail: Chunk::new
# Possible reasons:
#   The system is out of physical RAM or swap space
#   This process is running with CompressedOops enabled, and the Java Heap may be blocking the growth of the native heap
# Possible solutions:
#   Reduce memory load on the system
#   Increase physical memory or swap space
#   Check if swap backing store is full
#   Decrease Java heap size (-Xmx/-Xms)
#   Decrease number of Java threads
#   Decrease Java thread stack sizes (-Xss)
#   Set larger code cache with -XX:ReservedCodeCacheSize=
#   JVM is running with Unscaled Compressed Oops mode in which the Java heap is
#     placed in the first 4GB address space. The Java Heap base address is the
#     maximum limit for the native heap growth. Please use -XX:HeapBaseMinAddress
#     to set the Java Heap base and to place the Java Heap above 4GB virtual address.
# This output file may be truncated or incomplete.
#
#  Out of Memory Error (arena.cpp:168), pid=23008, tid=22732
#
# JRE version: OpenJDK Runtime Environment (21.0.7) (build 21.0.7+-13880790-b1038.58)
# Java VM: OpenJDK 64-Bit Server VM (21.0.7+-13880790-b1038.58, mixed mode, tiered, compressed oops, compressed class ptrs, g1 gc, windows-amd64)
# No core dump will be written. Minidumps are not enabled by default on client versions of Windows
#

---------------  S U M M A R Y ------------

Command Line: org.jetbrains.kotlin.cli.jvm.K2JVMCompiler @D:\User\Documents\GitHub\app-chat\app\common\build\20260105_13692860370705574291.compiler.options

Host: AMD Ryzen 5 4600H with Radeon Graphics         , 12 cores, 7G,  Windows 11 , 64 bit Build 22621 (10.0.22621.5415)
Time: Mon Jan  5 11:53:13 2026  Windows 11 , 64 bit Build 22621 (10.0.22621.5415) elapsed time: 8.723486 seconds (0d 0h 0m 8s)

---------------  T H R E A D  ---------------

Current thread (0x0000024c65127120):  JavaThread "C2 CompilerThread0" daemon [_thread_in_native, id=22732, stack(0x000000815ea00000,0x000000815eb00000) (1024K)]


Current CompileTask:
C2:8723 7747   !   4       org.jetbrains.kotlin.metadata.ProtoBuf$Package::<init> (656 bytes)

Stack: [0x000000815ea00000,0x000000815eb00000]
Native frames: (J=compiled Java code, j=interpreted, Vv=VM code, C=native code)
V  [jvm.dll+0x6d25c9]
V  [jvm.dll+0x860923]
V  [jvm.dll+0x862e7e]
V  [jvm.dll+0x863563]
V  [jvm.dll+0x27f156]
V  [jvm.dll+0xc002d]
V  [jvm.dll+0xc0563]
V  [jvm.dll+0x3b6d01]
V  [jvm.dll+0x382c27]
V  [jvm.dll+0x38209a]
V  [jvm.dll+0x247e72]
V  [jvm.dll+0x247441]
V  [jvm.dll+0x1c5fb4]
V  [jvm.dll+0x256bac]
V  [jvm.dll+0x2550f6]
V  [jvm.dll+0x3f1d16]
V  [jvm.dll+0x808d08]
V  [jvm.dll+0x6d0e1d]
C  [ucrtbase.dll+0x29333]
C  [KERNEL32.DLL+0x1259d]
C  [ntdll.dll+0x5af78]


---------------  P R O C E S S  ---------------

Threads class SMR info:
_java_thread_list=0x0000024c6b0715f0, length=11, elements={
0x0000024c4b496780, 0x0000024c650ff870, 0x0000024c650d6790, 0x0000024c6511c230,
0x0000024c65142240, 0x0000024c65142ca0, 0x0000024c65143700, 0x0000024c65144160,
0x0000024c65127120, 0x0000024c651453d0, 0x0000024c652ea800
}

Java Threads: ( => current thread )
  0x0000024c4b496780 JavaThread "main"                              [_thread_in_Java, id=24316, stack(0x000000815db00000,0x000000815dc00000) (1024K)]
  0x0000024c650ff870 JavaThread "Common-Cleaner"             daemon [_thread_blocked, id=8432, stack(0x000000815e300000,0x000000815e400000) (1024K)]
  0x0000024c650d6790 JavaThread "Reference Handler"          daemon [_thread_blocked, id=6548, stack(0x000000815e400000,0x000000815e500000) (1024K)]
  0x0000024c6511c230 JavaThread "Finalizer"                  daemon [_thread_blocked, id=19404, stack(0x000000815e500000,0x000000815e600000) (1024K)]
  0x0000024c65142240 JavaThread "Signal Dispatcher"          daemon [_thread_blocked, id=24224, stack(0x000000815e600000,0x000000815e700000) (1024K)]
  0x0000024c65142ca0 JavaThread "Attach Listener"            daemon [_thread_blocked, id=19408, stack(0x000000815e700000,0x000000815e800000) (1024K)]
  0x0000024c65143700 JavaThread "Service Thread"             daemon [_thread_blocked, id=17880, stack(0x000000815e800000,0x000000815e900000) (1024K)]
  0x0000024c65144160 JavaThread "Monitor Deflation Thread"   daemon [_thread_blocked, id=9176, stack(0x000000815e900000,0x000000815ea00000) (1024K)]
=>0x0000024c65127120 JavaThread "C2 CompilerThread0"         daemon [_thread_in_native, id=22732, stack(0x000000815ea00000,0x000000815eb00000) (1024K)]
  0x0000024c651453d0 JavaThread "C1 CompilerThread0"         daemon [_thread_blocked, id=18240, stack(0x000000815eb00000,0x000000815ec00000) (1024K)]
  0x0000024c652ea800 JavaThread "Notification Thread"        daemon [_thread_blocked, id=8304, stack(0x000000815ec00000,0x000000815ed00000) (1024K)]
Total: 11

Other Threads:
  0x0000024c64f25d00 VMThread "VM Thread"                           [id=15024, stack(0x000000815e200000,0x000000815e300000) (1024K)]
  0x0000024c64eca720 WatcherThread "VM Periodic Task Thread"        [id=18736, stack(0x000000815e100000,0x000000815e200000) (1024K)]
  0x0000024c4d734b90 WorkerThread "GC Thread#0"                     [id=2360, stack(0x000000815dc00000,0x000000815dd00000) (1024K)]
  0x0000024c65a673d0 WorkerThread "GC Thread#1"                     [id=19572, stack(0x000000815ee00000,0x000000815ef00000) (1024K)]
  0x0000024c65acc5a0 WorkerThread "GC Thread#2"                     [id=24228, stack(0x000000815ef00000,0x000000815f000000) (1024K)]
  0x0000024c65acc940 WorkerThread "GC Thread#3"                     [id=24088, stack(0x000000815f000000,0x000000815f100000) (1024K)]
  0x0000024c65acd0f0 WorkerThread "GC Thread#4"                     [id=23628, stack(0x000000815f100000,0x000000815f200000) (1024K)]
  0x0000024c65ace700 WorkerThread "GC Thread#5"                     [id=17600, stack(0x000000815f200000,0x000000815f300000) (1024K)]
  0x0000024c6a2a9d00 WorkerThread "GC Thread#6"                     [id=22120, stack(0x000000815ed00000,0x000000815ee00000) (1024K)]
  0x0000024c6a2a7520 WorkerThread "GC Thread#7"                     [id=19232, stack(0x000000815f300000,0x000000815f400000) (1024K)]
  0x0000024c6a2aa0a0 WorkerThread "GC Thread#8"                     [id=14628, stack(0x000000815f400000,0x000000815f500000) (1024K)]
  0x0000024c6a2a83a0 WorkerThread "GC Thread#9"                     [id=21868, stack(0x000000815f800000,0x000000815f900000) (1024K)]
  0x0000024c4d7448f0 ConcurrentGCThread "G1 Main Marker"            [id=23456, stack(0x000000815dd00000,0x000000815de00000) (1024K)]
  0x0000024c4d7453f0 WorkerThread "G1 Conc#0"                       [id=20872, stack(0x000000815de00000,0x000000815df00000) (1024K)]
  0x0000024c6a2a8740 WorkerThread "G1 Conc#1"                       [id=21636, stack(0x000000815f500000,0x000000815f600000) (1024K)]
  0x0000024c6a2a7180 WorkerThread "G1 Conc#2"                       [id=9752, stack(0x000000815f600000,0x000000815f700000) (1024K)]
  0x0000024c64d9e560 ConcurrentGCThread "G1 Refine#0"               [id=24248, stack(0x000000815df00000,0x000000815e000000) (1024K)]
  0x0000024c64d9eee0 ConcurrentGCThread "G1 Service"                [id=22688, stack(0x000000815e000000,0x000000815e100000) (1024K)]
Total: 18

Threads with active compile tasks:
C2 CompilerThread0  8738 7747   !   4       org.jetbrains.kotlin.metadata.ProtoBuf$Package::<init> (656 bytes)
Total: 1

VM state: not at safepoint (normal execution)

VM Mutex/Monitor currently owned by a thread: None

Heap address: 0x0000000089400000, size: 1900 MB, Compressed Oops mode: 32-bit

CDS archive(s) not mapped
Compressed class space mapped at: 0x0000000100000000-0x0000000140000000, reserved size: 1073741824
Narrow klass base: 0x0000000000000000, Narrow klass shift: 3, Narrow klass range: 0x140000000

GC Precious Log:
 CardTable entry size: 512
 Card Set container configuration: InlinePtr #cards 5 size 8 Array Of Cards #cards 12 size 40 Howl #buckets 4 coarsen threshold 1843 Howl Bitmap #cards 512 size 80 coarsen threshold 460 Card regions per heap region 1 cards per card region 2048
 CPUs: 12 total, 12 available
 Memory: 7598M
 Large Page Support: Disabled
 NUMA Support: Disabled
 Compressed Oops: Enabled (32-bit)
 Heap Region Size: 1M
 Heap Min Capacity: 8M
 Heap Initial Capacity: 120M
 Heap Max Capacity: 1900M
 Pre-touch: Disabled
 Parallel Workers: 10
 Concurrent Workers: 3
 Concurrent Refinement Workers: 10
 Periodic GC: Disabled

Heap:
 garbage-first heap   total 303104K, used 190830K [0x0000000089400000, 0x0000000100000000)
  region size 1024K, 68 young (69632K), 5 survivors (5120K)
 Metaspace       used 67101K, committed 67456K, reserved 1114112K
  class space    used 7656K, committed 7808K, reserved 1048576K

Heap Regions: E=young(eden), S=young(survivor), O=old, HS=humongous(starts), HC=humongous(continues), CS=collection set, F=free, TAMS=top-at-mark-start, PB=parsable bottom
|   0|0x0000000089400000, 0x0000000089500000, 0x0000000089500000|100%|HS|  |TAMS 0x0000000089400000| PB 0x0000000089400000| Complete 
|   1|0x0000000089500000, 0x0000000089600000, 0x0000000089600000|100%|HC|  |TAMS 0x0000000089500000| PB 0x0000000089500000| Complete 
|   2|0x0000000089600000, 0x0000000089700000, 0x0000000089700000|100%|HC|  |TAMS 0x0000000089600000| PB 0x0000000089600000| Complete 
|   3|0x0000000089700000, 0x0000000089800000, 0x0000000089800000|100%|HC|  |TAMS 0x0000000089700000| PB 0x0000000089700000| Complete 
|   4|0x0000000089800000, 0x0000000089900000, 0x0000000089900000|100%| O|  |TAMS 0x0000000089800000| PB 0x0000000089800000| Untracked 
|   5|0x0000000089900000, 0x0000000089a00000, 0x0000000089a00000|100%| O|  |TAMS 0x0000000089900000| PB 0x0000000089900000| Untracked 
|   6|0x0000000089a00000, 0x0000000089b00000, 0x0000000089b00000|100%| O|  |TAMS 0x0000000089a00000| PB 0x0000000089a00000| Untracked 
|   7|0x0000000089b00000, 0x0000000089c00000, 0x0000000089c00000|100%| O|  |TAMS 0x0000000089b00000| PB 0x0000000089b00000| Untracked 
|   8|0x0000000089c00000, 0x0000000089d00000, 0x0000000089d00000|100%| O|  |TAMS 0x0000000089c00000| PB 0x0000000089c00000| Untracked 
|   9|0x0000000089d00000, 0x0000000089e00000, 0x0000000089e00000|100%| O|  |TAMS 0x0000000089d00000| PB 0x0000000089d00000| Untracked 
|  10|0x0000000089e00000, 0x0000000089f00000, 0x0000000089f00000|100%| O|  |TAMS 0x0000000089e00000| PB 0x0000000089e00000| Untracked 
|  11|0x0000000089f00000, 0x000000008a000000, 0x000000008a000000|100%| O|  |TAMS 0x0000000089f00000| PB 0x0000000089f00000| Untracked 
|  12|0x000000008a000000, 0x000000008a100000, 0x000000008a100000|100%| O|  |TAMS 0x000000008a000000| PB 0x000000008a000000| Untracked 
|  13|0x000000008a100000, 0x000000008a200000, 0x000000008a200000|100%| O|  |TAMS 0x000000008a100000| PB 0x000000008a100000| Untracked 
|  14|0x000000008a200000, 0x000000008a300000, 0x000000008a300000|100%| O|  |TAMS 0x000000008a200000| PB 0x000000008a200000| Untracked 
|  15|0x000000008a300000, 0x000000008a400000, 0x000000008a400000|100%| O|  |TAMS 0x000000008a300000| PB 0x000000008a300000| Untracked 
|  16|0x000000008a400000, 0x000000008a500000, 0x000000008a500000|100%| O|  |TAMS 0x000000008a400000| PB 0x000000008a400000| Untracked 
|  17|0x000000008a500000, 0x000000008a600000, 0x000000008a600000|100%| O|  |TAMS 0x000000008a500000| PB 0x000000008a500000| Untracked 
|  18|0x000000008a600000, 0x000000008a700000, 0x000000008a700000|100%| O|  |TAMS 0x000000008a600000| PB 0x000000008a600000| Untracked 
|  19|0x000000008a700000, 0x000000008a800000, 0x000000008a800000|100%| O|  |TAMS 0x000000008a700000| PB 0x000000008a700000| Untracked 
|  20|0x000000008a800000, 0x000000008a900000, 0x000000008a900000|100%| O|  |TAMS 0x000000008a800000| PB 0x000000008a800000| Untracked 
|  21|0x000000008a900000, 0x000000008aa00000, 0x000000008aa00000|100%| O|  |TAMS 0x000000008a900000| PB 0x000000008a900000| Untracked 
|  22|0x000000008aa00000, 0x000000008ab00000, 0x000000008ab00000|100%| O|  |TAMS 0x000000008aa00000| PB 0x000000008aa00000| Untracked 
|  23|0x000000008ab00000, 0x000000008ac00000, 0x000000008ac00000|100%| O|  |TAMS 0x000000008ab00000| PB 0x000000008ab00000| Untracked 
|  24|0x000000008ac00000, 0x000000008ad00000, 0x000000008ad00000|100%| O|  |TAMS 0x000000008ac00000| PB 0x000000008ac00000| Untracked 
|  25|0x000000008ad00000, 0x000000008ae00000, 0x000000008ae00000|100%| O|  |TAMS 0x000000008ad00000| PB 0x000000008ad00000| Untracked 
|  26|0x000000008ae00000, 0x000000008af00000, 0x000000008af00000|100%| O|  |TAMS 0x000000008ae00000| PB 0x000000008ae00000| Untracked 
|  27|0x000000008af00000, 0x000000008b000000, 0x000000008b000000|100%| O|  |TAMS 0x000000008af00000| PB 0x000000008af00000| Untracked 
|  28|0x000000008b000000, 0x000000008b100000, 0x000000008b100000|100%| O|  |TAMS 0x000000008b000000| PB 0x000000008b000000| Untracked 
|  29|0x000000008b100000, 0x000000008b200000, 0x000000008b200000|100%| O|  |TAMS 0x000000008b100000| PB 0x000000008b100000| Untracked 
|  30|0x000000008b200000, 0x000000008b300000, 0x000000008b300000|100%| O|  |TAMS 0x000000008b200000| PB 0x000000008b200000| Untracked 
|  31|0x000000008b300000, 0x000000008b400000, 0x000000008b400000|100%| O|  |TAMS 0x000000008b300000| PB 0x000000008b300000| Untracked 
|  32|0x000000008b400000, 0x000000008b500000, 0x000000008b500000|100%| O|  |TAMS 0x000000008b400000| PB 0x000000008b400000| Untracked 
|  33|0x000000008b500000, 0x000000008b600000, 0x000000008b600000|100%| O|  |TAMS 0x000000008b500000| PB 0x000000008b500000| Untracked 
|  34|0x000000008b600000, 0x000000008b700000, 0x000000008b700000|100%| O|  |TAMS 0x000000008b600000| PB 0x000000008b600000| Untracked 
|  35|0x000000008b700000, 0x000000008b800000, 0x000000008b800000|100%| O|  |TAMS 0x000000008b700000| PB 0x000000008b700000| Untracked 
|  36|0x000000008b800000, 0x000000008b900000, 0x000000008b900000|100%| O|  |TAMS 0x000000008b800000| PB 0x000000008b800000| Untracked 
|  37|0x000000008b900000, 0x000000008ba00000, 0x000000008ba00000|100%| O|  |TAMS 0x000000008b900000| PB 0x000000008b900000| Untracked 
|  38|0x000000008ba00000, 0x000000008bb00000, 0x000000008bb00000|100%| O|  |TAMS 0x000000008ba00000| PB 0x000000008ba00000| Untracked 
|  39|0x000000008bb00000, 0x000000008bc00000, 0x000000008bc00000|100%| O|  |TAMS 0x000000008bb00000| PB 0x000000008bb00000| Untracked 
|  40|0x000000008bc00000, 0x000000008bd00000, 0x000000008bd00000|100%| O|  |TAMS 0x000000008bc00000| PB 0x000000008bc00000| Untracked 
|  41|0x000000008bd00000, 0x000000008be00000, 0x000000008be00000|100%| O|  |TAMS 0x000000008bd00000| PB 0x000000008bd00000| Untracked 
|  42|0x000000008be00000, 0x000000008bf00000, 0x000000008bf00000|100%| O|  |TAMS 0x000000008be00000| PB 0x000000008be00000| Untracked 
|  43|0x000000008bf00000, 0x000000008c000000, 0x000000008c000000|100%| O|  |TAMS 0x000000008bf00000| PB 0x000000008bf00000| Untracked 
|  44|0x000000008c000000, 0x000000008c100000, 0x000000008c100000|100%| O|  |TAMS 0x000000008c000000| PB 0x000000008c000000| Untracked 
|  45|0x000000008c100000, 0x000000008c200000, 0x000000008c200000|100%| O|  |TAMS 0x000000008c100000| PB 0x000000008c100000| Untracked 
|  46|0x000000008c200000, 0x000000008c300000, 0x000000008c300000|100%| O|  |TAMS 0x000000008c200000| PB 0x000000008c200000| Untracked 
|  47|0x000000008c300000, 0x000000008c400000, 0x000000008c400000|100%| O|  |TAMS 0x000000008c300000| PB 0x000000008c300000| Untracked 
|  48|0x000000008c400000, 0x000000008c500000, 0x000000008c500000|100%| O|  |TAMS 0x000000008c400000| PB 0x000000008c400000| Untracked 
|  49|0x000000008c500000, 0x000000008c600000, 0x000000008c600000|100%| O|  |TAMS 0x000000008c500000| PB 0x000000008c500000| Untracked 
|  50|0x000000008c600000, 0x000000008c700000, 0x000000008c700000|100%| O|  |TAMS 0x000000008c600000| PB 0x000000008c600000| Untracked 
|  51|0x000000008c700000, 0x000000008c800000, 0x000000008c800000|100%| O|  |TAMS 0x000000008c700000| PB 0x000000008c700000| Untracked 
|  52|0x000000008c800000, 0x000000008c900000, 0x000000008c900000|100%| O|  |TAMS 0x000000008c800000| PB 0x000000008c800000| Untracked 
|  53|0x000000008c900000, 0x000000008ca00000, 0x000000008ca00000|100%| O|  |TAMS 0x000000008c900000| PB 0x000000008c900000| Untracked 
|  54|0x000000008ca00000, 0x000000008cb00000, 0x000000008cb00000|100%| O|  |TAMS 0x000000008ca00000| PB 0x000000008ca00000| Untracked 
|  55|0x000000008cb00000, 0x000000008cc00000, 0x000000008cc00000|100%| O|  |TAMS 0x000000008cb00000| PB 0x000000008cb00000| Untracked 
|  56|0x000000008cc00000, 0x000000008cd00000, 0x000000008cd00000|100%| O|  |TAMS 0x000000008cc00000| PB 0x000000008cc00000| Untracked 
|  57|0x000000008cd00000, 0x000000008ce00000, 0x000000008ce00000|100%| O|  |TAMS 0x000000008cd00000| PB 0x000000008cd00000| Untracked 
|  58|0x000000008ce00000, 0x000000008cf00000, 0x000000008cf00000|100%| O|  |TAMS 0x000000008ce00000| PB 0x000000008ce00000| Untracked 
|  59|0x000000008cf00000, 0x000000008d000000, 0x000000008d000000|100%| O|  |TAMS 0x000000008cf00000| PB 0x000000008cf00000| Untracked 
|  60|0x000000008d000000, 0x000000008d100000, 0x000000008d100000|100%| O|  |TAMS 0x000000008d000000| PB 0x000000008d000000| Untracked 
|  61|0x000000008d100000, 0x000000008d200000, 0x000000008d200000|100%| O|  |TAMS 0x000000008d100000| PB 0x000000008d100000| Untracked 
|  62|0x000000008d200000, 0x000000008d300000, 0x000000008d300000|100%| O|  |TAMS 0x000000008d200000| PB 0x000000008d200000| Untracked 
|  63|0x000000008d300000, 0x000000008d400000, 0x000000008d400000|100%| O|  |TAMS 0x000000008d300000| PB 0x000000008d300000| Untracked 
|  64|0x000000008d400000, 0x000000008d500000, 0x000000008d500000|100%| O|  |TAMS 0x000000008d400000| PB 0x000000008d400000| Untracked 
|  65|0x000000008d500000, 0x000000008d600000, 0x000000008d600000|100%| O|  |TAMS 0x000000008d500000| PB 0x000000008d500000| Untracked 
|  66|0x000000008d600000, 0x000000008d700000, 0x000000008d700000|100%| O|  |TAMS 0x000000008d600000| PB 0x000000008d600000| Untracked 
|  67|0x000000008d700000, 0x000000008d800000, 0x000000008d800000|100%| O|  |TAMS 0x000000008d700000| PB 0x000000008d700000| Untracked 
|  68|0x000000008d800000, 0x000000008d900000, 0x000000008d900000|100%| O|  |TAMS 0x000000008d800000| PB 0x000000008d800000| Untracked 
|  69|0x000000008d900000, 0x000000008da00000, 0x000000008da00000|100%| O|  |TAMS 0x000000008d900000| PB 0x000000008d900000| Untracked 
|  70|0x000000008da00000, 0x000000008db00000, 0x000000008db00000|100%| O|  |TAMS 0x000000008da00000| PB 0x000000008da00000| Untracked 
|  71|0x000000008db00000, 0x000000008dc00000, 0x000000008dc00000|100%| O|  |TAMS 0x000000008db00000| PB 0x000000008db00000| Untracked 
|  72|0x000000008dc00000, 0x000000008dd00000, 0x000000008dd00000|100%| O|  |TAMS 0x000000008dc00000| PB 0x000000008dc00000| Untracked 
|  73|0x000000008dd00000, 0x000000008de00000, 0x000000008de00000|100%| O|  |TAMS 0x000000008dd00000| PB 0x000000008dd00000| Untracked 
|  74|0x000000008de00000, 0x000000008df00000, 0x000000008df00000|100%| O|  |TAMS 0x000000008de00000| PB 0x000000008de00000| Untracked 
|  75|0x000000008df00000, 0x000000008e000000, 0x000000008e000000|100%| O|  |TAMS 0x000000008df00000| PB 0x000000008df00000| Untracked 
|  76|0x000000008e000000, 0x000000008e100000, 0x000000008e100000|100%| O|  |TAMS 0x000000008e000000| PB 0x000000008e000000| Untracked 
|  77|0x000000008e100000, 0x000000008e200000, 0x000000008e200000|100%| O|  |TAMS 0x000000008e100000| PB 0x000000008e100000| Untracked 
|  78|0x000000008e200000, 0x000000008e300000, 0x000000008e300000|100%| O|  |TAMS 0x000000008e200000| PB 0x000000008e200000| Untracked 
|  79|0x000000008e300000, 0x000000008e400000, 0x000000008e400000|100%| O|  |TAMS 0x000000008e300000| PB 0x000000008e300000| Untracked 
|  80|0x000000008e400000, 0x000000008e500000, 0x000000008e500000|100%| O|  |TAMS 0x000000008e400000| PB 0x000000008e400000| Untracked 
|  81|0x000000008e500000, 0x000000008e600000, 0x000000008e600000|100%| O|  |TAMS 0x000000008e500000| PB 0x000000008e500000| Untracked 
|  82|0x000000008e600000, 0x000000008e700000, 0x000000008e700000|100%| O|  |TAMS 0x000000008e600000| PB 0x000000008e600000| Untracked 
|  83|0x000000008e700000, 0x000000008e800000, 0x000000008e800000|100%| O|  |TAMS 0x000000008e700000| PB 0x000000008e700000| Untracked 
|  84|0x000000008e800000, 0x000000008e900000, 0x000000008e900000|100%| O|  |TAMS 0x000000008e800000| PB 0x000000008e800000| Untracked 
|  85|0x000000008e900000, 0x000000008ea00000, 0x000000008ea00000|100%| O|  |TAMS 0x000000008e900000| PB 0x000000008e900000| Untracked 
|  86|0x000000008ea00000, 0x000000008eb00000, 0x000000008eb00000|100%| O|  |TAMS 0x000000008ea00000| PB 0x000000008ea00000| Untracked 
|  87|0x000000008eb00000, 0x000000008ec00000, 0x000000008ec00000|100%| O|  |TAMS 0x000000008eb00000| PB 0x000000008eb00000| Untracked 
|  88|0x000000008ec00000, 0x000000008ed00000, 0x000000008ed00000|100%| O|  |TAMS 0x000000008ec00000| PB 0x000000008ec00000| Untracked 
|  89|0x000000008ed00000, 0x000000008ee00000, 0x000000008ee00000|100%| O|  |TAMS 0x000000008ed00000| PB 0x000000008ed00000| Untracked 
|  90|0x000000008ee00000, 0x000000008ef00000, 0x000000008ef00000|100%| O|  |TAMS 0x000000008ee00000| PB 0x000000008ee00000| Untracked 
|  91|0x000000008ef00000, 0x000000008f000000, 0x000000008f000000|100%| O|  |TAMS 0x000000008ef00000| PB 0x000000008ef00000| Untracked 
|  92|0x000000008f000000, 0x000000008f100000, 0x000000008f100000|100%| O|Cm|TAMS 0x000000008f000000| PB 0x000000008f000000| Complete 
|  93|0x000000008f100000, 0x000000008f200000, 0x000000008f200000|100%|HS|  |TAMS 0x000000008f100000| PB 0x000000008f100000| Complete 
|  94|0x000000008f200000, 0x000000008f300000, 0x000000008f300000|100%| O|  |TAMS 0x000000008f200000| PB 0x000000008f200000| Untracked 
|  95|0x000000008f300000, 0x000000008f400000, 0x000000008f400000|100%| O|  |TAMS 0x000000008f300000| PB 0x000000008f300000| Untracked 
|  96|0x000000008f400000, 0x000000008f500000, 0x000000008f500000|100%| O|  |TAMS 0x000000008f400000| PB 0x000000008f400000| Untracked 
|  97|0x000000008f500000, 0x000000008f600000, 0x000000008f600000|100%| O|  |TAMS 0x000000008f500000| PB 0x000000008f500000| Untracked 
|  98|0x000000008f600000, 0x000000008f700000, 0x000000008f700000|100%| O|  |TAMS 0x000000008f600000| PB 0x000000008f600000| Untracked 
|  99|0x000000008f700000, 0x000000008f800000, 0x000000008f800000|100%| O|  |TAMS 0x000000008f700000| PB 0x000000008f700000| Untracked 
| 100|0x000000008f800000, 0x000000008f900000, 0x000000008f900000|100%| O|  |TAMS 0x000000008f800000| PB 0x000000008f800000| Untracked 
| 101|0x000000008f900000, 0x000000008fa00000, 0x000000008fa00000|100%| O|  |TAMS 0x000000008f900000| PB 0x000000008f900000| Untracked 
| 102|0x000000008fa00000, 0x000000008fb00000, 0x000000008fb00000|100%| O|  |TAMS 0x000000008fa00000| PB 0x000000008fa00000| Untracked 
| 103|0x000000008fb00000, 0x000000008fc00000, 0x000000008fc00000|100%| O|  |TAMS 0x000000008fb00000| PB 0x000000008fb00000| Untracked 
| 104|0x000000008fc00000, 0x000000008fd00000, 0x000000008fd00000|100%| O|  |TAMS 0x000000008fc00000| PB 0x000000008fc00000| Untracked 
| 105|0x000000008fd00000, 0x000000008fe00000, 0x000000008fe00000|100%| O|  |TAMS 0x000000008fd00000| PB 0x000000008fd00000| Untracked 
| 106|0x000000008fe00000, 0x000000008ff00000, 0x000000008ff00000|100%| O|  |TAMS 0x000000008fe00000| PB 0x000000008fe00000| Untracked 
| 107|0x000000008ff00000, 0x0000000090000000, 0x0000000090000000|100%| O|  |TAMS 0x000000008ff00000| PB 0x000000008ff00000| Untracked 
| 108|0x0000000090000000, 0x0000000090100000, 0x0000000090100000|100%| O|  |TAMS 0x0000000090000000| PB 0x0000000090000000| Untracked 
| 109|0x0000000090100000, 0x0000000090200000, 0x0000000090200000|100%| O|  |TAMS 0x0000000090100000| PB 0x0000000090100000| Untracked 
| 110|0x0000000090200000, 0x0000000090300000, 0x0000000090300000|100%| O|Cm|TAMS 0x0000000090200000| PB 0x0000000090200000| Complete 
| 111|0x0000000090300000, 0x0000000090400000, 0x0000000090400000|100%| O|  |TAMS 0x0000000090300000| PB 0x0000000090300000| Untracked 
| 112|0x0000000090400000, 0x0000000090500000, 0x0000000090500000|100%| O|  |TAMS 0x0000000090400000| PB 0x0000000090400000| Untracked 
| 113|0x0000000090500000, 0x0000000090600000, 0x0000000090600000|100%| O|  |TAMS 0x0000000090500000| PB 0x0000000090500000| Untracked 
| 114|0x0000000090600000, 0x0000000090700000, 0x0000000090700000|100%| O|  |TAMS 0x0000000090600000| PB 0x0000000090600000| Untracked 
| 115|0x0000000090700000, 0x0000000090800000, 0x0000000090800000|100%| O|  |TAMS 0x0000000090700000| PB 0x0000000090700000| Untracked 
| 116|0x0000000090800000, 0x0000000090900000, 0x0000000090900000|100%| O|  |TAMS 0x0000000090800000| PB 0x0000000090800000| Untracked 
| 117|0x0000000090900000, 0x000000009095ba28, 0x0000000090a00000| 35%| O|  |TAMS 0x0000000090900000| PB 0x0000000090900000| Untracked 
| 118|0x0000000090a00000, 0x0000000090a00000, 0x0000000090b00000|  0%| F|  |TAMS 0x0000000090a00000| PB 0x0000000090a00000| Untracked 
| 119|0x0000000090b00000, 0x0000000090b00000, 0x0000000090c00000|  0%| F|  |TAMS 0x0000000090b00000| PB 0x0000000090b00000| Untracked 
| 120|0x0000000090c00000, 0x0000000090c00000, 0x0000000090d00000|  0%| F|  |TAMS 0x0000000090c00000| PB 0x0000000090c00000| Untracked 
| 121|0x0000000090d00000, 0x0000000090d00000, 0x0000000090e00000|  0%| F|  |TAMS 0x0000000090d00000| PB 0x0000000090d00000| Untracked 
| 122|0x0000000090e00000, 0x0000000090e00000, 0x0000000090f00000|  0%| F|  |TAMS 0x0000000090e00000| PB 0x0000000090e00000| Untracked 
| 123|0x0000000090f00000, 0x0000000090f00000, 0x0000000091000000|  0%| F|  |TAMS 0x0000000090f00000| PB 0x0000000090f00000| Untracked 
| 124|0x0000000091000000, 0x0000000091000000, 0x0000000091100000|  0%| F|  |TAMS 0x0000000091000000| PB 0x0000000091000000| Untracked 
| 125|0x0000000091100000, 0x0000000091100000, 0x0000000091200000|  0%| F|  |TAMS 0x0000000091100000| PB 0x0000000091100000| Untracked 
| 126|0x0000000091200000, 0x0000000091200000, 0x0000000091300000|  0%| F|  |TAMS 0x0000000091200000| PB 0x0000000091200000| Untracked 
| 127|0x0000000091300000, 0x0000000091300000, 0x0000000091400000|  0%| F|  |TAMS 0x0000000091300000| PB 0x0000000091300000| Untracked 
| 128|0x0000000091400000, 0x0000000091400000, 0x0000000091500000|  0%| F|  |TAMS 0x0000000091400000| PB 0x0000000091400000| Untracked 
| 129|0x0000000091500000, 0x0000000091500000, 0x0000000091600000|  0%| F|  |TAMS 0x0000000091500000| PB 0x0000000091500000| Untracked 
| 130|0x0000000091600000, 0x0000000091700000, 0x0000000091700000|100%| S|CS|TAMS 0x0000000091600000| PB 0x0000000091600000| Complete 
| 131|0x0000000091700000, 0x0000000091800000, 0x0000000091800000|100%| S|CS|TAMS 0x0000000091700000| PB 0x0000000091700000| Complete 
| 132|0x0000000091800000, 0x0000000091900000, 0x0000000091900000|100%| S|CS|TAMS 0x0000000091800000| PB 0x0000000091800000| Complete 
| 133|0x0000000091900000, 0x0000000091a00000, 0x0000000091a00000|100%| S|CS|TAMS 0x0000000091900000| PB 0x0000000091900000| Complete 
| 134|0x0000000091a00000, 0x0000000091b00000, 0x0000000091b00000|100%| S|CS|TAMS 0x0000000091a00000| PB 0x0000000091a00000| Complete 
| 135|0x0000000091b00000, 0x0000000091b00000, 0x0000000091c00000|  0%| F|  |TAMS 0x0000000091b00000| PB 0x0000000091b00000| Untracked 
| 136|0x0000000091c00000, 0x0000000091c00000, 0x0000000091d00000|  0%| F|  |TAMS 0x0000000091c00000| PB 0x0000000091c00000| Untracked 
| 137|0x0000000091d00000, 0x0000000091d00000, 0x0000000091e00000|  0%| F|  |TAMS 0x0000000091d00000| PB 0x0000000091d00000| Untracked 
| 138|0x0000000091e00000, 0x0000000091e00000, 0x0000000091f00000|  0%| F|  |TAMS 0x0000000091e00000| PB 0x0000000091e00000| Untracked 
| 139|0x0000000091f00000, 0x0000000091f00000, 0x0000000092000000|  0%| F|  |TAMS 0x0000000091f00000| PB 0x0000000091f00000| Untracked 
| 140|0x0000000092000000, 0x0000000092000000, 0x0000000092100000|  0%| F|  |TAMS 0x0000000092000000| PB 0x0000000092000000| Untracked 
| 141|0x0000000092100000, 0x0000000092100000, 0x0000000092200000|  0%| F|  |TAMS 0x0000000092100000| PB 0x0000000092100000| Untracked 
| 142|0x0000000092200000, 0x0000000092200000, 0x0000000092300000|  0%| F|  |TAMS 0x0000000092200000| PB 0x0000000092200000| Untracked 
| 143|0x0000000092300000, 0x0000000092300000, 0x0000000092400000|  0%| F|  |TAMS 0x0000000092300000| PB 0x0000000092300000| Untracked 
| 144|0x0000000092400000, 0x0000000092400000, 0x0000000092500000|  0%| F|  |TAMS 0x0000000092400000| PB 0x0000000092400000| Untracked 
| 145|0x0000000092500000, 0x0000000092500000, 0x0000000092600000|  0%| F|  |TAMS 0x0000000092500000| PB 0x0000000092500000| Untracked 
| 146|0x0000000092600000, 0x0000000092600000, 0x0000000092700000|  0%| F|  |TAMS 0x0000000092600000| PB 0x0000000092600000| Untracked 
| 147|0x0000000092700000, 0x0000000092700000, 0x0000000092800000|  0%| F|  |TAMS 0x0000000092700000| PB 0x0000000092700000| Untracked 
| 148|0x0000000092800000, 0x0000000092800000, 0x0000000092900000|  0%| F|  |TAMS 0x0000000092800000| PB 0x0000000092800000| Untracked 
| 149|0x0000000092900000, 0x0000000092900000, 0x0000000092a00000|  0%| F|  |TAMS 0x0000000092900000| PB 0x0000000092900000| Untracked 
| 150|0x0000000092a00000, 0x0000000092a00000, 0x0000000092b00000|  0%| F|  |TAMS 0x0000000092a00000| PB 0x0000000092a00000| Untracked 
| 151|0x0000000092b00000, 0x0000000092b00000, 0x0000000092c00000|  0%| F|  |TAMS 0x0000000092b00000| PB 0x0000000092b00000| Untracked 
| 152|0x0000000092c00000, 0x0000000092c00000, 0x0000000092d00000|  0%| F|  |TAMS 0x0000000092c00000| PB 0x0000000092c00000| Untracked 
| 153|0x0000000092d00000, 0x0000000092d00000, 0x0000000092e00000|  0%| F|  |TAMS 0x0000000092d00000| PB 0x0000000092d00000| Untracked 
| 154|0x0000000092e00000, 0x0000000092e00000, 0x0000000092f00000|  0%| F|  |TAMS 0x0000000092e00000| PB 0x0000000092e00000| Untracked 
| 155|0x0000000092f00000, 0x0000000092f00000, 0x0000000093000000|  0%| F|  |TAMS 0x0000000092f00000| PB 0x0000000092f00000| Untracked 
| 156|0x0000000093000000, 0x0000000093000000, 0x0000000093100000|  0%| F|  |TAMS 0x0000000093000000| PB 0x0000000093000000| Untracked 
| 157|0x0000000093100000, 0x0000000093100000, 0x0000000093200000|  0%| F|  |TAMS 0x0000000093100000| PB 0x0000000093100000| Untracked 
| 158|0x0000000093200000, 0x0000000093200000, 0x0000000093300000|  0%| F|  |TAMS 0x0000000093200000| PB 0x0000000093200000| Untracked 
| 159|0x0000000093300000, 0x0000000093300000, 0x0000000093400000|  0%| F|  |TAMS 0x0000000093300000| PB 0x0000000093300000| Untracked 
| 160|0x0000000093400000, 0x0000000093400000, 0x0000000093500000|  0%| F|  |TAMS 0x0000000093400000| PB 0x0000000093400000| Untracked 
| 161|0x0000000093500000, 0x0000000093500000, 0x0000000093600000|  0%| F|  |TAMS 0x0000000093500000| PB 0x0000000093500000| Untracked 
| 162|0x0000000093600000, 0x0000000093600000, 0x0000000093700000|  0%| F|  |TAMS 0x0000000093600000| PB 0x0000000093600000| Untracked 
| 163|0x0000000093700000, 0x0000000093700000, 0x0000000093800000|  0%| F|  |TAMS 0x0000000093700000| PB 0x0000000093700000| Untracked 
| 164|0x0000000093800000, 0x0000000093800000, 0x0000000093900000|  0%| F|  |TAMS 0x0000000093800000| PB 0x0000000093800000| Untracked 
| 165|0x0000000093900000, 0x0000000093900000, 0x0000000093a00000|  0%| F|  |TAMS 0x0000000093900000| PB 0x0000000093900000| Untracked 
| 166|0x0000000093a00000, 0x0000000093a00000, 0x0000000093b00000|  0%| F|  |TAMS 0x0000000093a00000| PB 0x0000000093a00000| Untracked 
| 167|0x0000000093b00000, 0x0000000093b00000, 0x0000000093c00000|  0%| F|  |TAMS 0x0000000093b00000| PB 0x0000000093b00000| Untracked 
| 168|0x0000000093c00000, 0x0000000093c00000, 0x0000000093d00000|  0%| F|  |TAMS 0x0000000093c00000| PB 0x0000000093c00000| Untracked 
| 169|0x0000000093d00000, 0x0000000093d00000, 0x0000000093e00000|  0%| F|  |TAMS 0x0000000093d00000| PB 0x0000000093d00000| Untracked 
| 170|0x0000000093e00000, 0x0000000093e00000, 0x0000000093f00000|  0%| F|  |TAMS 0x0000000093e00000| PB 0x0000000093e00000| Untracked 
| 171|0x0000000093f00000, 0x0000000093f00000, 0x0000000094000000|  0%| F|  |TAMS 0x0000000093f00000| PB 0x0000000093f00000| Untracked 
| 172|0x0000000094000000, 0x0000000094000000, 0x0000000094100000|  0%| F|  |TAMS 0x0000000094000000| PB 0x0000000094000000| Untracked 
| 173|0x0000000094100000, 0x0000000094100000, 0x0000000094200000|  0%| F|  |TAMS 0x0000000094100000| PB 0x0000000094100000| Untracked 
| 174|0x0000000094200000, 0x0000000094200000, 0x0000000094300000|  0%| F|  |TAMS 0x0000000094200000| PB 0x0000000094200000| Untracked 
| 175|0x0000000094300000, 0x0000000094300000, 0x0000000094400000|  0%| F|  |TAMS 0x0000000094300000| PB 0x0000000094300000| Untracked 
| 176|0x0000000094400000, 0x0000000094400000, 0x0000000094500000|  0%| F|  |TAMS 0x0000000094400000| PB 0x0000000094400000| Untracked 
| 177|0x0000000094500000, 0x0000000094500000, 0x0000000094600000|  0%| F|  |TAMS 0x0000000094500000| PB 0x0000000094500000| Untracked 
| 178|0x0000000094600000, 0x0000000094600000, 0x0000000094700000|  0%| F|  |TAMS 0x0000000094600000| PB 0x0000000094600000| Untracked 
| 179|0x0000000094700000, 0x0000000094700000, 0x0000000094800000|  0%| F|  |TAMS 0x0000000094700000| PB 0x0000000094700000| Untracked 
| 180|0x0000000094800000, 0x0000000094800000, 0x0000000094900000|  0%| F|  |TAMS 0x0000000094800000| PB 0x0000000094800000| Untracked 
| 181|0x0000000094900000, 0x0000000094900000, 0x0000000094a00000|  0%| F|  |TAMS 0x0000000094900000| PB 0x0000000094900000| Untracked 
| 182|0x0000000094a00000, 0x0000000094a00000, 0x0000000094b00000|  0%| F|  |TAMS 0x0000000094a00000| PB 0x0000000094a00000| Untracked 
| 183|0x0000000094b00000, 0x0000000094b00000, 0x0000000094c00000|  0%| F|  |TAMS 0x0000000094b00000| PB 0x0000000094b00000| Untracked 
| 184|0x0000000094c00000, 0x0000000094c00000, 0x0000000094d00000|  0%| F|  |TAMS 0x0000000094c00000| PB 0x0000000094c00000| Untracked 
| 185|0x0000000094d00000, 0x0000000094d00000, 0x0000000094e00000|  0%| F|  |TAMS 0x0000000094d00000| PB 0x0000000094d00000| Untracked 
| 186|0x0000000094e00000, 0x0000000094e00000, 0x0000000094f00000|  0%| F|  |TAMS 0x0000000094e00000| PB 0x0000000094e00000| Untracked 
| 187|0x0000000094f00000, 0x0000000094f00000, 0x0000000095000000|  0%| F|  |TAMS 0x0000000094f00000| PB 0x0000000094f00000| Untracked 
| 188|0x0000000095000000, 0x0000000095000000, 0x0000000095100000|  0%| F|  |TAMS 0x0000000095000000| PB 0x0000000095000000| Untracked 
| 189|0x0000000095100000, 0x0000000095100000, 0x0000000095200000|  0%| F|  |TAMS 0x0000000095100000| PB 0x0000000095100000| Untracked 
| 190|0x0000000095200000, 0x0000000095200000, 0x0000000095300000|  0%| F|  |TAMS 0x0000000095200000| PB 0x0000000095200000| Untracked 
| 191|0x0000000095300000, 0x0000000095300000, 0x0000000095400000|  0%| F|  |TAMS 0x0000000095300000| PB 0x0000000095300000| Untracked 
| 192|0x0000000095400000, 0x0000000095400000, 0x0000000095500000|  0%| F|  |TAMS 0x0000000095400000| PB 0x0000000095400000| Untracked 
| 193|0x0000000095500000, 0x0000000095500000, 0x0000000095600000|  0%| F|  |TAMS 0x0000000095500000| PB 0x0000000095500000| Untracked 
| 194|0x0000000095600000, 0x0000000095600000, 0x0000000095700000|  0%| F|  |TAMS 0x0000000095600000| PB 0x0000000095600000| Untracked 
| 195|0x0000000095700000, 0x0000000095700000, 0x0000000095800000|  0%| F|  |TAMS 0x0000000095700000| PB 0x0000000095700000| Untracked 
| 196|0x0000000095800000, 0x0000000095800000, 0x0000000095900000|  0%| F|  |TAMS 0x0000000095800000| PB 0x0000000095800000| Untracked 
| 197|0x0000000095900000, 0x0000000095900000, 0x0000000095a00000|  0%| F|  |TAMS 0x0000000095900000| PB 0x0000000095900000| Untracked 
| 198|0x0000000095a00000, 0x0000000095a00000, 0x0000000095b00000|  0%| F|  |TAMS 0x0000000095a00000| PB 0x0000000095a00000| Untracked 
| 199|0x0000000095b00000, 0x0000000095b00000, 0x0000000095c00000|  0%| F|  |TAMS 0x0000000095b00000| PB 0x0000000095b00000| Untracked 
| 200|0x0000000095c00000, 0x0000000095c00000, 0x0000000095d00000|  0%| F|  |TAMS 0x0000000095c00000| PB 0x0000000095c00000| Untracked 
| 201|0x0000000095d00000, 0x0000000095d00000, 0x0000000095e00000|  0%| F|  |TAMS 0x0000000095d00000| PB 0x0000000095d00000| Untracked 
| 202|0x0000000095e00000, 0x0000000095e00000, 0x0000000095f00000|  0%| F|  |TAMS 0x0000000095e00000| PB 0x0000000095e00000| Untracked 
| 203|0x0000000095f00000, 0x0000000095f00000, 0x0000000096000000|  0%| F|  |TAMS 0x0000000095f00000| PB 0x0000000095f00000| Untracked 
| 204|0x0000000096000000, 0x0000000096000000, 0x0000000096100000|  0%| F|  |TAMS 0x0000000096000000| PB 0x0000000096000000| Untracked 
| 205|0x0000000096100000, 0x0000000096100000, 0x0000000096200000|  0%| F|  |TAMS 0x0000000096100000| PB 0x0000000096100000| Untracked 
| 206|0x0000000096200000, 0x0000000096200000, 0x0000000096300000|  0%| F|  |TAMS 0x0000000096200000| PB 0x0000000096200000| Untracked 
| 207|0x0000000096300000, 0x0000000096300000, 0x0000000096400000|  0%| F|  |TAMS 0x0000000096300000| PB 0x0000000096300000| Untracked 
| 208|0x0000000096400000, 0x0000000096400000, 0x0000000096500000|  0%| F|  |TAMS 0x0000000096400000| PB 0x0000000096400000| Untracked 
| 209|0x0000000096500000, 0x0000000096500000, 0x0000000096600000|  0%| F|  |TAMS 0x0000000096500000| PB 0x0000000096500000| Untracked 
| 210|0x0000000096600000, 0x0000000096600000, 0x0000000096700000|  0%| F|  |TAMS 0x0000000096600000| PB 0x0000000096600000| Untracked 
| 211|0x0000000096700000, 0x0000000096700000, 0x0000000096800000|  0%| F|  |TAMS 0x0000000096700000| PB 0x0000000096700000| Untracked 
| 212|0x0000000096800000, 0x0000000096800000, 0x0000000096900000|  0%| F|  |TAMS 0x0000000096800000| PB 0x0000000096800000| Untracked 
| 213|0x0000000096900000, 0x0000000096900000, 0x0000000096a00000|  0%| F|  |TAMS 0x0000000096900000| PB 0x0000000096900000| Untracked 
| 214|0x0000000096a00000, 0x0000000096a00000, 0x0000000096b00000|  0%| F|  |TAMS 0x0000000096a00000| PB 0x0000000096a00000| Untracked 
| 215|0x0000000096b00000, 0x0000000096b00000, 0x0000000096c00000|  0%| F|  |TAMS 0x0000000096b00000| PB 0x0000000096b00000| Untracked 
| 216|0x0000000096c00000, 0x0000000096c00000, 0x0000000096d00000|  0%| F|  |TAMS 0x0000000096c00000| PB 0x0000000096c00000| Untracked 
| 217|0x0000000096d00000, 0x0000000096d00000, 0x0000000096e00000|  0%| F|  |TAMS 0x0000000096d00000| PB 0x0000000096d00000| Untracked 
| 218|0x0000000096e00000, 0x0000000096e00000, 0x0000000096f00000|  0%| F|  |TAMS 0x0000000096e00000| PB 0x0000000096e00000| Untracked 
| 219|0x0000000096f00000, 0x0000000096f00000, 0x0000000097000000|  0%| F|  |TAMS 0x0000000096f00000| PB 0x0000000096f00000| Untracked 
| 220|0x0000000097000000, 0x0000000097000000, 0x0000000097100000|  0%| F|  |TAMS 0x0000000097000000| PB 0x0000000097000000| Untracked 
| 221|0x0000000097100000, 0x0000000097100000, 0x0000000097200000|  0%| F|  |TAMS 0x0000000097100000| PB 0x0000000097100000| Untracked 
| 222|0x0000000097200000, 0x0000000097200000, 0x0000000097300000|  0%| F|  |TAMS 0x0000000097200000| PB 0x0000000097200000| Untracked 
| 223|0x0000000097300000, 0x0000000097300000, 0x0000000097400000|  0%| F|  |TAMS 0x0000000097300000| PB 0x0000000097300000| Untracked 
| 224|0x0000000097400000, 0x0000000097400000, 0x0000000097500000|  0%| F|  |TAMS 0x0000000097400000| PB 0x0000000097400000| Untracked 
| 225|0x0000000097500000, 0x0000000097500000, 0x0000000097600000|  0%| F|  |TAMS 0x0000000097500000| PB 0x0000000097500000| Untracked 
| 226|0x0000000097600000, 0x0000000097600000, 0x0000000097700000|  0%| F|  |TAMS 0x0000000097600000| PB 0x0000000097600000| Untracked 
| 227|0x0000000097700000, 0x0000000097700000, 0x0000000097800000|  0%| F|  |TAMS 0x0000000097700000| PB 0x0000000097700000| Untracked 
| 228|0x0000000097800000, 0x0000000097800000, 0x0000000097900000|  0%| F|  |TAMS 0x0000000097800000| PB 0x0000000097800000| Untracked 
| 229|0x0000000097900000, 0x0000000097900000, 0x0000000097a00000|  0%| F|  |TAMS 0x0000000097900000| PB 0x0000000097900000| Untracked 
| 230|0x0000000097a00000, 0x0000000097a00000, 0x0000000097b00000|  0%| F|  |TAMS 0x0000000097a00000| PB 0x0000000097a00000| Untracked 
| 231|0x0000000097b00000, 0x0000000097b80000, 0x0000000097c00000| 50%| E|  |TAMS 0x0000000097b00000| PB 0x0000000097b00000| Complete 
| 232|0x0000000097c00000, 0x0000000097d00000, 0x0000000097d00000|100%| E|CS|TAMS 0x0000000097c00000| PB 0x0000000097c00000| Complete 
| 233|0x0000000097d00000, 0x0000000097e00000, 0x0000000097e00000|100%| E|CS|TAMS 0x0000000097d00000| PB 0x0000000097d00000| Complete 
| 234|0x0000000097e00000, 0x0000000097f00000, 0x0000000097f00000|100%| E|CS|TAMS 0x0000000097e00000| PB 0x0000000097e00000| Complete 
| 235|0x0000000097f00000, 0x0000000098000000, 0x0000000098000000|100%| E|CS|TAMS 0x0000000097f00000| PB 0x0000000097f00000| Complete 
| 236|0x0000000098000000, 0x0000000098100000, 0x0000000098100000|100%| E|CS|TAMS 0x0000000098000000| PB 0x0000000098000000| Complete 
| 237|0x0000000098100000, 0x0000000098200000, 0x0000000098200000|100%| E|CS|TAMS 0x0000000098100000| PB 0x0000000098100000| Complete 
| 238|0x0000000098200000, 0x0000000098300000, 0x0000000098300000|100%| E|CS|TAMS 0x0000000098200000| PB 0x0000000098200000| Complete 
| 239|0x0000000098300000, 0x0000000098400000, 0x0000000098400000|100%| E|CS|TAMS 0x0000000098300000| PB 0x0000000098300000| Complete 
| 240|0x0000000098400000, 0x0000000098500000, 0x0000000098500000|100%| E|CS|TAMS 0x0000000098400000| PB 0x0000000098400000| Complete 
| 241|0x0000000098500000, 0x0000000098600000, 0x0000000098600000|100%| E|CS|TAMS 0x0000000098500000| PB 0x0000000098500000| Complete 
| 242|0x0000000098600000, 0x0000000098700000, 0x0000000098700000|100%| E|CS|TAMS 0x0000000098600000| PB 0x0000000098600000| Complete 
| 243|0x0000000098700000, 0x0000000098800000, 0x0000000098800000|100%| E|CS|TAMS 0x0000000098700000| PB 0x0000000098700000| Complete 
| 244|0x0000000098800000, 0x0000000098900000, 0x0000000098900000|100%| E|CS|TAMS 0x0000000098800000| PB 0x0000000098800000| Complete 
| 245|0x0000000098900000, 0x0000000098a00000, 0x0000000098a00000|100%| E|CS|TAMS 0x0000000098900000| PB 0x0000000098900000| Complete 
| 246|0x0000000098a00000, 0x0000000098b00000, 0x0000000098b00000|100%| E|CS|TAMS 0x0000000098a00000| PB 0x0000000098a00000| Complete 
| 247|0x0000000098b00000, 0x0000000098c00000, 0x0000000098c00000|100%| E|CS|TAMS 0x0000000098b00000| PB 0x0000000098b00000| Complete 
| 248|0x0000000098c00000, 0x0000000098d00000, 0x0000000098d00000|100%| E|CS|TAMS 0x0000000098c00000| PB 0x0000000098c00000| Complete 
| 249|0x0000000098d00000, 0x0000000098e00000, 0x0000000098e00000|100%| E|CS|TAMS 0x0000000098d00000| PB 0x0000000098d00000| Complete 
| 250|0x0000000098e00000, 0x0000000098f00000, 0x0000000098f00000|100%| E|CS|TAMS 0x0000000098e00000| PB 0x0000000098e00000| Complete 
| 251|0x0000000098f00000, 0x0000000099000000, 0x0000000099000000|100%| E|CS|TAMS 0x0000000098f00000| PB 0x0000000098f00000| Complete 
| 252|0x0000000099000000, 0x0000000099100000, 0x0000000099100000|100%| E|CS|TAMS 0x0000000099000000| PB 0x0000000099000000| Complete 
| 253|0x0000000099100000, 0x0000000099200000, 0x0000000099200000|100%| E|CS|TAMS 0x0000000099100000| PB 0x0000000099100000| Complete 
| 254|0x0000000099200000, 0x0000000099300000, 0x0000000099300000|100%| E|CS|TAMS 0x0000000099200000| PB 0x0000000099200000| Complete 
| 255|0x0000000099300000, 0x0000000099400000, 0x0000000099400000|100%| E|CS|TAMS 0x0000000099300000| PB 0x0000000099300000| Complete 
| 256|0x0000000099400000, 0x0000000099500000, 0x0000000099500000|100%| E|CS|TAMS 0x0000000099400000| PB 0x0000000099400000| Complete 
| 257|0x0000000099500000, 0x0000000099600000, 0x0000000099600000|100%| E|CS|TAMS 0x0000000099500000| PB 0x0000000099500000| Complete 
| 258|0x0000000099600000, 0x0000000099700000, 0x0000000099700000|100%| E|CS|TAMS 0x0000000099600000| PB 0x0000000099600000| Complete 
| 259|0x0000000099700000, 0x0000000099800000, 0x0000000099800000|100%| E|CS|TAMS 0x0000000099700000| PB 0x0000000099700000| Complete 
| 260|0x0000000099800000, 0x0000000099900000, 0x0000000099900000|100%| E|CS|TAMS 0x0000000099800000| PB 0x0000000099800000| Complete 
| 261|0x0000000099900000, 0x0000000099a00000, 0x0000000099a00000|100%| E|CS|TAMS 0x0000000099900000| PB 0x0000000099900000| Complete 
| 262|0x0000000099a00000, 0x0000000099b00000, 0x0000000099b00000|100%| E|CS|TAMS 0x0000000099a00000| PB 0x0000000099a00000| Complete 
| 263|0x0000000099b00000, 0x0000000099c00000, 0x0000000099c00000|100%| E|CS|TAMS 0x0000000099b00000| PB 0x0000000099b00000| Complete 
| 264|0x0000000099c00000, 0x0000000099d00000, 0x0000000099d00000|100%| E|CS|TAMS 0x0000000099c00000| PB 0x0000000099c00000| Complete 
| 265|0x0000000099d00000, 0x0000000099e00000, 0x0000000099e00000|100%| E|CS|TAMS 0x0000000099d00000| PB 0x0000000099d00000| Complete 
| 266|0x0000000099e00000, 0x0000000099f00000, 0x0000000099f00000|100%| E|CS|TAMS 0x0000000099e00000| PB 0x0000000099e00000| Complete 
| 267|0x0000000099f00000, 0x000000009a000000, 0x000000009a000000|100%| E|CS|TAMS 0x0000000099f00000| PB 0x0000000099f00000| Complete 
| 268|0x000000009a000000, 0x000000009a100000, 0x000000009a100000|100%| E|CS|TAMS 0x000000009a000000| PB 0x000000009a000000| Complete 
| 269|0x000000009a100000, 0x000000009a200000, 0x000000009a200000|100%| E|CS|TAMS 0x000000009a100000| PB 0x000000009a100000| Complete 
| 270|0x000000009a200000, 0x000000009a300000, 0x000000009a300000|100%| E|CS|TAMS 0x000000009a200000| PB 0x000000009a200000| Complete 
| 271|0x000000009a300000, 0x000000009a400000, 0x000000009a400000|100%| E|CS|TAMS 0x000000009a300000| PB 0x000000009a300000| Complete 
| 272|0x000000009a400000, 0x000000009a500000, 0x000000009a500000|100%| E|CS|TAMS 0x000000009a400000| PB 0x000000009a400000| Complete 
| 273|0x000000009a500000, 0x000000009a600000, 0x000000009a600000|100%| E|CS|TAMS 0x000000009a500000| PB 0x000000009a500000| Complete 
| 274|0x000000009a600000, 0x000000009a700000, 0x000000009a700000|100%| E|CS|TAMS 0x000000009a600000| PB 0x000000009a600000| Complete 
| 275|0x000000009a700000, 0x000000009a800000, 0x000000009a800000|100%| E|CS|TAMS 0x000000009a700000| PB 0x000000009a700000| Complete 
| 276|0x000000009a800000, 0x000000009a900000, 0x000000009a900000|100%| E|CS|TAMS 0x000000009a800000| PB 0x000000009a800000| Complete 
| 277|0x000000009a900000, 0x000000009aa00000, 0x000000009aa00000|100%| E|CS|TAMS 0x000000009a900000| PB 0x000000009a900000| Complete 
| 278|0x000000009aa00000, 0x000000009ab00000, 0x000000009ab00000|100%| E|CS|TAMS 0x000000009aa00000| PB 0x000000009aa00000| Complete 
| 279|0x000000009ab00000, 0x000000009ac00000, 0x000000009ac00000|100%| E|CS|TAMS 0x000000009ab00000| PB 0x000000009ab00000| Complete 
| 280|0x000000009ac00000, 0x000000009ad00000, 0x000000009ad00000|100%| E|CS|TAMS 0x000000009ac00000| PB 0x000000009ac00000| Complete 
| 281|0x000000009ad00000, 0x000000009ae00000, 0x000000009ae00000|100%| E|CS|TAMS 0x000000009ad00000| PB 0x000000009ad00000| Complete 
| 282|0x000000009ae00000, 0x000000009af00000, 0x000000009af00000|100%| E|CS|TAMS 0x000000009ae00000| PB 0x000000009ae00000| Complete 
| 283|0x000000009af00000, 0x000000009b000000, 0x000000009b000000|100%| E|CS|TAMS 0x000000009af00000| PB 0x000000009af00000| Complete 
| 284|0x000000009b000000, 0x000000009b100000, 0x000000009b100000|100%| E|CS|TAMS 0x000000009b000000| PB 0x000000009b000000| Complete 
| 285|0x000000009b100000, 0x000000009b200000, 0x000000009b200000|100%| E|CS|TAMS 0x000000009b100000| PB 0x000000009b100000| Complete 
| 286|0x000000009b200000, 0x000000009b300000, 0x000000009b300000|100%| E|CS|TAMS 0x000000009b200000| PB 0x000000009b200000| Complete 
| 287|0x000000009b300000, 0x000000009b400000, 0x000000009b400000|100%| E|CS|TAMS 0x000000009b300000| PB 0x000000009b300000| Complete 
| 288|0x000000009b400000, 0x000000009b500000, 0x000000009b500000|100%| E|CS|TAMS 0x000000009b400000| PB 0x000000009b400000| Complete 
| 289|0x000000009b500000, 0x000000009b600000, 0x000000009b600000|100%| E|CS|TAMS 0x000000009b500000| PB 0x000000009b500000| Complete 
| 290|0x000000009b600000, 0x000000009b700000, 0x000000009b700000|100%| E|CS|TAMS 0x000000009b600000| PB 0x000000009b600000| Complete 
| 291|0x000000009b700000, 0x000000009b800000, 0x000000009b800000|100%| E|CS|TAMS 0x000000009b700000| PB 0x000000009b700000| Complete 
| 292|0x000000009b800000, 0x000000009b900000, 0x000000009b900000|100%| E|CS|TAMS 0x000000009b800000| PB 0x000000009b800000| Complete 
|1897|0x00000000ffd00000, 0x00000000ffe00000, 0x00000000ffe00000|100%| E|CS|TAMS 0x00000000ffd00000| PB 0x00000000ffd00000| Complete 
|1898|0x00000000ffe00000, 0x00000000fff00000, 0x00000000fff00000|100%| O|  |TAMS 0x00000000ffe00000| PB 0x00000000ffe00000| Untracked 
|1899|0x00000000fff00000, 0x0000000100000000, 0x0000000100000000|100%| O|  |TAMS 0x00000000fff00000| PB 0x00000000fff00000| Untracked 

Card table byte_map: [0x0000024c60140000,0x0000024c60500000] _byte_map_base: 0x0000024c5fcf6000

Marking Bits: (CMBitMap*) 0x0000024c4d735290
 Bits: [0x0000024c60500000, 0x0000024c622b0000)

Polling page: 0x0000024c4b640000

Metaspace:

Usage:
  Non-class:     58.06 MB used.
      Class:      7.48 MB used.
       Both:     65.53 MB used.

Virtual space:
  Non-class space:       64.00 MB reserved,      58.25 MB ( 91%) committed,  1 nodes.
      Class space:        1.00 GB reserved,       7.62 MB ( <1%) committed,  1 nodes.
             Both:        1.06 GB reserved,      65.88 MB (  6%) committed. 

Chunk freelists:
   Non-Class:  4.92 MB
       Class:  8.39 MB
        Both:  13.31 MB

MaxMetaspaceSize: unlimited
CompressedClassSpaceSize: 1.00 GB
Initial GC threshold: 21.00 MB
Current GC threshold: 104.00 MB
CDS: off
 - commit_granule_bytes: 65536.
 - commit_granule_words: 8192.
 - virtual_space_node_default_size: 8388608.
 - enlarge_chunks_in_place: 1.
 - use_allocation_guard: 0.


Internal statistics:

num_allocs_failed_limit: 6.
num_arena_births: 316.
num_arena_deaths: 0.
num_vsnodes_births: 2.
num_vsnodes_deaths: 0.
num_space_committed: 1053.
num_space_uncommitted: 0.
num_chunks_returned_to_freelist: 6.
num_chunks_taken_from_freelist: 2335.
num_chunk_merges: 6.
num_chunk_splits: 1936.
num_chunks_enlarged: 1744.
num_inconsistent_stats: 0.

CodeHeap 'non-profiled nmethods': size=120000Kb used=4370Kb max_used=4370Kb free=115629Kb
 bounds [0x0000024c58300000, 0x0000024c58750000, 0x0000024c5f830000]
CodeHeap 'profiled nmethods': size=120000Kb used=19123Kb max_used=19123Kb free=100876Kb
 bounds [0x0000024c50830000, 0x0000024c51ae0000, 0x0000024c57d60000]
CodeHeap 'non-nmethods': size=5760Kb used=1679Kb max_used=1717Kb free=4080Kb
 bounds [0x0000024c57d60000, 0x0000024c57fd0000, 0x0000024c58300000]
 total_blobs=7679 nmethods=6962 adapters=620
 compilation: enabled
              stopped_count=0, restarted_count=0
 full_count=0

Compilation events (20 events):
Event: 8.708 Thread 0x0000024c651453d0 7795       3       org.jetbrains.kotlin.fir.resolve.calls.tower.DispatchReceiverMemberScopeTowerLevel::processMembers (604 bytes)
Event: 8.712 Thread 0x0000024c651453d0 nmethod 7795 0x0000024c51abe590 code [0x0000024c51abed00, 0x0000024c51ac2de8]
Event: 8.712 Thread 0x0000024c651453d0 7797       3       org.jetbrains.kotlin.fir.types.TypeUtilsKt::withNullability$default (33 bytes)
Event: 8.712 Thread 0x0000024c651453d0 nmethod 7797 0x0000024c51ac4d10 code [0x0000024c51ac4ee0, 0x0000024c51ac5180]
Event: 8.712 Thread 0x0000024c651453d0 7798       3       org.jetbrains.kotlin.fir.resolve.calls.tower.FirTowerResolver$enqueueResolutionTasks$2::<init> (17 bytes)
Event: 8.713 Thread 0x0000024c651453d0 nmethod 7798 0x0000024c51ac5290 code [0x0000024c51ac5480, 0x0000024c51ac5a18]
Event: 8.713 Thread 0x0000024c651453d0 7796       3       org.jetbrains.kotlin.fir.resolve.calls.tower.DispatchReceiverMemberScopeTowerLevel::getScopeSession (8 bytes)
Event: 8.713 Thread 0x0000024c651453d0 nmethod 7796 0x0000024c51ac5c10 code [0x0000024c51ac5da0, 0x0000024c51ac5ed0]
Event: 8.715 Thread 0x0000024c651453d0 7799       3       org.jetbrains.kotlin.fir.resolve.calls.FirCallResolver$ResolutionResult::<init> (38 bytes)
Event: 8.716 Thread 0x0000024c651453d0 nmethod 7799 0x0000024c51ac5f90 code [0x0000024c51ac62a0, 0x0000024c51ac7238]
Event: 8.717 Thread 0x0000024c651453d0 7800       3       org.jetbrains.kotlin.fir.resolve.calls.tower.FirTowerResolveTask$processCandidatesWithGivenImplicitReceiverAsValue$1::invokeSuspend (34 bytes)
Event: 8.717 Thread 0x0000024c651453d0 nmethod 7800 0x0000024c51ac7790 code [0x0000024c51ac7940, 0x0000024c51ac7b28]
Event: 8.717 Thread 0x0000024c651453d0 7801       3       org.jetbrains.kotlin.fir.resolve.calls.tower.FirTowerResolveTask::access$processCandidatesWithGivenImplicitReceiverAsValue (16 bytes)
Event: 8.717 Thread 0x0000024c651453d0 nmethod 7801 0x0000024c51ac7c10 code [0x0000024c51ac7dc0, 0x0000024c51ac7ef0]
Event: 8.718 Thread 0x0000024c651453d0 7802       3       org.jetbrains.kotlin.fir.expressions.impl.FirFunctionCallImpl::getTypeArguments (8 bytes)
Event: 8.718 Thread 0x0000024c651453d0 nmethod 7802 0x0000024c51ac8010 code [0x0000024c51ac81c0, 0x0000024c51ac84b8]
Event: 8.718 Thread 0x0000024c651453d0 7803       3       org.jetbrains.kotlin.fir.resolve.calls.tower.FirTowerResolveTask::processExtensionsThatHideMembers (337 bytes)
Event: 8.720 Thread 0x0000024c651453d0 nmethod 7803 0x0000024c51ac8610 code [0x0000024c51ac8ae0, 0x0000024c51acb878]
Event: 8.720 Thread 0x0000024c651453d0 7804       3       org.jetbrains.kotlin.fir.caches.FirThreadUnsafeCacheWithPostCompute::getValue (141 bytes)
Event: 8.721 Thread 0x0000024c651453d0 nmethod 7804 0x0000024c51acc790 code [0x0000024c51acca60, 0x0000024c51acd768]

GC Heap History (20 events):
Event: 4.664 GC heap before
{Heap before GC invocations=15 (full 0):
 garbage-first heap   total 73728K, used 62004K [0x0000000089400000, 0x0000000100000000)
  region size 1024K, 23 young (23552K), 4 survivors (4096K)
 Metaspace       used 57017K, committed 57344K, reserved 1114112K
  class space    used 6634K, committed 6784K, reserved 1048576K
}
Event: 4.674 GC heap after
{Heap after GC invocations=16 (full 0):
 garbage-first heap   total 73728K, used 49664K [0x0000000089400000, 0x0000000100000000)
  region size 1024K, 3 young (3072K), 3 survivors (3072K)
 Metaspace       used 57017K, committed 57344K, reserved 1114112K
  class space    used 6634K, committed 6784K, reserved 1048576K
}
Event: 4.782 GC heap before
{Heap before GC invocations=17 (full 0):
 garbage-first heap   total 83968K, used 62976K [0x0000000089400000, 0x0000000100000000)
  region size 1024K, 16 young (16384K), 3 survivors (3072K)
 Metaspace       used 57079K, committed 57408K, reserved 1114112K
  class space    used 6634K, committed 6784K, reserved 1048576K
}
Event: 4.788 GC heap after
{Heap after GC invocations=18 (full 0):
 garbage-first heap   total 83968K, used 53760K [0x0000000089400000, 0x0000000100000000)
  region size 1024K, 2 young (2048K), 2 survivors (2048K)
 Metaspace       used 57079K, committed 57408K, reserved 1114112K
  class space    used 6634K, committed 6784K, reserved 1048576K
}
Event: 4.839 GC heap before
{Heap before GC invocations=18 (full 0):
 garbage-first heap   total 83968K, used 71168K [0x0000000089400000, 0x0000000100000000)
  region size 1024K, 19 young (19456K), 2 survivors (2048K)
 Metaspace       used 57083K, committed 57408K, reserved 1114112K
  class space    used 6634K, committed 6784K, reserved 1048576K
}
Event: 4.846 GC heap after
{Heap after GC invocations=19 (full 0):
 garbage-first heap   total 83968K, used 58880K [0x0000000089400000, 0x0000000100000000)
  region size 1024K, 3 young (3072K), 3 survivors (3072K)
 Metaspace       used 57083K, committed 57408K, reserved 1114112K
  class space    used 6634K, committed 6784K, reserved 1048576K
}
Event: 4.899 GC heap before
{Heap before GC invocations=19 (full 0):
 garbage-first heap   total 83968K, used 72192K [0x0000000089400000, 0x0000000100000000)
  region size 1024K, 16 young (16384K), 3 survivors (3072K)
 Metaspace       used 57083K, committed 57408K, reserved 1114112K
  class space    used 6634K, committed 6784K, reserved 1048576K
}
Event: 4.905 GC heap after
{Heap after GC invocations=20 (full 0):
 garbage-first heap   total 156672K, used 63454K [0x0000000089400000, 0x0000000100000000)
  region size 1024K, 2 young (2048K), 2 survivors (2048K)
 Metaspace       used 57083K, committed 57408K, reserved 1114112K
  class space    used 6634K, committed 6784K, reserved 1048576K
}
Event: 5.085 GC heap before
{Heap before GC invocations=21 (full 0):
 garbage-first heap   total 156672K, used 116702K [0x0000000089400000, 0x0000000100000000)
  region size 1024K, 54 young (55296K), 2 survivors (2048K)
 Metaspace       used 57090K, committed 57408K, reserved 1114112K
  class space    used 6634K, committed 6784K, reserved 1048576K
}
Event: 5.099 GC heap after
{Heap after GC invocations=22 (full 0):
 garbage-first heap   total 156672K, used 79872K [0x0000000089400000, 0x0000000100000000)
  region size 1024K, 7 young (7168K), 7 survivors (7168K)
 Metaspace       used 57090K, committed 57408K, reserved 1114112K
  class space    used 6634K, committed 6784K, reserved 1048576K
}
Event: 5.178 GC heap before
{Heap before GC invocations=22 (full 0):
 garbage-first heap   total 156672K, used 119808K [0x0000000089400000, 0x0000000100000000)
  region size 1024K, 46 young (47104K), 7 survivors (7168K)
 Metaspace       used 57090K, committed 57408K, reserved 1114112K
  class space    used 6634K, committed 6784K, reserved 1048576K
}
Event: 5.190 GC heap after
{Heap after GC invocations=23 (full 0):
 garbage-first heap   total 156672K, used 91648K [0x0000000089400000, 0x0000000100000000)
  region size 1024K, 6 young (6144K), 6 survivors (6144K)
 Metaspace       used 57090K, committed 57408K, reserved 1114112K
  class space    used 6634K, committed 6784K, reserved 1048576K
}
Event: 5.299 GC heap before
{Heap before GC invocations=23 (full 0):
 garbage-first heap   total 156672K, used 126464K [0x0000000089400000, 0x0000000100000000)
  region size 1024K, 40 young (40960K), 6 survivors (6144K)
 Metaspace       used 57339K, committed 57664K, reserved 1114112K
  class space    used 6663K, committed 6848K, reserved 1048576K
}
Event: 5.311 GC heap after
{Heap after GC invocations=24 (full 0):
 garbage-first heap   total 156672K, used 102400K [0x0000000089400000, 0x0000000100000000)
  region size 1024K, 5 young (5120K), 5 survivors (5120K)
 Metaspace       used 57339K, committed 57664K, reserved 1114112K
  class space    used 6663K, committed 6848K, reserved 1048576K
}
Event: 5.597 GC heap before
{Heap before GC invocations=25 (full 0):
 garbage-first heap   total 171008K, used 133120K [0x0000000089400000, 0x0000000100000000)
  region size 1024K, 35 young (35840K), 5 survivors (5120K)
 Metaspace       used 58878K, committed 59200K, reserved 1114112K
  class space    used 6815K, committed 6976K, reserved 1048576K
}
Event: 5.607 GC heap after
{Heap after GC invocations=26 (full 0):
 garbage-first heap   total 171008K, used 112640K [0x0000000089400000, 0x0000000100000000)
  region size 1024K, 5 young (5120K), 5 survivors (5120K)
 Metaspace       used 58878K, committed 59200K, reserved 1114112K
  class space    used 6815K, committed 6976K, reserved 1048576K
}
Event: 6.024 GC heap before
{Heap before GC invocations=26 (full 0):
 garbage-first heap   total 171008K, used 146432K [0x0000000089400000, 0x0000000100000000)
  region size 1024K, 38 young (38912K), 5 survivors (5120K)
 Metaspace       used 61052K, committed 61376K, reserved 1114112K
  class space    used 7026K, committed 7168K, reserved 1048576K
}
Event: 6.032 GC heap after
{Heap after GC invocations=27 (full 0):
 garbage-first heap   total 171008K, used 118699K [0x0000000089400000, 0x0000000100000000)
  region size 1024K, 5 young (5120K), 5 survivors (5120K)
 Metaspace       used 61052K, committed 61376K, reserved 1114112K
  class space    used 7026K, committed 7168K, reserved 1048576K
}
Event: 6.401 GC heap before
{Heap before GC invocations=27 (full 0):
 garbage-first heap   total 171008K, used 149419K [0x0000000089400000, 0x0000000100000000)
  region size 1024K, 35 young (35840K), 5 survivors (5120K)
 Metaspace       used 63528K, committed 63872K, reserved 1114112K
  class space    used 7285K, committed 7424K, reserved 1048576K
}
Event: 6.414 GC heap after
{Heap after GC invocations=28 (full 0):
 garbage-first heap   total 303104K, used 127342K [0x0000000089400000, 0x0000000100000000)
  region size 1024K, 5 young (5120K), 5 survivors (5120K)
 Metaspace       used 63528K, committed 63872K, reserved 1114112K
  class space    used 7285K, committed 7424K, reserved 1048576K
}

Dll operation events (3 events):
Event: 0.013 Loaded shared library E:\Programm\Program Files\Android\Android Studio\jbr\bin\java.dll
Event: 0.023 Loaded shared library E:\Programm\Program Files\Android\Android Studio\jbr\bin\zip.dll
Event: 1.944 Loaded shared library E:\Programm\Program Files\Android\Android Studio\jbr\bin\verify.dll

Deoptimization events (20 events):
Event: 8.167 Thread 0x0000024c4b496780 Uncommon trap: trap_request=0xffffff45 fr.pc=0x0000024c5871128c relative=0x0000000000000b0c
Event: 8.167 Thread 0x0000024c4b496780 Uncommon trap: reason=unstable_if action=reinterpret pc=0x0000024c5871128c method=org.jetbrains.kotlin.fir.types.ConeTypeUtilsKt.getConstructor(Lorg/jetbrains/kotlin/fir/types/ConeRigidType;)Lorg/jetbrains/kotlin/types/model/TypeConstructorMarker; @ 106 c
Event: 8.167 Thread 0x0000024c4b496780 DEOPT PACKING pc=0x0000024c5871128c sp=0x000000815dbf92c0
Event: 8.167 Thread 0x0000024c4b496780 DEOPT UNPACKING pc=0x0000024c57db46a2 sp=0x000000815dbf91d8 mode 2
Event: 8.167 Thread 0x0000024c4b496780 Uncommon trap: trap_request=0xffffff45 fr.pc=0x0000024c58737a30 relative=0x0000000000000170
Event: 8.167 Thread 0x0000024c4b496780 Uncommon trap: reason=unstable_if action=reinterpret pc=0x0000024c58737a30 method=org.jetbrains.kotlin.fir.types.ConeTypeUtilsKt.getConstructor(Lorg/jetbrains/kotlin/fir/types/ConeRigidType;)Lorg/jetbrains/kotlin/types/model/TypeConstructorMarker; @ 106 c
Event: 8.167 Thread 0x0000024c4b496780 DEOPT PACKING pc=0x0000024c58737a30 sp=0x000000815dbf92a0
Event: 8.167 Thread 0x0000024c4b496780 DEOPT UNPACKING pc=0x0000024c57db46a2 sp=0x000000815dbf91d0 mode 2
Event: 8.167 Thread 0x0000024c4b496780 Uncommon trap: trap_request=0xffffff45 fr.pc=0x0000024c58737f5c relative=0x000000000000011c
Event: 8.167 Thread 0x0000024c4b496780 Uncommon trap: reason=unstable_if action=reinterpret pc=0x0000024c58737f5c method=org.jetbrains.kotlin.fir.types.ConeTypeUtilsKt.getConstructor(Lorg/jetbrains/kotlin/fir/types/ConeRigidType;)Lorg/jetbrains/kotlin/types/model/TypeConstructorMarker; @ 106 c
Event: 8.167 Thread 0x0000024c4b496780 DEOPT PACKING pc=0x0000024c58737f5c sp=0x000000815dbf9460
Event: 8.168 Thread 0x0000024c4b496780 DEOPT UNPACKING pc=0x0000024c57db46a2 sp=0x000000815dbf93f8 mode 2
Event: 8.671 Thread 0x0000024c4b496780 Uncommon trap: trap_request=0xffffff45 fr.pc=0x0000024c58681ef8 relative=0x0000000000002678
Event: 8.671 Thread 0x0000024c4b496780 Uncommon trap: reason=unstable_if action=reinterpret pc=0x0000024c58681ef8 method=org.jetbrains.kotlin.metadata.ProtoBuf$Type.hasOuterType()Z @ 11 c2
Event: 8.671 Thread 0x0000024c4b496780 DEOPT PACKING pc=0x0000024c58681ef8 sp=0x000000815dbf2bc0
Event: 8.671 Thread 0x0000024c4b496780 DEOPT UNPACKING pc=0x0000024c57db46a2 sp=0x000000815dbf2ab0 mode 2
Event: 8.671 Thread 0x0000024c4b496780 Uncommon trap: trap_request=0xffffff45 fr.pc=0x0000024c58651720 relative=0x0000000000000840
Event: 8.671 Thread 0x0000024c4b496780 Uncommon trap: reason=unstable_if action=reinterpret pc=0x0000024c58651720 method=org.jetbrains.kotlin.metadata.ProtoBuf$Type.hasOuterType()Z @ 11 c2
Event: 8.671 Thread 0x0000024c4b496780 DEOPT PACKING pc=0x0000024c58651720 sp=0x000000815dbf2b00
Event: 8.671 Thread 0x0000024c4b496780 DEOPT UNPACKING pc=0x0000024c57db46a2 sp=0x000000815dbf2a50 mode 2

Classes loaded (20 events):
Event: 4.307 Loading class java/lang/Override
Event: 4.307 Loading class java/lang/Override done
Event: 4.389 Loading class java/util/concurrent/atomic/AtomicIntegerArray
Event: 4.390 Loading class java/util/concurrent/atomic/AtomicIntegerArray done
Event: 4.390 Loading class java/util/concurrent/atomic/AtomicLongArray
Event: 4.390 Loading class java/util/concurrent/atomic/AtomicLongArray done
Event: 5.353 Loading class java/security/CodeSigner
Event: 5.353 Loading class java/security/CodeSigner done
Event: 5.398 Loading class java/text/StringCharacterIterator
Event: 5.398 Loading class java/text/CharacterIterator
Event: 5.398 Loading class java/text/CharacterIterator done
Event: 5.399 Loading class java/text/StringCharacterIterator done
Event: 5.469 Loading class java/util/AbstractList$ListItr
Event: 5.469 Loading class java/util/AbstractList$ListItr done
Event: 5.961 Loading class java/util/RegularEnumSet$EnumSetIterator
Event: 5.961 Loading class java/util/RegularEnumSet$EnumSetIterator done
Event: 6.168 Loading class java/util/AbstractList$RandomAccessSubList
Event: 6.168 Loading class java/util/AbstractList$RandomAccessSubList done
Event: 6.810 Loading class java/lang/Byte$ByteCache
Event: 6.810 Loading class java/lang/Byte$ByteCache done

Classes unloaded (0 events):
No events

Classes redefined (0 events):
No events

Internal exceptions (20 events):
Event: 4.373 Thread 0x0000024c4b496780 Exception <a 'java/lang/NoSuchMethodError'{0x000000008cf9a2b8}: 'java.lang.Object java.lang.invoke.DirectMethodHandle$Holder.newInvokeSpecial(java.lang.Object, java.lang.Object, java.lang.Object, int, java.lang.Object)'> (0x000000008cf9a2b8) 
thrown [s\src\hotspot\share\interpreter\linkResolver.cpp, line 784]
Event: 4.383 Thread 0x0000024c4b496780 Exception <a 'java/lang/NoSuchMethodError'{0x000000008ce190d8}: 'java.lang.Object java.lang.invoke.DirectMethodHandle$Holder.newInvokeSpecial(java.lang.Object, java.lang.Object, java.lang.Object, java.lang.Object, int)'> (0x000000008ce190d8) 
thrown [s\src\hotspot\share\interpreter\linkResolver.cpp, line 784]
Event: 4.383 Thread 0x0000024c4b496780 Exception <a 'java/lang/NoSuchMethodError'{0x000000008ce1d7d0}: 'java.lang.Object java.lang.invoke.DirectMethodHandle$Holder.invokeSpecial(java.lang.Object, java.lang.Object, java.lang.Object, java.lang.Object, java.lang.Object, int)'> (0x000000008ce1d7d0) 
thrown [s\src\hotspot\share\interpreter\linkResolver.cpp, line 784]
Event: 4.384 Thread 0x0000024c4b496780 Exception <a 'java/lang/NoSuchMethodError'{0x000000008ce217c0}: 'java.lang.Object java.lang.invoke.Invokers$Holder.linkToTargetMethod(java.lang.Object, java.lang.Object, java.lang.Object, int, java.lang.Object)'> (0x000000008ce217c0) 
thrown [s\src\hotspot\share\interpreter\linkResolver.cpp, line 784]
Event: 4.488 Thread 0x0000024c4b496780 Implicit null exception at 0x0000024c5851bb89 to 0x0000024c5851c42c
Event: 4.488 Thread 0x0000024c4b496780 Implicit null exception at 0x0000024c5835f23d to 0x0000024c5835f2b9
Event: 4.488 Thread 0x0000024c4b496780 Implicit null exception at 0x0000024c58380a1a to 0x0000024c58380c60
Event: 6.012 Thread 0x0000024c4b496780 Exception <a 'java/lang/NoSuchMethodError'{0x00000000913114d0}: 'java.lang.Object java.lang.invoke.DirectMethodHandle$Holder.newInvokeSpecial(java.lang.Object, int, java.lang.Object)'> (0x00000000913114d0) 
thrown [s\src\hotspot\share\interpreter\linkResolver.cpp, line 784]
Event: 6.017 Thread 0x0000024c4b496780 Exception <a 'java/lang/NoSuchMethodError'{0x000000009134b508}: 'java.lang.Object java.lang.invoke.DirectMethodHandle$Holder.newInvokeSpecial(java.lang.Object, java.lang.Object, java.lang.Object, java.lang.Object, int, java.lang.Object, java.lang.Object)'> (0x000000009134b508) 
thrown [s\src\hotspot\share\interpreter\linkResolver.cpp, line 784]
Event: 6.018 Thread 0x0000024c4b496780 Exception <a 'java/lang/NoSuchMethodError'{0x0000000091353698}: 'java.lang.Object java.lang.invoke.Invokers$Holder.linkToTargetMethod(java.lang.Object, java.lang.Object, java.lang.Object, int, java.lang.Object, java.lang.Object, java.lang.Object)'> (0x0000000091353698) 
thrown [s\src\hotspot\share\interpreter\linkResolver.cpp, line 784]
Event: 6.057 Thread 0x0000024c4b496780 Exception <a 'java/lang/NoSuchMethodError'{0x0000000093788bb8}: 'java.lang.Object java.lang.invoke.DirectMethodHandle$Holder.newInvokeSpecial(java.lang.Object, java.lang.Object, java.lang.Object, java.lang.Object, java.lang.Object, java.lang.Object)'> (0x0000000093788bb8) 
thrown [s\src\hotspot\share\interpreter\linkResolver.cpp, line 784]
Event: 6.340 Thread 0x0000024c4b496780 Exception <a 'java/lang/NoSuchMethodError'{0x0000000091de0870}: 'java.lang.Object java.lang.invoke.DirectMethodHandle$Holder.invokeSpecial(java.lang.Object, java.lang.Object, int, java.lang.Object, java.lang.Object)'> (0x0000000091de0870) 
thrown [s\src\hotspot\share\interpreter\linkResolver.cpp, line 784]
Event: 6.344 Thread 0x0000024c4b496780 Exception <a 'java/lang/NoSuchMethodError'{0x0000000091c0a480}: 'java.lang.Object java.lang.invoke.DirectMethodHandle$Holder.invokeStatic(java.lang.Object, int, java.lang.Object, java.lang.Object)'> (0x0000000091c0a480) 
thrown [s\src\hotspot\share\interpreter\linkResolver.cpp, line 784]
Event: 6.589 Thread 0x0000024c4b496780 Exception <a 'java/lang/NoSuchMethodError'{0x000000009b481fb0}: 'java.lang.Object java.lang.invoke.DirectMethodHandle$Holder.invokeStatic(java.lang.Object, java.lang.Object, java.lang.Object, int, java.lang.Object, java.lang.Object)'> (0x000000009b481fb0) 
thrown [s\src\hotspot\share\interpreter\linkResolver.cpp, line 784]
Event: 6.700 Thread 0x0000024c4b496780 Exception <a 'java/lang/NoSuchMethodError'{0x000000009ad770a0}: 'java.lang.Object java.lang.invoke.DirectMethodHandle$Holder.invokeStatic(java.lang.Object, int, java.lang.Object, java.lang.Object, java.lang.Object, java.lang.Object, java.lang.Object)'> (0x000000009ad770a0) 
thrown [s\src\hotspot\share\interpreter\linkResolver.cpp, line 784]
Event: 6.701 Thread 0x0000024c4b496780 Exception <a 'java/lang/NoSuchMethodError'{0x000000009ad81070}: 'java.lang.Object java.lang.invoke.DirectMethodHandle$Holder.newInvokeSpecial(java.lang.Object, int, java.lang.Object, java.lang.Object, java.lang.Object)'> (0x000000009ad81070) 
thrown [s\src\hotspot\share\interpreter\linkResolver.cpp, line 784]
Event: 6.702 Thread 0x0000024c4b496780 Exception <a 'java/lang/NoSuchMethodError'{0x000000009ad88fa0}: 'java.lang.Object java.lang.invoke.Invokers$Holder.linkToTargetMethod(int, java.lang.Object, java.lang.Object, java.lang.Object, java.lang.Object)'> (0x000000009ad88fa0) 
thrown [s\src\hotspot\share\interpreter\linkResolver.cpp, line 784]
Event: 7.140 Thread 0x0000024c4b496780 Exception <a 'java/lang/NoSuchMethodError'{0x000000009977ed40}: 'java.lang.Object java.lang.invoke.DirectMethodHandle$Holder.newInvokeSpecial(java.lang.Object, java.lang.Object, java.lang.Object, java.lang.Object, java.lang.Object, int)'> (0x000000009977ed40) 
thrown [s\src\hotspot\share\interpreter\linkResolver.cpp, line 784]
Event: 7.141 Thread 0x0000024c4b496780 Exception <a 'java/lang/NoSuchMethodError'{0x0000000099783a40}: 'java.lang.Object java.lang.invoke.DirectMethodHandle$Holder.invokeSpecial(java.lang.Object, java.lang.Object, java.lang.Object, java.lang.Object, java.lang.Object, java.lang.Object, int)'> (0x0000000099783a40) 
thrown [s\src\hotspot\share\interpreter\linkResolver.cpp, line 784]
Event: 7.142 Thread 0x0000024c4b496780 Exception <a 'java/lang/NoSuchMethodError'{0x0000000099787b28}: 'java.lang.Object java.lang.invoke.Invokers$Holder.linkToTargetMethod(java.lang.Object, java.lang.Object, java.lang.Object, java.lang.Object, int, java.lang.Object)'> (0x0000000099787b28) 
thrown [s\src\hotspot\share\interpreter\linkResolver.cpp, line 784]

ZGC Phase Switch (0 events):
No events

VM Operations (20 events):
Event: 7.070 Executing VM operation: ICBufferFull
Event: 7.070 Executing VM operation: ICBufferFull done
Event: 7.413 Executing VM operation: ICBufferFull
Event: 7.413 Executing VM operation: ICBufferFull done
Event: 7.445 Executing VM operation: HandshakeAllThreads (Deoptimize)
Event: 7.445 Executing VM operation: HandshakeAllThreads (Deoptimize) done
Event: 7.448 Executing VM operation: HandshakeAllThreads (Deoptimize)
Event: 7.448 Executing VM operation: HandshakeAllThreads (Deoptimize) done
Event: 7.449 Executing VM operation: HandshakeAllThreads (Deoptimize)
Event: 7.449 Executing VM operation: HandshakeAllThreads (Deoptimize) done
Event: 7.683 Executing VM operation: ICBufferFull
Event: 7.683 Executing VM operation: ICBufferFull done
Event: 8.147 Executing VM operation: ICBufferFull
Event: 8.147 Executing VM operation: ICBufferFull done
Event: 8.158 Executing VM operation: HandshakeAllThreads (Deoptimize)
Event: 8.158 Executing VM operation: HandshakeAllThreads (Deoptimize) done
Event: 8.623 Executing VM operation: ICBufferFull
Event: 8.623 Executing VM operation: ICBufferFull done
Event: 8.684 Executing VM operation: HandshakeAllThreads (Deoptimize)
Event: 8.684 Executing VM operation: HandshakeAllThreads (Deoptimize) done

Memory protections (0 events):
No events

Nmethod flushes (20 events):
Event: 6.463 Thread 0x0000024c64f25d00 flushing  nmethod 0x0000024c51082f10
Event: 6.463 Thread 0x0000024c64f25d00 flushing  nmethod 0x0000024c583ed310
Event: 6.463 Thread 0x0000024c64f25d00 flushing  nmethod 0x0000024c5851b910
Event: 6.463 Thread 0x0000024c64f25d00 flushing  nmethod 0x0000024c5083e890
Event: 6.463 Thread 0x0000024c64f25d00 flushing  nmethod 0x0000024c50861410
Event: 6.463 Thread 0x0000024c64f25d00 flushing  nmethod 0x0000024c5099f110
Event: 6.463 Thread 0x0000024c64f25d00 flushing  nmethod 0x0000024c50c1ec10
Event: 6.463 Thread 0x0000024c64f25d00 flushing  nmethod 0x0000024c50c5d090
Event: 6.463 Thread 0x0000024c64f25d00 flushing  nmethod 0x0000024c50c61210
Event: 6.463 Thread 0x0000024c64f25d00 flushing  nmethod 0x0000024c50c61990
Event: 6.463 Thread 0x0000024c64f25d00 flushing  nmethod 0x0000024c50c62f90
Event: 6.463 Thread 0x0000024c64f25d00 flushing  nmethod 0x0000024c50c65710
Event: 6.463 Thread 0x0000024c64f25d00 flushing  nmethod 0x0000024c50c66710
Event: 6.463 Thread 0x0000024c64f25d00 flushing  nmethod 0x0000024c50ef4410
Event: 6.463 Thread 0x0000024c64f25d00 flushing  nmethod 0x0000024c50f78e90
Event: 6.463 Thread 0x0000024c64f25d00 flushing  nmethod 0x0000024c50f79210
Event: 6.463 Thread 0x0000024c64f25d00 flushing  nmethod 0x0000024c50f8a890
Event: 6.463 Thread 0x0000024c64f25d00 flushing  nmethod 0x0000024c50fbe310
Event: 6.463 Thread 0x0000024c64f25d00 flushing  nmethod 0x0000024c50fe4f90
Event: 6.463 Thread 0x0000024c64f25d00 flushing  nmethod 0x0000024c5101a010

Events (20 events):
Event: 0.138 Loaded shared library E:\Programm\Program Files\Android\Android Studio\jbr\bin\net.dll
Event: 0.140 Loaded shared library E:\Programm\Program Files\Android\Android Studio\jbr\bin\nio.dll
Event: 0.158 Thread 0x0000024c65127120 Thread added: 0x0000024c6535e8f0
Event: 0.158 Thread 0x0000024c65127120 Thread added: 0x0000024c6535f3b0
Event: 0.168 Loaded shared library E:\Programm\Program Files\Android\Android Studio\jbr\bin\zip.dll
Event: 0.226 Loaded shared library E:\Programm\Program Files\Android\Android Studio\jbr\bin\jimage.dll
Event: 0.555 Thread 0x0000024c6535f3b0 Thread exited: 0x0000024c6535f3b0
Event: 0.754 Thread 0x0000024c6535e8f0 Thread exited: 0x0000024c6535e8f0
Event: 0.879 Loaded shared library E:\Programm\Program Files\Android\Android Studio\jbr\bin\management.dll
Event: 0.885 Loaded shared library E:\Programm\Program Files\Android\Android Studio\jbr\bin\management_ext.dll
Event: 1.694 Thread 0x0000024c651453d0 Thread added: 0x0000024c6b19c230
Event: 2.103 Thread 0x0000024c6b19c230 Thread added: 0x0000024c6bd1c640
Event: 2.822 Thread 0x0000024c6bd1c640 Thread exited: 0x0000024c6bd1c640
Event: 2.907 Thread 0x0000024c6b19c230 Thread added: 0x0000024c6b28f540
Event: 3.177 Thread 0x0000024c6b28f540 Thread exited: 0x0000024c6b28f540
Event: 3.410 Thread 0x0000024c651453d0 Thread added: 0x0000024c708ff940
Event: 4.207 Thread 0x0000024c708ff940 Thread exited: 0x0000024c708ff940
Event: 4.243 Thread 0x0000024c651453d0 Thread added: 0x0000024c7218b2b0
Event: 7.411 Thread 0x0000024c7218b2b0 Thread exited: 0x0000024c7218b2b0
Event: 8.405 Thread 0x0000024c6b19c230 Thread exited: 0x0000024c6b19c230


Dynamic libraries:
0x00007ff71e280000 - 0x00007ff71e28a000 	E:\Programm\Program Files\Android\Android Studio\jbr\bin\java.exe
0x00007ff85be10000 - 0x00007ff85c028000 	C:\WINDOWS\SYSTEM32\ntdll.dll
0x00007ff85b170000 - 0x00007ff85b234000 	C:\WINDOWS\System32\KERNEL32.DLL
0x00007ff859470000 - 0x00007ff859843000 	C:\WINDOWS\System32\KERNELBASE.dll
0x00007ff858f20000 - 0x00007ff859031000 	C:\WINDOWS\System32\ucrtbase.dll
0x00007ff846e40000 - 0x00007ff846e58000 	E:\Programm\Program Files\Android\Android Studio\jbr\bin\jli.dll
0x00007ff852200000 - 0x00007ff85221b000 	E:\Programm\Program Files\Android\Android Studio\jbr\bin\VCRUNTIME140.dll
0x00007ff85b240000 - 0x00007ff85b3f2000 	C:\WINDOWS\System32\USER32.dll
0x00007ff859300000 - 0x00007ff859326000 	C:\WINDOWS\System32\win32u.dll
0x00007ff849fe0000 - 0x00007ff84a27c000 	C:\WINDOWS\WinSxS\amd64_microsoft.windows.common-controls_6595b64144ccf1df_6.0.22621.6060_none_2712eda17382d24b\COMCTL32.dll
0x00007ff859ab0000 - 0x00007ff859ad9000 	C:\WINDOWS\System32\GDI32.dll
0x00007ff85a9d0000 - 0x00007ff85aa77000 	C:\WINDOWS\System32\msvcrt.dll
0x00007ff8591b0000 - 0x00007ff8592cb000 	C:\WINDOWS\System32\gdi32full.dll
0x00007ff859990000 - 0x00007ff859a2a000 	C:\WINDOWS\System32\msvcp_win.dll
0x00007ff85b660000 - 0x00007ff85b691000 	C:\WINDOWS\System32\IMM32.DLL
0x00007ff849d60000 - 0x00007ff849d6c000 	E:\Programm\Program Files\Android\Android Studio\jbr\bin\vcruntime140_1.dll
0x00007ff828ab0000 - 0x00007ff828b3d000 	E:\Programm\Program Files\Android\Android Studio\jbr\bin\msvcp140.dll
0x00007ff803590000 - 0x00007ff80421e000 	E:\Programm\Program Files\Android\Android Studio\jbr\bin\server\jvm.dll
0x00007ff85ba70000 - 0x00007ff85bb21000 	C:\WINDOWS\System32\ADVAPI32.dll
0x00007ff85b400000 - 0x00007ff85b4a8000 	C:\WINDOWS\System32\sechost.dll
0x00007ff8592d0000 - 0x00007ff8592f8000 	C:\WINDOWS\System32\bcrypt.dll
0x00007ff85bb30000 - 0x00007ff85bc48000 	C:\WINDOWS\System32\RPCRT4.dll
0x00007ff85b810000 - 0x00007ff85b881000 	C:\WINDOWS\System32\WS2_32.dll
0x00007ff851b40000 - 0x00007ff851b4a000 	C:\WINDOWS\SYSTEM32\VERSION.dll
0x00007ff858c40000 - 0x00007ff858c8d000 	C:\WINDOWS\SYSTEM32\POWRPROF.dll
0x00007ff84f260000 - 0x00007ff84f294000 	C:\WINDOWS\SYSTEM32\WINMM.dll
0x00007ff858c20000 - 0x00007ff858c33000 	C:\WINDOWS\SYSTEM32\UMPDC.dll
0x00007ff857ee0000 - 0x00007ff857ef8000 	C:\WINDOWS\SYSTEM32\kernel.appcore.dll
0x00007ff849d50000 - 0x00007ff849d5a000 	E:\Programm\Program Files\Android\Android Studio\jbr\bin\jimage.dll
0x00007ff850b50000 - 0x00007ff850d83000 	C:\WINDOWS\SYSTEM32\DBGHELP.DLL
0x00007ff85a400000 - 0x00007ff85a791000 	C:\WINDOWS\System32\combase.dll
0x00007ff85b990000 - 0x00007ff85ba68000 	C:\WINDOWS\System32\OLEAUT32.dll
0x00007ff84ce30000 - 0x00007ff84ce62000 	C:\WINDOWS\SYSTEM32\dbgcore.DLL
0x00007ff859a30000 - 0x00007ff859aab000 	C:\WINDOWS\System32\bcryptPrimitives.dll
0x00007ff849a70000 - 0x00007ff849a90000 	E:\Programm\Program Files\Android\Android Studio\jbr\bin\java.dll
0x00007ff8463f0000 - 0x00007ff846408000 	E:\Programm\Program Files\Android\Android Studio\jbr\bin\zip.dll
0x00007ff859ae0000 - 0x00007ff85a37c000 	C:\WINDOWS\System32\SHELL32.dll
0x00007ff859330000 - 0x00007ff85946f000 	C:\WINDOWS\System32\wintypes.dll
0x00007ff856dd0000 - 0x00007ff8576ea000 	C:\WINDOWS\SYSTEM32\windows.storage.dll
0x00007ff85afd0000 - 0x00007ff85b0d4000 	C:\WINDOWS\System32\SHCORE.dll
0x00007ff85b100000 - 0x00007ff85b169000 	C:\WINDOWS\System32\shlwapi.dll
0x00007ff858e50000 - 0x00007ff858e75000 	C:\WINDOWS\SYSTEM32\profapi.dll
0x00007ff849af0000 - 0x00007ff849b00000 	E:\Programm\Program Files\Android\Android Studio\jbr\bin\net.dll
0x00007ff854ee0000 - 0x00007ff85500c000 	C:\WINDOWS\SYSTEM32\WINHTTP.dll
0x00007ff8583e0000 - 0x00007ff858449000 	C:\WINDOWS\system32\mswsock.dll
0x00007ff8463d0000 - 0x00007ff8463e6000 	E:\Programm\Program Files\Android\Android Studio\jbr\bin\nio.dll
0x00007ff846ed0000 - 0x00007ff846ed9000 	E:\Programm\Program Files\Android\Android Studio\jbr\bin\management.dll
0x00007ff846dd0000 - 0x00007ff846ddb000 	E:\Programm\Program Files\Android\Android Studio\jbr\bin\management_ext.dll
0x00007ff85bc50000 - 0x00007ff85bc58000 	C:\WINDOWS\System32\PSAPI.DLL
0x00007ff846280000 - 0x00007ff846290000 	E:\Programm\Program Files\Android\Android Studio\jbr\bin\verify.dll

dbghelp: loaded successfully - version: 4.0.5 - missing functions: none
symbol engine: initialized successfully - sym options: 0x614 - pdb path: .;E:\Programm\Program Files\Android\Android Studio\jbr\bin;C:\WINDOWS\SYSTEM32;C:\WINDOWS\WinSxS\amd64_microsoft.windows.common-controls_6595b64144ccf1df_6.0.22621.6060_none_2712eda17382d24b;E:\Programm\Program Files\Android\Android Studio\jbr\bin\server

VM Arguments:
java_command: org.jetbrains.kotlin.cli.jvm.K2JVMCompiler @D:\User\Documents\GitHub\app-chat\app\common\build\20260105_13692860370705574291.compiler.options
java_class_path (initial): C:\Users\User\.gradle\caches\modules-2\files-2.1\org.jetbrains.kotlin\kotlin-compiler-embeddable\2.2.20\bb8331b7585e36ea311825b01a1c06860c055fd1\kotlin-compiler-embeddable-2.2.20.jar;C:\Users\User\.gradle\caches\modules-2\files-2.1\org.jetbrains.kotlin\kotlin-stdlib\2.2.20\5380b19fa1924399b62ce3a1faffebb2b4f82272\kotlin-stdlib-2.2.20.jar;C:\Users\User\.gradle\caches\modules-2\files-2.1\org.jetbrains.kotlin\kotlin-script-runtime\2.2.20\4c679cbeac0bb583b75c3a080013da8eaf240807\kotlin-script-runtime-2.2.20.jar;C:\Users\User\.gradle\caches\modules-2\files-2.1\org.jetbrains.kotlin\kotlin-reflect\1.6.10\1cbe9c92c12a94eea200d23c2bbaedaf3daf5132\kotlin-reflect-1.6.10.jar;C:\Users\User\.gradle\caches\modules-2\files-2.1\org.jetbrains.kotlin\kotlin-daemon-embeddable\2.2.20\feff12d48d7f1eb628742b0a721395e16f8755bf\kotlin-daemon-embeddable-2.2.20.jar;C:\Users\User\.gradle\caches\modules-2\files-2.1\org.jetbrains.kotlinx\kotlinx-coroutines-core-jvm\1.8.0\ac1dc37a30a93150b704022f8d895ee1bd3a36b3\kotlinx-coroutines-core-jvm-1.8.0.jar;C:\Users\User\.gradle\caches\modules-2\files-2.1\org.jetbrains\annotations\13.0\919f0dfe192fb4e063e7dacadee7f8bb9a2672a9\annotations-13.0.jar
Launcher Type: SUN_STANDARD

[Global flags]
     intx CICompilerCount                          = 4                                         {product} {ergonomic}
     uint ConcGCThreads                            = 3                                         {product} {ergonomic}
     uint G1ConcRefinementThreads                  = 10                                        {product} {ergonomic}
   size_t G1HeapRegionSize                         = 1048576                                   {product} {ergonomic}
    uintx GCDrainStackTargetSize                   = 64                                        {product} {ergonomic}
   size_t InitialHeapSize                          = 125829120                                 {product} {ergonomic}
   size_t MarkStackSize                            = 4194304                                   {product} {ergonomic}
   size_t MaxHeapSize                              = 1992294400                                {product} {ergonomic}
   size_t MaxNewSize                               = 1195376640                                {product} {ergonomic}
   size_t MinHeapDeltaBytes                        = 1048576                                   {product} {ergonomic}
   size_t MinHeapSize                              = 8388608                                   {product} {ergonomic}
    uintx NonNMethodCodeHeapSize                   = 5839372                                {pd product} {ergonomic}
    uintx NonProfiledCodeHeapSize                  = 122909434                              {pd product} {ergonomic}
    uintx ProfiledCodeHeapSize                     = 122909434                              {pd product} {ergonomic}
    uintx ReservedCodeCacheSize                    = 251658240                              {pd product} {ergonomic}
     bool SegmentedCodeCache                       = true                                      {product} {ergonomic}
   size_t SoftMaxHeapSize                          = 1992294400                             {manageable} {ergonomic}
     bool UseCompressedOops                        = true                           {product lp64_product} {ergonomic}
     bool UseG1GC                                  = true                                      {product} {ergonomic}
     bool UseLargePagesIndividualAllocation        = false                                  {pd product} {ergonomic}

Logging:
Log output configuration:
 #0: stdout all=warning uptime,level,tags foldmultilines=false
 #1: stderr all=off uptime,level,tags foldmultilines=false

Environment Variables:
PATH=C:\Program Files (x86)\Common Files\Intel\Shared Libraries\redist\intel64\compiler;E:\Programm\Program Files\Common Files\Oracle\Java\javapath;E:\Programm\Program Files\Zulu\zulu-17\bin\;E:\Programm\Program Files\Python310\Scripts\;E:\Programm\Program Files\Python310\;C:\Windows\system32;C:\Windows;C:\Windows\System32\Wbem;C:\Windows\System32\WindowsPowerShell\v1.0\;C:\Windows\System32\OpenSSH\;C:\Program Files (x86)\NVIDIA Corporation\PhysX\Common;C:\Program Files\NVIDIA Corporation\NVIDIA NvDLISR;C:\WINDOWS\system32;C:\WINDOWS;C:\WINDOWS\System32\Wbem;C:\WINDOWS\System32\WindowsPowerShell\v1.0\;C:\WINDOWS\System32\OpenSSH\;D:\BaiduNetdiskDownload\php-8.3.3-Win32;E:\Programm\Program Files\apache-maven-3.9.7\bin;E:\Programm\Program Files\nodejs\;E:\Program Files (x86)\WinSCP\;E:\Programm\Program Files\Git\cmd;C:\ProgramData\chocolatey\bin;E:\Programm\Program Files\apache-ant-1.10.15\bin;E:\Programm\Program Files\swipl\bin;E:\Users\User\AppData\Local\bin\NASM;E:\Programm\Program Files\Bochs-2.8;E:\Programm\Program Files\qemu;E:\Programm\Program Files\x86_64-elf-tools-windows\bin;E:\Programm\Program Files\gradle-9.2.1\bin;E:\Programm\Program Files\MySQL\MySQL Shell 8.0\bin\;C:\Users\User\AppData\Local\Microsoft\WindowsApps;E:\Programm\Program Files\JetBrains\PyCharm Community Edition 2023.1.4\bin;;E:\Users\User\AppData\Local\Programs\Microsoft VS Code\bin;E:\Programm\Program Files\JetBrains\IntelliJ IDEA Community Edition 2024.1\bin;;C:\Users\User\AppData\Roaming\npm;C:\Users\User\AppData\Local\GitHubDesktop\bin;C:\Users\User\.local\bin;C:\Users\User\.local\share\man;c:\users\user\appdata\roaming\python\python310\scripts;E:\ghcup\bin;E:\BaiduNetdiskDownload\pandoc-2.14.2-windows-x86_64\pandoc-2.14.2;E:\Programm\Program Files\MiKTex\miktex\bin\x64\;C:\Users\User\AppData\Local\Pandoc\;E:\Programm\Program Files\Git\usr\bin;C:\Users\User\AppData\Local\Programs\Julia-1.11.6\bin;
USERNAME=User
OS=Windows_NT
PROCESSOR_IDENTIFIER=AMD64 Family 23 Model 96 Stepping 1, AuthenticAMD
TMP=E:\UserData\Tmp
TEMP=E:\UserData\Temp




Periodic native trim disabled

JNI global refs:
JNI global refs: 12, weak refs: 7

JNI global refs memory usage: 835, weak refs: 833

Process memory usage:
Resident Set Size: 484136K (6% of 7781324K total physical memory with 384828K free physical memory)

OOME stack traces (most recent first):
Classloader memory used:
Loader jdk.internal.loader.ClassLoaders$AppClassLoader                                 : 53727K
Loader bootstrap                                                                       : 11726K
Loader java.net.URLClassLoader                                                         : 1272K
Loader jdk.internal.jrtfs.JrtFileSystemProvider$JrtFsLoader                            : 319K
Loader jdk.internal.loader.ClassLoaders$PlatformClassLoader                            : 67904B

Classes loaded by more than one classloader:
Class jdk.internal.jimage.BasicImageReader                                            : loaded 2 times (x 93B)
Class jdk.internal.jimage.decompressor.StringSharingDecompressorFactory               : loaded 2 times (x 72B)
Class jdk.internal.jrtfs.JrtFileSystemProvider                                        : loaded 2 times (x 99B)
Class jdk.internal.jimage.ImageLocation                                               : loaded 2 times (x 88B)
Class jdk.internal.jimage.ImageBufferCache$1                                          : loaded 2 times (x 81B)
Class jdk.internal.jimage.ImageBufferCache$2                                          : loaded 2 times (x 89B)
Class jdk.internal.jimage.ImageHeader                                                 : loaded 2 times (x 69B)
Class jdk.internal.jimage.decompressor.ResourceDecompressor                           : loaded 2 times (x 68B)
Class jdk.internal.jimage.ImageStringsReader                                          : loaded 2 times (x 78B)
Class jdk.internal.jimage.ImageReader                                                 : loaded 2 times (x 73B)
Class jdk.internal.jimage.ImageReader$SharedImageReader                               : loaded 2 times (x 93B)
Class jdk.internal.jimage.decompressor.ResourceDecompressorFactory                    : loaded 2 times (x 72B)
Class jdk.internal.jimage.ImageReader$Node                                            : loaded 2 times (x 82B)
Class jdk.internal.jimage.BasicImageReader$1                                          : loaded 2 times (x 75B)
Class jdk.internal.jimage.decompressor.Decompressor                                   : loaded 2 times (x 70B)
Class jdk.internal.jimage.ImageBufferCache                                            : loaded 2 times (x 69B)
Class jdk.internal.jrtfs.JrtPath                                                      : loaded 2 times (x 116B)
Class jdk.internal.jimage.decompressor.ResourceDecompressorRepository                 : loaded 2 times (x 69B)
Class jdk.internal.jimage.ImageReader$Directory                                       : loaded 2 times (x 82B)
Class jdk.internal.jimage.decompressor.ZipDecompressorFactory                         : loaded 2 times (x 72B)
Class jdk.internal.jimage.decompressor.ZipDecompressor                                : loaded 2 times (x 73B)
Class jdk.internal.jimage.ImageStrings                                                : loaded 2 times (x 68B)
Class jdk.internal.jrtfs.JrtFileSystem                                                : loaded 2 times (x 100B)
Class jdk.internal.jimage.decompressor.CompressedResourceHeader                       : loaded 2 times (x 69B)
Class jdk.internal.jimage.decompressor.ResourceDecompressor$StringsProvider           : loaded 2 times (x 68B)

---------------  S Y S T E M  ---------------

OS:
 Windows 11 , 64 bit Build 22621 (10.0.22621.5415)
OS uptime: 8 days 21:53 hours
Hyper-V role detected

CPU: total 12 (initial active 12) (12 cores per cpu, 2 threads per core) family 23 model 96 stepping 1 microcode 0x0, cx8, cmov, fxsr, ht, mmx, 3dnowpref, sse, sse2, sse3, ssse3, sse4a, sse4.1, sse4.2, popcnt, lzcnt, tsc, tscinvbit, avx, avx2, aes, clmul, bmi1, bmi2, adx, sha, fma, vzeroupper, clflush, clflushopt, hv, rdtscp, rdpid, f16c
Processor Information for the first 12 processors :
  Max Mhz: 3001, Current Mhz: 3001, Mhz Limit: 3001

Memory: 4k page, system-wide physical 7598M (375M free)
TotalPageFile size 27290M (AvailPageFile size 2M)
current process WorkingSet (physical memory assigned to process): 472M, peak: 473M
current process commit charge ("private bytes"): 543M, peak: 545M

vm_info: OpenJDK 64-Bit Server VM (21.0.7+-13880790-b1038.58) for windows-amd64 JRE (21.0.7+-13880790-b1038.58), built on 2025-08-04T20:56:21Z by "builder" with MS VC++ 16.10 / 16.11 (VS2019)

END.
