#
# There is insufficient memory for the Java Runtime Environment to continue.
# Native memory allocation (malloc) failed to allocate 1254368 bytes. Error detail: Chunk::new
# Possible reasons:
#   The system is out of physical RAM or swap space
#   This process is running with CompressedOops enabled, and the Java Heap may be blocking the growth of the native heap
# Possible solutions:
#   Reduce memory load on the system
#   Increase physical memory or swap space
#   Check if swap backing store is full
#   Decrease Java heap size (-Xmx/-Xms)
#   Decrease number of Java threads
#   Decrease Java thread stack sizes (-Xss)
#   Set larger code cache with -XX:ReservedCodeCacheSize=
#   JVM is running with Unscaled Compressed Oops mode in which the Java heap is
#     placed in the first 4GB address space. The Java Heap base address is the
#     maximum limit for the native heap growth. Please use -XX:HeapBaseMinAddress
#     to set the Java Heap base and to place the Java Heap above 4GB virtual address.
# This output file may be truncated or incomplete.
#
#  Out of Memory Error (arena.cpp:168), pid=9524, tid=22480
#
# JRE version: OpenJDK Runtime Environment (21.0.7) (build 21.0.7+-13880790-b1038.58)
# Java VM: OpenJDK 64-Bit Server VM (21.0.7+-13880790-b1038.58, mixed mode, tiered, compressed oops, compressed class ptrs, g1 gc, windows-amd64)
# No core dump will be written. Minidumps are not enabled by default on client versions of Windows
#

---------------  S U M M A R Y ------------

Command Line: org.jetbrains.kotlin.cli.jvm.K2JVMCompiler @D:\User\Documents\GitHub\app-chat\app\common\build\20260105_7174513211237686939.compiler.options

Host: AMD Ryzen 5 4600H with Radeon Graphics         , 12 cores, 7G,  Windows 11 , 64 bit Build 22621 (10.0.22621.5415)
Time: Mon Jan  5 11:51:56 2026  Windows 11 , 64 bit Build 22621 (10.0.22621.5415) elapsed time: 6.763505 seconds (0d 0h 0m 6s)

---------------  T H R E A D  ---------------

Current thread (0x00000224ff3fc7d0):  JavaThread "C2 CompilerThread1" daemon [_thread_in_native, id=22480, stack(0x0000009f5f500000,0x0000009f5f600000) (1024K)]


Current CompileTask:
C2:6763 7002   !   4       org.jetbrains.kotlin.metadata.ProtoBuf$Function::<init> (1811 bytes)

Stack: [0x0000009f5f500000,0x0000009f5f600000]
Native frames: (J=compiled Java code, j=interpreted, Vv=VM code, C=native code)
V  [jvm.dll+0x6d25c9]
V  [jvm.dll+0x860923]
V  [jvm.dll+0x862e7e]
V  [jvm.dll+0x863563]
V  [jvm.dll+0x27f156]
V  [jvm.dll+0xc002d]
V  [jvm.dll+0xc0563]
V  [jvm.dll+0x3b6d3b]
V  [jvm.dll+0x1de734]
V  [jvm.dll+0x247fc4]
V  [jvm.dll+0x247441]
V  [jvm.dll+0x1c5fb4]
V  [jvm.dll+0x256bac]
V  [jvm.dll+0x2550f6]
V  [jvm.dll+0x3f1d16]
V  [jvm.dll+0x808d08]
V  [jvm.dll+0x6d0e1d]
C  [ucrtbase.dll+0x29333]
C  [KERNEL32.DLL+0x1259d]
C  [ntdll.dll+0x5af78]


---------------  P R O C E S S  ---------------

Threads class SMR info:
_java_thread_list=0x000002248df860b0, length=12, elements={
0x00000224e73c6c70, 0x00000224ff16d1b0, 0x00000224ff141d60, 0x00000224ff144250,
0x00000224ff1979f0, 0x00000224ff1a2780, 0x00000224ff1a31e0, 0x00000224ff1a3c40,
0x00000224ff1b2a10, 0x00000224ff1de480, 0x00000224ff3627e0, 0x00000224ff3fc7d0
}

Java Threads: ( => current thread )
  0x00000224e73c6c70 JavaThread "main"                              [_thread_in_Java, id=23584, stack(0x0000009f5e300000,0x0000009f5e400000) (1024K)]
  0x00000224ff16d1b0 JavaThread "Common-Cleaner"             daemon [_thread_blocked, id=23048, stack(0x0000009f5eb00000,0x0000009f5ec00000) (1024K)]
  0x00000224ff141d60 JavaThread "Reference Handler"          daemon [_thread_blocked, id=14908, stack(0x0000009f5ec00000,0x0000009f5ed00000) (1024K)]
  0x00000224ff144250 JavaThread "Finalizer"                  daemon [_thread_blocked, id=16076, stack(0x0000009f5ed00000,0x0000009f5ee00000) (1024K)]
  0x00000224ff1979f0 JavaThread "Signal Dispatcher"          daemon [_thread_blocked, id=2432, stack(0x0000009f5ee00000,0x0000009f5ef00000) (1024K)]
  0x00000224ff1a2780 JavaThread "Attach Listener"            daemon [_thread_blocked, id=23696, stack(0x0000009f5ef00000,0x0000009f5f000000) (1024K)]
  0x00000224ff1a31e0 JavaThread "Service Thread"             daemon [_thread_blocked, id=21692, stack(0x0000009f5f000000,0x0000009f5f100000) (1024K)]
  0x00000224ff1a3c40 JavaThread "Monitor Deflation Thread"   daemon [_thread_blocked, id=14588, stack(0x0000009f5f100000,0x0000009f5f200000) (1024K)]
  0x00000224ff1b2a10 JavaThread "C2 CompilerThread0"         daemon [_thread_blocked, id=11188, stack(0x0000009f5f200000,0x0000009f5f300000) (1024K)]
  0x00000224ff1de480 JavaThread "C1 CompilerThread0"         daemon [_thread_in_native, id=17208, stack(0x0000009f5f300000,0x0000009f5f400000) (1024K)]
  0x00000224ff3627e0 JavaThread "Notification Thread"        daemon [_thread_blocked, id=12460, stack(0x0000009f5f400000,0x0000009f5f500000) (1024K)]
=>0x00000224ff3fc7d0 JavaThread "C2 CompilerThread1"         daemon [_thread_in_native, id=22480, stack(0x0000009f5f500000,0x0000009f5f600000) (1024K)]
Total: 12

Other Threads:
  0x00000224fefce870 VMThread "VM Thread"                           [id=22024, stack(0x0000009f5ea00000,0x0000009f5eb00000) (1024K)]
  0x00000224fef4a9e0 WatcherThread "VM Periodic Task Thread"        [id=24488, stack(0x0000009f5e900000,0x0000009f5ea00000) (1024K)]
  0x00000224e97b1620 WorkerThread "GC Thread#0"                     [id=24484, stack(0x0000009f5e400000,0x0000009f5e500000) (1024K)]
  0x00000224ffa788e0 WorkerThread "GC Thread#1"                     [id=20556, stack(0x0000009f5f700000,0x0000009f5f800000) (1024K)]
  0x00000224ff9ff980 WorkerThread "GC Thread#2"                     [id=13892, stack(0x0000009f5f800000,0x0000009f5f900000) (1024K)]
  0x00000224ff9ffd20 WorkerThread "GC Thread#3"                     [id=21420, stack(0x0000009f5f900000,0x0000009f5fa00000) (1024K)]
  0x00000224ffabb5e0 WorkerThread "GC Thread#4"                     [id=19076, stack(0x0000009f5fa00000,0x0000009f5fb00000) (1024K)]
  0x00000224ffadbb10 WorkerThread "GC Thread#5"                     [id=13760, stack(0x0000009f5fb00000,0x0000009f5fc00000) (1024K)]
  0x0000022486324450 WorkerThread "GC Thread#6"                     [id=10248, stack(0x0000009f5f600000,0x0000009f5f700000) (1024K)]
  0x0000022486326c30 WorkerThread "GC Thread#7"                     [id=20936, stack(0x0000009f5fc00000,0x0000009f5fd00000) (1024K)]
  0x0000022486327370 WorkerThread "GC Thread#8"                     [id=24064, stack(0x0000009f5fd00000,0x0000009f5fe00000) (1024K)]
  0x00000224863264f0 WorkerThread "GC Thread#9"                     [id=11292, stack(0x0000009f60000000,0x0000009f60100000) (1024K)]
  0x00000224e97c1c90 ConcurrentGCThread "G1 Main Marker"            [id=17624, stack(0x0000009f5e500000,0x0000009f5e600000) (1024K)]
  0x00000224e97c2fa0 WorkerThread "G1 Conc#0"                       [id=21480, stack(0x0000009f5e600000,0x0000009f5e700000) (1024K)]
  0x0000022486324f30 WorkerThread "G1 Conc#1"                       [id=18876, stack(0x0000009f5fe00000,0x0000009f5ff00000) (1024K)]
  0x0000022486326890 WorkerThread "G1 Conc#2"                       [id=11636, stack(0x0000009f5ff00000,0x0000009f60000000) (1024K)]
  0x00000224e981e9c0 ConcurrentGCThread "G1 Refine#0"               [id=10612, stack(0x0000009f5e700000,0x0000009f5e800000) (1024K)]
  0x00000224fee18800 ConcurrentGCThread "G1 Service"                [id=21780, stack(0x0000009f5e800000,0x0000009f5e900000) (1024K)]
Total: 18

Threads with active compile tasks:
C1 CompilerThread0  6779 7286       3       org.jetbrains.kotlin.fir.resolve.SupertypeUtilsKt::collectSuperTypes (578 bytes)
C2 CompilerThread1  6779 7002   !   4       org.jetbrains.kotlin.metadata.ProtoBuf$Function::<init> (1811 bytes)
Total: 2

VM state: not at safepoint (normal execution)

VM Mutex/Monitor currently owned by a thread: None

Heap address: 0x0000000089400000, size: 1900 MB, Compressed Oops mode: 32-bit

CDS archive(s) not mapped
Compressed class space mapped at: 0x0000000100000000-0x0000000140000000, reserved size: 1073741824
Narrow klass base: 0x0000000000000000, Narrow klass shift: 3, Narrow klass range: 0x140000000

GC Precious Log:
 CardTable entry size: 512
 Card Set container configuration: InlinePtr #cards 5 size 8 Array Of Cards #cards 12 size 40 Howl #buckets 4 coarsen threshold 1843 Howl Bitmap #cards 512 size 80 coarsen threshold 460 Card regions per heap region 1 cards per card region 2048
 CPUs: 12 total, 12 available
 Memory: 7598M
 Large Page Support: Disabled
 NUMA Support: Disabled
 Compressed Oops: Enabled (32-bit)
 Heap Region Size: 1M
 Heap Min Capacity: 8M
 Heap Initial Capacity: 120M
 Heap Max Capacity: 1900M
 Pre-touch: Disabled
 Parallel Workers: 10
 Concurrent Workers: 3
 Concurrent Refinement Workers: 10
 Periodic GC: Disabled

Heap:
 garbage-first heap   total 306176K, used 156672K [0x0000000089400000, 0x0000000100000000)
  region size 1024K, 28 young (28672K), 5 survivors (5120K)
 Metaspace       used 66436K, committed 66752K, reserved 1114112K
  class space    used 7605K, committed 7744K, reserved 1048576K

Heap Regions: E=young(eden), S=young(survivor), O=old, HS=humongous(starts), HC=humongous(continues), CS=collection set, F=free, TAMS=top-at-mark-start, PB=parsable bottom
|   0|0x0000000089400000, 0x0000000089500000, 0x0000000089500000|100%|HS|  |TAMS 0x0000000089400000| PB 0x0000000089400000| Complete 
|   1|0x0000000089500000, 0x0000000089600000, 0x0000000089600000|100%|HC|  |TAMS 0x0000000089500000| PB 0x0000000089500000| Complete 
|   2|0x0000000089600000, 0x0000000089700000, 0x0000000089700000|100%|HC|  |TAMS 0x0000000089600000| PB 0x0000000089600000| Complete 
|   3|0x0000000089700000, 0x0000000089800000, 0x0000000089800000|100%|HC|  |TAMS 0x0000000089700000| PB 0x0000000089700000| Complete 
|   4|0x0000000089800000, 0x0000000089900000, 0x0000000089900000|100%| O|  |TAMS 0x0000000089800000| PB 0x0000000089800000| Untracked 
|   5|0x0000000089900000, 0x0000000089a00000, 0x0000000089a00000|100%| O|  |TAMS 0x0000000089900000| PB 0x0000000089900000| Untracked 
|   6|0x0000000089a00000, 0x0000000089b00000, 0x0000000089b00000|100%| O|  |TAMS 0x0000000089a00000| PB 0x0000000089a00000| Untracked 
|   7|0x0000000089b00000, 0x0000000089c00000, 0x0000000089c00000|100%| O|  |TAMS 0x0000000089b00000| PB 0x0000000089b00000| Untracked 
|   8|0x0000000089c00000, 0x0000000089d00000, 0x0000000089d00000|100%| O|  |TAMS 0x0000000089c00000| PB 0x0000000089c00000| Untracked 
|   9|0x0000000089d00000, 0x0000000089e00000, 0x0000000089e00000|100%| O|  |TAMS 0x0000000089d00000| PB 0x0000000089d00000| Untracked 
|  10|0x0000000089e00000, 0x0000000089f00000, 0x0000000089f00000|100%| O|  |TAMS 0x0000000089e00000| PB 0x0000000089e00000| Untracked 
|  11|0x0000000089f00000, 0x000000008a000000, 0x000000008a000000|100%| O|  |TAMS 0x0000000089f00000| PB 0x0000000089f00000| Untracked 
|  12|0x000000008a000000, 0x000000008a100000, 0x000000008a100000|100%| O|  |TAMS 0x000000008a000000| PB 0x000000008a000000| Untracked 
|  13|0x000000008a100000, 0x000000008a200000, 0x000000008a200000|100%| O|  |TAMS 0x000000008a100000| PB 0x000000008a100000| Untracked 
|  14|0x000000008a200000, 0x000000008a300000, 0x000000008a300000|100%| O|  |TAMS 0x000000008a200000| PB 0x000000008a200000| Untracked 
|  15|0x000000008a300000, 0x000000008a400000, 0x000000008a400000|100%| O|  |TAMS 0x000000008a300000| PB 0x000000008a300000| Untracked 
|  16|0x000000008a400000, 0x000000008a500000, 0x000000008a500000|100%| O|  |TAMS 0x000000008a400000| PB 0x000000008a400000| Untracked 
|  17|0x000000008a500000, 0x000000008a600000, 0x000000008a600000|100%| O|  |TAMS 0x000000008a500000| PB 0x000000008a500000| Untracked 
|  18|0x000000008a600000, 0x000000008a700000, 0x000000008a700000|100%| O|  |TAMS 0x000000008a600000| PB 0x000000008a600000| Untracked 
|  19|0x000000008a700000, 0x000000008a800000, 0x000000008a800000|100%| O|  |TAMS 0x000000008a700000| PB 0x000000008a700000| Untracked 
|  20|0x000000008a800000, 0x000000008a900000, 0x000000008a900000|100%| O|  |TAMS 0x000000008a800000| PB 0x000000008a800000| Untracked 
|  21|0x000000008a900000, 0x000000008aa00000, 0x000000008aa00000|100%| O|  |TAMS 0x000000008a900000| PB 0x000000008a900000| Untracked 
|  22|0x000000008aa00000, 0x000000008ab00000, 0x000000008ab00000|100%| O|  |TAMS 0x000000008aa00000| PB 0x000000008aa00000| Untracked 
|  23|0x000000008ab00000, 0x000000008ac00000, 0x000000008ac00000|100%| O|  |TAMS 0x000000008ab00000| PB 0x000000008ab00000| Untracked 
|  24|0x000000008ac00000, 0x000000008ad00000, 0x000000008ad00000|100%| O|  |TAMS 0x000000008ac00000| PB 0x000000008ac00000| Untracked 
|  25|0x000000008ad00000, 0x000000008ae00000, 0x000000008ae00000|100%| O|  |TAMS 0x000000008ad00000| PB 0x000000008ad00000| Untracked 
|  26|0x000000008ae00000, 0x000000008af00000, 0x000000008af00000|100%| O|  |TAMS 0x000000008ae00000| PB 0x000000008ae00000| Untracked 
|  27|0x000000008af00000, 0x000000008b000000, 0x000000008b000000|100%| O|  |TAMS 0x000000008af00000| PB 0x000000008af00000| Untracked 
|  28|0x000000008b000000, 0x000000008b100000, 0x000000008b100000|100%| O|  |TAMS 0x000000008b000000| PB 0x000000008b000000| Untracked 
|  29|0x000000008b100000, 0x000000008b200000, 0x000000008b200000|100%| O|  |TAMS 0x000000008b100000| PB 0x000000008b100000| Untracked 
|  30|0x000000008b200000, 0x000000008b300000, 0x000000008b300000|100%| O|  |TAMS 0x000000008b200000| PB 0x000000008b200000| Untracked 
|  31|0x000000008b300000, 0x000000008b400000, 0x000000008b400000|100%| O|  |TAMS 0x000000008b300000| PB 0x000000008b300000| Untracked 
|  32|0x000000008b400000, 0x000000008b500000, 0x000000008b500000|100%| O|  |TAMS 0x000000008b400000| PB 0x000000008b400000| Untracked 
|  33|0x000000008b500000, 0x000000008b600000, 0x000000008b600000|100%| O|  |TAMS 0x000000008b500000| PB 0x000000008b500000| Untracked 
|  34|0x000000008b600000, 0x000000008b700000, 0x000000008b700000|100%| O|  |TAMS 0x000000008b600000| PB 0x000000008b600000| Untracked 
|  35|0x000000008b700000, 0x000000008b800000, 0x000000008b800000|100%| O|  |TAMS 0x000000008b700000| PB 0x000000008b700000| Untracked 
|  36|0x000000008b800000, 0x000000008b900000, 0x000000008b900000|100%| O|  |TAMS 0x000000008b800000| PB 0x000000008b800000| Untracked 
|  37|0x000000008b900000, 0x000000008ba00000, 0x000000008ba00000|100%| O|  |TAMS 0x000000008b900000| PB 0x000000008b900000| Untracked 
|  38|0x000000008ba00000, 0x000000008bb00000, 0x000000008bb00000|100%| O|  |TAMS 0x000000008ba00000| PB 0x000000008ba00000| Untracked 
|  39|0x000000008bb00000, 0x000000008bc00000, 0x000000008bc00000|100%| O|  |TAMS 0x000000008bb00000| PB 0x000000008bb00000| Untracked 
|  40|0x000000008bc00000, 0x000000008bd00000, 0x000000008bd00000|100%| O|  |TAMS 0x000000008bc00000| PB 0x000000008bc00000| Untracked 
|  41|0x000000008bd00000, 0x000000008be00000, 0x000000008be00000|100%| O|  |TAMS 0x000000008bd00000| PB 0x000000008bd00000| Untracked 
|  42|0x000000008be00000, 0x000000008bf00000, 0x000000008bf00000|100%| O|  |TAMS 0x000000008be00000| PB 0x000000008be00000| Untracked 
|  43|0x000000008bf00000, 0x000000008c000000, 0x000000008c000000|100%| O|  |TAMS 0x000000008bf00000| PB 0x000000008bf00000| Untracked 
|  44|0x000000008c000000, 0x000000008c100000, 0x000000008c100000|100%| O|  |TAMS 0x000000008c000000| PB 0x000000008c000000| Untracked 
|  45|0x000000008c100000, 0x000000008c200000, 0x000000008c200000|100%| O|  |TAMS 0x000000008c100000| PB 0x000000008c100000| Untracked 
|  46|0x000000008c200000, 0x000000008c300000, 0x000000008c300000|100%| O|  |TAMS 0x000000008c200000| PB 0x000000008c200000| Untracked 
|  47|0x000000008c300000, 0x000000008c400000, 0x000000008c400000|100%| O|  |TAMS 0x000000008c300000| PB 0x000000008c300000| Untracked 
|  48|0x000000008c400000, 0x000000008c500000, 0x000000008c500000|100%| O|  |TAMS 0x000000008c400000| PB 0x000000008c400000| Untracked 
|  49|0x000000008c500000, 0x000000008c600000, 0x000000008c600000|100%| O|  |TAMS 0x000000008c500000| PB 0x000000008c500000| Untracked 
|  50|0x000000008c600000, 0x000000008c700000, 0x000000008c700000|100%| O|  |TAMS 0x000000008c600000| PB 0x000000008c600000| Untracked 
|  51|0x000000008c700000, 0x000000008c800000, 0x000000008c800000|100%| O|  |TAMS 0x000000008c700000| PB 0x000000008c700000| Untracked 
|  52|0x000000008c800000, 0x000000008c900000, 0x000000008c900000|100%| O|  |TAMS 0x000000008c800000| PB 0x000000008c800000| Untracked 
|  53|0x000000008c900000, 0x000000008ca00000, 0x000000008ca00000|100%| O|  |TAMS 0x000000008c900000| PB 0x000000008c900000| Untracked 
|  54|0x000000008ca00000, 0x000000008cb00000, 0x000000008cb00000|100%| O|  |TAMS 0x000000008ca00000| PB 0x000000008ca00000| Untracked 
|  55|0x000000008cb00000, 0x000000008cc00000, 0x000000008cc00000|100%| O|  |TAMS 0x000000008cb00000| PB 0x000000008cb00000| Untracked 
|  56|0x000000008cc00000, 0x000000008cd00000, 0x000000008cd00000|100%| O|  |TAMS 0x000000008cc00000| PB 0x000000008cc00000| Untracked 
|  57|0x000000008cd00000, 0x000000008ce00000, 0x000000008ce00000|100%| O|  |TAMS 0x000000008cd00000| PB 0x000000008cd00000| Untracked 
|  58|0x000000008ce00000, 0x000000008cf00000, 0x000000008cf00000|100%| O|  |TAMS 0x000000008ce00000| PB 0x000000008ce00000| Untracked 
|  59|0x000000008cf00000, 0x000000008d000000, 0x000000008d000000|100%| O|  |TAMS 0x000000008cf00000| PB 0x000000008cf00000| Untracked 
|  60|0x000000008d000000, 0x000000008d100000, 0x000000008d100000|100%| O|  |TAMS 0x000000008d000000| PB 0x000000008d000000| Untracked 
|  61|0x000000008d100000, 0x000000008d200000, 0x000000008d200000|100%| O|  |TAMS 0x000000008d100000| PB 0x000000008d100000| Untracked 
|  62|0x000000008d200000, 0x000000008d300000, 0x000000008d300000|100%| O|  |TAMS 0x000000008d200000| PB 0x000000008d200000| Untracked 
|  63|0x000000008d300000, 0x000000008d400000, 0x000000008d400000|100%| O|  |TAMS 0x000000008d300000| PB 0x000000008d300000| Untracked 
|  64|0x000000008d400000, 0x000000008d500000, 0x000000008d500000|100%| O|  |TAMS 0x000000008d400000| PB 0x000000008d400000| Untracked 
|  65|0x000000008d500000, 0x000000008d600000, 0x000000008d600000|100%| O|  |TAMS 0x000000008d500000| PB 0x000000008d500000| Untracked 
|  66|0x000000008d600000, 0x000000008d700000, 0x000000008d700000|100%| O|  |TAMS 0x000000008d600000| PB 0x000000008d600000| Untracked 
|  67|0x000000008d700000, 0x000000008d800000, 0x000000008d800000|100%| O|  |TAMS 0x000000008d700000| PB 0x000000008d700000| Untracked 
|  68|0x000000008d800000, 0x000000008d900000, 0x000000008d900000|100%| O|  |TAMS 0x000000008d800000| PB 0x000000008d800000| Untracked 
|  69|0x000000008d900000, 0x000000008da00000, 0x000000008da00000|100%| O|  |TAMS 0x000000008d900000| PB 0x000000008d900000| Untracked 
|  70|0x000000008da00000, 0x000000008db00000, 0x000000008db00000|100%| O|  |TAMS 0x000000008da00000| PB 0x000000008da00000| Untracked 
|  71|0x000000008db00000, 0x000000008dc00000, 0x000000008dc00000|100%| O|  |TAMS 0x000000008db00000| PB 0x000000008db00000| Untracked 
|  72|0x000000008dc00000, 0x000000008dd00000, 0x000000008dd00000|100%| O|  |TAMS 0x000000008dc00000| PB 0x000000008dc00000| Untracked 
|  73|0x000000008dd00000, 0x000000008de00000, 0x000000008de00000|100%| O|  |TAMS 0x000000008dd00000| PB 0x000000008dd00000| Untracked 
|  74|0x000000008de00000, 0x000000008df00000, 0x000000008df00000|100%| O|  |TAMS 0x000000008de00000| PB 0x000000008de00000| Untracked 
|  75|0x000000008df00000, 0x000000008e000000, 0x000000008e000000|100%| O|  |TAMS 0x000000008df00000| PB 0x000000008df00000| Untracked 
|  76|0x000000008e000000, 0x000000008e100000, 0x000000008e100000|100%| O|Cm|TAMS 0x000000008e000000| PB 0x000000008e000000| Complete 
|  77|0x000000008e100000, 0x000000008e200000, 0x000000008e200000|100%| O|  |TAMS 0x000000008e100000| PB 0x000000008e100000| Untracked 
|  78|0x000000008e200000, 0x000000008e300000, 0x000000008e300000|100%| O|  |TAMS 0x000000008e200000| PB 0x000000008e200000| Untracked 
|  79|0x000000008e300000, 0x000000008e400000, 0x000000008e400000|100%| O|  |TAMS 0x000000008e300000| PB 0x000000008e300000| Untracked 
|  80|0x000000008e400000, 0x000000008e500000, 0x000000008e500000|100%| O|  |TAMS 0x000000008e400000| PB 0x000000008e400000| Untracked 
|  81|0x000000008e500000, 0x000000008e600000, 0x000000008e600000|100%| O|  |TAMS 0x000000008e500000| PB 0x000000008e500000| Untracked 
|  82|0x000000008e600000, 0x000000008e700000, 0x000000008e700000|100%| O|  |TAMS 0x000000008e600000| PB 0x000000008e600000| Untracked 
|  83|0x000000008e700000, 0x000000008e800000, 0x000000008e800000|100%| O|  |TAMS 0x000000008e700000| PB 0x000000008e700000| Untracked 
|  84|0x000000008e800000, 0x000000008e900000, 0x000000008e900000|100%| O|  |TAMS 0x000000008e800000| PB 0x000000008e800000| Untracked 
|  85|0x000000008e900000, 0x000000008ea00000, 0x000000008ea00000|100%| O|  |TAMS 0x000000008e900000| PB 0x000000008e900000| Untracked 
|  86|0x000000008ea00000, 0x000000008eb00000, 0x000000008eb00000|100%| O|  |TAMS 0x000000008ea00000| PB 0x000000008ea00000| Untracked 
|  87|0x000000008eb00000, 0x000000008ec00000, 0x000000008ec00000|100%| O|  |TAMS 0x000000008eb00000| PB 0x000000008eb00000| Untracked 
|  88|0x000000008ec00000, 0x000000008ed00000, 0x000000008ed00000|100%| O|  |TAMS 0x000000008ec00000| PB 0x000000008ec00000| Untracked 
|  89|0x000000008ed00000, 0x000000008ee00000, 0x000000008ee00000|100%| O|  |TAMS 0x000000008ed00000| PB 0x000000008ed00000| Untracked 
|  90|0x000000008ee00000, 0x000000008ef00000, 0x000000008ef00000|100%| O|  |TAMS 0x000000008ee00000| PB 0x000000008ee00000| Untracked 
|  91|0x000000008ef00000, 0x000000008f000000, 0x000000008f000000|100%| O|  |TAMS 0x000000008ef00000| PB 0x000000008ef00000| Untracked 
|  92|0x000000008f000000, 0x000000008f100000, 0x000000008f100000|100%| O|  |TAMS 0x000000008f000000| PB 0x000000008f000000| Untracked 
|  93|0x000000008f100000, 0x000000008f200000, 0x000000008f200000|100%| O|  |TAMS 0x000000008f100000| PB 0x000000008f100000| Untracked 
|  94|0x000000008f200000, 0x000000008f300000, 0x000000008f300000|100%| O|  |TAMS 0x000000008f200000| PB 0x000000008f200000| Untracked 
|  95|0x000000008f300000, 0x000000008f400000, 0x000000008f400000|100%| O|  |TAMS 0x000000008f300000| PB 0x000000008f300000| Untracked 
|  96|0x000000008f400000, 0x000000008f500000, 0x000000008f500000|100%| O|Cm|TAMS 0x000000008f400000| PB 0x000000008f400000| Complete 
|  97|0x000000008f500000, 0x000000008f600000, 0x000000008f600000|100%|HS|  |TAMS 0x000000008f500000| PB 0x000000008f500000| Complete 
|  98|0x000000008f600000, 0x000000008f700000, 0x000000008f700000|100%| O|  |TAMS 0x000000008f600000| PB 0x000000008f600000| Untracked 
|  99|0x000000008f700000, 0x000000008f800000, 0x000000008f800000|100%| O|  |TAMS 0x000000008f700000| PB 0x000000008f700000| Untracked 
| 100|0x000000008f800000, 0x000000008f900000, 0x000000008f900000|100%| O|  |TAMS 0x000000008f800000| PB 0x000000008f800000| Untracked 
| 101|0x000000008f900000, 0x000000008fa00000, 0x000000008fa00000|100%| O|  |TAMS 0x000000008f900000| PB 0x000000008f900000| Untracked 
| 102|0x000000008fa00000, 0x000000008fb00000, 0x000000008fb00000|100%| O|  |TAMS 0x000000008fa00000| PB 0x000000008fa00000| Untracked 
| 103|0x000000008fb00000, 0x000000008fc00000, 0x000000008fc00000|100%| O|  |TAMS 0x000000008fb00000| PB 0x000000008fb00000| Untracked 
| 104|0x000000008fc00000, 0x000000008fd00000, 0x000000008fd00000|100%| O|  |TAMS 0x000000008fc00000| PB 0x000000008fc00000| Untracked 
| 105|0x000000008fd00000, 0x000000008fe00000, 0x000000008fe00000|100%| O|  |TAMS 0x000000008fd00000| PB 0x000000008fd00000| Untracked 
| 106|0x000000008fe00000, 0x000000008ff00000, 0x000000008ff00000|100%| O|  |TAMS 0x000000008fe00000| PB 0x000000008fe00000| Untracked 
| 107|0x000000008ff00000, 0x0000000090000000, 0x0000000090000000|100%| O|  |TAMS 0x000000008ff00000| PB 0x000000008ff00000| Untracked 
| 108|0x0000000090000000, 0x0000000090100000, 0x0000000090100000|100%| O|Cm|TAMS 0x0000000090000000| PB 0x0000000090000000| Complete 
| 109|0x0000000090100000, 0x0000000090200000, 0x0000000090200000|100%| O|  |TAMS 0x0000000090100000| PB 0x0000000090100000| Untracked 
| 110|0x0000000090200000, 0x0000000090300000, 0x0000000090300000|100%| O|  |TAMS 0x0000000090200000| PB 0x0000000090200000| Untracked 
| 111|0x0000000090300000, 0x0000000090400000, 0x0000000090400000|100%| O|  |TAMS 0x0000000090300000| PB 0x0000000090300000| Untracked 
| 112|0x0000000090400000, 0x0000000090500000, 0x0000000090500000|100%| O|  |TAMS 0x0000000090400000| PB 0x0000000090400000| Untracked 
| 113|0x0000000090500000, 0x0000000090600000, 0x0000000090600000|100%| O|  |TAMS 0x0000000090500000| PB 0x0000000090500000| Untracked 
| 114|0x0000000090600000, 0x0000000090700000, 0x0000000090700000|100%| O|  |TAMS 0x0000000090600000| PB 0x0000000090600000| Untracked 
| 115|0x0000000090700000, 0x0000000090800000, 0x0000000090800000|100%| O|  |TAMS 0x0000000090700000| PB 0x0000000090700000| Untracked 
| 116|0x0000000090800000, 0x0000000090900000, 0x0000000090900000|100%| O|  |TAMS 0x0000000090800000| PB 0x0000000090800000| Untracked 
| 117|0x0000000090900000, 0x0000000090a00000, 0x0000000090a00000|100%| O|  |TAMS 0x0000000090900000| PB 0x0000000090900000| Untracked 
| 118|0x0000000090a00000, 0x0000000090b00000, 0x0000000090b00000|100%| O|  |TAMS 0x0000000090a00000| PB 0x0000000090a00000| Untracked 
| 119|0x0000000090b00000, 0x0000000090c00000, 0x0000000090c00000|100%| O|  |TAMS 0x0000000090b00000| PB 0x0000000090b00000| Untracked 
| 120|0x0000000090c00000, 0x0000000090d00000, 0x0000000090d00000|100%| O|  |TAMS 0x0000000090c00000| PB 0x0000000090c00000| Untracked 
| 121|0x0000000090d00000, 0x0000000090e00000, 0x0000000090e00000|100%| O|  |TAMS 0x0000000090d00000| PB 0x0000000090d00000| Untracked 
| 122|0x0000000090e00000, 0x0000000090f00000, 0x0000000090f00000|100%| O|  |TAMS 0x0000000090e00000| PB 0x0000000090e00000| Untracked 
| 123|0x0000000090f00000, 0x0000000091000000, 0x0000000091000000|100%| O|  |TAMS 0x0000000090f00000| PB 0x0000000090f00000| Untracked 
| 124|0x0000000091000000, 0x0000000091000000, 0x0000000091100000|  0%| F|  |TAMS 0x0000000091000000| PB 0x0000000091000000| Untracked 
| 125|0x0000000091100000, 0x0000000091100000, 0x0000000091200000|  0%| F|  |TAMS 0x0000000091100000| PB 0x0000000091100000| Untracked 
| 126|0x0000000091200000, 0x0000000091200000, 0x0000000091300000|  0%| F|  |TAMS 0x0000000091200000| PB 0x0000000091200000| Untracked 
| 127|0x0000000091300000, 0x0000000091300000, 0x0000000091400000|  0%| F|  |TAMS 0x0000000091300000| PB 0x0000000091300000| Untracked 
| 128|0x0000000091400000, 0x0000000091400000, 0x0000000091500000|  0%| F|  |TAMS 0x0000000091400000| PB 0x0000000091400000| Untracked 
| 129|0x0000000091500000, 0x0000000091500000, 0x0000000091600000|  0%| F|  |TAMS 0x0000000091500000| PB 0x0000000091500000| Untracked 
| 130|0x0000000091600000, 0x0000000091600000, 0x0000000091700000|  0%| F|  |TAMS 0x0000000091600000| PB 0x0000000091600000| Untracked 
| 131|0x0000000091700000, 0x0000000091700000, 0x0000000091800000|  0%| F|  |TAMS 0x0000000091700000| PB 0x0000000091700000| Untracked 
| 132|0x0000000091800000, 0x0000000091800000, 0x0000000091900000|  0%| F|  |TAMS 0x0000000091800000| PB 0x0000000091800000| Untracked 
| 133|0x0000000091900000, 0x0000000091a00000, 0x0000000091a00000|100%| S|CS|TAMS 0x0000000091900000| PB 0x0000000091900000| Complete 
| 134|0x0000000091a00000, 0x0000000091b00000, 0x0000000091b00000|100%| S|CS|TAMS 0x0000000091a00000| PB 0x0000000091a00000| Complete 
| 135|0x0000000091b00000, 0x0000000091c00000, 0x0000000091c00000|100%| S|CS|TAMS 0x0000000091b00000| PB 0x0000000091b00000| Complete 
| 136|0x0000000091c00000, 0x0000000091c00000, 0x0000000091d00000|  0%| F|  |TAMS 0x0000000091c00000| PB 0x0000000091c00000| Untracked 
| 137|0x0000000091d00000, 0x0000000091d00000, 0x0000000091e00000|  0%| F|  |TAMS 0x0000000091d00000| PB 0x0000000091d00000| Untracked 
| 138|0x0000000091e00000, 0x0000000091e00000, 0x0000000091f00000|  0%| F|  |TAMS 0x0000000091e00000| PB 0x0000000091e00000| Untracked 
| 139|0x0000000091f00000, 0x0000000091f00000, 0x0000000092000000|  0%| F|  |TAMS 0x0000000091f00000| PB 0x0000000091f00000| Untracked 
| 140|0x0000000092000000, 0x0000000092000000, 0x0000000092100000|  0%| F|  |TAMS 0x0000000092000000| PB 0x0000000092000000| Untracked 
| 141|0x0000000092100000, 0x0000000092200000, 0x0000000092200000|100%| S|CS|TAMS 0x0000000092100000| PB 0x0000000092100000| Complete 
| 142|0x0000000092200000, 0x0000000092300000, 0x0000000092300000|100%| S|CS|TAMS 0x0000000092200000| PB 0x0000000092200000| Complete 
| 143|0x0000000092300000, 0x0000000092300000, 0x0000000092400000|  0%| F|  |TAMS 0x0000000092300000| PB 0x0000000092300000| Untracked 
| 144|0x0000000092400000, 0x0000000092400000, 0x0000000092500000|  0%| F|  |TAMS 0x0000000092400000| PB 0x0000000092400000| Untracked 
| 145|0x0000000092500000, 0x0000000092500000, 0x0000000092600000|  0%| F|  |TAMS 0x0000000092500000| PB 0x0000000092500000| Untracked 
| 146|0x0000000092600000, 0x0000000092600000, 0x0000000092700000|  0%| F|  |TAMS 0x0000000092600000| PB 0x0000000092600000| Untracked 
| 147|0x0000000092700000, 0x0000000092700000, 0x0000000092800000|  0%| F|  |TAMS 0x0000000092700000| PB 0x0000000092700000| Untracked 
| 148|0x0000000092800000, 0x0000000092800000, 0x0000000092900000|  0%| F|  |TAMS 0x0000000092800000| PB 0x0000000092800000| Untracked 
| 149|0x0000000092900000, 0x0000000092900000, 0x0000000092a00000|  0%| F|  |TAMS 0x0000000092900000| PB 0x0000000092900000| Untracked 
| 150|0x0000000092a00000, 0x0000000092a00000, 0x0000000092b00000|  0%| F|  |TAMS 0x0000000092a00000| PB 0x0000000092a00000| Untracked 
| 151|0x0000000092b00000, 0x0000000092b00000, 0x0000000092c00000|  0%| F|  |TAMS 0x0000000092b00000| PB 0x0000000092b00000| Untracked 
| 152|0x0000000092c00000, 0x0000000092c00000, 0x0000000092d00000|  0%| F|  |TAMS 0x0000000092c00000| PB 0x0000000092c00000| Untracked 
| 153|0x0000000092d00000, 0x0000000092d00000, 0x0000000092e00000|  0%| F|  |TAMS 0x0000000092d00000| PB 0x0000000092d00000| Untracked 
| 154|0x0000000092e00000, 0x0000000092e00000, 0x0000000092f00000|  0%| F|  |TAMS 0x0000000092e00000| PB 0x0000000092e00000| Untracked 
| 155|0x0000000092f00000, 0x0000000092f00000, 0x0000000093000000|  0%| F|  |TAMS 0x0000000092f00000| PB 0x0000000092f00000| Untracked 
| 156|0x0000000093000000, 0x0000000093000000, 0x0000000093100000|  0%| F|  |TAMS 0x0000000093000000| PB 0x0000000093000000| Untracked 
| 157|0x0000000093100000, 0x0000000093100000, 0x0000000093200000|  0%| F|  |TAMS 0x0000000093100000| PB 0x0000000093100000| Untracked 
| 158|0x0000000093200000, 0x0000000093200000, 0x0000000093300000|  0%| F|  |TAMS 0x0000000093200000| PB 0x0000000093200000| Untracked 
| 159|0x0000000093300000, 0x0000000093300000, 0x0000000093400000|  0%| F|  |TAMS 0x0000000093300000| PB 0x0000000093300000| Untracked 
| 160|0x0000000093400000, 0x0000000093400000, 0x0000000093500000|  0%| F|  |TAMS 0x0000000093400000| PB 0x0000000093400000| Untracked 
| 161|0x0000000093500000, 0x0000000093500000, 0x0000000093600000|  0%| F|  |TAMS 0x0000000093500000| PB 0x0000000093500000| Untracked 
| 162|0x0000000093600000, 0x0000000093600000, 0x0000000093700000|  0%| F|  |TAMS 0x0000000093600000| PB 0x0000000093600000| Untracked 
| 163|0x0000000093700000, 0x0000000093700000, 0x0000000093800000|  0%| F|  |TAMS 0x0000000093700000| PB 0x0000000093700000| Untracked 
| 164|0x0000000093800000, 0x0000000093800000, 0x0000000093900000|  0%| F|  |TAMS 0x0000000093800000| PB 0x0000000093800000| Untracked 
| 165|0x0000000093900000, 0x0000000093900000, 0x0000000093a00000|  0%| F|  |TAMS 0x0000000093900000| PB 0x0000000093900000| Untracked 
| 166|0x0000000093a00000, 0x0000000093a00000, 0x0000000093b00000|  0%| F|  |TAMS 0x0000000093a00000| PB 0x0000000093a00000| Untracked 
| 167|0x0000000093b00000, 0x0000000093b00000, 0x0000000093c00000|  0%| F|  |TAMS 0x0000000093b00000| PB 0x0000000093b00000| Untracked 
| 168|0x0000000093c00000, 0x0000000093c00000, 0x0000000093d00000|  0%| F|  |TAMS 0x0000000093c00000| PB 0x0000000093c00000| Untracked 
| 169|0x0000000093d00000, 0x0000000093d00000, 0x0000000093e00000|  0%| F|  |TAMS 0x0000000093d00000| PB 0x0000000093d00000| Untracked 
| 170|0x0000000093e00000, 0x0000000093e00000, 0x0000000093f00000|  0%| F|  |TAMS 0x0000000093e00000| PB 0x0000000093e00000| Untracked 
| 171|0x0000000093f00000, 0x0000000093f00000, 0x0000000094000000|  0%| F|  |TAMS 0x0000000093f00000| PB 0x0000000093f00000| Untracked 
| 172|0x0000000094000000, 0x0000000094000000, 0x0000000094100000|  0%| F|  |TAMS 0x0000000094000000| PB 0x0000000094000000| Untracked 
| 173|0x0000000094100000, 0x0000000094100000, 0x0000000094200000|  0%| F|  |TAMS 0x0000000094100000| PB 0x0000000094100000| Untracked 
| 174|0x0000000094200000, 0x0000000094200000, 0x0000000094300000|  0%| F|  |TAMS 0x0000000094200000| PB 0x0000000094200000| Untracked 
| 175|0x0000000094300000, 0x0000000094300000, 0x0000000094400000|  0%| F|  |TAMS 0x0000000094300000| PB 0x0000000094300000| Untracked 
| 176|0x0000000094400000, 0x0000000094400000, 0x0000000094500000|  0%| F|  |TAMS 0x0000000094400000| PB 0x0000000094400000| Untracked 
| 177|0x0000000094500000, 0x0000000094500000, 0x0000000094600000|  0%| F|  |TAMS 0x0000000094500000| PB 0x0000000094500000| Untracked 
| 178|0x0000000094600000, 0x0000000094600000, 0x0000000094700000|  0%| F|  |TAMS 0x0000000094600000| PB 0x0000000094600000| Untracked 
| 179|0x0000000094700000, 0x0000000094700000, 0x0000000094800000|  0%| F|  |TAMS 0x0000000094700000| PB 0x0000000094700000| Untracked 
| 180|0x0000000094800000, 0x0000000094800000, 0x0000000094900000|  0%| F|  |TAMS 0x0000000094800000| PB 0x0000000094800000| Untracked 
| 181|0x0000000094900000, 0x0000000094900000, 0x0000000094a00000|  0%| F|  |TAMS 0x0000000094900000| PB 0x0000000094900000| Untracked 
| 182|0x0000000094a00000, 0x0000000094a00000, 0x0000000094b00000|  0%| F|  |TAMS 0x0000000094a00000| PB 0x0000000094a00000| Untracked 
| 183|0x0000000094b00000, 0x0000000094b00000, 0x0000000094c00000|  0%| F|  |TAMS 0x0000000094b00000| PB 0x0000000094b00000| Untracked 
| 184|0x0000000094c00000, 0x0000000094c00000, 0x0000000094d00000|  0%| F|  |TAMS 0x0000000094c00000| PB 0x0000000094c00000| Untracked 
| 185|0x0000000094d00000, 0x0000000094d00000, 0x0000000094e00000|  0%| F|  |TAMS 0x0000000094d00000| PB 0x0000000094d00000| Untracked 
| 186|0x0000000094e00000, 0x0000000094e00000, 0x0000000094f00000|  0%| F|  |TAMS 0x0000000094e00000| PB 0x0000000094e00000| Untracked 
| 187|0x0000000094f00000, 0x0000000094f00000, 0x0000000095000000|  0%| F|  |TAMS 0x0000000094f00000| PB 0x0000000094f00000| Untracked 
| 188|0x0000000095000000, 0x0000000095000000, 0x0000000095100000|  0%| F|  |TAMS 0x0000000095000000| PB 0x0000000095000000| Untracked 
| 189|0x0000000095100000, 0x0000000095100000, 0x0000000095200000|  0%| F|  |TAMS 0x0000000095100000| PB 0x0000000095100000| Untracked 
| 190|0x0000000095200000, 0x0000000095200000, 0x0000000095300000|  0%| F|  |TAMS 0x0000000095200000| PB 0x0000000095200000| Untracked 
| 191|0x0000000095300000, 0x0000000095300000, 0x0000000095400000|  0%| F|  |TAMS 0x0000000095300000| PB 0x0000000095300000| Untracked 
| 192|0x0000000095400000, 0x0000000095400000, 0x0000000095500000|  0%| F|  |TAMS 0x0000000095400000| PB 0x0000000095400000| Untracked 
| 193|0x0000000095500000, 0x0000000095500000, 0x0000000095600000|  0%| F|  |TAMS 0x0000000095500000| PB 0x0000000095500000| Untracked 
| 194|0x0000000095600000, 0x0000000095600000, 0x0000000095700000|  0%| F|  |TAMS 0x0000000095600000| PB 0x0000000095600000| Untracked 
| 195|0x0000000095700000, 0x0000000095700000, 0x0000000095800000|  0%| F|  |TAMS 0x0000000095700000| PB 0x0000000095700000| Untracked 
| 196|0x0000000095800000, 0x0000000095800000, 0x0000000095900000|  0%| F|  |TAMS 0x0000000095800000| PB 0x0000000095800000| Untracked 
| 197|0x0000000095900000, 0x0000000095900000, 0x0000000095a00000|  0%| F|  |TAMS 0x0000000095900000| PB 0x0000000095900000| Untracked 
| 198|0x0000000095a00000, 0x0000000095a00000, 0x0000000095b00000|  0%| F|  |TAMS 0x0000000095a00000| PB 0x0000000095a00000| Untracked 
| 199|0x0000000095b00000, 0x0000000095b00000, 0x0000000095c00000|  0%| F|  |TAMS 0x0000000095b00000| PB 0x0000000095b00000| Untracked 
| 200|0x0000000095c00000, 0x0000000095c00000, 0x0000000095d00000|  0%| F|  |TAMS 0x0000000095c00000| PB 0x0000000095c00000| Untracked 
| 201|0x0000000095d00000, 0x0000000095d00000, 0x0000000095e00000|  0%| F|  |TAMS 0x0000000095d00000| PB 0x0000000095d00000| Untracked 
| 202|0x0000000095e00000, 0x0000000095e00000, 0x0000000095f00000|  0%| F|  |TAMS 0x0000000095e00000| PB 0x0000000095e00000| Untracked 
| 203|0x0000000095f00000, 0x0000000095f00000, 0x0000000096000000|  0%| F|  |TAMS 0x0000000095f00000| PB 0x0000000095f00000| Untracked 
| 204|0x0000000096000000, 0x0000000096000000, 0x0000000096100000|  0%| F|  |TAMS 0x0000000096000000| PB 0x0000000096000000| Untracked 
| 205|0x0000000096100000, 0x0000000096100000, 0x0000000096200000|  0%| F|  |TAMS 0x0000000096100000| PB 0x0000000096100000| Untracked 
| 206|0x0000000096200000, 0x0000000096200000, 0x0000000096300000|  0%| F|  |TAMS 0x0000000096200000| PB 0x0000000096200000| Untracked 
| 207|0x0000000096300000, 0x0000000096300000, 0x0000000096400000|  0%| F|  |TAMS 0x0000000096300000| PB 0x0000000096300000| Untracked 
| 208|0x0000000096400000, 0x0000000096400000, 0x0000000096500000|  0%| F|  |TAMS 0x0000000096400000| PB 0x0000000096400000| Untracked 
| 209|0x0000000096500000, 0x0000000096500000, 0x0000000096600000|  0%| F|  |TAMS 0x0000000096500000| PB 0x0000000096500000| Untracked 
| 210|0x0000000096600000, 0x0000000096600000, 0x0000000096700000|  0%| F|  |TAMS 0x0000000096600000| PB 0x0000000096600000| Untracked 
| 211|0x0000000096700000, 0x0000000096700000, 0x0000000096800000|  0%| F|  |TAMS 0x0000000096700000| PB 0x0000000096700000| Untracked 
| 212|0x0000000096800000, 0x0000000096800000, 0x0000000096900000|  0%| F|  |TAMS 0x0000000096800000| PB 0x0000000096800000| Untracked 
| 213|0x0000000096900000, 0x0000000096900000, 0x0000000096a00000|  0%| F|  |TAMS 0x0000000096900000| PB 0x0000000096900000| Untracked 
| 214|0x0000000096a00000, 0x0000000096a00000, 0x0000000096b00000|  0%| F|  |TAMS 0x0000000096a00000| PB 0x0000000096a00000| Untracked 
| 215|0x0000000096b00000, 0x0000000096b00000, 0x0000000096c00000|  0%| F|  |TAMS 0x0000000096b00000| PB 0x0000000096b00000| Untracked 
| 216|0x0000000096c00000, 0x0000000096c00000, 0x0000000096d00000|  0%| F|  |TAMS 0x0000000096c00000| PB 0x0000000096c00000| Untracked 
| 217|0x0000000096d00000, 0x0000000096d00000, 0x0000000096e00000|  0%| F|  |TAMS 0x0000000096d00000| PB 0x0000000096d00000| Untracked 
| 218|0x0000000096e00000, 0x0000000096e00000, 0x0000000096f00000|  0%| F|  |TAMS 0x0000000096e00000| PB 0x0000000096e00000| Untracked 
| 219|0x0000000096f00000, 0x0000000096f00000, 0x0000000097000000|  0%| F|  |TAMS 0x0000000096f00000| PB 0x0000000096f00000| Untracked 
| 220|0x0000000097000000, 0x0000000097000000, 0x0000000097100000|  0%| F|  |TAMS 0x0000000097000000| PB 0x0000000097000000| Untracked 
| 221|0x0000000097100000, 0x0000000097100000, 0x0000000097200000|  0%| F|  |TAMS 0x0000000097100000| PB 0x0000000097100000| Untracked 
| 222|0x0000000097200000, 0x0000000097200000, 0x0000000097300000|  0%| F|  |TAMS 0x0000000097200000| PB 0x0000000097200000| Untracked 
| 223|0x0000000097300000, 0x0000000097300000, 0x0000000097400000|  0%| F|  |TAMS 0x0000000097300000| PB 0x0000000097300000| Untracked 
| 224|0x0000000097400000, 0x0000000097400000, 0x0000000097500000|  0%| F|  |TAMS 0x0000000097400000| PB 0x0000000097400000| Untracked 
| 225|0x0000000097500000, 0x0000000097500000, 0x0000000097600000|  0%| F|  |TAMS 0x0000000097500000| PB 0x0000000097500000| Untracked 
| 226|0x0000000097600000, 0x0000000097600000, 0x0000000097700000|  0%| F|  |TAMS 0x0000000097600000| PB 0x0000000097600000| Untracked 
| 227|0x0000000097700000, 0x0000000097700000, 0x0000000097800000|  0%| F|  |TAMS 0x0000000097700000| PB 0x0000000097700000| Untracked 
| 228|0x0000000097800000, 0x0000000097800000, 0x0000000097900000|  0%| F|  |TAMS 0x0000000097800000| PB 0x0000000097800000| Untracked 
| 229|0x0000000097900000, 0x0000000097900000, 0x0000000097a00000|  0%| F|  |TAMS 0x0000000097900000| PB 0x0000000097900000| Untracked 
| 230|0x0000000097a00000, 0x0000000097a00000, 0x0000000097b00000|  0%| F|  |TAMS 0x0000000097a00000| PB 0x0000000097a00000| Untracked 
| 231|0x0000000097b00000, 0x0000000097b00000, 0x0000000097c00000|  0%| F|  |TAMS 0x0000000097b00000| PB 0x0000000097b00000| Untracked 
| 232|0x0000000097c00000, 0x0000000097c00000, 0x0000000097d00000|  0%| F|  |TAMS 0x0000000097c00000| PB 0x0000000097c00000| Untracked 
| 233|0x0000000097d00000, 0x0000000097d00000, 0x0000000097e00000|  0%| F|  |TAMS 0x0000000097d00000| PB 0x0000000097d00000| Untracked 
| 234|0x0000000097e00000, 0x0000000097e00000, 0x0000000097f00000|  0%| F|  |TAMS 0x0000000097e00000| PB 0x0000000097e00000| Untracked 
| 235|0x0000000097f00000, 0x0000000097f00000, 0x0000000098000000|  0%| F|  |TAMS 0x0000000097f00000| PB 0x0000000097f00000| Untracked 
| 236|0x0000000098000000, 0x0000000098000000, 0x0000000098100000|  0%| F|  |TAMS 0x0000000098000000| PB 0x0000000098000000| Untracked 
| 237|0x0000000098100000, 0x0000000098100000, 0x0000000098200000|  0%| F|  |TAMS 0x0000000098100000| PB 0x0000000098100000| Untracked 
| 238|0x0000000098200000, 0x0000000098200000, 0x0000000098300000|  0%| F|  |TAMS 0x0000000098200000| PB 0x0000000098200000| Untracked 
| 239|0x0000000098300000, 0x0000000098300000, 0x0000000098400000|  0%| F|  |TAMS 0x0000000098300000| PB 0x0000000098300000| Untracked 
| 240|0x0000000098400000, 0x0000000098400000, 0x0000000098500000|  0%| F|  |TAMS 0x0000000098400000| PB 0x0000000098400000| Untracked 
| 241|0x0000000098500000, 0x0000000098500000, 0x0000000098600000|  0%| F|  |TAMS 0x0000000098500000| PB 0x0000000098500000| Untracked 
| 242|0x0000000098600000, 0x0000000098600000, 0x0000000098700000|  0%| F|  |TAMS 0x0000000098600000| PB 0x0000000098600000| Untracked 
| 243|0x0000000098700000, 0x0000000098700000, 0x0000000098800000|  0%| F|  |TAMS 0x0000000098700000| PB 0x0000000098700000| Untracked 
| 244|0x0000000098800000, 0x0000000098800000, 0x0000000098900000|  0%| F|  |TAMS 0x0000000098800000| PB 0x0000000098800000| Untracked 
| 245|0x0000000098900000, 0x0000000098900000, 0x0000000098a00000|  0%| F|  |TAMS 0x0000000098900000| PB 0x0000000098900000| Untracked 
| 246|0x0000000098a00000, 0x0000000098a00000, 0x0000000098b00000|  0%| F|  |TAMS 0x0000000098a00000| PB 0x0000000098a00000| Untracked 
| 247|0x0000000098b00000, 0x0000000098b00000, 0x0000000098c00000|  0%| F|  |TAMS 0x0000000098b00000| PB 0x0000000098b00000| Untracked 
| 248|0x0000000098c00000, 0x0000000098c00000, 0x0000000098d00000|  0%| F|  |TAMS 0x0000000098c00000| PB 0x0000000098c00000| Untracked 
| 249|0x0000000098d00000, 0x0000000098d00000, 0x0000000098e00000|  0%| F|  |TAMS 0x0000000098d00000| PB 0x0000000098d00000| Untracked 
| 250|0x0000000098e00000, 0x0000000098e00000, 0x0000000098f00000|  0%| F|  |TAMS 0x0000000098e00000| PB 0x0000000098e00000| Untracked 
| 251|0x0000000098f00000, 0x0000000098f00000, 0x0000000099000000|  0%| F|  |TAMS 0x0000000098f00000| PB 0x0000000098f00000| Untracked 
| 252|0x0000000099000000, 0x0000000099000000, 0x0000000099100000|  0%| F|  |TAMS 0x0000000099000000| PB 0x0000000099000000| Untracked 
| 253|0x0000000099100000, 0x0000000099100000, 0x0000000099200000|  0%| F|  |TAMS 0x0000000099100000| PB 0x0000000099100000| Untracked 
| 254|0x0000000099200000, 0x0000000099200000, 0x0000000099300000|  0%| F|  |TAMS 0x0000000099200000| PB 0x0000000099200000| Untracked 
| 255|0x0000000099300000, 0x0000000099300000, 0x0000000099400000|  0%| F|  |TAMS 0x0000000099300000| PB 0x0000000099300000| Untracked 
| 256|0x0000000099400000, 0x0000000099400000, 0x0000000099500000|  0%| F|  |TAMS 0x0000000099400000| PB 0x0000000099400000| Untracked 
| 257|0x0000000099500000, 0x0000000099500000, 0x0000000099600000|  0%| F|  |TAMS 0x0000000099500000| PB 0x0000000099500000| Untracked 
| 258|0x0000000099600000, 0x0000000099600000, 0x0000000099700000|  0%| F|  |TAMS 0x0000000099600000| PB 0x0000000099600000| Untracked 
| 259|0x0000000099700000, 0x0000000099700000, 0x0000000099800000|  0%| F|  |TAMS 0x0000000099700000| PB 0x0000000099700000| Untracked 
| 260|0x0000000099800000, 0x0000000099800000, 0x0000000099900000|  0%| F|  |TAMS 0x0000000099800000| PB 0x0000000099800000| Untracked 
| 261|0x0000000099900000, 0x0000000099900000, 0x0000000099a00000|  0%| F|  |TAMS 0x0000000099900000| PB 0x0000000099900000| Untracked 
| 262|0x0000000099a00000, 0x0000000099a00000, 0x0000000099b00000|  0%| F|  |TAMS 0x0000000099a00000| PB 0x0000000099a00000| Untracked 
| 263|0x0000000099b00000, 0x0000000099b00000, 0x0000000099c00000|  0%| F|  |TAMS 0x0000000099b00000| PB 0x0000000099b00000| Untracked 
| 264|0x0000000099c00000, 0x0000000099c00000, 0x0000000099d00000|  0%| F|  |TAMS 0x0000000099c00000| PB 0x0000000099c00000| Untracked 
| 265|0x0000000099d00000, 0x0000000099d00000, 0x0000000099e00000|  0%| F|  |TAMS 0x0000000099d00000| PB 0x0000000099d00000| Untracked 
| 266|0x0000000099e00000, 0x0000000099e00000, 0x0000000099f00000|  0%| F|  |TAMS 0x0000000099e00000| PB 0x0000000099e00000| Untracked 
| 267|0x0000000099f00000, 0x0000000099f00000, 0x000000009a000000|  0%| F|  |TAMS 0x0000000099f00000| PB 0x0000000099f00000| Untracked 
| 268|0x000000009a000000, 0x000000009a000000, 0x000000009a100000|  0%| F|  |TAMS 0x000000009a000000| PB 0x000000009a000000| Untracked 
| 269|0x000000009a100000, 0x000000009a100000, 0x000000009a200000|  0%| F|  |TAMS 0x000000009a100000| PB 0x000000009a100000| Untracked 
| 270|0x000000009a200000, 0x000000009a200000, 0x000000009a300000|  0%| F|  |TAMS 0x000000009a200000| PB 0x000000009a200000| Untracked 
| 271|0x000000009a300000, 0x000000009a300000, 0x000000009a400000|  0%| F|  |TAMS 0x000000009a300000| PB 0x000000009a300000| Untracked 
| 272|0x000000009a400000, 0x000000009a400000, 0x000000009a500000|  0%| F|  |TAMS 0x000000009a400000| PB 0x000000009a400000| Untracked 
| 273|0x000000009a500000, 0x000000009a600000, 0x000000009a600000|100%| E|  |TAMS 0x000000009a500000| PB 0x000000009a500000| Complete 
| 274|0x000000009a600000, 0x000000009a700000, 0x000000009a700000|100%| E|CS|TAMS 0x000000009a600000| PB 0x000000009a600000| Complete 
| 275|0x000000009a700000, 0x000000009a800000, 0x000000009a800000|100%| E|CS|TAMS 0x000000009a700000| PB 0x000000009a700000| Complete 
| 276|0x000000009a800000, 0x000000009a900000, 0x000000009a900000|100%| E|CS|TAMS 0x000000009a800000| PB 0x000000009a800000| Complete 
| 277|0x000000009a900000, 0x000000009aa00000, 0x000000009aa00000|100%| E|CS|TAMS 0x000000009a900000| PB 0x000000009a900000| Complete 
| 278|0x000000009aa00000, 0x000000009ab00000, 0x000000009ab00000|100%| E|CS|TAMS 0x000000009aa00000| PB 0x000000009aa00000| Complete 
| 279|0x000000009ab00000, 0x000000009ac00000, 0x000000009ac00000|100%| E|CS|TAMS 0x000000009ab00000| PB 0x000000009ab00000| Complete 
| 280|0x000000009ac00000, 0x000000009ad00000, 0x000000009ad00000|100%| E|CS|TAMS 0x000000009ac00000| PB 0x000000009ac00000| Complete 
| 281|0x000000009ad00000, 0x000000009ae00000, 0x000000009ae00000|100%| E|CS|TAMS 0x000000009ad00000| PB 0x000000009ad00000| Complete 
| 282|0x000000009ae00000, 0x000000009af00000, 0x000000009af00000|100%| E|CS|TAMS 0x000000009ae00000| PB 0x000000009ae00000| Complete 
| 283|0x000000009af00000, 0x000000009b000000, 0x000000009b000000|100%| E|CS|TAMS 0x000000009af00000| PB 0x000000009af00000| Complete 
| 284|0x000000009b000000, 0x000000009b100000, 0x000000009b100000|100%| E|CS|TAMS 0x000000009b000000| PB 0x000000009b000000| Complete 
| 285|0x000000009b100000, 0x000000009b200000, 0x000000009b200000|100%| E|CS|TAMS 0x000000009b100000| PB 0x000000009b100000| Complete 
| 286|0x000000009b200000, 0x000000009b300000, 0x000000009b300000|100%| E|CS|TAMS 0x000000009b200000| PB 0x000000009b200000| Complete 
| 287|0x000000009b300000, 0x000000009b400000, 0x000000009b400000|100%| E|CS|TAMS 0x000000009b300000| PB 0x000000009b300000| Complete 
| 288|0x000000009b400000, 0x000000009b500000, 0x000000009b500000|100%| E|CS|TAMS 0x000000009b400000| PB 0x000000009b400000| Complete 
| 289|0x000000009b500000, 0x000000009b600000, 0x000000009b600000|100%| E|CS|TAMS 0x000000009b500000| PB 0x000000009b500000| Complete 
| 290|0x000000009b600000, 0x000000009b700000, 0x000000009b700000|100%| E|CS|TAMS 0x000000009b600000| PB 0x000000009b600000| Complete 
| 291|0x000000009b700000, 0x000000009b800000, 0x000000009b800000|100%| E|CS|TAMS 0x000000009b700000| PB 0x000000009b700000| Complete 
| 292|0x000000009b800000, 0x000000009b900000, 0x000000009b900000|100%| E|CS|TAMS 0x000000009b800000| PB 0x000000009b800000| Complete 
| 293|0x000000009b900000, 0x000000009ba00000, 0x000000009ba00000|100%| E|CS|TAMS 0x000000009b900000| PB 0x000000009b900000| Complete 
| 294|0x000000009ba00000, 0x000000009bb00000, 0x000000009bb00000|100%| E|CS|TAMS 0x000000009ba00000| PB 0x000000009ba00000| Complete 
| 295|0x000000009bb00000, 0x000000009bc00000, 0x000000009bc00000|100%| E|CS|TAMS 0x000000009bb00000| PB 0x000000009bb00000| Complete 
|1897|0x00000000ffd00000, 0x00000000ffe00000, 0x00000000ffe00000|100%| E|CS|TAMS 0x00000000ffd00000| PB 0x00000000ffd00000| Complete 
|1898|0x00000000ffe00000, 0x00000000fff00000, 0x00000000fff00000|100%| O|  |TAMS 0x00000000ffe00000| PB 0x00000000ffe00000| Untracked 
|1899|0x00000000fff00000, 0x0000000100000000, 0x0000000100000000|100%| O|  |TAMS 0x00000000fff00000| PB 0x00000000fff00000| Untracked 

Card table byte_map: [0x00000224fc1c0000,0x00000224fc580000] _byte_map_base: 0x00000224fbd76000

Marking Bits: (CMBitMap*) 0x00000224e97b1d20
 Bits: [0x00000224fc580000, 0x00000224fe330000)

Polling page: 0x00000224e7670000

Metaspace:

Usage:
  Non-class:     57.45 MB used.
      Class:      7.43 MB used.
       Both:     64.88 MB used.

Virtual space:
  Non-class space:       64.00 MB reserved,      57.62 MB ( 90%) committed,  1 nodes.
      Class space:        1.00 GB reserved,       7.56 MB ( <1%) committed,  1 nodes.
             Both:        1.06 GB reserved,      65.19 MB (  6%) committed. 

Chunk freelists:
   Non-Class:  6.31 MB
       Class:  8.45 MB
        Both:  14.76 MB

MaxMetaspaceSize: unlimited
CompressedClassSpaceSize: 1.00 GB
Initial GC threshold: 21.00 MB
Current GC threshold: 107.00 MB
CDS: off
 - commit_granule_bytes: 65536.
 - commit_granule_words: 8192.
 - virtual_space_node_default_size: 8388608.
 - enlarge_chunks_in_place: 1.
 - use_allocation_guard: 0.


Internal statistics:

num_allocs_failed_limit: 6.
num_arena_births: 316.
num_arena_deaths: 0.
num_vsnodes_births: 2.
num_vsnodes_deaths: 0.
num_space_committed: 1042.
num_space_uncommitted: 0.
num_chunks_returned_to_freelist: 6.
num_chunks_taken_from_freelist: 2307.
num_chunk_merges: 6.
num_chunk_splits: 1922.
num_chunks_enlarged: 1726.
num_inconsistent_stats: 0.

CodeHeap 'non-profiled nmethods': size=120000Kb used=4051Kb max_used=4051Kb free=115948Kb
 bounds [0x00000224f4380000, 0x00000224f4780000, 0x00000224fb8b0000]
CodeHeap 'profiled nmethods': size=120000Kb used=16527Kb max_used=16527Kb free=103472Kb
 bounds [0x00000224ec8b0000, 0x00000224ed8e0000, 0x00000224f3de0000]
CodeHeap 'non-nmethods': size=5760Kb used=1679Kb max_used=1726Kb free=4080Kb
 bounds [0x00000224f3de0000, 0x00000224f4050000, 0x00000224f4380000]
 total_blobs=7107 nmethods=6390 adapters=620
 compilation: enabled
              stopped_count=0, restarted_count=0
 full_count=0

Compilation events (20 events):
Event: 6.749 Thread 0x00000224ff1b2a10 nmethod 7251 0x00000224f4771990 code [0x00000224f4771b20, 0x00000224f4771bb0]
Event: 6.749 Thread 0x00000224ff1de480 nmethod 7246 0x00000224ed877890 code [0x00000224ed878700, 0x00000224ed8807d0]
Event: 6.749 Thread 0x00000224ff1de480 7252       3       org.jetbrains.kotlin.fir.FirVisibilityCheckerKt::containingNonLocalClass (303 bytes)
Event: 6.751 Thread 0x00000224ff1de480 nmethod 7252 0x00000224ed883290 code [0x00000224ed8837e0, 0x00000224ed8862c8]
Event: 6.751 Thread 0x00000224ff1de480 7247       3       org.jetbrains.kotlin.resolve.calls.inference.components.TypeCheckerStateForConstraintSystem::simplifyConstraintForPossibleIntersectionSubType (841 bytes)
Event: 6.756 Thread 0x00000224ff1de480 nmethod 7247 0x00000224ed886f90 code [0x00000224ed887de0, 0x00000224ed891210]
Event: 6.756 Thread 0x00000224ff1de480 7248       3       org.jetbrains.kotlin.fir.resolve.calls.ConstructorProcessingKt::getFirstClassifierOrNull (84 bytes)
Event: 6.757 Thread 0x00000224ff1de480 nmethod 7248 0x00000224ed894110 code [0x00000224ed8943a0, 0x00000224ed8950c0]
Event: 6.757 Thread 0x00000224ff1de480 7256       3       org.jetbrains.kotlin.fir.scopes.impl.FirActualizingScope::processPropertiesByName (25 bytes)
Event: 6.757 Thread 0x00000224ff1de480 nmethod 7256 0x00000224ed895590 code [0x00000224ed895840, 0x00000224ed896278]
Event: 6.757 Thread 0x00000224ff1de480 7257       3       org.jetbrains.kotlin.fir.scopes.impl.FirActualizingScope$processPropertiesByName$1::invoke (20 bytes)
Event: 6.758 Thread 0x00000224ff1de480 nmethod 7257 0x00000224ed896690 code [0x00000224ed8969e0, 0x00000224ed897bf8]
Event: 6.758 Thread 0x00000224ff1de480 7258       3       org.jetbrains.kotlin.fir.scopes.impl.FirActualizingScope$processPropertiesByName$1::invoke (25 bytes)
Event: 6.759 Thread 0x00000224ff1de480 nmethod 7258 0x00000224ed898210 code [0x00000224ed898520, 0x00000224ed899408]
Event: 6.759 Thread 0x00000224ff1de480 7245       3       org.jetbrains.kotlin.resolve.calls.inference.model.NewConstraintSystemImpl::isNotNullTypeParameter (18 bytes)
Event: 6.759 Thread 0x00000224ff1de480 nmethod 7245 0x00000224ed899990 code [0x00000224ed899bc0, 0x00000224ed89a220]
Event: 6.759 Thread 0x00000224ff1de480 7254       3       org.jetbrains.kotlin.fir.resolve.calls.VisibilityUtilsKt::isVisible (211 bytes)
Event: 6.760 Thread 0x00000224ff1b2a10 7261       4       org.jetbrains.kotlin.utils.SmartList::add (149 bytes)
Event: 6.760 Thread 0x00000224ff1de480 nmethod 7254 0x00000224ed89a490 code [0x00000224ed89a960, 0x00000224ed89c998]
Event: 6.760 Thread 0x00000224ff1de480 7259       3       org.jetbrains.kotlin.fir.resolve.substitution.AbstractConeSubstitutor::substituteArguments (415 bytes)

GC Heap History (20 events):
Event: 4.159 GC heap before
{Heap before GC invocations=15 (full 0):
 garbage-first heap   total 78848K, used 65536K [0x0000000089400000, 0x0000000100000000)
  region size 1024K, 23 young (23552K), 4 survivors (4096K)
 Metaspace       used 57095K, committed 57408K, reserved 1114112K
  class space    used 6635K, committed 6784K, reserved 1048576K
}
Event: 4.168 GC heap after
{Heap after GC invocations=16 (full 0):
 garbage-first heap   total 78848K, used 52736K [0x0000000089400000, 0x0000000100000000)
  region size 1024K, 3 young (3072K), 3 survivors (3072K)
 Metaspace       used 57095K, committed 57408K, reserved 1114112K
  class space    used 6635K, committed 6784K, reserved 1048576K
}
Event: 4.232 GC heap before
{Heap before GC invocations=17 (full 0):
 garbage-first heap   total 89088K, used 67072K [0x0000000089400000, 0x0000000100000000)
  region size 1024K, 17 young (17408K), 3 survivors (3072K)
 Metaspace       used 57104K, committed 57472K, reserved 1114112K
  class space    used 6635K, committed 6784K, reserved 1048576K
}
Event: 4.238 GC heap after
{Heap after GC invocations=18 (full 0):
 garbage-first heap   total 89088K, used 57344K [0x0000000089400000, 0x0000000100000000)
  region size 1024K, 3 young (3072K), 3 survivors (3072K)
 Metaspace       used 57104K, committed 57472K, reserved 1114112K
  class space    used 6635K, committed 6784K, reserved 1048576K
}
Event: 4.290 GC heap before
{Heap before GC invocations=18 (full 0):
 garbage-first heap   total 89088K, used 75776K [0x0000000089400000, 0x0000000100000000)
  region size 1024K, 21 young (21504K), 3 survivors (3072K)
 Metaspace       used 57104K, committed 57472K, reserved 1114112K
  class space    used 6635K, committed 6784K, reserved 1048576K
}
Event: 4.296 GC heap after
{Heap after GC invocations=19 (full 0):
 garbage-first heap   total 89088K, used 62464K [0x0000000089400000, 0x0000000100000000)
  region size 1024K, 3 young (3072K), 3 survivors (3072K)
 Metaspace       used 57104K, committed 57472K, reserved 1114112K
  class space    used 6635K, committed 6784K, reserved 1048576K
}
Event: 4.333 GC heap before
{Heap before GC invocations=19 (full 0):
 garbage-first heap   total 89088K, used 77824K [0x0000000089400000, 0x0000000100000000)
  region size 1024K, 18 young (18432K), 3 survivors (3072K)
 Metaspace       used 57105K, committed 57472K, reserved 1114112K
  class space    used 6635K, committed 6784K, reserved 1048576K
}
Event: 4.340 GC heap after
{Heap after GC invocations=20 (full 0):
 garbage-first heap   total 178176K, used 67584K [0x0000000089400000, 0x0000000100000000)
  region size 1024K, 3 young (3072K), 3 survivors (3072K)
 Metaspace       used 57105K, committed 57472K, reserved 1114112K
  class space    used 6635K, committed 6784K, reserved 1048576K
}
Event: 4.511 GC heap before
{Heap before GC invocations=21 (full 0):
 garbage-first heap   total 178176K, used 131072K [0x0000000089400000, 0x0000000100000000)
  region size 1024K, 65 young (66560K), 3 survivors (3072K)
 Metaspace       used 57110K, committed 57472K, reserved 1114112K
  class space    used 6635K, committed 6784K, reserved 1048576K
}
Event: 4.524 GC heap after
{Heap after GC invocations=22 (full 0):
 garbage-first heap   total 178176K, used 87040K [0x0000000089400000, 0x0000000100000000)
  region size 1024K, 9 young (9216K), 9 survivors (9216K)
 Metaspace       used 57110K, committed 57472K, reserved 1114112K
  class space    used 6635K, committed 6784K, reserved 1048576K
}
Event: 4.646 GC heap before
{Heap before GC invocations=22 (full 0):
 garbage-first heap   total 178176K, used 133120K [0x0000000089400000, 0x0000000100000000)
  region size 1024K, 54 young (55296K), 9 survivors (9216K)
 Metaspace       used 57110K, committed 57472K, reserved 1114112K
  class space    used 6635K, committed 6784K, reserved 1048576K
}
Event: 4.660 GC heap after
{Heap after GC invocations=23 (full 0):
 garbage-first heap   total 178176K, used 100352K [0x0000000089400000, 0x0000000100000000)
  region size 1024K, 7 young (7168K), 7 survivors (7168K)
 Metaspace       used 57110K, committed 57472K, reserved 1114112K
  class space    used 6635K, committed 6784K, reserved 1048576K
}
Event: 4.966 GC heap before
{Heap before GC invocations=23 (full 0):
 garbage-first heap   total 178176K, used 122880K [0x0000000089400000, 0x0000000100000000)
  region size 1024K, 30 young (30720K), 7 survivors (7168K)
 Metaspace       used 58889K, committed 59264K, reserved 1114112K
  class space    used 6817K, committed 6976K, reserved 1048576K
}
Event: 4.974 GC heap after
{Heap after GC invocations=24 (full 0):
 garbage-first heap   total 178176K, used 107520K [0x0000000089400000, 0x0000000100000000)
  region size 1024K, 6 young (6144K), 6 survivors (6144K)
 Metaspace       used 58889K, committed 59264K, reserved 1114112K
  class space    used 6817K, committed 6976K, reserved 1048576K
}
Event: 5.235 GC heap before
{Heap before GC invocations=25 (full 0):
 garbage-first heap   total 181248K, used 147456K [0x0000000089400000, 0x0000000100000000)
  region size 1024K, 44 young (45056K), 6 survivors (6144K)
 Metaspace       used 59485K, committed 59776K, reserved 1114112K
  class space    used 6857K, committed 6976K, reserved 1048576K
}
Event: 5.247 GC heap after
{Heap after GC invocations=26 (full 0):
 garbage-first heap   total 181248K, used 119808K [0x0000000089400000, 0x0000000100000000)
  region size 1024K, 6 young (6144K), 6 survivors (6144K)
 Metaspace       used 59485K, committed 59776K, reserved 1114112K
  class space    used 6857K, committed 6976K, reserved 1048576K
}
Event: 5.735 GC heap before
{Heap before GC invocations=26 (full 0):
 garbage-first heap   total 181248K, used 154624K [0x0000000089400000, 0x0000000100000000)
  region size 1024K, 40 young (40960K), 6 survivors (6144K)
 Metaspace       used 63218K, committed 63552K, reserved 1114112K
  class space    used 7246K, committed 7424K, reserved 1048576K
}
Event: 5.746 GC heap after
{Heap after GC invocations=27 (full 0):
 garbage-first heap   total 181248K, used 125952K [0x0000000089400000, 0x0000000100000000)
  region size 1024K, 5 young (5120K), 5 survivors (5120K)
 Metaspace       used 63218K, committed 63552K, reserved 1114112K
  class space    used 7246K, committed 7424K, reserved 1048576K
}
Event: 6.266 GC heap before
{Heap before GC invocations=27 (full 0):
 garbage-first heap   total 181248K, used 158720K [0x0000000089400000, 0x0000000100000000)
  region size 1024K, 37 young (37888K), 5 survivors (5120K)
 Metaspace       used 65317K, committed 65728K, reserved 1114112K
  class space    used 7517K, committed 7680K, reserved 1048576K
}
Event: 6.279 GC heap after
{Heap after GC invocations=28 (full 0):
 garbage-first heap   total 306176K, used 134144K [0x0000000089400000, 0x0000000100000000)
  region size 1024K, 5 young (5120K), 5 survivors (5120K)
 Metaspace       used 65317K, committed 65728K, reserved 1114112K
  class space    used 7517K, committed 7680K, reserved 1048576K
}

Dll operation events (3 events):
Event: 0.013 Loaded shared library E:\Programm\Program Files\Android\Android Studio\jbr\bin\java.dll
Event: 0.021 Loaded shared library E:\Programm\Program Files\Android\Android Studio\jbr\bin\zip.dll
Event: 1.787 Loaded shared library E:\Programm\Program Files\Android\Android Studio\jbr\bin\verify.dll

Deoptimization events (20 events):
Event: 6.467 Thread 0x00000224e73c6c70 Uncommon trap: trap_request=0xffffffc6 fr.pc=0x00000224f46e10a8 relative=0x0000000000000148
Event: 6.467 Thread 0x00000224e73c6c70 Uncommon trap: reason=bimorphic_or_optimized_type_check action=maybe_recompile pc=0x00000224f46e10a8 method=kotlin.collections.CollectionsKt___CollectionsKt.single(Ljava/util/List;)Ljava/lang/Object; @ 7 c2
Event: 6.467 Thread 0x00000224e73c6c70 DEOPT PACKING pc=0x00000224f46e10a8 sp=0x0000009f5e3fb380
Event: 6.467 Thread 0x00000224e73c6c70 DEOPT UNPACKING pc=0x00000224f3e346a2 sp=0x0000009f5e3fb318 mode 2
Event: 6.467 Thread 0x00000224e73c6c70 Uncommon trap: trap_request=0xffffff45 fr.pc=0x00000224f4404798 relative=0x00000000000000f8
Event: 6.467 Thread 0x00000224e73c6c70 Uncommon trap: reason=unstable_if action=reinterpret pc=0x00000224f4404798 method=java.util.ArrayList.fastRemove([Ljava/lang/Object;I)V @ 19 c2
Event: 6.467 Thread 0x00000224e73c6c70 DEOPT PACKING pc=0x00000224f4404798 sp=0x0000009f5e3faf20
Event: 6.467 Thread 0x00000224e73c6c70 DEOPT UNPACKING pc=0x00000224f3e346a2 sp=0x0000009f5e3faec8 mode 2
Event: 6.617 Thread 0x00000224e73c6c70 Uncommon trap: trap_request=0xffffff45 fr.pc=0x00000224f469aa4c relative=0x00000000000000ac
Event: 6.617 Thread 0x00000224e73c6c70 Uncommon trap: reason=unstable_if action=reinterpret pc=0x00000224f469aa4c method=java.lang.StringLatin1.lastIndexOf([BI[BII)I @ 32 c2
Event: 6.617 Thread 0x00000224e73c6c70 DEOPT PACKING pc=0x00000224f469aa4c sp=0x0000009f5e3fb7b0
Event: 6.617 Thread 0x00000224e73c6c70 DEOPT UNPACKING pc=0x00000224f3e346a2 sp=0x0000009f5e3fb708 mode 2
Event: 6.631 Thread 0x00000224e73c6c70 Uncommon trap: trap_request=0xffffff45 fr.pc=0x00000224f45b1788 relative=0x0000000000000128
Event: 6.631 Thread 0x00000224e73c6c70 Uncommon trap: reason=unstable_if action=reinterpret pc=0x00000224f45b1788 method=org.jetbrains.kotlin.fir.types.ConeTypeUtilsKt.getConstructor(Lorg/jetbrains/kotlin/fir/types/ConeRigidType;)Lorg/jetbrains/kotlin/types/model/TypeConstructorMarker; @ 32 c2
Event: 6.631 Thread 0x00000224e73c6c70 DEOPT PACKING pc=0x00000224f45b1788 sp=0x0000009f5e3f85c0
Event: 6.631 Thread 0x00000224e73c6c70 DEOPT UNPACKING pc=0x00000224f3e346a2 sp=0x0000009f5e3f84e0 mode 2
Event: 6.631 Thread 0x00000224e73c6c70 Uncommon trap: trap_request=0xffffff45 fr.pc=0x00000224f45b120c relative=0x00000000000000cc
Event: 6.631 Thread 0x00000224e73c6c70 Uncommon trap: reason=unstable_if action=reinterpret pc=0x00000224f45b120c method=org.jetbrains.kotlin.fir.types.ConeTypeUtilsKt.getConstructor(Lorg/jetbrains/kotlin/fir/types/ConeRigidType;)Lorg/jetbrains/kotlin/types/model/TypeConstructorMarker; @ 32 c2
Event: 6.631 Thread 0x00000224e73c6c70 DEOPT PACKING pc=0x00000224f45b120c sp=0x0000009f5e3f8370
Event: 6.631 Thread 0x00000224e73c6c70 DEOPT UNPACKING pc=0x00000224f3e346a2 sp=0x0000009f5e3f8308 mode 2

Classes loaded (20 events):
Event: 3.803 Loading class java/security/AccessControlException
Event: 3.803 Loading class java/security/AccessControlException done
Event: 3.807 Loading class java/lang/Override
Event: 3.807 Loading class java/lang/Override done
Event: 3.888 Loading class java/util/concurrent/atomic/AtomicIntegerArray
Event: 3.888 Loading class java/util/concurrent/atomic/AtomicIntegerArray done
Event: 3.889 Loading class java/util/concurrent/atomic/AtomicLongArray
Event: 3.889 Loading class java/util/concurrent/atomic/AtomicLongArray done
Event: 4.807 Loading class java/text/StringCharacterIterator
Event: 4.807 Loading class java/text/CharacterIterator
Event: 4.807 Loading class java/text/CharacterIterator done
Event: 4.807 Loading class java/text/StringCharacterIterator done
Event: 4.871 Loading class java/util/AbstractList$ListItr
Event: 4.871 Loading class java/util/AbstractList$ListItr done
Event: 5.413 Loading class java/util/RegularEnumSet$EnumSetIterator
Event: 5.413 Loading class java/util/RegularEnumSet$EnumSetIterator done
Event: 5.643 Loading class java/util/AbstractList$RandomAccessSubList
Event: 5.643 Loading class java/util/AbstractList$RandomAccessSubList done
Event: 6.240 Loading class java/lang/Byte$ByteCache
Event: 6.240 Loading class java/lang/Byte$ByteCache done

Classes unloaded (0 events):
No events

Classes redefined (0 events):
No events

Internal exceptions (20 events):
Event: 3.248 Thread 0x00000224e73c6c70 Exception <a 'java/lang/NoSuchMethodError'{0x000000008c6a1258}: 'java.lang.Object java.lang.invoke.Invokers$Holder.linkToTargetMethod(java.lang.Object, java.lang.Object, int, java.lang.Object)'> (0x000000008c6a1258) 
thrown [s\src\hotspot\share\interpreter\linkResolver.cpp, line 784]
Event: 3.297 Thread 0x00000224e73c6c70 Implicit null exception at 0x00000224f44f69da to 0x00000224f44f6ad8
Event: 3.873 Thread 0x00000224e73c6c70 Exception <a 'java/lang/NoSuchMethodError'{0x000000008d8dc890}: 'java.lang.Object java.lang.invoke.DirectMethodHandle$Holder.newInvokeSpecial(java.lang.Object, java.lang.Object, java.lang.Object, int, java.lang.Object)'> (0x000000008d8dc890) 
thrown [s\src\hotspot\share\interpreter\linkResolver.cpp, line 784]
Event: 3.882 Thread 0x00000224e73c6c70 Exception <a 'java/lang/NoSuchMethodError'{0x000000008d75a928}: 'java.lang.Object java.lang.invoke.DirectMethodHandle$Holder.newInvokeSpecial(java.lang.Object, java.lang.Object, java.lang.Object, java.lang.Object, int)'> (0x000000008d75a928) 
thrown [s\src\hotspot\share\interpreter\linkResolver.cpp, line 784]
Event: 3.883 Thread 0x00000224e73c6c70 Exception <a 'java/lang/NoSuchMethodError'{0x000000008d75f020}: 'java.lang.Object java.lang.invoke.DirectMethodHandle$Holder.invokeSpecial(java.lang.Object, java.lang.Object, java.lang.Object, java.lang.Object, java.lang.Object, int)'> (0x000000008d75f020) 
thrown [s\src\hotspot\share\interpreter\linkResolver.cpp, line 784]
Event: 3.883 Thread 0x00000224e73c6c70 Exception <a 'java/lang/NoSuchMethodError'{0x000000008d763010}: 'java.lang.Object java.lang.invoke.Invokers$Holder.linkToTargetMethod(java.lang.Object, java.lang.Object, java.lang.Object, int, java.lang.Object)'> (0x000000008d763010) 
thrown [s\src\hotspot\share\interpreter\linkResolver.cpp, line 784]
Event: 3.977 Thread 0x00000224e73c6c70 Implicit null exception at 0x00000224f440bca5 to 0x00000224f440bef0
Event: 5.479 Thread 0x00000224e73c6c70 Exception <a 'java/lang/NoSuchMethodError'{0x00000000938761f8}: 'java.lang.Object java.lang.invoke.DirectMethodHandle$Holder.newInvokeSpecial(java.lang.Object, int, java.lang.Object)'> (0x00000000938761f8) 
thrown [s\src\hotspot\share\interpreter\linkResolver.cpp, line 784]
Event: 5.483 Thread 0x00000224e73c6c70 Exception <a 'java/lang/NoSuchMethodError'{0x00000000938b1780}: 'java.lang.Object java.lang.invoke.DirectMethodHandle$Holder.newInvokeSpecial(java.lang.Object, java.lang.Object, java.lang.Object, java.lang.Object, int, java.lang.Object, java.lang.Object)'> (0x00000000938b1780) 
thrown [s\src\hotspot\share\interpreter\linkResolver.cpp, line 784]
Event: 5.484 Thread 0x00000224e73c6c70 Exception <a 'java/lang/NoSuchMethodError'{0x00000000938b9910}: 'java.lang.Object java.lang.invoke.Invokers$Holder.linkToTargetMethod(java.lang.Object, java.lang.Object, java.lang.Object, int, java.lang.Object, java.lang.Object, java.lang.Object)'> (0x00000000938b9910) 
thrown [s\src\hotspot\share\interpreter\linkResolver.cpp, line 784]
Event: 5.522 Thread 0x00000224e73c6c70 Exception <a 'java/lang/NoSuchMethodError'{0x00000000936edb38}: 'java.lang.Object java.lang.invoke.DirectMethodHandle$Holder.newInvokeSpecial(java.lang.Object, java.lang.Object, java.lang.Object, java.lang.Object, java.lang.Object, java.lang.Object)'> (0x00000000936edb38) 
thrown [s\src\hotspot\share\interpreter\linkResolver.cpp, line 784]
Event: 5.848 Thread 0x00000224e73c6c70 Exception <a 'java/lang/NoSuchMethodError'{0x0000000093d81350}: 'java.lang.Object java.lang.invoke.DirectMethodHandle$Holder.invokeSpecial(java.lang.Object, java.lang.Object, int, java.lang.Object, java.lang.Object)'> (0x0000000093d81350) 
thrown [s\src\hotspot\share\interpreter\linkResolver.cpp, line 784]
Event: 5.852 Thread 0x00000224e73c6c70 Exception <a 'java/lang/NoSuchMethodError'{0x0000000093daacf0}: 'java.lang.Object java.lang.invoke.DirectMethodHandle$Holder.invokeStatic(java.lang.Object, int, java.lang.Object, java.lang.Object)'> (0x0000000093daacf0) 
thrown [s\src\hotspot\share\interpreter\linkResolver.cpp, line 784]
Event: 6.049 Thread 0x00000224e73c6c70 Exception <a 'java/lang/NoSuchMethodError'{0x0000000093512738}: 'java.lang.Object java.lang.invoke.DirectMethodHandle$Holder.invokeStatic(java.lang.Object, java.lang.Object, java.lang.Object, int, java.lang.Object, java.lang.Object)'> (0x0000000093512738) 
thrown [s\src\hotspot\share\interpreter\linkResolver.cpp, line 784]
Event: 6.153 Thread 0x00000224e73c6c70 Exception <a 'java/lang/NoSuchMethodError'{0x0000000092e33e70}: 'java.lang.Object java.lang.invoke.DirectMethodHandle$Holder.invokeStatic(java.lang.Object, int, java.lang.Object, java.lang.Object, java.lang.Object, java.lang.Object, java.lang.Object)'> (0x0000000092e33e70) 
thrown [s\src\hotspot\share\interpreter\linkResolver.cpp, line 784]
Event: 6.153 Thread 0x00000224e73c6c70 Exception <a 'java/lang/NoSuchMethodError'{0x0000000092e3d880}: 'java.lang.Object java.lang.invoke.DirectMethodHandle$Holder.newInvokeSpecial(java.lang.Object, int, java.lang.Object, java.lang.Object, java.lang.Object)'> (0x0000000092e3d880) 
thrown [s\src\hotspot\share\interpreter\linkResolver.cpp, line 784]
Event: 6.153 Thread 0x00000224e73c6c70 Exception <a 'java/lang/NoSuchMethodError'{0x0000000092e457b0}: 'java.lang.Object java.lang.invoke.Invokers$Holder.linkToTargetMethod(int, java.lang.Object, java.lang.Object, java.lang.Object, java.lang.Object)'> (0x0000000092e457b0) 
thrown [s\src\hotspot\share\interpreter\linkResolver.cpp, line 784]
Event: 6.459 Thread 0x00000224e73c6c70 Exception <a 'java/lang/NoSuchMethodError'{0x000000009b23d508}: 'java.lang.Object java.lang.invoke.DirectMethodHandle$Holder.newInvokeSpecial(java.lang.Object, java.lang.Object, java.lang.Object, java.lang.Object, java.lang.Object, int)'> (0x000000009b23d508) 
thrown [s\src\hotspot\share\interpreter\linkResolver.cpp, line 784]
Event: 6.459 Thread 0x00000224e73c6c70 Exception <a 'java/lang/NoSuchMethodError'{0x000000009b241cf0}: 'java.lang.Object java.lang.invoke.DirectMethodHandle$Holder.invokeSpecial(java.lang.Object, java.lang.Object, java.lang.Object, java.lang.Object, java.lang.Object, java.lang.Object, int)'> (0x000000009b241cf0) 
thrown [s\src\hotspot\share\interpreter\linkResolver.cpp, line 784]
Event: 6.459 Thread 0x00000224e73c6c70 Exception <a 'java/lang/NoSuchMethodError'{0x000000009b245dd8}: 'java.lang.Object java.lang.invoke.Invokers$Holder.linkToTargetMethod(java.lang.Object, java.lang.Object, java.lang.Object, java.lang.Object, int, java.lang.Object)'> (0x000000009b245dd8) 
thrown [s\src\hotspot\share\interpreter\linkResolver.cpp, line 784]

ZGC Phase Switch (0 events):
No events

VM Operations (20 events):
Event: 6.095 Executing VM operation: HandshakeAllThreads (Deoptimize)
Event: 6.095 Executing VM operation: HandshakeAllThreads (Deoptimize) done
Event: 6.223 Executing VM operation: ICBufferFull
Event: 6.223 Executing VM operation: ICBufferFull done
Event: 6.266 Executing VM operation: G1CollectForAllocation (G1 Evacuation Pause)
Event: 6.279 Executing VM operation: G1CollectForAllocation (G1 Evacuation Pause) done
Event: 6.328 Executing VM operation: G1PauseRemark
Event: 6.333 Executing VM operation: G1PauseRemark done
Event: 6.356 Executing VM operation: G1PauseCleanup
Event: 6.357 Executing VM operation: G1PauseCleanup done
Event: 6.546 Executing VM operation: ICBufferFull
Event: 6.546 Executing VM operation: ICBufferFull done
Event: 6.614 Executing VM operation: HandshakeAllThreads (Deoptimize)
Event: 6.614 Executing VM operation: HandshakeAllThreads (Deoptimize) done
Event: 6.616 Executing VM operation: HandshakeAllThreads (Deoptimize)
Event: 6.616 Executing VM operation: HandshakeAllThreads (Deoptimize) done
Event: 6.617 Executing VM operation: HandshakeAllThreads (Deoptimize)
Event: 6.617 Executing VM operation: HandshakeAllThreads (Deoptimize) done
Event: 6.723 Executing VM operation: ICBufferFull
Event: 6.724 Executing VM operation: ICBufferFull done

Memory protections (0 events):
No events

Nmethod flushes (20 events):
Event: 6.333 Thread 0x00000224fefce870 flushing  nmethod 0x00000224f44c7990
Event: 6.333 Thread 0x00000224fefce870 flushing  nmethod 0x00000224f44f7110
Event: 6.333 Thread 0x00000224fefce870 flushing  nmethod 0x00000224f4594f10
Event: 6.333 Thread 0x00000224fefce870 flushing  nmethod 0x00000224ec8c6c90
Event: 6.333 Thread 0x00000224fefce870 flushing  nmethod 0x00000224ec9c4490
Event: 6.333 Thread 0x00000224fefce870 flushing  nmethod 0x00000224ec9c5a90
Event: 6.333 Thread 0x00000224fefce870 flushing  nmethod 0x00000224ec9cbc90
Event: 6.333 Thread 0x00000224fefce870 flushing  nmethod 0x00000224eca40390
Event: 6.333 Thread 0x00000224fefce870 flushing  nmethod 0x00000224eca67110
Event: 6.333 Thread 0x00000224fefce870 flushing  nmethod 0x00000224ecc08210
Event: 6.333 Thread 0x00000224fefce870 flushing  nmethod 0x00000224ecc0d410
Event: 6.333 Thread 0x00000224fefce870 flushing  nmethod 0x00000224ecc8ba90
Event: 6.333 Thread 0x00000224fefce870 flushing  nmethod 0x00000224eccdef90
Event: 6.333 Thread 0x00000224fefce870 flushing  nmethod 0x00000224ecce3110
Event: 6.333 Thread 0x00000224fefce870 flushing  nmethod 0x00000224ecd0cc90
Event: 6.333 Thread 0x00000224fefce870 flushing  nmethod 0x00000224ecde8710
Event: 6.333 Thread 0x00000224fefce870 flushing  nmethod 0x00000224ed01fb10
Event: 6.333 Thread 0x00000224fefce870 flushing  nmethod 0x00000224ed023610
Event: 6.333 Thread 0x00000224fefce870 flushing  nmethod 0x00000224ed051790
Event: 6.333 Thread 0x00000224fefce870 flushing  nmethod 0x00000224ed095910

Events (20 events):
Event: 0.077 Thread 0x00000224e73c6c70 Thread added: 0x00000224ff141d60
Event: 0.077 Thread 0x00000224e73c6c70 Thread added: 0x00000224ff144250
Event: 0.078 Thread 0x00000224e73c6c70 Thread added: 0x00000224ff1979f0
Event: 0.078 Thread 0x00000224e73c6c70 Thread added: 0x00000224ff1a2780
Event: 0.078 Thread 0x00000224e73c6c70 Thread added: 0x00000224ff1a31e0
Event: 0.078 Thread 0x00000224e73c6c70 Thread added: 0x00000224ff1a3c40
Event: 0.078 Thread 0x00000224e73c6c70 Thread added: 0x00000224ff1b2a10
Event: 0.078 Thread 0x00000224e73c6c70 Thread added: 0x00000224ff1de480
Event: 0.117 Thread 0x00000224e73c6c70 Thread added: 0x00000224ff3627e0
Event: 0.128 Loaded shared library E:\Programm\Program Files\Android\Android Studio\jbr\bin\net.dll
Event: 0.131 Loaded shared library E:\Programm\Program Files\Android\Android Studio\jbr\bin\nio.dll
Event: 0.148 Thread 0x00000224ff1b2a10 Thread added: 0x00000224ff3fc7d0
Event: 0.148 Thread 0x00000224ff1b2a10 Thread added: 0x00000224ff3fce80
Event: 0.159 Loaded shared library E:\Programm\Program Files\Android\Android Studio\jbr\bin\zip.dll
Event: 0.223 Loaded shared library E:\Programm\Program Files\Android\Android Studio\jbr\bin\jimage.dll
Event: 0.816 Loaded shared library E:\Programm\Program Files\Android\Android Studio\jbr\bin\management.dll
Event: 0.824 Loaded shared library E:\Programm\Program Files\Android\Android Studio\jbr\bin\management_ext.dll
Event: 0.898 Thread 0x00000224ff3fce80 Thread exited: 0x00000224ff3fce80
Event: 1.934 Thread 0x00000224ff3fc7d0 Thread added: 0x0000022487332780
Event: 5.539 Thread 0x0000022487332780 Thread exited: 0x0000022487332780


Dynamic libraries:
0x00007ff71e280000 - 0x00007ff71e28a000 	E:\Programm\Program Files\Android\Android Studio\jbr\bin\java.exe
0x00007ff85be10000 - 0x00007ff85c028000 	C:\WINDOWS\SYSTEM32\ntdll.dll
0x00007ff85b170000 - 0x00007ff85b234000 	C:\WINDOWS\System32\KERNEL32.DLL
0x00007ff859470000 - 0x00007ff859843000 	C:\WINDOWS\System32\KERNELBASE.dll
0x00007ff858f20000 - 0x00007ff859031000 	C:\WINDOWS\System32\ucrtbase.dll
0x00007ff852200000 - 0x00007ff85221b000 	E:\Programm\Program Files\Android\Android Studio\jbr\bin\VCRUNTIME140.dll
0x00007ff846e40000 - 0x00007ff846e58000 	E:\Programm\Program Files\Android\Android Studio\jbr\bin\jli.dll
0x00007ff85b240000 - 0x00007ff85b3f2000 	C:\WINDOWS\System32\USER32.dll
0x00007ff849fe0000 - 0x00007ff84a27c000 	C:\WINDOWS\WinSxS\amd64_microsoft.windows.common-controls_6595b64144ccf1df_6.0.22621.6060_none_2712eda17382d24b\COMCTL32.dll
0x00007ff859300000 - 0x00007ff859326000 	C:\WINDOWS\System32\win32u.dll
0x00007ff85a9d0000 - 0x00007ff85aa77000 	C:\WINDOWS\System32\msvcrt.dll
0x00007ff859ab0000 - 0x00007ff859ad9000 	C:\WINDOWS\System32\GDI32.dll
0x00007ff8591b0000 - 0x00007ff8592cb000 	C:\WINDOWS\System32\gdi32full.dll
0x00007ff859990000 - 0x00007ff859a2a000 	C:\WINDOWS\System32\msvcp_win.dll
0x00007ff85b660000 - 0x00007ff85b691000 	C:\WINDOWS\System32\IMM32.DLL
0x00007ff849d60000 - 0x00007ff849d6c000 	E:\Programm\Program Files\Android\Android Studio\jbr\bin\vcruntime140_1.dll
0x00007ff828ab0000 - 0x00007ff828b3d000 	E:\Programm\Program Files\Android\Android Studio\jbr\bin\msvcp140.dll
0x00007ff803590000 - 0x00007ff80421e000 	E:\Programm\Program Files\Android\Android Studio\jbr\bin\server\jvm.dll
0x00007ff85ba70000 - 0x00007ff85bb21000 	C:\WINDOWS\System32\ADVAPI32.dll
0x00007ff85b400000 - 0x00007ff85b4a8000 	C:\WINDOWS\System32\sechost.dll
0x00007ff8592d0000 - 0x00007ff8592f8000 	C:\WINDOWS\System32\bcrypt.dll
0x00007ff85bb30000 - 0x00007ff85bc48000 	C:\WINDOWS\System32\RPCRT4.dll
0x00007ff85b810000 - 0x00007ff85b881000 	C:\WINDOWS\System32\WS2_32.dll
0x00007ff858c40000 - 0x00007ff858c8d000 	C:\WINDOWS\SYSTEM32\POWRPROF.dll
0x00007ff851b40000 - 0x00007ff851b4a000 	C:\WINDOWS\SYSTEM32\VERSION.dll
0x00007ff84f260000 - 0x00007ff84f294000 	C:\WINDOWS\SYSTEM32\WINMM.dll
0x00007ff858c20000 - 0x00007ff858c33000 	C:\WINDOWS\SYSTEM32\UMPDC.dll
0x00007ff857ee0000 - 0x00007ff857ef8000 	C:\WINDOWS\SYSTEM32\kernel.appcore.dll
0x00007ff849d50000 - 0x00007ff849d5a000 	E:\Programm\Program Files\Android\Android Studio\jbr\bin\jimage.dll
0x00007ff850b50000 - 0x00007ff850d83000 	C:\WINDOWS\SYSTEM32\DBGHELP.DLL
0x00007ff85a400000 - 0x00007ff85a791000 	C:\WINDOWS\System32\combase.dll
0x00007ff85b990000 - 0x00007ff85ba68000 	C:\WINDOWS\System32\OLEAUT32.dll
0x00007ff84ce30000 - 0x00007ff84ce62000 	C:\WINDOWS\SYSTEM32\dbgcore.DLL
0x00007ff859a30000 - 0x00007ff859aab000 	C:\WINDOWS\System32\bcryptPrimitives.dll
0x00007ff849a70000 - 0x00007ff849a90000 	E:\Programm\Program Files\Android\Android Studio\jbr\bin\java.dll
0x00007ff8463f0000 - 0x00007ff846408000 	E:\Programm\Program Files\Android\Android Studio\jbr\bin\zip.dll
0x00007ff859ae0000 - 0x00007ff85a37c000 	C:\WINDOWS\System32\SHELL32.dll
0x00007ff859330000 - 0x00007ff85946f000 	C:\WINDOWS\System32\wintypes.dll
0x00007ff856dd0000 - 0x00007ff8576ea000 	C:\WINDOWS\SYSTEM32\windows.storage.dll
0x00007ff85afd0000 - 0x00007ff85b0d4000 	C:\WINDOWS\System32\SHCORE.dll
0x00007ff85b100000 - 0x00007ff85b169000 	C:\WINDOWS\System32\shlwapi.dll
0x00007ff858e50000 - 0x00007ff858e75000 	C:\WINDOWS\SYSTEM32\profapi.dll
0x00007ff849af0000 - 0x00007ff849b00000 	E:\Programm\Program Files\Android\Android Studio\jbr\bin\net.dll
0x00007ff854ee0000 - 0x00007ff85500c000 	C:\WINDOWS\SYSTEM32\WINHTTP.dll
0x00007ff8583e0000 - 0x00007ff858449000 	C:\WINDOWS\system32\mswsock.dll
0x00007ff8463d0000 - 0x00007ff8463e6000 	E:\Programm\Program Files\Android\Android Studio\jbr\bin\nio.dll
0x00007ff846ed0000 - 0x00007ff846ed9000 	E:\Programm\Program Files\Android\Android Studio\jbr\bin\management.dll
0x00007ff846dd0000 - 0x00007ff846ddb000 	E:\Programm\Program Files\Android\Android Studio\jbr\bin\management_ext.dll
0x00007ff85bc50000 - 0x00007ff85bc58000 	C:\WINDOWS\System32\PSAPI.DLL
0x00007ff846280000 - 0x00007ff846290000 	E:\Programm\Program Files\Android\Android Studio\jbr\bin\verify.dll

dbghelp: loaded successfully - version: 4.0.5 - missing functions: none
symbol engine: initialized successfully - sym options: 0x614 - pdb path: .;E:\Programm\Program Files\Android\Android Studio\jbr\bin;C:\WINDOWS\SYSTEM32;C:\WINDOWS\WinSxS\amd64_microsoft.windows.common-controls_6595b64144ccf1df_6.0.22621.6060_none_2712eda17382d24b;E:\Programm\Program Files\Android\Android Studio\jbr\bin\server

VM Arguments:
java_command: org.jetbrains.kotlin.cli.jvm.K2JVMCompiler @D:\User\Documents\GitHub\app-chat\app\common\build\20260105_7174513211237686939.compiler.options
java_class_path (initial): C:\Users\User\.gradle\caches\modules-2\files-2.1\org.jetbrains.kotlin\kotlin-compiler-embeddable\2.2.20\bb8331b7585e36ea311825b01a1c06860c055fd1\kotlin-compiler-embeddable-2.2.20.jar;C:\Users\User\.gradle\caches\modules-2\files-2.1\org.jetbrains.kotlin\kotlin-stdlib\2.2.20\5380b19fa1924399b62ce3a1faffebb2b4f82272\kotlin-stdlib-2.2.20.jar;C:\Users\User\.gradle\caches\modules-2\files-2.1\org.jetbrains.kotlin\kotlin-script-runtime\2.2.20\4c679cbeac0bb583b75c3a080013da8eaf240807\kotlin-script-runtime-2.2.20.jar;C:\Users\User\.gradle\caches\modules-2\files-2.1\org.jetbrains.kotlin\kotlin-reflect\1.6.10\1cbe9c92c12a94eea200d23c2bbaedaf3daf5132\kotlin-reflect-1.6.10.jar;C:\Users\User\.gradle\caches\modules-2\files-2.1\org.jetbrains.kotlin\kotlin-daemon-embeddable\2.2.20\feff12d48d7f1eb628742b0a721395e16f8755bf\kotlin-daemon-embeddable-2.2.20.jar;C:\Users\User\.gradle\caches\modules-2\files-2.1\org.jetbrains.kotlinx\kotlinx-coroutines-core-jvm\1.8.0\ac1dc37a30a93150b704022f8d895ee1bd3a36b3\kotlinx-coroutines-core-jvm-1.8.0.jar;C:\Users\User\.gradle\caches\modules-2\files-2.1\org.jetbrains\annotations\13.0\919f0dfe192fb4e063e7dacadee7f8bb9a2672a9\annotations-13.0.jar
Launcher Type: SUN_STANDARD

[Global flags]
     intx CICompilerCount                          = 4                                         {product} {ergonomic}
     uint ConcGCThreads                            = 3                                         {product} {ergonomic}
     uint G1ConcRefinementThreads                  = 10                                        {product} {ergonomic}
   size_t G1HeapRegionSize                         = 1048576                                   {product} {ergonomic}
    uintx GCDrainStackTargetSize                   = 64                                        {product} {ergonomic}
   size_t InitialHeapSize                          = 125829120                                 {product} {ergonomic}
   size_t MarkStackSize                            = 4194304                                   {product} {ergonomic}
   size_t MaxHeapSize                              = 1992294400                                {product} {ergonomic}
   size_t MaxNewSize                               = 1195376640                                {product} {ergonomic}
   size_t MinHeapDeltaBytes                        = 1048576                                   {product} {ergonomic}
   size_t MinHeapSize                              = 8388608                                   {product} {ergonomic}
    uintx NonNMethodCodeHeapSize                   = 5839372                                {pd product} {ergonomic}
    uintx NonProfiledCodeHeapSize                  = 122909434                              {pd product} {ergonomic}
    uintx ProfiledCodeHeapSize                     = 122909434                              {pd product} {ergonomic}
    uintx ReservedCodeCacheSize                    = 251658240                              {pd product} {ergonomic}
     bool SegmentedCodeCache                       = true                                      {product} {ergonomic}
   size_t SoftMaxHeapSize                          = 1992294400                             {manageable} {ergonomic}
     bool UseCompressedOops                        = true                           {product lp64_product} {ergonomic}
     bool UseG1GC                                  = true                                      {product} {ergonomic}
     bool UseLargePagesIndividualAllocation        = false                                  {pd product} {ergonomic}

Logging:
Log output configuration:
 #0: stdout all=warning uptime,level,tags foldmultilines=false
 #1: stderr all=off uptime,level,tags foldmultilines=false

Environment Variables:
PATH=C:\Program Files (x86)\Common Files\Intel\Shared Libraries\redist\intel64\compiler;E:\Programm\Program Files\Common Files\Oracle\Java\javapath;E:\Programm\Program Files\Zulu\zulu-17\bin\;E:\Programm\Program Files\Python310\Scripts\;E:\Programm\Program Files\Python310\;C:\Windows\system32;C:\Windows;C:\Windows\System32\Wbem;C:\Windows\System32\WindowsPowerShell\v1.0\;C:\Windows\System32\OpenSSH\;C:\Program Files (x86)\NVIDIA Corporation\PhysX\Common;C:\Program Files\NVIDIA Corporation\NVIDIA NvDLISR;C:\WINDOWS\system32;C:\WINDOWS;C:\WINDOWS\System32\Wbem;C:\WINDOWS\System32\WindowsPowerShell\v1.0\;C:\WINDOWS\System32\OpenSSH\;D:\BaiduNetdiskDownload\php-8.3.3-Win32;E:\Programm\Program Files\apache-maven-3.9.7\bin;E:\Programm\Program Files\nodejs\;E:\Program Files (x86)\WinSCP\;E:\Programm\Program Files\Git\cmd;C:\ProgramData\chocolatey\bin;E:\Programm\Program Files\apache-ant-1.10.15\bin;E:\Programm\Program Files\swipl\bin;E:\Users\User\AppData\Local\bin\NASM;E:\Programm\Program Files\Bochs-2.8;E:\Programm\Program Files\qemu;E:\Programm\Program Files\x86_64-elf-tools-windows\bin;E:\Programm\Program Files\gradle-9.2.1\bin;E:\Programm\Program Files\MySQL\MySQL Shell 8.0\bin\;C:\Users\User\AppData\Local\Microsoft\WindowsApps;E:\Programm\Program Files\JetBrains\PyCharm Community Edition 2023.1.4\bin;;E:\Users\User\AppData\Local\Programs\Microsoft VS Code\bin;E:\Programm\Program Files\JetBrains\IntelliJ IDEA Community Edition 2024.1\bin;;C:\Users\User\AppData\Roaming\npm;C:\Users\User\AppData\Local\GitHubDesktop\bin;C:\Users\User\.local\bin;C:\Users\User\.local\share\man;c:\users\user\appdata\roaming\python\python310\scripts;E:\ghcup\bin;E:\BaiduNetdiskDownload\pandoc-2.14.2-windows-x86_64\pandoc-2.14.2;E:\Programm\Program Files\MiKTex\miktex\bin\x64\;C:\Users\User\AppData\Local\Pandoc\;E:\Programm\Program Files\Git\usr\bin;C:\Users\User\AppData\Local\Programs\Julia-1.11.6\bin;
USERNAME=User
OS=Windows_NT
PROCESSOR_IDENTIFIER=AMD64 Family 23 Model 96 Stepping 1, AuthenticAMD
TMP=E:\UserData\Tmp
TEMP=E:\UserData\Temp




Periodic native trim disabled

JNI global refs:
JNI global refs: 14, weak refs: 11

JNI global refs memory usage: 835, weak refs: 833

Process memory usage:
Resident Set Size: 448492K (5% of 7781324K total physical memory with 522680K free physical memory)

OOME stack traces (most recent first):
Classloader memory used:
Loader jdk.internal.loader.ClassLoaders$AppClassLoader                                 : 53081K
Loader bootstrap                                                                       : 11713K
Loader java.net.URLClassLoader                                                         : 1272K
Loader jdk.internal.jrtfs.JrtFileSystemProvider$JrtFsLoader                            : 319K
Loader jdk.internal.loader.ClassLoaders$PlatformClassLoader                            : 67600B

Classes loaded by more than one classloader:
Class jdk.internal.jimage.BasicImageReader                                            : loaded 2 times (x 93B)
Class jdk.internal.jimage.decompressor.StringSharingDecompressorFactory               : loaded 2 times (x 72B)
Class jdk.internal.jrtfs.JrtFileSystemProvider                                        : loaded 2 times (x 99B)
Class jdk.internal.jimage.ImageLocation                                               : loaded 2 times (x 88B)
Class jdk.internal.jimage.ImageBufferCache$1                                          : loaded 2 times (x 81B)
Class jdk.internal.jimage.ImageBufferCache$2                                          : loaded 2 times (x 89B)
Class jdk.internal.jimage.ImageHeader                                                 : loaded 2 times (x 69B)
Class jdk.internal.jimage.decompressor.ResourceDecompressor                           : loaded 2 times (x 68B)
Class jdk.internal.jimage.ImageStringsReader                                          : loaded 2 times (x 78B)
Class jdk.internal.jimage.ImageReader                                                 : loaded 2 times (x 73B)
Class jdk.internal.jimage.ImageReader$SharedImageReader                               : loaded 2 times (x 93B)
Class jdk.internal.jimage.decompressor.ResourceDecompressorFactory                    : loaded 2 times (x 72B)
Class jdk.internal.jimage.ImageReader$Node                                            : loaded 2 times (x 82B)
Class jdk.internal.jimage.BasicImageReader$1                                          : loaded 2 times (x 75B)
Class jdk.internal.jimage.decompressor.Decompressor                                   : loaded 2 times (x 70B)
Class jdk.internal.jimage.ImageBufferCache                                            : loaded 2 times (x 69B)
Class jdk.internal.jrtfs.JrtPath                                                      : loaded 2 times (x 116B)
Class jdk.internal.jimage.decompressor.ResourceDecompressorRepository                 : loaded 2 times (x 69B)
Class jdk.internal.jimage.ImageReader$Directory                                       : loaded 2 times (x 82B)
Class jdk.internal.jimage.decompressor.ZipDecompressorFactory                         : loaded 2 times (x 72B)
Class jdk.internal.jimage.decompressor.ZipDecompressor                                : loaded 2 times (x 73B)
Class jdk.internal.jimage.ImageStrings                                                : loaded 2 times (x 68B)
Class jdk.internal.jrtfs.JrtFileSystem                                                : loaded 2 times (x 100B)
Class jdk.internal.jimage.decompressor.CompressedResourceHeader                       : loaded 2 times (x 69B)
Class jdk.internal.jimage.decompressor.ResourceDecompressor$StringsProvider           : loaded 2 times (x 68B)

---------------  S Y S T E M  ---------------

OS:
 Windows 11 , 64 bit Build 22621 (10.0.22621.5415)
OS uptime: 8 days 21:52 hours
Hyper-V role detected

CPU: total 12 (initial active 12) (12 cores per cpu, 2 threads per core) family 23 model 96 stepping 1 microcode 0x0, cx8, cmov, fxsr, ht, mmx, 3dnowpref, sse, sse2, sse3, ssse3, sse4a, sse4.1, sse4.2, popcnt, lzcnt, tsc, tscinvbit, avx, avx2, aes, clmul, bmi1, bmi2, adx, sha, fma, vzeroupper, clflush, clflushopt, hv, rdtscp, rdpid, f16c
Processor Information for the first 12 processors :
  Max Mhz: 3001, Current Mhz: 3001, Mhz Limit: 3001

Memory: 4k page, system-wide physical 7598M (510M free)
TotalPageFile size 27290M (AvailPageFile size 5M)
current process WorkingSet (physical memory assigned to process): 438M, peak: 438M
current process commit charge ("private bytes"): 540M, peak: 541M

vm_info: OpenJDK 64-Bit Server VM (21.0.7+-13880790-b1038.58) for windows-amd64 JRE (21.0.7+-13880790-b1038.58), built on 2025-08-04T20:56:21Z by "builder" with MS VC++ 16.10 / 16.11 (VS2019)

END.
