#
# There is insufficient memory for the Java Runtime Environment to continue.
# Native memory allocation (mmap) failed to map 148897792 bytes. Error detail: G1 virtual space
# Possible reasons:
#   The system is out of physical RAM or swap space
#   This process is running with CompressedOops enabled, and the Java Heap may be blocking the growth of the native heap
# Possible solutions:
#   Reduce memory load on the system
#   Increase physical memory or swap space
#   Check if swap backing store is full
#   Decrease Java heap size (-Xmx/-Xms)
#   Decrease number of Java threads
#   Decrease Java thread stack sizes (-Xss)
#   Set larger code cache with -XX:ReservedCodeCacheSize=
#   JVM is running with Unscaled Compressed Oops mode in which the Java heap is
#     placed in the first 4GB address space. The Java Heap base address is the
#     maximum limit for the native heap growth. Please use -XX:HeapBaseMinAddress
#     to set the Java Heap base and to place the Java Heap above 4GB virtual address.
# This output file may be truncated or incomplete.
#
#  Out of Memory Error (os_windows.cpp:3898), pid=21860, tid=24240
#
# JRE version: OpenJDK Runtime Environment (21.0.7) (build 21.0.7+-13880790-b1038.58)
# Java VM: OpenJDK 64-Bit Server VM (21.0.7+-13880790-b1038.58, mixed mode, tiered, compressed oops, compressed class ptrs, g1 gc, windows-amd64)
# No core dump will be written. Minidumps are not enabled by default on client versions of Windows
#

---------------  S U M M A R Y ------------

Command Line: org.jetbrains.kotlin.cli.jvm.K2JVMCompiler @D:\User\Documents\GitHub\app-chat\app\common\build\20260105_10304526845613033144.compiler.options

Host: AMD Ryzen 5 4600H with Radeon Graphics         , 12 cores, 7G,  Windows 11 , 64 bit Build 22621 (10.0.22621.5415)
Time: Mon Jan  5 12:06:25 2026  Windows 11 , 64 bit Build 22621 (10.0.22621.5415) elapsed time: 7.927240 seconds (0d 0h 0m 7s)

---------------  T H R E A D  ---------------

Current thread (0x00000231b5e54460):  VMThread "VM Thread"          [id=24240, stack(0x0000005c37100000,0x0000005c37200000) (1024K)]

Stack: [0x0000005c37100000,0x0000005c37200000]
Native frames: (J=compiled Java code, j=interpreted, Vv=VM code, C=native code)
V  [jvm.dll+0x6d25c9]
V  [jvm.dll+0x860923]
V  [jvm.dll+0x862e7e]
V  [jvm.dll+0x863563]
V  [jvm.dll+0x27f156]
V  [jvm.dll+0x6ceee5]
V  [jvm.dll+0x6c29aa]
V  [jvm.dll+0x355ebb]
V  [jvm.dll+0x35db16]
V  [jvm.dll+0x3afb16]
V  [jvm.dll+0x3afde8]
V  [jvm.dll+0x32855c]
V  [jvm.dll+0x3285e7]
V  [jvm.dll+0x36e47c]
V  [jvm.dll+0x36cc2e]
V  [jvm.dll+0x327cb1]
V  [jvm.dll+0x36c330]
V  [jvm.dll+0x8692e8]
V  [jvm.dll+0x86a664]
V  [jvm.dll+0x86aba0]
V  [jvm.dll+0x86ae33]
V  [jvm.dll+0x808d08]
V  [jvm.dll+0x6d0e1d]
C  [ucrtbase.dll+0x29333]
C  [KERNEL32.DLL+0x1259d]
C  [ntdll.dll+0x5af78]

VM_Operation (0x0000005c36afb8c0): G1CollectForAllocation, mode: safepoint, requested by thread 0x000002319e5f0860


---------------  P R O C E S S  ---------------

Threads class SMR info:
_java_thread_list=0x00000231bbab8b30, length=13, elements={
0x000002319e5f0860, 0x00000231ba067c60, 0x00000231ba06aee0, 0x00000231ba06bbc0,
0x00000231ba0c2ef0, 0x00000231ba0c3950, 0x00000231ba0c6b60, 0x00000231ba0c75c0,
0x00000231ba0cd4b0, 0x00000231ba0ce6f0, 0x00000231ba26c510, 0x00000231bdb45730,
0x00000231bdb535d0
}

Java Threads: ( => current thread )
  0x000002319e5f0860 JavaThread "main"                              [_thread_blocked, id=14796, stack(0x0000005c36a00000,0x0000005c36b00000) (1024K)]
  0x00000231ba067c60 JavaThread "Common-Cleaner"             daemon [_thread_blocked, id=16812, stack(0x0000005c37200000,0x0000005c37300000) (1024K)]
  0x00000231ba06aee0 JavaThread "Reference Handler"          daemon [_thread_blocked, id=23828, stack(0x0000005c37300000,0x0000005c37400000) (1024K)]
  0x00000231ba06bbc0 JavaThread "Finalizer"                  daemon [_thread_blocked, id=20824, stack(0x0000005c37400000,0x0000005c37500000) (1024K)]
  0x00000231ba0c2ef0 JavaThread "Signal Dispatcher"          daemon [_thread_blocked, id=3908, stack(0x0000005c37500000,0x0000005c37600000) (1024K)]
  0x00000231ba0c3950 JavaThread "Attach Listener"            daemon [_thread_blocked, id=17876, stack(0x0000005c37600000,0x0000005c37700000) (1024K)]
  0x00000231ba0c6b60 JavaThread "Service Thread"             daemon [_thread_blocked, id=18860, stack(0x0000005c37700000,0x0000005c37800000) (1024K)]
  0x00000231ba0c75c0 JavaThread "Monitor Deflation Thread"   daemon [_thread_blocked, id=10204, stack(0x0000005c37800000,0x0000005c37900000) (1024K)]
  0x00000231ba0cd4b0 JavaThread "C2 CompilerThread0"         daemon [_thread_blocked, id=21392, stack(0x0000005c37900000,0x0000005c37a00000) (1024K)]
  0x00000231ba0ce6f0 JavaThread "C1 CompilerThread0"         daemon [_thread_blocked, id=15852, stack(0x0000005c37a00000,0x0000005c37b00000) (1024K)]
  0x00000231ba26c510 JavaThread "Notification Thread"        daemon [_thread_blocked, id=2188, stack(0x0000005c37b00000,0x0000005c37c00000) (1024K)]
  0x00000231bdb45730 JavaThread "C2 CompilerThread1"         daemon [_thread_in_native, id=20276, stack(0x0000005c38600000,0x0000005c38700000) (1024K)]
  0x00000231bdb535d0 JavaThread "C2 CompilerThread2"         daemon [_thread_blocked, id=21560, stack(0x0000005c38800000,0x0000005c38900000) (1024K)]
Total: 13

Other Threads:
=>0x00000231b5e54460 VMThread "VM Thread"                           [id=24240, stack(0x0000005c37100000,0x0000005c37200000) (1024K)]
  0x00000231b5df2180 WatcherThread "VM Periodic Task Thread"        [id=11672, stack(0x0000005c37000000,0x0000005c37100000) (1024K)]
  0x000002319e643230 WorkerThread "GC Thread#0"                     [id=23912, stack(0x0000005c36b00000,0x0000005c36c00000) (1024K)]
  0x00000231ba917d20 WorkerThread "GC Thread#1"                     [id=1760, stack(0x0000005c37c00000,0x0000005c37d00000) (1024K)]
  0x00000231ba9777a0 WorkerThread "GC Thread#2"                     [id=14872, stack(0x0000005c37d00000,0x0000005c37e00000) (1024K)]
  0x00000231ba977b40 WorkerThread "GC Thread#3"                     [id=2940, stack(0x0000005c37e00000,0x0000005c37f00000) (1024K)]
  0x00000231ba977ee0 WorkerThread "GC Thread#4"                     [id=6576, stack(0x0000005c37f00000,0x0000005c38000000) (1024K)]
  0x00000231ba978280 WorkerThread "GC Thread#5"                     [id=16528, stack(0x0000005c38000000,0x0000005c38100000) (1024K)]
  0x00000231baad4680 WorkerThread "GC Thread#6"                     [id=6392, stack(0x0000005c38100000,0x0000005c38200000) (1024K)]
  0x00000231baad3460 WorkerThread "GC Thread#7"                     [id=19896, stack(0x0000005c38200000,0x0000005c38300000) (1024K)]
  0x00000231baf3c700 WorkerThread "GC Thread#8"                     [id=2708, stack(0x0000005c38300000,0x0000005c38400000) (1024K)]
  0x00000231baf3dcc0 WorkerThread "GC Thread#9"                     [id=12852, stack(0x0000005c38700000,0x0000005c38800000) (1024K)]
  0x000002319e653ba0 ConcurrentGCThread "G1 Main Marker"            [id=8308, stack(0x0000005c36c00000,0x0000005c36d00000) (1024K)]
  0x000002319e6546a0 WorkerThread "G1 Conc#0"                       [id=20828, stack(0x0000005c36d00000,0x0000005c36e00000) (1024K)]
  0x00000231baf3b880 WorkerThread "G1 Conc#1"                       [id=21284, stack(0x0000005c38400000,0x0000005c38500000) (1024K)]
  0x00000231baf3bc20 WorkerThread "G1 Conc#2"                       [id=19704, stack(0x0000005c38500000,0x0000005c38600000) (1024K)]
  0x00000231b5cc3200 ConcurrentGCThread "G1 Refine#0"               [id=3612, stack(0x0000005c36e00000,0x0000005c36f00000) (1024K)]
  0x00000231b5cc4320 ConcurrentGCThread "G1 Service"                [id=11368, stack(0x0000005c36f00000,0x0000005c37000000) (1024K)]
Total: 18

Threads with active compile tasks:
C2 CompilerThread0  7973 4693   !   4       org.jetbrains.kotlin.metadata.jvm.JvmProtoBuf$StringTableTypes::<init> (495 bytes)
C2 CompilerThread1  7973 4644       4       org.jetbrains.org.objectweb.asm.ClassReader::accept (1401 bytes)
C2 CompilerThread2  7973 4695       4       org.jetbrains.kotlin.cli.jvm.index.JvmDependenciesIndexImpl::searchClasses (520 bytes)
Total: 3

VM state: at safepoint (normal execution)

VM Mutex/Monitor currently owned by a thread:  ([mutex/lock_event])
[0x00007ffff1951468] Threads_lock - owner thread: 0x00000231b5e54460
[0x00007ffff1951568] Heap_lock - owner thread: 0x000002319e5f0860

Heap address: 0x0000000089400000, size: 1900 MB, Compressed Oops mode: 32-bit

CDS archive(s) not mapped
Compressed class space mapped at: 0x0000000100000000-0x0000000140000000, reserved size: 1073741824
Narrow klass base: 0x0000000000000000, Narrow klass shift: 3, Narrow klass range: 0x140000000

GC Precious Log:
 CardTable entry size: 512
 Card Set container configuration: InlinePtr #cards 5 size 8 Array Of Cards #cards 12 size 40 Howl #buckets 4 coarsen threshold 1843 Howl Bitmap #cards 512 size 80 coarsen threshold 460 Card regions per heap region 1 cards per card region 2048
 CPUs: 12 total, 12 available
 Memory: 7598M
 Large Page Support: Disabled
 NUMA Support: Disabled
 Compressed Oops: Enabled (32-bit)
 Heap Region Size: 1M
 Heap Min Capacity: 8M
 Heap Initial Capacity: 120M
 Heap Max Capacity: 1900M
 Pre-touch: Disabled
 Parallel Workers: 10
 Concurrent Workers: 3
 Concurrent Refinement Workers: 10
 Periodic GC: Disabled

Heap:
 garbage-first heap   total 145408K, used 102400K [0x0000000089400000, 0x0000000100000000)
  region size 1024K, 4 young (4096K), 4 survivors (4096K)
 Metaspace       used 57120K, committed 57472K, reserved 1114112K
  class space    used 6634K, committed 6784K, reserved 1048576K

Heap Regions: E=young(eden), S=young(survivor), O=old, HS=humongous(starts), HC=humongous(continues), CS=collection set, F=free, TAMS=top-at-mark-start, PB=parsable bottom
|   0|0x0000000089400000, 0x0000000089500000, 0x0000000089500000|100%|HS|  |TAMS 0x0000000089400000| PB 0x0000000089400000| Complete 
|   1|0x0000000089500000, 0x0000000089600000, 0x0000000089600000|100%|HC|  |TAMS 0x0000000089500000| PB 0x0000000089500000| Complete 
|   2|0x0000000089600000, 0x0000000089700000, 0x0000000089700000|100%|HC|  |TAMS 0x0000000089600000| PB 0x0000000089600000| Complete 
|   3|0x0000000089700000, 0x0000000089800000, 0x0000000089800000|100%|HC|  |TAMS 0x0000000089700000| PB 0x0000000089700000| Complete 
|   4|0x0000000089800000, 0x0000000089900000, 0x0000000089900000|100%| O|  |TAMS 0x0000000089800000| PB 0x0000000089800000| Untracked 
|   5|0x0000000089900000, 0x0000000089a00000, 0x0000000089a00000|100%| O|  |TAMS 0x0000000089900000| PB 0x0000000089900000| Untracked 
|   6|0x0000000089a00000, 0x0000000089b00000, 0x0000000089b00000|100%| O|  |TAMS 0x0000000089a00000| PB 0x0000000089a00000| Untracked 
|   7|0x0000000089b00000, 0x0000000089c00000, 0x0000000089c00000|100%| O|  |TAMS 0x0000000089b00000| PB 0x0000000089b00000| Untracked 
|   8|0x0000000089c00000, 0x0000000089d00000, 0x0000000089d00000|100%| O|  |TAMS 0x0000000089c00000| PB 0x0000000089c00000| Untracked 
|   9|0x0000000089d00000, 0x0000000089e00000, 0x0000000089e00000|100%| O|  |TAMS 0x0000000089d00000| PB 0x0000000089d00000| Untracked 
|  10|0x0000000089e00000, 0x0000000089f00000, 0x0000000089f00000|100%| O|  |TAMS 0x0000000089e00000| PB 0x0000000089e00000| Untracked 
|  11|0x0000000089f00000, 0x000000008a000000, 0x000000008a000000|100%| O|  |TAMS 0x0000000089f00000| PB 0x0000000089f00000| Untracked 
|  12|0x000000008a000000, 0x000000008a100000, 0x000000008a100000|100%| O|  |TAMS 0x000000008a000000| PB 0x000000008a000000| Untracked 
|  13|0x000000008a100000, 0x000000008a200000, 0x000000008a200000|100%| O|  |TAMS 0x000000008a100000| PB 0x000000008a100000| Untracked 
|  14|0x000000008a200000, 0x000000008a300000, 0x000000008a300000|100%| O|  |TAMS 0x000000008a200000| PB 0x000000008a200000| Untracked 
|  15|0x000000008a300000, 0x000000008a400000, 0x000000008a400000|100%| O|  |TAMS 0x000000008a300000| PB 0x000000008a300000| Untracked 
|  16|0x000000008a400000, 0x000000008a500000, 0x000000008a500000|100%| O|  |TAMS 0x000000008a400000| PB 0x000000008a400000| Untracked 
|  17|0x000000008a500000, 0x000000008a600000, 0x000000008a600000|100%| O|  |TAMS 0x000000008a500000| PB 0x000000008a500000| Untracked 
|  18|0x000000008a600000, 0x000000008a700000, 0x000000008a700000|100%| O|  |TAMS 0x000000008a600000| PB 0x000000008a600000| Untracked 
|  19|0x000000008a700000, 0x000000008a800000, 0x000000008a800000|100%| O|  |TAMS 0x000000008a700000| PB 0x000000008a700000| Untracked 
|  20|0x000000008a800000, 0x000000008a900000, 0x000000008a900000|100%| O|  |TAMS 0x000000008a800000| PB 0x000000008a800000| Untracked 
|  21|0x000000008a900000, 0x000000008aa00000, 0x000000008aa00000|100%| O|  |TAMS 0x000000008a900000| PB 0x000000008a900000| Untracked 
|  22|0x000000008aa00000, 0x000000008ab00000, 0x000000008ab00000|100%| O|  |TAMS 0x000000008aa00000| PB 0x000000008aa00000| Untracked 
|  23|0x000000008ab00000, 0x000000008ac00000, 0x000000008ac00000|100%| O|  |TAMS 0x000000008ab00000| PB 0x000000008ab00000| Untracked 
|  24|0x000000008ac00000, 0x000000008ad00000, 0x000000008ad00000|100%| O|  |TAMS 0x000000008ac00000| PB 0x000000008ac00000| Untracked 
|  25|0x000000008ad00000, 0x000000008ae00000, 0x000000008ae00000|100%| O|  |TAMS 0x000000008ad00000| PB 0x000000008ad00000| Untracked 
|  26|0x000000008ae00000, 0x000000008af00000, 0x000000008af00000|100%| O|  |TAMS 0x000000008ae00000| PB 0x000000008ae00000| Untracked 
|  27|0x000000008af00000, 0x000000008b000000, 0x000000008b000000|100%| O|  |TAMS 0x000000008af00000| PB 0x000000008af00000| Untracked 
|  28|0x000000008b000000, 0x000000008b100000, 0x000000008b100000|100%| O|  |TAMS 0x000000008b000000| PB 0x000000008b000000| Untracked 
|  29|0x000000008b100000, 0x000000008b200000, 0x000000008b200000|100%| O|  |TAMS 0x000000008b100000| PB 0x000000008b100000| Untracked 
|  30|0x000000008b200000, 0x000000008b300000, 0x000000008b300000|100%| O|  |TAMS 0x000000008b200000| PB 0x000000008b200000| Untracked 
|  31|0x000000008b300000, 0x000000008b400000, 0x000000008b400000|100%| O|  |TAMS 0x000000008b300000| PB 0x000000008b300000| Untracked 
|  32|0x000000008b400000, 0x000000008b500000, 0x000000008b500000|100%| O|  |TAMS 0x000000008b400000| PB 0x000000008b400000| Untracked 
|  33|0x000000008b500000, 0x000000008b600000, 0x000000008b600000|100%| O|  |TAMS 0x000000008b500000| PB 0x000000008b500000| Untracked 
|  34|0x000000008b600000, 0x000000008b700000, 0x000000008b700000|100%| O|  |TAMS 0x000000008b600000| PB 0x000000008b600000| Untracked 
|  35|0x000000008b700000, 0x000000008b800000, 0x000000008b800000|100%| O|  |TAMS 0x000000008b700000| PB 0x000000008b700000| Untracked 
|  36|0x000000008b800000, 0x000000008b900000, 0x000000008b900000|100%| O|  |TAMS 0x000000008b800000| PB 0x000000008b800000| Untracked 
|  37|0x000000008b900000, 0x000000008ba00000, 0x000000008ba00000|100%| O|  |TAMS 0x000000008b900000| PB 0x000000008b900000| Untracked 
|  38|0x000000008ba00000, 0x000000008bb00000, 0x000000008bb00000|100%| O|  |TAMS 0x000000008ba00000| PB 0x000000008ba00000| Untracked 
|  39|0x000000008bb00000, 0x000000008bc00000, 0x000000008bc00000|100%| O|  |TAMS 0x000000008bb00000| PB 0x000000008bb00000| Untracked 
|  40|0x000000008bc00000, 0x000000008bd00000, 0x000000008bd00000|100%| O|  |TAMS 0x000000008bc00000| PB 0x000000008bc00000| Untracked 
|  41|0x000000008bd00000, 0x000000008be00000, 0x000000008be00000|100%| O|  |TAMS 0x000000008bd00000| PB 0x000000008bd00000| Untracked 
|  42|0x000000008be00000, 0x000000008bf00000, 0x000000008bf00000|100%| O|  |TAMS 0x000000008be00000| PB 0x000000008be00000| Untracked 
|  43|0x000000008bf00000, 0x000000008c000000, 0x000000008c000000|100%| O|  |TAMS 0x000000008bf00000| PB 0x000000008bf00000| Untracked 
|  44|0x000000008c000000, 0x000000008c100000, 0x000000008c100000|100%| O|  |TAMS 0x000000008c000000| PB 0x000000008c000000| Untracked 
|  45|0x000000008c100000, 0x000000008c200000, 0x000000008c200000|100%| O|  |TAMS 0x000000008c100000| PB 0x000000008c100000| Untracked 
|  46|0x000000008c200000, 0x000000008c300000, 0x000000008c300000|100%| O|  |TAMS 0x000000008c200000| PB 0x000000008c200000| Untracked 
|  47|0x000000008c300000, 0x000000008c400000, 0x000000008c400000|100%| O|  |TAMS 0x000000008c300000| PB 0x000000008c300000| Untracked 
|  48|0x000000008c400000, 0x000000008c500000, 0x000000008c500000|100%| O|  |TAMS 0x000000008c400000| PB 0x000000008c400000| Untracked 
|  49|0x000000008c500000, 0x000000008c600000, 0x000000008c600000|100%| O|  |TAMS 0x000000008c500000| PB 0x000000008c500000| Untracked 
|  50|0x000000008c600000, 0x000000008c700000, 0x000000008c700000|100%| O|  |TAMS 0x000000008c600000| PB 0x000000008c600000| Untracked 
|  51|0x000000008c700000, 0x000000008c800000, 0x000000008c800000|100%| O|  |TAMS 0x000000008c700000| PB 0x000000008c700000| Untracked 
|  52|0x000000008c800000, 0x000000008c900000, 0x000000008c900000|100%| O|  |TAMS 0x000000008c800000| PB 0x000000008c800000| Untracked 
|  53|0x000000008c900000, 0x000000008c900000, 0x000000008ca00000|  0%| F|  |TAMS 0x000000008c900000| PB 0x000000008c900000| Untracked 
|  54|0x000000008ca00000, 0x000000008cb00000, 0x000000008cb00000|100%| O|  |TAMS 0x000000008ca00000| PB 0x000000008ca00000| Untracked 
|  55|0x000000008cb00000, 0x000000008cc00000, 0x000000008cc00000|100%| O|  |TAMS 0x000000008cb00000| PB 0x000000008cb00000| Untracked 
|  56|0x000000008cc00000, 0x000000008cd00000, 0x000000008cd00000|100%| O|  |TAMS 0x000000008cc00000| PB 0x000000008cc00000| Untracked 
|  57|0x000000008cd00000, 0x000000008ce00000, 0x000000008ce00000|100%| O|  |TAMS 0x000000008cd00000| PB 0x000000008cd00000| Untracked 
|  58|0x000000008ce00000, 0x000000008cf00000, 0x000000008cf00000|100%| O|  |TAMS 0x000000008ce00000| PB 0x000000008ce00000| Untracked 
|  59|0x000000008cf00000, 0x000000008d000000, 0x000000008d000000|100%| O|  |TAMS 0x000000008cf00000| PB 0x000000008cf00000| Untracked 
|  60|0x000000008d000000, 0x000000008d100000, 0x000000008d100000|100%| O|  |TAMS 0x000000008d000000| PB 0x000000008d000000| Untracked 
|  61|0x000000008d100000, 0x000000008d200000, 0x000000008d200000|100%| O|  |TAMS 0x000000008d100000| PB 0x000000008d100000| Untracked 
|  62|0x000000008d200000, 0x000000008d300000, 0x000000008d300000|100%| O|  |TAMS 0x000000008d200000| PB 0x000000008d200000| Untracked 
|  63|0x000000008d300000, 0x000000008d300000, 0x000000008d400000|  0%| F|  |TAMS 0x000000008d300000| PB 0x000000008d300000| Untracked 
|  64|0x000000008d400000, 0x000000008d500000, 0x000000008d500000|100%| O|  |TAMS 0x000000008d400000| PB 0x000000008d400000| Untracked 
|  65|0x000000008d500000, 0x000000008d600000, 0x000000008d600000|100%| O|  |TAMS 0x000000008d500000| PB 0x000000008d500000| Untracked 
|  66|0x000000008d600000, 0x000000008d700000, 0x000000008d700000|100%| O|  |TAMS 0x000000008d600000| PB 0x000000008d600000| Untracked 
|  67|0x000000008d700000, 0x000000008d800000, 0x000000008d800000|100%| O|  |TAMS 0x000000008d700000| PB 0x000000008d700000| Untracked 
|  68|0x000000008d800000, 0x000000008d900000, 0x000000008d900000|100%| O|  |TAMS 0x000000008d800000| PB 0x000000008d800000| Untracked 
|  69|0x000000008d900000, 0x000000008da00000, 0x000000008da00000|100%| O|  |TAMS 0x000000008d900000| PB 0x000000008d900000| Untracked 
|  70|0x000000008da00000, 0x000000008db00000, 0x000000008db00000|100%| O|  |TAMS 0x000000008da00000| PB 0x000000008da00000| Untracked 
|  71|0x000000008db00000, 0x000000008dc00000, 0x000000008dc00000|100%| O|  |TAMS 0x000000008db00000| PB 0x000000008db00000| Untracked 
|  72|0x000000008dc00000, 0x000000008dd00000, 0x000000008dd00000|100%| O|  |TAMS 0x000000008dc00000| PB 0x000000008dc00000| Untracked 
|  73|0x000000008dd00000, 0x000000008de00000, 0x000000008de00000|100%| O|  |TAMS 0x000000008dd00000| PB 0x000000008dd00000| Untracked 
|  74|0x000000008de00000, 0x000000008df00000, 0x000000008df00000|100%| O|  |TAMS 0x000000008de00000| PB 0x000000008de00000| Untracked 
|  75|0x000000008df00000, 0x000000008e000000, 0x000000008e000000|100%| O|  |TAMS 0x000000008df00000| PB 0x000000008df00000| Untracked 
|  76|0x000000008e000000, 0x000000008e100000, 0x000000008e100000|100%| O|  |TAMS 0x000000008e000000| PB 0x000000008e000000| Untracked 
|  77|0x000000008e100000, 0x000000008e200000, 0x000000008e200000|100%| O|  |TAMS 0x000000008e100000| PB 0x000000008e100000| Untracked 
|  78|0x000000008e200000, 0x000000008e300000, 0x000000008e300000|100%| O|  |TAMS 0x000000008e200000| PB 0x000000008e200000| Untracked 
|  79|0x000000008e300000, 0x000000008e400000, 0x000000008e400000|100%| O|  |TAMS 0x000000008e300000| PB 0x000000008e300000| Untracked 
|  80|0x000000008e400000, 0x000000008e500000, 0x000000008e500000|100%| O|  |TAMS 0x000000008e400000| PB 0x000000008e400000| Untracked 
|  81|0x000000008e500000, 0x000000008e600000, 0x000000008e600000|100%| O|  |TAMS 0x000000008e500000| PB 0x000000008e500000| Untracked 
|  82|0x000000008e600000, 0x000000008e700000, 0x000000008e700000|100%| O|  |TAMS 0x000000008e600000| PB 0x000000008e600000| Untracked 
|  83|0x000000008e700000, 0x000000008e800000, 0x000000008e800000|100%| O|  |TAMS 0x000000008e700000| PB 0x000000008e700000| Untracked 
|  84|0x000000008e800000, 0x000000008e900000, 0x000000008e900000|100%| O|  |TAMS 0x000000008e800000| PB 0x000000008e800000| Untracked 
|  85|0x000000008e900000, 0x000000008ea00000, 0x000000008ea00000|100%| O|  |TAMS 0x000000008e900000| PB 0x000000008e900000| Untracked 
|  86|0x000000008ea00000, 0x000000008eb00000, 0x000000008eb00000|100%| O|  |TAMS 0x000000008ea00000| PB 0x000000008ea00000| Untracked 
|  87|0x000000008eb00000, 0x000000008ec00000, 0x000000008ec00000|100%| O|  |TAMS 0x000000008eb00000| PB 0x000000008eb00000| Untracked 
|  88|0x000000008ec00000, 0x000000008ed00000, 0x000000008ed00000|100%| O|  |TAMS 0x000000008ec00000| PB 0x000000008ec00000| Untracked 
|  89|0x000000008ed00000, 0x000000008ee00000, 0x000000008ee00000|100%| O|  |TAMS 0x000000008ed00000| PB 0x000000008ed00000| Untracked 
|  90|0x000000008ee00000, 0x000000008ef00000, 0x000000008ef00000|100%| O|  |TAMS 0x000000008ee00000| PB 0x000000008ee00000| Untracked 
|  91|0x000000008ef00000, 0x000000008f000000, 0x000000008f000000|100%| O|  |TAMS 0x000000008ef00000| PB 0x000000008ef00000| Untracked 
|  92|0x000000008f000000, 0x000000008f100000, 0x000000008f100000|100%| O|  |TAMS 0x000000008f000000| PB 0x000000008f000000| Untracked 
|  93|0x000000008f100000, 0x000000008f200000, 0x000000008f200000|100%| O|  |TAMS 0x000000008f100000| PB 0x000000008f100000| Untracked 
|  94|0x000000008f200000, 0x000000008f300000, 0x000000008f300000|100%| O|  |TAMS 0x000000008f200000| PB 0x000000008f200000| Untracked 
|  95|0x000000008f300000, 0x000000008f400000, 0x000000008f400000|100%| O|  |TAMS 0x000000008f300000| PB 0x000000008f300000| Untracked 
|  96|0x000000008f400000, 0x000000008f400000, 0x000000008f500000|  0%| F|  |TAMS 0x000000008f400000| PB 0x000000008f400000| Untracked 
|  97|0x000000008f500000, 0x000000008f500000, 0x000000008f600000|  0%| F|  |TAMS 0x000000008f500000| PB 0x000000008f500000| Untracked 
|  98|0x000000008f600000, 0x000000008f600000, 0x000000008f700000|  0%| F|  |TAMS 0x000000008f600000| PB 0x000000008f600000| Untracked 
|  99|0x000000008f700000, 0x000000008f700000, 0x000000008f800000|  0%| F|  |TAMS 0x000000008f700000| PB 0x000000008f700000| Untracked 
| 100|0x000000008f800000, 0x000000008f800000, 0x000000008f900000|  0%| F|  |TAMS 0x000000008f800000| PB 0x000000008f800000| Untracked 
| 101|0x000000008f900000, 0x000000008f900000, 0x000000008fa00000|  0%| F|  |TAMS 0x000000008f900000| PB 0x000000008f900000| Untracked 
| 102|0x000000008fa00000, 0x000000008fa00000, 0x000000008fb00000|  0%| F|  |TAMS 0x000000008fa00000| PB 0x000000008fa00000| Untracked 
| 103|0x000000008fb00000, 0x000000008fb00000, 0x000000008fc00000|  0%| F|  |TAMS 0x000000008fb00000| PB 0x000000008fb00000| Untracked 
| 104|0x000000008fc00000, 0x000000008fc00000, 0x000000008fd00000|  0%| F|  |TAMS 0x000000008fc00000| PB 0x000000008fc00000| Untracked 
| 105|0x000000008fd00000, 0x000000008fe00000, 0x000000008fe00000|100%| S|CS|TAMS 0x000000008fd00000| PB 0x000000008fd00000| Complete 
| 106|0x000000008fe00000, 0x000000008ff00000, 0x000000008ff00000|100%| S|CS|TAMS 0x000000008fe00000| PB 0x000000008fe00000| Complete 
| 107|0x000000008ff00000, 0x0000000090000000, 0x0000000090000000|100%| S|CS|TAMS 0x000000008ff00000| PB 0x000000008ff00000| Complete 
| 108|0x0000000090000000, 0x0000000090100000, 0x0000000090100000|100%| S|CS|TAMS 0x0000000090000000| PB 0x0000000090000000| Complete 
| 109|0x0000000090100000, 0x0000000090100000, 0x0000000090200000|  0%| F|  |TAMS 0x0000000090100000| PB 0x0000000090100000| Untracked 
| 110|0x0000000090200000, 0x0000000090200000, 0x0000000090300000|  0%| F|  |TAMS 0x0000000090200000| PB 0x0000000090200000| Untracked 
| 111|0x0000000090300000, 0x0000000090300000, 0x0000000090400000|  0%| F|  |TAMS 0x0000000090300000| PB 0x0000000090300000| Untracked 
| 112|0x0000000090400000, 0x0000000090400000, 0x0000000090500000|  0%| F|  |TAMS 0x0000000090400000| PB 0x0000000090400000| Untracked 
| 113|0x0000000090500000, 0x0000000090500000, 0x0000000090600000|  0%| F|  |TAMS 0x0000000090500000| PB 0x0000000090500000| Untracked 
| 114|0x0000000090600000, 0x0000000090600000, 0x0000000090700000|  0%| F|  |TAMS 0x0000000090600000| PB 0x0000000090600000| Untracked 
| 115|0x0000000090700000, 0x0000000090700000, 0x0000000090800000|  0%| F|  |TAMS 0x0000000090700000| PB 0x0000000090700000| Untracked 
| 116|0x0000000090800000, 0x0000000090800000, 0x0000000090900000|  0%| F|  |TAMS 0x0000000090800000| PB 0x0000000090800000| Untracked 
| 117|0x0000000090900000, 0x0000000090900000, 0x0000000090a00000|  0%| F|  |TAMS 0x0000000090900000| PB 0x0000000090900000| Untracked 
| 118|0x0000000090a00000, 0x0000000090a00000, 0x0000000090b00000|  0%| F|  |TAMS 0x0000000090a00000| PB 0x0000000090a00000| Untracked 
| 119|0x0000000090b00000, 0x0000000090b00000, 0x0000000090c00000|  0%| F|  |TAMS 0x0000000090b00000| PB 0x0000000090b00000| Untracked 
| 120|0x0000000090c00000, 0x0000000090c00000, 0x0000000090d00000|  0%| F|  |TAMS 0x0000000090c00000| PB 0x0000000090c00000| Untracked 
| 121|0x0000000090d00000, 0x0000000090d00000, 0x0000000090e00000|  0%| F|  |TAMS 0x0000000090d00000| PB 0x0000000090d00000| Untracked 
| 122|0x0000000090e00000, 0x0000000090e00000, 0x0000000090f00000|  0%| F|  |TAMS 0x0000000090e00000| PB 0x0000000090e00000| Untracked 
| 123|0x0000000090f00000, 0x0000000090f00000, 0x0000000091000000|  0%| F|  |TAMS 0x0000000090f00000| PB 0x0000000090f00000| Untracked 
| 124|0x0000000091000000, 0x0000000091000000, 0x0000000091100000|  0%| F|  |TAMS 0x0000000091000000| PB 0x0000000091000000| Untracked 
| 125|0x0000000091100000, 0x0000000091100000, 0x0000000091200000|  0%| F|  |TAMS 0x0000000091100000| PB 0x0000000091100000| Untracked 
| 126|0x0000000091200000, 0x0000000091200000, 0x0000000091300000|  0%| F|  |TAMS 0x0000000091200000| PB 0x0000000091200000| Untracked 
| 127|0x0000000091300000, 0x0000000091300000, 0x0000000091400000|  0%| F|  |TAMS 0x0000000091300000| PB 0x0000000091300000| Untracked 
| 128|0x0000000091400000, 0x0000000091400000, 0x0000000091500000|  0%| F|  |TAMS 0x0000000091400000| PB 0x0000000091400000| Untracked 
| 129|0x0000000091500000, 0x0000000091500000, 0x0000000091600000|  0%| F|  |TAMS 0x0000000091500000| PB 0x0000000091500000| Untracked 
| 130|0x0000000091600000, 0x0000000091600000, 0x0000000091700000|  0%| F|  |TAMS 0x0000000091600000| PB 0x0000000091600000| Untracked 
| 131|0x0000000091700000, 0x0000000091700000, 0x0000000091800000|  0%| F|  |TAMS 0x0000000091700000| PB 0x0000000091700000| Untracked 
| 132|0x0000000091800000, 0x0000000091800000, 0x0000000091900000|  0%| F|  |TAMS 0x0000000091800000| PB 0x0000000091800000| Untracked 
| 133|0x0000000091900000, 0x0000000091900000, 0x0000000091a00000|  0%| F|  |TAMS 0x0000000091900000| PB 0x0000000091900000| Untracked 
| 134|0x0000000091a00000, 0x0000000091a00000, 0x0000000091b00000|  0%| F|  |TAMS 0x0000000091a00000| PB 0x0000000091a00000| Untracked 
| 135|0x0000000091b00000, 0x0000000091b00000, 0x0000000091c00000|  0%| F|  |TAMS 0x0000000091b00000| PB 0x0000000091b00000| Untracked 
| 136|0x0000000091c00000, 0x0000000091c00000, 0x0000000091d00000|  0%| F|  |TAMS 0x0000000091c00000| PB 0x0000000091c00000| Untracked 
| 137|0x0000000091d00000, 0x0000000091d00000, 0x0000000091e00000|  0%| F|  |TAMS 0x0000000091d00000| PB 0x0000000091d00000| Untracked 
| 138|0x0000000091e00000, 0x0000000091e00000, 0x0000000091f00000|  0%| F|  |TAMS 0x0000000091e00000| PB 0x0000000091e00000| Untracked 
|1897|0x00000000ffd00000, 0x00000000ffd00000, 0x00000000ffe00000|  0%| F|  |TAMS 0x00000000ffd00000| PB 0x00000000ffd00000| Untracked 
|1898|0x00000000ffe00000, 0x00000000fff00000, 0x00000000fff00000|100%| O|  |TAMS 0x00000000ffe00000| PB 0x00000000ffe00000| Untracked 
|1899|0x00000000fff00000, 0x0000000100000000, 0x0000000100000000|100%| O|  |TAMS 0x00000000fff00000| PB 0x00000000fff00000| Untracked 

Card table byte_map: [0x00000231b1050000,0x00000231b1410000] _byte_map_base: 0x00000231b0c06000

Marking Bits: (CMBitMap*) 0x000002319e643930
 Bits: [0x00000231b1410000, 0x00000231b31c0000)

Polling page: 0x000002319ddb0000

Metaspace:

Usage:
  Non-class:     49.30 MB used.
      Class:      6.48 MB used.
       Both:     55.78 MB used.

Virtual space:
  Non-class space:       64.00 MB reserved,      49.50 MB ( 77%) committed,  1 nodes.
      Class space:        1.00 GB reserved,       6.62 MB ( <1%) committed,  1 nodes.
             Both:        1.06 GB reserved,      56.12 MB (  5%) committed. 

Chunk freelists:
   Non-Class:  14.30 MB
       Class:  9.39 MB
        Both:  23.69 MB

MaxMetaspaceSize: unlimited
CompressedClassSpaceSize: 1.00 GB
Initial GC threshold: 21.00 MB
Current GC threshold: 93.25 MB
CDS: off
 - commit_granule_bytes: 65536.
 - commit_granule_words: 8192.
 - virtual_space_node_default_size: 8388608.
 - enlarge_chunks_in_place: 1.
 - use_allocation_guard: 0.


Internal statistics:

num_allocs_failed_limit: 6.
num_arena_births: 250.
num_arena_deaths: 0.
num_vsnodes_births: 2.
num_vsnodes_deaths: 0.
num_space_committed: 897.
num_space_uncommitted: 0.
num_chunks_returned_to_freelist: 6.
num_chunks_taken_from_freelist: 1894.
num_chunk_merges: 6.
num_chunk_splits: 1605.
num_chunks_enlarged: 1440.
num_inconsistent_stats: 0.

CodeHeap 'non-profiled nmethods': size=120000Kb used=2575Kb max_used=2575Kb free=117425Kb
 bounds [0x00000231a9210000, 0x00000231a94a0000, 0x00000231b0740000]
CodeHeap 'profiled nmethods': size=120000Kb used=7838Kb max_used=8645Kb free=112161Kb
 bounds [0x00000231a1740000, 0x00000231a1fc0000, 0x00000231a8c70000]
CodeHeap 'non-nmethods': size=5760Kb used=1596Kb max_used=1660Kb free=4163Kb
 bounds [0x00000231a8c70000, 0x00000231a8ee0000, 0x00000231a9210000]
 total_blobs=4598 nmethods=3938 adapters=564
 compilation: enabled
              stopped_count=0, restarted_count=0
 full_count=0

Compilation events (20 events):
Event: 7.891 Thread 0x00000231bdb535d0 nmethod 4665 0x00000231a9295310 code [0x00000231a9295520, 0x00000231a9295c70]
Event: 7.891 Thread 0x00000231bdb535d0 4694       4       java.util.TreeMap::getEntry (77 bytes)
Event: 7.894 Thread 0x00000231bdb535d0 nmethod 4694 0x00000231a9380210 code [0x00000231a93803e0, 0x00000231a9380748]
Event: 7.894 Thread 0x00000231bdb535d0 4695       4       org.jetbrains.kotlin.cli.jvm.index.JvmDependenciesIndexImpl::searchClasses (520 bytes)
Event: 7.904 Thread 0x00000231ba0ce6f0 4697       3       org.jetbrains.kotlin.fir.resolve.transformers.plugin.CompilerRequiredAnnotationsComputationSession::resolveAnnotationsOnAnnotationIfNeeded (52 bytes)
Event: 7.905 Thread 0x00000231ba0ce6f0 nmethod 4697 0x00000231a1eaae90 code [0x00000231a1eab1c0, 0x00000231a1eac238]
Event: 7.905 Thread 0x00000231ba0ce6f0 4698       3       org.jetbrains.kotlin.fir.resolve.ToSymbolUtilsKt::toSymbol (89 bytes)
Event: 7.906 Thread 0x00000231ba0ce6f0 nmethod 4698 0x00000231a193db10 code [0x00000231a193dea0, 0x00000231a193f348]
Event: 7.906 Thread 0x00000231ba0ce6f0 4699       3       org.jetbrains.kotlin.fir.visitors.FirTransformerUtilKt::transformInplace-aLnlfrU (21 bytes)
Event: 7.907 Thread 0x00000231ba0ce6f0 nmethod 4699 0x00000231a18a3390 code [0x00000231a18a35c0, 0x00000231a18a3bc0]
Event: 7.907 Thread 0x00000231ba0ce6f0 4700       3       kotlin.collections.builders.ListBuilder::listIterator (24 bytes)
Event: 7.907 Thread 0x00000231ba0ce6f0 nmethod 4700 0x00000231a177d690 code [0x00000231a177d860, 0x00000231a177da60]
Event: 7.907 Thread 0x00000231ba0ce6f0 4701       1       org.jetbrains.kotlin.fir.resolve.providers.impl.FirCachingCompositeSymbolProvider::getSymbolNamesProvider (5 bytes)
Event: 7.907 Thread 0x00000231ba0ce6f0 nmethod 4701 0x00000231a9294d90 code [0x00000231a9294f20, 0x00000231a9294fe8]
Event: 7.907 Thread 0x00000231ba0ce6f0 4702       1       org.jetbrains.kotlin.fir.resolve.providers.FirCompositeCachedSymbolNamesProvider::getMayHaveSyntheticFunctionTypes (5 bytes)
Event: 7.907 Thread 0x00000231ba0ce6f0 nmethod 4702 0x00000231a9329a90 code [0x00000231a9329c20, 0x00000231a9329cf0]
Event: 7.908 Thread 0x00000231ba0ce6f0 4703       3       org.jetbrains.kotlin.cli.jvm.compiler.CliVirtualFileFinder::findSigFileIfEnabled (36 bytes)
Event: 7.909 Thread 0x00000231ba0ce6f0 nmethod 4703 0x00000231a1ea7710 code [0x00000231a1ea7940, 0x00000231a1ea7f40]
Event: 7.911 Thread 0x00000231ba0ce6f0 4704       3       org.jetbrains.kotlin.cli.jvm.compiler.KotlinCliJavaFileManagerImpl::knownClassNamesInPackage$lambda$0 (106 bytes)
Event: 7.913 Thread 0x00000231ba0ce6f0 nmethod 4704 0x00000231a1cd9210 code [0x00000231a1cd9680, 0x00000231a1cdb338]

GC Heap History (20 events):
Event: 6.170 GC heap after
{Heap after GC invocations=13 (full 0):
 garbage-first heap   total 71680K, used 33679K [0x0000000089400000, 0x0000000100000000)
  region size 1024K, 3 young (3072K), 3 survivors (3072K)
 Metaspace       used 51212K, committed 51584K, reserved 1114112K
  class space    used 6086K, committed 6272K, reserved 1048576K
}
Event: 6.725 GC heap before
{Heap before GC invocations=13 (full 0):
 garbage-first heap   total 71680K, used 59279K [0x0000000089400000, 0x0000000100000000)
  region size 1024K, 29 young (29696K), 3 survivors (3072K)
 Metaspace       used 55199K, committed 55552K, reserved 1114112K
  class space    used 6481K, committed 6656K, reserved 1048576K
}
Event: 6.740 GC heap after
{Heap after GC invocations=14 (full 0):
 garbage-first heap   total 71680K, used 37770K [0x0000000089400000, 0x0000000100000000)
  region size 1024K, 4 young (4096K), 4 survivors (4096K)
 Metaspace       used 55199K, committed 55552K, reserved 1114112K
  class space    used 6481K, committed 6656K, reserved 1048576K
}
Event: 7.156 GC heap before
{Heap before GC invocations=14 (full 0):
 garbage-first heap   total 71680K, used 59274K [0x0000000089400000, 0x0000000100000000)
  region size 1024K, 26 young (26624K), 4 survivors (4096K)
 Metaspace       used 56934K, committed 57280K, reserved 1114112K
  class space    used 6633K, committed 6784K, reserved 1048576K
}
Event: 7.171 GC heap after
{Heap after GC invocations=15 (full 0):
 garbage-first heap   total 71680K, used 44436K [0x0000000089400000, 0x0000000100000000)
  region size 1024K, 4 young (4096K), 4 survivors (4096K)
 Metaspace       used 56934K, committed 57280K, reserved 1114112K
  class space    used 6633K, committed 6784K, reserved 1048576K
}
Event: 7.320 GC heap before
{Heap before GC invocations=16 (full 0):
 garbage-first heap   total 75776K, used 60820K [0x0000000089400000, 0x0000000100000000)
  region size 1024K, 20 young (20480K), 4 survivors (4096K)
 Metaspace       used 57025K, committed 57344K, reserved 1114112K
  class space    used 6633K, committed 6784K, reserved 1048576K
}
Event: 7.329 GC heap after
{Heap after GC invocations=17 (full 0):
 garbage-first heap   total 75776K, used 50176K [0x0000000089400000, 0x0000000100000000)
  region size 1024K, 3 young (3072K), 3 survivors (3072K)
 Metaspace       used 57025K, committed 57344K, reserved 1114112K
  class space    used 6633K, committed 6784K, reserved 1048576K
}
Event: 7.385 GC heap before
{Heap before GC invocations=17 (full 0):
 garbage-first heap   total 75776K, used 64512K [0x0000000089400000, 0x0000000100000000)
  region size 1024K, 17 young (17408K), 3 survivors (3072K)
 Metaspace       used 57103K, committed 57408K, reserved 1114112K
  class space    used 6633K, committed 6784K, reserved 1048576K
}
Event: 7.392 GC heap after
{Heap after GC invocations=18 (full 0):
 garbage-first heap   total 75776K, used 54272K [0x0000000089400000, 0x0000000100000000)
  region size 1024K, 3 young (3072K), 3 survivors (3072K)
 Metaspace       used 57103K, committed 57408K, reserved 1114112K
  class space    used 6633K, committed 6784K, reserved 1048576K
}
Event: 7.432 GC heap before
{Heap before GC invocations=18 (full 0):
 garbage-first heap   total 75776K, used 66560K [0x0000000089400000, 0x0000000100000000)
  region size 1024K, 15 young (15360K), 3 survivors (3072K)
 Metaspace       used 57107K, committed 57408K, reserved 1114112K
  class space    used 6633K, committed 6784K, reserved 1048576K
}
Event: 7.437 GC heap after
{Heap after GC invocations=19 (full 0):
 garbage-first heap   total 122880K, used 58342K [0x0000000089400000, 0x0000000100000000)
  region size 1024K, 2 young (2048K), 2 survivors (2048K)
 Metaspace       used 57107K, committed 57408K, reserved 1114112K
  class space    used 6633K, committed 6784K, reserved 1048576K
}
Event: 7.577 GC heap before
{Heap before GC invocations=20 (full 0):
 garbage-first heap   total 122880K, used 96230K [0x0000000089400000, 0x0000000100000000)
  region size 1024K, 39 young (39936K), 2 survivors (2048K)
 Metaspace       used 57107K, committed 57408K, reserved 1114112K
  class space    used 6634K, committed 6784K, reserved 1048576K
}
Event: 7.588 GC heap after
{Heap after GC invocations=21 (full 0):
 garbage-first heap   total 122880K, used 70144K [0x0000000089400000, 0x0000000100000000)
  region size 1024K, 5 young (5120K), 5 survivors (5120K)
 Metaspace       used 57107K, committed 57408K, reserved 1114112K
  class space    used 6634K, committed 6784K, reserved 1048576K
}
Event: 7.659 GC heap before
{Heap before GC invocations=21 (full 0):
 garbage-first heap   total 122880K, used 99840K [0x0000000089400000, 0x0000000100000000)
  region size 1024K, 34 young (34816K), 5 survivors (5120K)
 Metaspace       used 57113K, committed 57408K, reserved 1114112K
  class space    used 6634K, committed 6784K, reserved 1048576K
}
Event: 7.670 GC heap after
{Heap after GC invocations=22 (full 0):
 garbage-first heap   total 122880K, used 78848K [0x0000000089400000, 0x0000000100000000)
  region size 1024K, 5 young (5120K), 5 survivors (5120K)
 Metaspace       used 57113K, committed 57408K, reserved 1114112K
  class space    used 6634K, committed 6784K, reserved 1048576K
}
Event: 7.726 GC heap before
{Heap before GC invocations=22 (full 0):
 garbage-first heap   total 122880K, used 103424K [0x0000000089400000, 0x0000000100000000)
  region size 1024K, 29 young (29696K), 5 survivors (5120K)
 Metaspace       used 57113K, committed 57408K, reserved 1114112K
  class space    used 6634K, committed 6784K, reserved 1048576K
}
Event: 7.736 GC heap after
{Heap after GC invocations=23 (full 0):
 garbage-first heap   total 122880K, used 87040K [0x0000000089400000, 0x0000000100000000)
  region size 1024K, 4 young (4096K), 4 survivors (4096K)
 Metaspace       used 57113K, committed 57408K, reserved 1114112K
  class space    used 6634K, committed 6784K, reserved 1048576K
}
Event: 7.815 GC heap before
{Heap before GC invocations=24 (full 0):
 garbage-first heap   total 145408K, used 106496K [0x0000000089400000, 0x0000000100000000)
  region size 1024K, 24 young (24576K), 4 survivors (4096K)
 Metaspace       used 57113K, committed 57408K, reserved 1114112K
  class space    used 6634K, committed 6784K, reserved 1048576K
}
Event: 7.821 GC heap after
{Heap after GC invocations=25 (full 0):
 garbage-first heap   total 145408K, used 93696K [0x0000000089400000, 0x0000000100000000)
  region size 1024K, 3 young (3072K), 3 survivors (3072K)
 Metaspace       used 57113K, committed 57408K, reserved 1114112K
  class space    used 6634K, committed 6784K, reserved 1048576K
}
Event: 7.916 GC heap before
{Heap before GC invocations=25 (full 0):
 garbage-first heap   total 145408K, used 122368K [0x0000000089400000, 0x0000000100000000)
  region size 1024K, 31 young (31744K), 3 survivors (3072K)
 Metaspace       used 57120K, committed 57472K, reserved 1114112K
  class space    used 6634K, committed 6784K, reserved 1048576K
}

Dll operation events (3 events):
Event: 0.017 Loaded shared library E:\Programm\Program Files\Android\Android Studio\jbr\bin\java.dll
Event: 0.024 Loaded shared library E:\Programm\Program Files\Android\Android Studio\jbr\bin\zip.dll
Event: 3.267 Loaded shared library E:\Programm\Program Files\Android\Android Studio\jbr\bin\verify.dll

Deoptimization events (20 events):
Event: 7.355 Thread 0x000002319e5f0860 Uncommon trap: trap_request=0xffffffbe fr.pc=0x00000231a932f1d0 relative=0x00000000000005f0
Event: 7.355 Thread 0x000002319e5f0860 Uncommon trap: reason=profile_predicate action=maybe_recompile pc=0x00000231a932f1d0 method=org.jetbrains.kotlin.metadata.jvm.deserialization.UtfEncodingKt.stringsToBytes([Ljava/lang/String;)[B @ 101 c2
Event: 7.355 Thread 0x000002319e5f0860 DEOPT PACKING pc=0x00000231a932f1d0 sp=0x0000005c36afc090
Event: 7.355 Thread 0x000002319e5f0860 DEOPT UNPACKING pc=0x00000231a8cc46a2 sp=0x0000005c36afbff0 mode 2
Event: 7.355 Thread 0x000002319e5f0860 Uncommon trap: trap_request=0xffffffbe fr.pc=0x00000231a932f1d0 relative=0x00000000000005f0
Event: 7.355 Thread 0x000002319e5f0860 Uncommon trap: reason=profile_predicate action=maybe_recompile pc=0x00000231a932f1d0 method=org.jetbrains.kotlin.metadata.jvm.deserialization.UtfEncodingKt.stringsToBytes([Ljava/lang/String;)[B @ 101 c2
Event: 7.355 Thread 0x000002319e5f0860 DEOPT PACKING pc=0x00000231a932f1d0 sp=0x0000005c36afc090
Event: 7.355 Thread 0x000002319e5f0860 DEOPT UNPACKING pc=0x00000231a8cc46a2 sp=0x0000005c36afbff0 mode 2
Event: 7.356 Thread 0x000002319e5f0860 Uncommon trap: trap_request=0xffffffbe fr.pc=0x00000231a932f1d0 relative=0x00000000000005f0
Event: 7.356 Thread 0x000002319e5f0860 Uncommon trap: reason=profile_predicate action=maybe_recompile pc=0x00000231a932f1d0 method=org.jetbrains.kotlin.metadata.jvm.deserialization.UtfEncodingKt.stringsToBytes([Ljava/lang/String;)[B @ 101 c2
Event: 7.356 Thread 0x000002319e5f0860 DEOPT PACKING pc=0x00000231a932f1d0 sp=0x0000005c36afc090
Event: 7.356 Thread 0x000002319e5f0860 DEOPT UNPACKING pc=0x00000231a8cc46a2 sp=0x0000005c36afbff0 mode 2
Event: 7.356 Thread 0x000002319e5f0860 Uncommon trap: trap_request=0xffffffbe fr.pc=0x00000231a932f1d0 relative=0x00000000000005f0
Event: 7.356 Thread 0x000002319e5f0860 Uncommon trap: reason=profile_predicate action=maybe_recompile pc=0x00000231a932f1d0 method=org.jetbrains.kotlin.metadata.jvm.deserialization.UtfEncodingKt.stringsToBytes([Ljava/lang/String;)[B @ 101 c2
Event: 7.356 Thread 0x000002319e5f0860 DEOPT PACKING pc=0x00000231a932f1d0 sp=0x0000005c36afc090
Event: 7.356 Thread 0x000002319e5f0860 DEOPT UNPACKING pc=0x00000231a8cc46a2 sp=0x0000005c36afbff0 mode 2
Event: 7.429 Thread 0x000002319e5f0860 Uncommon trap: trap_request=0xffffffdc fr.pc=0x00000231a94783c4 relative=0x0000000000001044
Event: 7.429 Thread 0x000002319e5f0860 Uncommon trap: reason=class_check action=make_not_entrant pc=0x00000231a94783c4 method=java.util.ArrayList.toArray([Ljava/lang/Object;)[Ljava/lang/Object; @ 21 c2
Event: 7.429 Thread 0x000002319e5f0860 DEOPT PACKING pc=0x00000231a94783c4 sp=0x0000005c36afb4c0
Event: 7.429 Thread 0x000002319e5f0860 DEOPT UNPACKING pc=0x00000231a8cc46a2 sp=0x0000005c36afb350 mode 2

Classes loaded (20 events):
Event: 5.532 Loading class java/util/BitSet
Event: 5.532 Loading class java/util/BitSet done
Event: 5.663 Loading class java/util/function/IntUnaryOperator
Event: 5.663 Loading class java/util/function/IntUnaryOperator done
Event: 5.851 Loading class java/math/RoundingMode
Event: 5.851 Loading class java/math/RoundingMode done
Event: 5.885 Loading class java/util/ArrayList$ListItr
Event: 5.885 Loading class java/util/ArrayList$ListItr done
Event: 6.434 Loading class java/util/regex/Pattern$StartS
Event: 6.434 Loading class java/util/regex/Pattern$StartS done
Event: 6.597 Loading class java/util/PriorityQueue
Event: 6.597 Loading class java/util/PriorityQueue done
Event: 6.750 Loading class java/security/AccessControlException
Event: 6.750 Loading class java/security/AccessControlException done
Event: 6.754 Loading class java/lang/Override
Event: 6.754 Loading class java/lang/Override done
Event: 6.892 Loading class java/util/concurrent/atomic/AtomicIntegerArray
Event: 6.892 Loading class java/util/concurrent/atomic/AtomicIntegerArray done
Event: 6.892 Loading class java/util/concurrent/atomic/AtomicLongArray
Event: 6.892 Loading class java/util/concurrent/atomic/AtomicLongArray done

Classes unloaded (0 events):
No events

Classes redefined (0 events):
No events

Internal exceptions (20 events):
Event: 3.543 Thread 0x000002319e5f0860 Exception <a 'java/lang/NoSuchMethodError'{0x000000008acaad98}: 'java.lang.Object java.lang.invoke.DirectMethodHandle$Holder.invokeStatic(java.lang.Object, java.lang.Object, long, long)'> (0x000000008acaad98) 
thrown [s\src\hotspot\share\interpreter\linkResolver.cpp, line 784]
Event: 3.553 Thread 0x000002319e5f0860 Exception <a 'java/lang/NoSuchMethodError'{0x000000008acdb0b8}: 'java.lang.Object java.lang.invoke.DirectMethodHandle$Holder.newInvokeSpecial(java.lang.Object, java.lang.Object, java.lang.Object, long)'> (0x000000008acdb0b8) 
thrown [s\src\hotspot\share\interpreter\linkResolver.cpp, line 784]
Event: 3.555 Thread 0x000002319e5f0860 Exception <a 'java/lang/NoSuchMethodError'{0x000000008acdec68}: 'java.lang.Object java.lang.invoke.Invokers$Holder.linkToTargetMethod(java.lang.Object, java.lang.Object, long, java.lang.Object)'> (0x000000008acdec68) 
thrown [s\src\hotspot\share\interpreter\linkResolver.cpp, line 784]
Event: 3.666 Thread 0x000002319e5f0860 Implicit null exception at 0x00000231a92d1067 to 0x00000231a92d1470
Event: 3.681 Thread 0x000002319e5f0860 Implicit null exception at 0x00000231a92de8ed to 0x00000231a92df680
Event: 4.335 Thread 0x000002319e5f0860 Exception <a 'java/lang/NoSuchMethodError'{0x000000008bf58f40}: 'java.lang.Object java.lang.invoke.DirectMethodHandle$Holder.newInvokeSpecial(java.lang.Object, java.lang.Object, java.lang.Object, java.lang.Object, java.lang.Object, java.lang.Object, java.lang.Object)'> (0x000000008bf58f40) 
thrown [s\src\hotspot\share\interpreter\linkResolver.cpp, line 784]
Event: 4.336 Thread 0x000002319e5f0860 Exception <a 'java/lang/NoSuchMethodError'{0x000000008bf63eb8}: 'java.lang.Object java.lang.invoke.DirectMethodHandle$Holder.newInvokeSpecial(java.lang.Object, java.lang.Object, java.lang.Object, java.lang.Object, java.lang.Object, java.lang.Object, java.lang.Object, java.lang.Object)'> (0x000000008bf63eb8) 
thrown [s\src\hotspot\share\interpreter\linkResolver.cpp, line 784]
Event: 4.338 Thread 0x000002319e5f0860 Exception <a 'java/lang/NoSuchMethodError'{0x000000008bf76640}: 'java.lang.Object java.lang.invoke.DirectMethodHandle$Holder.newInvokeSpecial(java.lang.Object, java.lang.Object, java.lang.Object, java.lang.Object, java.lang.Object, java.lang.Object, java.lang.Object, java.lang.Object, java.lang.Object)'> (0x000000008bf76640) 
thrown [s\src\hotspot\share\interpreter\linkResolver.cpp, line 784]
Event: 5.057 Thread 0x000002319e5f0860 Exception <a 'java/lang/NoSuchMethodError'{0x000000008b8d3290}: 'java.lang.Object java.lang.invoke.DirectMethodHandle$Holder.newInvokeSpecial(java.lang.Object, java.lang.Object, int, int)'> (0x000000008b8d3290) 
thrown [s\src\hotspot\share\interpreter\linkResolver.cpp, line 784]
Event: 5.057 Thread 0x000002319e5f0860 Exception <a 'java/lang/NoSuchMethodError'{0x000000008b8d72e0}: 'java.lang.Object java.lang.invoke.DirectMethodHandle$Holder.invokeSpecial(java.lang.Object, java.lang.Object, java.lang.Object, int, int)'> (0x000000008b8d72e0) 
thrown [s\src\hotspot\share\interpreter\linkResolver.cpp, line 784]
Event: 5.060 Thread 0x000002319e5f0860 Exception <a 'java/lang/NoSuchMethodError'{0x000000008b8e9080}: 'java.lang.Object java.lang.invoke.DirectMethodHandle$Holder.invokeStatic(java.lang.Object, java.lang.Object, int, java.lang.Object)'> (0x000000008b8e9080) 
thrown [s\src\hotspot\share\interpreter\linkResolver.cpp, line 784]
Event: 5.981 Thread 0x000002319e5f0860 Exception <a 'java/lang/NoSuchMethodError'{0x000000008be57138}: 'java.lang.Object java.lang.invoke.DirectMethodHandle$Holder.newInvokeSpecial(java.lang.Object, java.lang.Object, java.lang.Object, int)'> (0x000000008be57138) 
thrown [s\src\hotspot\share\interpreter\linkResolver.cpp, line 784]
Event: 5.982 Thread 0x000002319e5f0860 Exception <a 'java/lang/NoSuchMethodError'{0x000000008be5b338}: 'java.lang.Object java.lang.invoke.DirectMethodHandle$Holder.invokeSpecial(java.lang.Object, java.lang.Object, java.lang.Object, java.lang.Object, int)'> (0x000000008be5b338) 
thrown [s\src\hotspot\share\interpreter\linkResolver.cpp, line 784]
Event: 5.982 Thread 0x000002319e5f0860 Exception <a 'java/lang/NoSuchMethodError'{0x000000008be5ea90}: 'java.lang.Object java.lang.invoke.Invokers$Holder.linkToTargetMethod(java.lang.Object, java.lang.Object, int, java.lang.Object)'> (0x000000008be5ea90) 
thrown [s\src\hotspot\share\interpreter\linkResolver.cpp, line 784]
Event: 6.057 Thread 0x000002319e5f0860 Implicit null exception at 0x00000231a92d3d63 to 0x00000231a92d3df5
Event: 6.871 Thread 0x000002319e5f0860 Exception <a 'java/lang/NoSuchMethodError'{0x000000008d24bdc0}: 'java.lang.Object java.lang.invoke.DirectMethodHandle$Holder.newInvokeSpecial(java.lang.Object, java.lang.Object, java.lang.Object, int, java.lang.Object)'> (0x000000008d24bdc0) 
thrown [s\src\hotspot\share\interpreter\linkResolver.cpp, line 784]
Event: 6.884 Thread 0x000002319e5f0860 Exception <a 'java/lang/NoSuchMethodError'{0x000000008d2cb2c0}: 'java.lang.Object java.lang.invoke.DirectMethodHandle$Holder.newInvokeSpecial(java.lang.Object, java.lang.Object, java.lang.Object, java.lang.Object, int)'> (0x000000008d2cb2c0) 
thrown [s\src\hotspot\share\interpreter\linkResolver.cpp, line 784]
Event: 6.884 Thread 0x000002319e5f0860 Exception <a 'java/lang/NoSuchMethodError'{0x000000008d2cf9b8}: 'java.lang.Object java.lang.invoke.DirectMethodHandle$Holder.invokeSpecial(java.lang.Object, java.lang.Object, java.lang.Object, java.lang.Object, java.lang.Object, int)'> (0x000000008d2cf9b8) 
thrown [s\src\hotspot\share\interpreter\linkResolver.cpp, line 784]
Event: 6.885 Thread 0x000002319e5f0860 Exception <a 'java/lang/NoSuchMethodError'{0x000000008d2d39a8}: 'java.lang.Object java.lang.invoke.Invokers$Holder.linkToTargetMethod(java.lang.Object, java.lang.Object, java.lang.Object, int, java.lang.Object)'> (0x000000008d2d39a8) 
thrown [s\src\hotspot\share\interpreter\linkResolver.cpp, line 784]
Event: 7.026 Thread 0x000002319e5f0860 Implicit null exception at 0x00000231a9292d25 to 0x00000231a9292f74

ZGC Phase Switch (0 events):
No events

VM Operations (20 events):
Event: 7.392 Executing VM operation: G1CollectForAllocation (G1 Evacuation Pause) done
Event: 7.432 Executing VM operation: G1CollectForAllocation (G1 Evacuation Pause)
Event: 7.437 Executing VM operation: G1CollectForAllocation (G1 Evacuation Pause) done
Event: 7.466 Executing VM operation: G1PauseRemark
Event: 7.471 Executing VM operation: G1PauseRemark done
Event: 7.483 Executing VM operation: G1PauseCleanup
Event: 7.483 Executing VM operation: G1PauseCleanup done
Event: 7.577 Executing VM operation: G1CollectForAllocation (G1 Evacuation Pause)
Event: 7.588 Executing VM operation: G1CollectForAllocation (G1 Evacuation Pause) done
Event: 7.658 Executing VM operation: G1CollectForAllocation (G1 Evacuation Pause)
Event: 7.670 Executing VM operation: G1CollectForAllocation (G1 Evacuation Pause) done
Event: 7.726 Executing VM operation: G1CollectForAllocation (G1 Evacuation Pause)
Event: 7.736 Executing VM operation: G1CollectForAllocation (G1 Evacuation Pause) done
Event: 7.771 Executing VM operation: G1PauseRemark
Event: 7.775 Executing VM operation: G1PauseRemark done
Event: 7.793 Executing VM operation: G1PauseCleanup
Event: 7.793 Executing VM operation: G1PauseCleanup done
Event: 7.815 Executing VM operation: G1CollectForAllocation (G1 Evacuation Pause)
Event: 7.821 Executing VM operation: G1CollectForAllocation (G1 Evacuation Pause) done
Event: 7.916 Executing VM operation: G1CollectForAllocation (G1 Evacuation Pause)

Memory protections (0 events):
No events

Nmethod flushes (20 events):
Event: 7.775 Thread 0x00000231b5e54460 flushing  nmethod 0x00000231a1e3e590
Event: 7.775 Thread 0x00000231b5e54460 flushing  nmethod 0x00000231a1e62b10
Event: 7.775 Thread 0x00000231b5e54460 flushing  nmethod 0x00000231a1eaae90
Event: 7.775 Thread 0x00000231b5e54460 flushing  nmethod 0x00000231a1752a90
Event: 7.775 Thread 0x00000231b5e54460 flushing  nmethod 0x00000231a18b3a90
Event: 7.775 Thread 0x00000231b5e54460 flushing  nmethod 0x00000231a1910b10
Event: 7.775 Thread 0x00000231b5e54460 flushing  nmethod 0x00000231a1aae590
Event: 7.775 Thread 0x00000231b5e54460 flushing  nmethod 0x00000231a1b27d10
Event: 7.775 Thread 0x00000231b5e54460 flushing  nmethod 0x00000231a1b47d90
Event: 7.775 Thread 0x00000231b5e54460 flushing  nmethod 0x00000231a1da5890
Event: 7.775 Thread 0x00000231b5e54460 flushing  nmethod 0x00000231a1daeb90
Event: 7.775 Thread 0x00000231b5e54460 flushing  nmethod 0x00000231a1dd2610
Event: 7.775 Thread 0x00000231b5e54460 flushing  nmethod 0x00000231a1dd4a90
Event: 7.775 Thread 0x00000231b5e54460 flushing  nmethod 0x00000231a1dda790
Event: 7.775 Thread 0x00000231b5e54460 flushing  nmethod 0x00000231a1df4f90
Event: 7.775 Thread 0x00000231b5e54460 flushing  nmethod 0x00000231a1e06e10
Event: 7.775 Thread 0x00000231b5e54460 flushing  nmethod 0x00000231a1e15890
Event: 7.775 Thread 0x00000231b5e54460 flushing  nmethod 0x00000231a1e16b90
Event: 7.775 Thread 0x00000231b5e54460 flushing  nmethod 0x00000231a1e8eb10
Event: 7.775 Thread 0x00000231b5e54460 flushing  nmethod 0x00000231a1e9e590

Events (20 events):
Event: 0.090 Thread 0x000002319e5f0860 Thread added: 0x00000231ba0ce6f0
Event: 0.136 Thread 0x000002319e5f0860 Thread added: 0x00000231ba26c510
Event: 0.152 Loaded shared library E:\Programm\Program Files\Android\Android Studio\jbr\bin\net.dll
Event: 0.156 Loaded shared library E:\Programm\Program Files\Android\Android Studio\jbr\bin\nio.dll
Event: 0.175 Thread 0x00000231ba0cd4b0 Thread added: 0x00000231ba2e7b90
Event: 0.189 Loaded shared library E:\Programm\Program Files\Android\Android Studio\jbr\bin\zip.dll
Event: 0.267 Loaded shared library E:\Programm\Program Files\Android\Android Studio\jbr\bin\jimage.dll
Event: 0.763 Thread 0x00000231ba2e7b90 Thread exited: 0x00000231ba2e7b90
Event: 1.481 Loaded shared library E:\Programm\Program Files\Android\Android Studio\jbr\bin\management.dll
Event: 1.495 Loaded shared library E:\Programm\Program Files\Android\Android Studio\jbr\bin\management_ext.dll
Event: 2.913 Thread 0x00000231ba0ce6f0 Thread added: 0x00000231bbf7ad30
Event: 3.614 Thread 0x00000231ba0cd4b0 Thread added: 0x00000231bb90d6d0
Event: 4.212 Thread 0x00000231bb90d6d0 Thread exited: 0x00000231bb90d6d0
Event: 4.214 Thread 0x00000231bbf7ad30 Thread exited: 0x00000231bbf7ad30
Event: 4.232 Thread 0x00000231ba0ce6f0 Thread added: 0x00000231bbf7ad30
Event: 4.235 Thread 0x00000231bbf7ad30 Thread added: 0x00000231bbf76530
Event: 4.510 Thread 0x00000231bbf76530 Thread exited: 0x00000231bbf76530
Event: 4.624 Thread 0x00000231bbf7ad30 Thread exited: 0x00000231bbf7ad30
Event: 5.007 Thread 0x00000231ba0ce6f0 Thread added: 0x00000231bdb45730
Event: 5.015 Thread 0x00000231ba0cd4b0 Thread added: 0x00000231bdb535d0


Dynamic libraries:
0x00007ff79b1f0000 - 0x00007ff79b1fa000 	E:\Programm\Program Files\Android\Android Studio\jbr\bin\java.exe
0x00007ff85be10000 - 0x00007ff85c028000 	C:\WINDOWS\SYSTEM32\ntdll.dll
0x00007ff85b170000 - 0x00007ff85b234000 	C:\WINDOWS\System32\KERNEL32.DLL
0x00007ff859470000 - 0x00007ff859843000 	C:\WINDOWS\System32\KERNELBASE.dll
0x00007ff858f20000 - 0x00007ff859031000 	C:\WINDOWS\System32\ucrtbase.dll
0x00007ff84a890000 - 0x00007ff84a8ab000 	E:\Programm\Program Files\Android\Android Studio\jbr\bin\VCRUNTIME140.dll
0x00007ff8497b0000 - 0x00007ff8497c8000 	E:\Programm\Program Files\Android\Android Studio\jbr\bin\jli.dll
0x00007ff85b240000 - 0x00007ff85b3f2000 	C:\WINDOWS\System32\USER32.dll
0x00007ff859300000 - 0x00007ff859326000 	C:\WINDOWS\System32\win32u.dll
0x00007ff859ab0000 - 0x00007ff859ad9000 	C:\WINDOWS\System32\GDI32.dll
0x00007ff8591b0000 - 0x00007ff8592cb000 	C:\WINDOWS\System32\gdi32full.dll
0x00007ff859990000 - 0x00007ff859a2a000 	C:\WINDOWS\System32\msvcp_win.dll
0x00007ff849fe0000 - 0x00007ff84a27c000 	C:\WINDOWS\WinSxS\amd64_microsoft.windows.common-controls_6595b64144ccf1df_6.0.22621.6060_none_2712eda17382d24b\COMCTL32.dll
0x00007ff85a9d0000 - 0x00007ff85aa77000 	C:\WINDOWS\System32\msvcrt.dll
0x00007ff85b660000 - 0x00007ff85b691000 	C:\WINDOWS\System32\IMM32.DLL
0x00007ff849d60000 - 0x00007ff849d6c000 	E:\Programm\Program Files\Android\Android Studio\jbr\bin\vcruntime140_1.dll
0x00007ff8388a0000 - 0x00007ff83892d000 	E:\Programm\Program Files\Android\Android Studio\jbr\bin\msvcp140.dll
0x00007ffff0da0000 - 0x00007ffff1a2e000 	E:\Programm\Program Files\Android\Android Studio\jbr\bin\server\jvm.dll
0x00007ff85ba70000 - 0x00007ff85bb21000 	C:\WINDOWS\System32\ADVAPI32.dll
0x00007ff85b400000 - 0x00007ff85b4a8000 	C:\WINDOWS\System32\sechost.dll
0x00007ff8592d0000 - 0x00007ff8592f8000 	C:\WINDOWS\System32\bcrypt.dll
0x00007ff85bb30000 - 0x00007ff85bc48000 	C:\WINDOWS\System32\RPCRT4.dll
0x00007ff85b810000 - 0x00007ff85b881000 	C:\WINDOWS\System32\WS2_32.dll
0x00007ff858c40000 - 0x00007ff858c8d000 	C:\WINDOWS\SYSTEM32\POWRPROF.dll
0x00007ff851b40000 - 0x00007ff851b4a000 	C:\WINDOWS\SYSTEM32\VERSION.dll
0x00007ff84f260000 - 0x00007ff84f294000 	C:\WINDOWS\SYSTEM32\WINMM.dll
0x00007ff858c20000 - 0x00007ff858c33000 	C:\WINDOWS\SYSTEM32\UMPDC.dll
0x00007ff857ee0000 - 0x00007ff857ef8000 	C:\WINDOWS\SYSTEM32\kernel.appcore.dll
0x00007ff849d50000 - 0x00007ff849d5a000 	E:\Programm\Program Files\Android\Android Studio\jbr\bin\jimage.dll
0x00007ff850b50000 - 0x00007ff850d83000 	C:\WINDOWS\SYSTEM32\DBGHELP.DLL
0x00007ff85a400000 - 0x00007ff85a791000 	C:\WINDOWS\System32\combase.dll
0x00007ff85b990000 - 0x00007ff85ba68000 	C:\WINDOWS\System32\OLEAUT32.dll
0x00007ff84ce30000 - 0x00007ff84ce62000 	C:\WINDOWS\SYSTEM32\dbgcore.DLL
0x00007ff859a30000 - 0x00007ff859aab000 	C:\WINDOWS\System32\bcryptPrimitives.dll
0x00007ff849a70000 - 0x00007ff849a90000 	E:\Programm\Program Files\Android\Android Studio\jbr\bin\java.dll
0x00007ff846e40000 - 0x00007ff846e58000 	E:\Programm\Program Files\Android\Android Studio\jbr\bin\zip.dll
0x00007ff859ae0000 - 0x00007ff85a37c000 	C:\WINDOWS\System32\SHELL32.dll
0x00007ff859330000 - 0x00007ff85946f000 	C:\WINDOWS\System32\wintypes.dll
0x00007ff856dd0000 - 0x00007ff8576ea000 	C:\WINDOWS\SYSTEM32\windows.storage.dll
0x00007ff85afd0000 - 0x00007ff85b0d4000 	C:\WINDOWS\System32\SHCORE.dll
0x00007ff85b100000 - 0x00007ff85b169000 	C:\WINDOWS\System32\shlwapi.dll
0x00007ff858e50000 - 0x00007ff858e75000 	C:\WINDOWS\SYSTEM32\profapi.dll
0x00007ff849af0000 - 0x00007ff849b00000 	E:\Programm\Program Files\Android\Android Studio\jbr\bin\net.dll
0x00007ff854ee0000 - 0x00007ff85500c000 	C:\WINDOWS\SYSTEM32\WINHTTP.dll
0x00007ff8583e0000 - 0x00007ff858449000 	C:\WINDOWS\system32\mswsock.dll
0x00007ff846290000 - 0x00007ff8462a6000 	E:\Programm\Program Files\Android\Android Studio\jbr\bin\nio.dll
0x00007ff849a30000 - 0x00007ff849a39000 	E:\Programm\Program Files\Android\Android Studio\jbr\bin\management.dll
0x00007ff8497a0000 - 0x00007ff8497ab000 	E:\Programm\Program Files\Android\Android Studio\jbr\bin\management_ext.dll
0x00007ff85bc50000 - 0x00007ff85bc58000 	C:\WINDOWS\System32\PSAPI.DLL
0x00007ff846eb0000 - 0x00007ff846ec0000 	E:\Programm\Program Files\Android\Android Studio\jbr\bin\verify.dll

dbghelp: loaded successfully - version: 4.0.5 - missing functions: none
symbol engine: initialized successfully - sym options: 0x614 - pdb path: .;E:\Programm\Program Files\Android\Android Studio\jbr\bin;C:\WINDOWS\SYSTEM32;C:\WINDOWS\WinSxS\amd64_microsoft.windows.common-controls_6595b64144ccf1df_6.0.22621.6060_none_2712eda17382d24b;E:\Programm\Program Files\Android\Android Studio\jbr\bin\server

VM Arguments:
java_command: org.jetbrains.kotlin.cli.jvm.K2JVMCompiler @D:\User\Documents\GitHub\app-chat\app\common\build\20260105_10304526845613033144.compiler.options
java_class_path (initial): C:\Users\User\.gradle\caches\modules-2\files-2.1\org.jetbrains.kotlin\kotlin-compiler-embeddable\2.2.20\bb8331b7585e36ea311825b01a1c06860c055fd1\kotlin-compiler-embeddable-2.2.20.jar;C:\Users\User\.gradle\caches\modules-2\files-2.1\org.jetbrains.kotlin\kotlin-stdlib\2.2.20\5380b19fa1924399b62ce3a1faffebb2b4f82272\kotlin-stdlib-2.2.20.jar;C:\Users\User\.gradle\caches\modules-2\files-2.1\org.jetbrains.kotlin\kotlin-script-runtime\2.2.20\4c679cbeac0bb583b75c3a080013da8eaf240807\kotlin-script-runtime-2.2.20.jar;C:\Users\User\.gradle\caches\modules-2\files-2.1\org.jetbrains.kotlin\kotlin-reflect\1.6.10\1cbe9c92c12a94eea200d23c2bbaedaf3daf5132\kotlin-reflect-1.6.10.jar;C:\Users\User\.gradle\caches\modules-2\files-2.1\org.jetbrains.kotlin\kotlin-daemon-embeddable\2.2.20\feff12d48d7f1eb628742b0a721395e16f8755bf\kotlin-daemon-embeddable-2.2.20.jar;C:\Users\User\.gradle\caches\modules-2\files-2.1\org.jetbrains.kotlinx\kotlinx-coroutines-core-jvm\1.8.0\ac1dc37a30a93150b704022f8d895ee1bd3a36b3\kotlinx-coroutines-core-jvm-1.8.0.jar;C:\Users\User\.gradle\caches\modules-2\files-2.1\org.jetbrains\annotations\13.0\919f0dfe192fb4e063e7dacadee7f8bb9a2672a9\annotations-13.0.jar
Launcher Type: SUN_STANDARD

[Global flags]
     intx CICompilerCount                          = 4                                         {product} {ergonomic}
     uint ConcGCThreads                            = 3                                         {product} {ergonomic}
     uint G1ConcRefinementThreads                  = 10                                        {product} {ergonomic}
   size_t G1HeapRegionSize                         = 1048576                                   {product} {ergonomic}
    uintx GCDrainStackTargetSize                   = 64                                        {product} {ergonomic}
   size_t InitialHeapSize                          = 125829120                                 {product} {ergonomic}
   size_t MarkStackSize                            = 4194304                                   {product} {ergonomic}
   size_t MaxHeapSize                              = 1992294400                                {product} {ergonomic}
   size_t MaxNewSize                               = 1195376640                                {product} {ergonomic}
   size_t MinHeapDeltaBytes                        = 1048576                                   {product} {ergonomic}
   size_t MinHeapSize                              = 8388608                                   {product} {ergonomic}
    uintx NonNMethodCodeHeapSize                   = 5839372                                {pd product} {ergonomic}
    uintx NonProfiledCodeHeapSize                  = 122909434                              {pd product} {ergonomic}
    uintx ProfiledCodeHeapSize                     = 122909434                              {pd product} {ergonomic}
    uintx ReservedCodeCacheSize                    = 251658240                              {pd product} {ergonomic}
     bool SegmentedCodeCache                       = true                                      {product} {ergonomic}
   size_t SoftMaxHeapSize                          = 1992294400                             {manageable} {ergonomic}
     bool UseCompressedOops                        = true                           {product lp64_product} {ergonomic}
     bool UseG1GC                                  = true                                      {product} {ergonomic}
     bool UseLargePagesIndividualAllocation        = false                                  {pd product} {ergonomic}

Logging:
Log output configuration:
 #0: stdout all=warning uptime,level,tags foldmultilines=false
 #1: stderr all=off uptime,level,tags foldmultilines=false

Environment Variables:
PATH=C:\Program Files (x86)\Common Files\Intel\Shared Libraries\redist\intel64\compiler;E:\Programm\Program Files\Common Files\Oracle\Java\javapath;E:\Programm\Program Files\Zulu\zulu-17\bin\;E:\Programm\Program Files\Python310\Scripts\;E:\Programm\Program Files\Python310\;C:\Windows\system32;C:\Windows;C:\Windows\System32\Wbem;C:\Windows\System32\WindowsPowerShell\v1.0\;C:\Windows\System32\OpenSSH\;C:\Program Files (x86)\NVIDIA Corporation\PhysX\Common;C:\Program Files\NVIDIA Corporation\NVIDIA NvDLISR;C:\WINDOWS\system32;C:\WINDOWS;C:\WINDOWS\System32\Wbem;C:\WINDOWS\System32\WindowsPowerShell\v1.0\;C:\WINDOWS\System32\OpenSSH\;D:\BaiduNetdiskDownload\php-8.3.3-Win32;E:\Programm\Program Files\apache-maven-3.9.7\bin;E:\Programm\Program Files\nodejs\;E:\Program Files (x86)\WinSCP\;E:\Programm\Program Files\Git\cmd;C:\ProgramData\chocolatey\bin;E:\Programm\Program Files\apache-ant-1.10.15\bin;E:\Programm\Program Files\swipl\bin;E:\Users\User\AppData\Local\bin\NASM;E:\Programm\Program Files\Bochs-2.8;E:\Programm\Program Files\qemu;E:\Programm\Program Files\x86_64-elf-tools-windows\bin;E:\Programm\Program Files\gradle-9.2.1\bin;E:\Programm\Program Files\MySQL\MySQL Shell 8.0\bin\;C:\Users\User\AppData\Local\Microsoft\WindowsApps;E:\Programm\Program Files\JetBrains\PyCharm Community Edition 2023.1.4\bin;;E:\Users\User\AppData\Local\Programs\Microsoft VS Code\bin;E:\Programm\Program Files\JetBrains\IntelliJ IDEA Community Edition 2024.1\bin;;C:\Users\User\AppData\Roaming\npm;C:\Users\User\AppData\Local\GitHubDesktop\bin;C:\Users\User\.local\bin;C:\Users\User\.local\share\man;c:\users\user\appdata\roaming\python\python310\scripts;E:\ghcup\bin;E:\BaiduNetdiskDownload\pandoc-2.14.2-windows-x86_64\pandoc-2.14.2;E:\Programm\Program Files\MiKTex\miktex\bin\x64\;C:\Users\User\AppData\Local\Pandoc\;E:\Programm\Program Files\Git\usr\bin;C:\Users\User\AppData\Local\Programs\Julia-1.11.6\bin;
USERNAME=User
OS=Windows_NT
PROCESSOR_IDENTIFIER=AMD64 Family 23 Model 96 Stepping 1, AuthenticAMD
TMP=E:\UserData\Tmp
TEMP=E:\UserData\Temp




Periodic native trim disabled

JNI global refs:
JNI global refs: 13, weak refs: 6

JNI global refs memory usage: 835, weak refs: 833

Process memory usage:
Resident Set Size: 374512K (4% of 7781324K total physical memory with 563700K free physical memory)

OOME stack traces (most recent first):
Classloader memory used:
Loader jdk.internal.loader.ClassLoaders$AppClassLoader                                 : 44079K
Loader bootstrap                                                                       : 11451K
Loader java.net.URLClassLoader                                                         : 1220K
Loader jdk.internal.jrtfs.JrtFileSystemProvider$JrtFsLoader                            : 303K
Loader jdk.internal.loader.ClassLoaders$PlatformClassLoader                            : 67904B

Classes loaded by more than one classloader:
Class jdk.internal.jimage.BasicImageReader                                            : loaded 2 times (x 93B)
Class jdk.internal.jimage.decompressor.StringSharingDecompressorFactory               : loaded 2 times (x 72B)
Class jdk.internal.jrtfs.JrtFileSystemProvider                                        : loaded 2 times (x 99B)
Class jdk.internal.jimage.ImageLocation                                               : loaded 2 times (x 88B)
Class jdk.internal.jimage.ImageBufferCache$1                                          : loaded 2 times (x 81B)
Class jdk.internal.jimage.ImageBufferCache$2                                          : loaded 2 times (x 89B)
Class jdk.internal.jimage.ImageHeader                                                 : loaded 2 times (x 69B)
Class jdk.internal.jimage.decompressor.ResourceDecompressor                           : loaded 2 times (x 68B)
Class jdk.internal.jimage.ImageStringsReader                                          : loaded 2 times (x 78B)
Class jdk.internal.jimage.ImageReader                                                 : loaded 2 times (x 73B)
Class jdk.internal.jimage.ImageReader$SharedImageReader                               : loaded 2 times (x 93B)
Class jdk.internal.jimage.decompressor.ResourceDecompressorFactory                    : loaded 2 times (x 72B)
Class jdk.internal.jimage.ImageReader$Node                                            : loaded 2 times (x 82B)
Class jdk.internal.jimage.BasicImageReader$1                                          : loaded 2 times (x 75B)
Class jdk.internal.jimage.decompressor.Decompressor                                   : loaded 2 times (x 70B)
Class jdk.internal.jimage.ImageBufferCache                                            : loaded 2 times (x 69B)
Class jdk.internal.jrtfs.JrtPath                                                      : loaded 2 times (x 116B)
Class jdk.internal.jimage.decompressor.ResourceDecompressorRepository                 : loaded 2 times (x 69B)
Class jdk.internal.jimage.ImageReader$Directory                                       : loaded 2 times (x 82B)
Class jdk.internal.jimage.decompressor.ZipDecompressorFactory                         : loaded 2 times (x 72B)
Class jdk.internal.jimage.decompressor.ZipDecompressor                                : loaded 2 times (x 73B)
Class jdk.internal.jimage.ImageStrings                                                : loaded 2 times (x 68B)
Class jdk.internal.jrtfs.JrtFileSystem                                                : loaded 2 times (x 100B)
Class jdk.internal.jimage.decompressor.CompressedResourceHeader                       : loaded 2 times (x 69B)
Class jdk.internal.jimage.decompressor.ResourceDecompressor$StringsProvider           : loaded 2 times (x 68B)

---------------  S Y S T E M  ---------------

OS:
 Windows 11 , 64 bit Build 22621 (10.0.22621.5415)
OS uptime: 8 days 22:06 hours
Hyper-V role detected

CPU: total 12 (initial active 12) (12 cores per cpu, 2 threads per core) family 23 model 96 stepping 1 microcode 0x0, cx8, cmov, fxsr, ht, mmx, 3dnowpref, sse, sse2, sse3, ssse3, sse4a, sse4.1, sse4.2, popcnt, lzcnt, tsc, tscinvbit, avx, avx2, aes, clmul, bmi1, bmi2, adx, sha, fma, vzeroupper, clflush, clflushopt, hv, rdtscp, rdpid, f16c
Processor Information for the first 12 processors :
  Max Mhz: 3001, Current Mhz: 3001, Mhz Limit: 3001

Memory: 4k page, system-wide physical 7598M (550M free)
TotalPageFile size 27290M (AvailPageFile size 93M)
current process WorkingSet (physical memory assigned to process): 365M, peak: 365M
current process commit charge ("private bytes"): 370M, peak: 511M

vm_info: OpenJDK 64-Bit Server VM (21.0.7+-13880790-b1038.58) for windows-amd64 JRE (21.0.7+-13880790-b1038.58), built on 2025-08-04T20:56:21Z by "builder" with MS VC++ 16.10 / 16.11 (VS2019)

END.
