#
# There is insufficient memory for the Java Runtime Environment to continue.
# Native memory allocation (mmap) failed to map 75497472 bytes. Error detail: G1 virtual space
# Possible reasons:
#   The system is out of physical RAM or swap space
#   This process is running with CompressedOops enabled, and the Java Heap may be blocking the growth of the native heap
# Possible solutions:
#   Reduce memory load on the system
#   Increase physical memory or swap space
#   Check if swap backing store is full
#   Decrease Java heap size (-Xmx/-Xms)
#   Decrease number of Java threads
#   Decrease Java thread stack sizes (-Xss)
#   Set larger code cache with -XX:ReservedCodeCacheSize=
#   JVM is running with Unscaled Compressed Oops mode in which the Java heap is
#     placed in the first 4GB address space. The Java Heap base address is the
#     maximum limit for the native heap growth. Please use -XX:HeapBaseMinAddress
#     to set the Java Heap base and to place the Java Heap above 4GB virtual address.
# This output file may be truncated or incomplete.
#
#  Out of Memory Error (os_windows.cpp:3898), pid=5516, tid=17272
#
# JRE version: OpenJDK Runtime Environment (21.0.7) (build 21.0.7+-13880790-b1038.58)
# Java VM: OpenJDK 64-Bit Server VM (21.0.7+-13880790-b1038.58, mixed mode, tiered, compressed oops, compressed class ptrs, g1 gc, windows-amd64)
# No core dump will be written. Minidumps are not enabled by default on client versions of Windows
#

---------------  S U M M A R Y ------------

Command Line: org.jetbrains.kotlin.cli.jvm.K2JVMCompiler @D:\User\Documents\GitHub\app-chat\app\common\build\20260105_15581712512729405917.compiler.options

Host: AMD Ryzen 5 4600H with Radeon Graphics         , 12 cores, 7G,  Windows 11 , 64 bit Build 22621 (10.0.22621.5415)
Time: Mon Jan  5 12:07:27 2026  Windows 11 , 64 bit Build 22621 (10.0.22621.5415) elapsed time: 9.648508 seconds (0d 0h 0m 9s)

---------------  T H R E A D  ---------------

Current thread (0x0000028334f8e2e0):  VMThread "VM Thread"          [id=17272, stack(0x000000e6a2000000,0x000000e6a2100000) (1024K)]

Stack: [0x000000e6a2000000,0x000000e6a2100000]
Native frames: (J=compiled Java code, j=interpreted, Vv=VM code, C=native code)
V  [jvm.dll+0x6d25c9]
V  [jvm.dll+0x860923]
V  [jvm.dll+0x862e7e]
V  [jvm.dll+0x863563]
V  [jvm.dll+0x27f156]
V  [jvm.dll+0x6ceee5]
V  [jvm.dll+0x6c29aa]
V  [jvm.dll+0x355ebb]
V  [jvm.dll+0x35db16]
V  [jvm.dll+0x3afb16]
V  [jvm.dll+0x3afde8]
V  [jvm.dll+0x32855c]
V  [jvm.dll+0x3285e7]
V  [jvm.dll+0x36e47c]
V  [jvm.dll+0x36cc2e]
V  [jvm.dll+0x327cb1]
V  [jvm.dll+0x36c330]
V  [jvm.dll+0x8692e8]
V  [jvm.dll+0x86a664]
V  [jvm.dll+0x86aba0]
V  [jvm.dll+0x86ae33]
V  [jvm.dll+0x808d08]
V  [jvm.dll+0x6d0e1d]
C  [ucrtbase.dll+0x29333]
C  [KERNEL32.DLL+0x1259d]
C  [ntdll.dll+0x5af78]

VM_Operation (0x000000e6a19fa7e0): G1CollectForAllocation, mode: safepoint, requested by thread 0x000002831b476900


---------------  P R O C E S S  ---------------

Threads class SMR info:
_java_thread_list=0x000002833ce92630, length=12, elements={
0x000002831b476900, 0x00000283351139c0, 0x000002833516c8b0, 0x00000283351715a0,
0x000002833518a6d0, 0x000002833518ad40, 0x000002833518b7a0, 0x000002833518c200,
0x0000028335196fb0, 0x0000028335172870, 0x0000028335325970, 0x000002833aa5d100
}

Java Threads: ( => current thread )
  0x000002831b476900 JavaThread "main"                              [_thread_blocked, id=21612, stack(0x000000e6a1900000,0x000000e6a1a00000) (1024K)]
  0x00000283351139c0 JavaThread "Common-Cleaner"             daemon [_thread_blocked, id=13984, stack(0x000000e6a2100000,0x000000e6a2200000) (1024K)]
  0x000002833516c8b0 JavaThread "Reference Handler"          daemon [_thread_blocked, id=3996, stack(0x000000e6a2200000,0x000000e6a2300000) (1024K)]
  0x00000283351715a0 JavaThread "Finalizer"                  daemon [_thread_blocked, id=12680, stack(0x000000e6a2300000,0x000000e6a2400000) (1024K)]
  0x000002833518a6d0 JavaThread "Signal Dispatcher"          daemon [_thread_blocked, id=20052, stack(0x000000e6a2400000,0x000000e6a2500000) (1024K)]
  0x000002833518ad40 JavaThread "Attach Listener"            daemon [_thread_blocked, id=21140, stack(0x000000e6a2500000,0x000000e6a2600000) (1024K)]
  0x000002833518b7a0 JavaThread "Service Thread"             daemon [_thread_blocked, id=14036, stack(0x000000e6a2600000,0x000000e6a2700000) (1024K)]
  0x000002833518c200 JavaThread "Monitor Deflation Thread"   daemon [_thread_blocked, id=6732, stack(0x000000e6a2700000,0x000000e6a2800000) (1024K)]
  0x0000028335196fb0 JavaThread "C2 CompilerThread0"         daemon [_thread_blocked, id=13228, stack(0x000000e6a2800000,0x000000e6a2900000) (1024K)]
  0x0000028335172870 JavaThread "C1 CompilerThread0"         daemon [_thread_blocked, id=24300, stack(0x000000e6a2900000,0x000000e6a2a00000) (1024K)]
  0x0000028335325970 JavaThread "Notification Thread"        daemon [_thread_blocked, id=19152, stack(0x000000e6a2a00000,0x000000e6a2b00000) (1024K)]
  0x000002833aa5d100 JavaThread "C2 CompilerThread1"         daemon [_thread_in_native, id=21796, stack(0x000000e6a3600000,0x000000e6a3700000) (1024K)]
Total: 12

Other Threads:
=>0x0000028334f8e2e0 VMThread "VM Thread"                           [id=17272, stack(0x000000e6a2000000,0x000000e6a2100000) (1024K)]
  0x0000028334f0aca0 WatcherThread "VM Periodic Task Thread"        [id=23812, stack(0x000000e6a1f00000,0x000000e6a2000000) (1024K)]
  0x000002831d762020 WorkerThread "GC Thread#0"                     [id=22300, stack(0x000000e6a1a00000,0x000000e6a1b00000) (1024K)]
  0x00000283359acf50 WorkerThread "GC Thread#1"                     [id=19320, stack(0x000000e6a2b00000,0x000000e6a2c00000) (1024K)]
  0x0000028335a0a6e0 WorkerThread "GC Thread#2"                     [id=18788, stack(0x000000e6a2c00000,0x000000e6a2d00000) (1024K)]
  0x0000028335a0bb10 WorkerThread "GC Thread#3"                     [id=2912, stack(0x000000e6a2d00000,0x000000e6a2e00000) (1024K)]
  0x0000028335a27c40 WorkerThread "GC Thread#4"                     [id=23916, stack(0x000000e6a2e00000,0x000000e6a2f00000) (1024K)]
  0x0000028335a27fe0 WorkerThread "GC Thread#5"                     [id=21364, stack(0x000000e6a2f00000,0x000000e6a3000000) (1024K)]
  0x0000028335b9c8e0 WorkerThread "GC Thread#6"                     [id=17436, stack(0x000000e6a3000000,0x000000e6a3100000) (1024K)]
  0x0000028335b9cc80 WorkerThread "GC Thread#7"                     [id=20320, stack(0x000000e6a3100000,0x000000e6a3200000) (1024K)]
  0x000002833a2e2360 WorkerThread "GC Thread#8"                     [id=7984, stack(0x000000e6a3200000,0x000000e6a3300000) (1024K)]
  0x000002833a2e4060 WorkerThread "GC Thread#9"                     [id=21544, stack(0x000000e6a3500000,0x000000e6a3600000) (1024K)]
  0x000002831d771ef0 ConcurrentGCThread "G1 Main Marker"            [id=1572, stack(0x000000e6a1b00000,0x000000e6a1c00000) (1024K)]
  0x000002831d773200 WorkerThread "G1 Conc#0"                       [id=10292, stack(0x000000e6a1c00000,0x000000e6a1d00000) (1024K)]
  0x000002833a2e31e0 WorkerThread "G1 Conc#1"                       [id=14972, stack(0x000000e6a3300000,0x000000e6a3400000) (1024K)]
  0x000002833a2e2aa0 WorkerThread "G1 Conc#2"                       [id=16520, stack(0x000000e6a3400000,0x000000e6a3500000) (1024K)]
  0x000002831d7cea20 ConcurrentGCThread "G1 Refine#0"               [id=2212, stack(0x000000e6a1d00000,0x000000e6a1e00000) (1024K)]
  0x0000028334ddfbb0 ConcurrentGCThread "G1 Service"                [id=23516, stack(0x000000e6a1e00000,0x000000e6a1f00000) (1024K)]
Total: 18

Threads with active compile tasks:
C2 CompilerThread0  9688 5341       4       org.jetbrains.kotlin.load.kotlin.FileBasedKotlinClass::resolveNameByDesc (87 bytes)
C2 CompilerThread1  9688 5180       4       java.lang.invoke.MethodType::makeImpl (109 bytes)
Total: 2

VM state: at safepoint (normal execution)

VM Mutex/Monitor currently owned by a thread:  ([mutex/lock_event])
[0x00007ffff1951468] Threads_lock - owner thread: 0x0000028334f8e2e0
[0x00007ffff1951568] Heap_lock - owner thread: 0x000002831b476900

Heap address: 0x0000000089400000, size: 1900 MB, Compressed Oops mode: 32-bit

CDS archive(s) not mapped
Compressed class space mapped at: 0x0000000100000000-0x0000000140000000, reserved size: 1073741824
Narrow klass base: 0x0000000000000000, Narrow klass shift: 3, Narrow klass range: 0x140000000

GC Precious Log:
 CardTable entry size: 512
 Card Set container configuration: InlinePtr #cards 5 size 8 Array Of Cards #cards 12 size 40 Howl #buckets 4 coarsen threshold 1843 Howl Bitmap #cards 512 size 80 coarsen threshold 460 Card regions per heap region 1 cards per card region 2048
 CPUs: 12 total, 12 available
 Memory: 7598M
 Large Page Support: Disabled
 NUMA Support: Disabled
 Compressed Oops: Enabled (32-bit)
 Heap Region Size: 1M
 Heap Min Capacity: 8M
 Heap Initial Capacity: 120M
 Heap Max Capacity: 1900M
 Pre-touch: Disabled
 Parallel Workers: 10
 Concurrent Workers: 3
 Concurrent Refinement Workers: 10
 Periodic GC: Disabled

Heap:
 garbage-first heap   total 168960K, used 117707K [0x0000000089400000, 0x0000000100000000)
  region size 1024K, 5 young (5120K), 5 survivors (5120K)
 Metaspace       used 59472K, committed 59776K, reserved 1114112K
  class space    used 6856K, committed 6976K, reserved 1048576K

Heap Regions: E=young(eden), S=young(survivor), O=old, HS=humongous(starts), HC=humongous(continues), CS=collection set, F=free, TAMS=top-at-mark-start, PB=parsable bottom
|   0|0x0000000089400000, 0x0000000089500000, 0x0000000089500000|100%|HS|  |TAMS 0x0000000089400000| PB 0x0000000089400000| Complete 
|   1|0x0000000089500000, 0x0000000089600000, 0x0000000089600000|100%|HC|  |TAMS 0x0000000089500000| PB 0x0000000089500000| Complete 
|   2|0x0000000089600000, 0x0000000089700000, 0x0000000089700000|100%|HC|  |TAMS 0x0000000089600000| PB 0x0000000089600000| Complete 
|   3|0x0000000089700000, 0x0000000089800000, 0x0000000089800000|100%|HC|  |TAMS 0x0000000089700000| PB 0x0000000089700000| Complete 
|   4|0x0000000089800000, 0x0000000089900000, 0x0000000089900000|100%| O|  |TAMS 0x0000000089800000| PB 0x0000000089800000| Untracked 
|   5|0x0000000089900000, 0x0000000089a00000, 0x0000000089a00000|100%| O|  |TAMS 0x0000000089900000| PB 0x0000000089900000| Untracked 
|   6|0x0000000089a00000, 0x0000000089af9f00, 0x0000000089b00000| 97%| O|  |TAMS 0x0000000089a00000| PB 0x0000000089a00000| Untracked 
|   7|0x0000000089b00000, 0x0000000089c00000, 0x0000000089c00000|100%| O|  |TAMS 0x0000000089b00000| PB 0x0000000089b00000| Untracked 
|   8|0x0000000089c00000, 0x0000000089d00000, 0x0000000089d00000|100%| O|  |TAMS 0x0000000089c00000| PB 0x0000000089c00000| Untracked 
|   9|0x0000000089d00000, 0x0000000089e00000, 0x0000000089e00000|100%| O|  |TAMS 0x0000000089d00000| PB 0x0000000089d00000| Untracked 
|  10|0x0000000089e00000, 0x0000000089f00000, 0x0000000089f00000|100%| O|  |TAMS 0x0000000089e00000| PB 0x0000000089e00000| Untracked 
|  11|0x0000000089f00000, 0x000000008a000000, 0x000000008a000000|100%| O|  |TAMS 0x0000000089f00000| PB 0x0000000089f00000| Untracked 
|  12|0x000000008a000000, 0x000000008a100000, 0x000000008a100000|100%| O|  |TAMS 0x000000008a000000| PB 0x000000008a000000| Untracked 
|  13|0x000000008a100000, 0x000000008a200000, 0x000000008a200000|100%| O|  |TAMS 0x000000008a100000| PB 0x000000008a100000| Untracked 
|  14|0x000000008a200000, 0x000000008a300000, 0x000000008a300000|100%| O|  |TAMS 0x000000008a200000| PB 0x000000008a200000| Untracked 
|  15|0x000000008a300000, 0x000000008a400000, 0x000000008a400000|100%| O|  |TAMS 0x000000008a300000| PB 0x000000008a300000| Untracked 
|  16|0x000000008a400000, 0x000000008a500000, 0x000000008a500000|100%| O|  |TAMS 0x000000008a400000| PB 0x000000008a400000| Untracked 
|  17|0x000000008a500000, 0x000000008a600000, 0x000000008a600000|100%| O|  |TAMS 0x000000008a500000| PB 0x000000008a500000| Untracked 
|  18|0x000000008a600000, 0x000000008a700000, 0x000000008a700000|100%| O|  |TAMS 0x000000008a600000| PB 0x000000008a600000| Untracked 
|  19|0x000000008a700000, 0x000000008a800000, 0x000000008a800000|100%| O|  |TAMS 0x000000008a700000| PB 0x000000008a700000| Untracked 
|  20|0x000000008a800000, 0x000000008a900000, 0x000000008a900000|100%| O|  |TAMS 0x000000008a800000| PB 0x000000008a800000| Untracked 
|  21|0x000000008a900000, 0x000000008aa00000, 0x000000008aa00000|100%| O|  |TAMS 0x000000008a900000| PB 0x000000008a900000| Untracked 
|  22|0x000000008aa00000, 0x000000008ab00000, 0x000000008ab00000|100%| O|  |TAMS 0x000000008aa00000| PB 0x000000008aa00000| Untracked 
|  23|0x000000008ab00000, 0x000000008ac00000, 0x000000008ac00000|100%| O|  |TAMS 0x000000008ab00000| PB 0x000000008ab00000| Untracked 
|  24|0x000000008ac00000, 0x000000008ad00000, 0x000000008ad00000|100%| O|  |TAMS 0x000000008ac00000| PB 0x000000008ac00000| Untracked 
|  25|0x000000008ad00000, 0x000000008ae00000, 0x000000008ae00000|100%| O|  |TAMS 0x000000008ad00000| PB 0x000000008ad00000| Untracked 
|  26|0x000000008ae00000, 0x000000008af00000, 0x000000008af00000|100%| O|  |TAMS 0x000000008ae00000| PB 0x000000008ae00000| Untracked 
|  27|0x000000008af00000, 0x000000008b000000, 0x000000008b000000|100%| O|  |TAMS 0x000000008af00000| PB 0x000000008af00000| Untracked 
|  28|0x000000008b000000, 0x000000008b100000, 0x000000008b100000|100%| O|  |TAMS 0x000000008b000000| PB 0x000000008b000000| Untracked 
|  29|0x000000008b100000, 0x000000008b200000, 0x000000008b200000|100%| O|  |TAMS 0x000000008b100000| PB 0x000000008b100000| Untracked 
|  30|0x000000008b200000, 0x000000008b300000, 0x000000008b300000|100%| O|  |TAMS 0x000000008b200000| PB 0x000000008b200000| Untracked 
|  31|0x000000008b300000, 0x000000008b400000, 0x000000008b400000|100%| O|  |TAMS 0x000000008b300000| PB 0x000000008b300000| Untracked 
|  32|0x000000008b400000, 0x000000008b500000, 0x000000008b500000|100%| O|  |TAMS 0x000000008b400000| PB 0x000000008b400000| Untracked 
|  33|0x000000008b500000, 0x000000008b600000, 0x000000008b600000|100%| O|  |TAMS 0x000000008b500000| PB 0x000000008b500000| Untracked 
|  34|0x000000008b600000, 0x000000008b700000, 0x000000008b700000|100%| O|  |TAMS 0x000000008b600000| PB 0x000000008b600000| Untracked 
|  35|0x000000008b700000, 0x000000008b800000, 0x000000008b800000|100%| O|  |TAMS 0x000000008b700000| PB 0x000000008b700000| Untracked 
|  36|0x000000008b800000, 0x000000008b900000, 0x000000008b900000|100%| O|  |TAMS 0x000000008b800000| PB 0x000000008b800000| Untracked 
|  37|0x000000008b900000, 0x000000008ba00000, 0x000000008ba00000|100%| O|  |TAMS 0x000000008b900000| PB 0x000000008b900000| Untracked 
|  38|0x000000008ba00000, 0x000000008bb00000, 0x000000008bb00000|100%| O|  |TAMS 0x000000008ba00000| PB 0x000000008ba00000| Untracked 
|  39|0x000000008bb00000, 0x000000008bc00000, 0x000000008bc00000|100%| O|  |TAMS 0x000000008bb00000| PB 0x000000008bb00000| Untracked 
|  40|0x000000008bc00000, 0x000000008bd00000, 0x000000008bd00000|100%| O|  |TAMS 0x000000008bc00000| PB 0x000000008bc00000| Untracked 
|  41|0x000000008bd00000, 0x000000008be00000, 0x000000008be00000|100%| O|  |TAMS 0x000000008bd00000| PB 0x000000008bd00000| Untracked 
|  42|0x000000008be00000, 0x000000008bf00000, 0x000000008bf00000|100%| O|  |TAMS 0x000000008be00000| PB 0x000000008be00000| Untracked 
|  43|0x000000008bf00000, 0x000000008c000000, 0x000000008c000000|100%| O|  |TAMS 0x000000008bf00000| PB 0x000000008bf00000| Untracked 
|  44|0x000000008c000000, 0x000000008c100000, 0x000000008c100000|100%| O|  |TAMS 0x000000008c000000| PB 0x000000008c000000| Untracked 
|  45|0x000000008c100000, 0x000000008c200000, 0x000000008c200000|100%| O|  |TAMS 0x000000008c100000| PB 0x000000008c100000| Untracked 
|  46|0x000000008c200000, 0x000000008c300000, 0x000000008c300000|100%| O|  |TAMS 0x000000008c200000| PB 0x000000008c200000| Untracked 
|  47|0x000000008c300000, 0x000000008c400000, 0x000000008c400000|100%| O|  |TAMS 0x000000008c300000| PB 0x000000008c300000| Untracked 
|  48|0x000000008c400000, 0x000000008c500000, 0x000000008c500000|100%| O|  |TAMS 0x000000008c400000| PB 0x000000008c400000| Untracked 
|  49|0x000000008c500000, 0x000000008c600000, 0x000000008c600000|100%| O|  |TAMS 0x000000008c500000| PB 0x000000008c500000| Untracked 
|  50|0x000000008c600000, 0x000000008c700000, 0x000000008c700000|100%| O|  |TAMS 0x000000008c600000| PB 0x000000008c600000| Untracked 
|  51|0x000000008c700000, 0x000000008c800000, 0x000000008c800000|100%| O|  |TAMS 0x000000008c700000| PB 0x000000008c700000| Untracked 
|  52|0x000000008c800000, 0x000000008c900000, 0x000000008c900000|100%| O|  |TAMS 0x000000008c800000| PB 0x000000008c800000| Untracked 
|  53|0x000000008c900000, 0x000000008ca00000, 0x000000008ca00000|100%| O|  |TAMS 0x000000008c900000| PB 0x000000008c900000| Untracked 
|  54|0x000000008ca00000, 0x000000008cb00000, 0x000000008cb00000|100%| O|  |TAMS 0x000000008ca00000| PB 0x000000008ca00000| Untracked 
|  55|0x000000008cb00000, 0x000000008cc00000, 0x000000008cc00000|100%| O|  |TAMS 0x000000008cb00000| PB 0x000000008cb00000| Untracked 
|  56|0x000000008cc00000, 0x000000008cd00000, 0x000000008cd00000|100%| O|  |TAMS 0x000000008cc00000| PB 0x000000008cc00000| Untracked 
|  57|0x000000008cd00000, 0x000000008ce00000, 0x000000008ce00000|100%| O|  |TAMS 0x000000008cd00000| PB 0x000000008cd00000| Untracked 
|  58|0x000000008ce00000, 0x000000008cf00000, 0x000000008cf00000|100%| O|  |TAMS 0x000000008ce00000| PB 0x000000008ce00000| Untracked 
|  59|0x000000008cf00000, 0x000000008d000000, 0x000000008d000000|100%| O|  |TAMS 0x000000008cf00000| PB 0x000000008cf00000| Untracked 
|  60|0x000000008d000000, 0x000000008d000000, 0x000000008d100000|  0%| F|  |TAMS 0x000000008d000000| PB 0x000000008d000000| Untracked 
|  61|0x000000008d100000, 0x000000008d200000, 0x000000008d200000|100%| O|  |TAMS 0x000000008d100000| PB 0x000000008d100000| Untracked 
|  62|0x000000008d200000, 0x000000008d300000, 0x000000008d300000|100%| O|  |TAMS 0x000000008d200000| PB 0x000000008d200000| Untracked 
|  63|0x000000008d300000, 0x000000008d400000, 0x000000008d400000|100%| O|  |TAMS 0x000000008d300000| PB 0x000000008d300000| Untracked 
|  64|0x000000008d400000, 0x000000008d500000, 0x000000008d500000|100%| O|  |TAMS 0x000000008d400000| PB 0x000000008d400000| Untracked 
|  65|0x000000008d500000, 0x000000008d600000, 0x000000008d600000|100%| O|  |TAMS 0x000000008d500000| PB 0x000000008d500000| Untracked 
|  66|0x000000008d600000, 0x000000008d700000, 0x000000008d700000|100%| O|  |TAMS 0x000000008d600000| PB 0x000000008d600000| Untracked 
|  67|0x000000008d700000, 0x000000008d800000, 0x000000008d800000|100%| O|  |TAMS 0x000000008d700000| PB 0x000000008d700000| Untracked 
|  68|0x000000008d800000, 0x000000008d900000, 0x000000008d900000|100%| O|  |TAMS 0x000000008d800000| PB 0x000000008d800000| Untracked 
|  69|0x000000008d900000, 0x000000008da00000, 0x000000008da00000|100%| O|  |TAMS 0x000000008d900000| PB 0x000000008d900000| Untracked 
|  70|0x000000008da00000, 0x000000008db00000, 0x000000008db00000|100%| O|  |TAMS 0x000000008da00000| PB 0x000000008da00000| Untracked 
|  71|0x000000008db00000, 0x000000008dc00000, 0x000000008dc00000|100%| O|  |TAMS 0x000000008db00000| PB 0x000000008db00000| Untracked 
|  72|0x000000008dc00000, 0x000000008dd00000, 0x000000008dd00000|100%| O|  |TAMS 0x000000008dc00000| PB 0x000000008dc00000| Untracked 
|  73|0x000000008dd00000, 0x000000008de00000, 0x000000008de00000|100%| O|  |TAMS 0x000000008dd00000| PB 0x000000008dd00000| Untracked 
|  74|0x000000008de00000, 0x000000008df00000, 0x000000008df00000|100%| O|  |TAMS 0x000000008de00000| PB 0x000000008de00000| Untracked 
|  75|0x000000008df00000, 0x000000008e000000, 0x000000008e000000|100%| O|  |TAMS 0x000000008df00000| PB 0x000000008df00000| Untracked 
|  76|0x000000008e000000, 0x000000008e100000, 0x000000008e100000|100%| O|  |TAMS 0x000000008e000000| PB 0x000000008e000000| Untracked 
|  77|0x000000008e100000, 0x000000008e200000, 0x000000008e200000|100%| O|  |TAMS 0x000000008e100000| PB 0x000000008e100000| Untracked 
|  78|0x000000008e200000, 0x000000008e300000, 0x000000008e300000|100%| O|  |TAMS 0x000000008e200000| PB 0x000000008e200000| Untracked 
|  79|0x000000008e300000, 0x000000008e400000, 0x000000008e400000|100%| O|  |TAMS 0x000000008e300000| PB 0x000000008e300000| Untracked 
|  80|0x000000008e400000, 0x000000008e400000, 0x000000008e500000|  0%| F|  |TAMS 0x000000008e400000| PB 0x000000008e400000| Untracked 
|  81|0x000000008e500000, 0x000000008e600000, 0x000000008e600000|100%| O|  |TAMS 0x000000008e500000| PB 0x000000008e500000| Untracked 
|  82|0x000000008e600000, 0x000000008e700000, 0x000000008e700000|100%| O|  |TAMS 0x000000008e600000| PB 0x000000008e600000| Untracked 
|  83|0x000000008e700000, 0x000000008e800000, 0x000000008e800000|100%| O|  |TAMS 0x000000008e700000| PB 0x000000008e700000| Untracked 
|  84|0x000000008e800000, 0x000000008e900000, 0x000000008e900000|100%| O|  |TAMS 0x000000008e800000| PB 0x000000008e800000| Untracked 
|  85|0x000000008e900000, 0x000000008ea00000, 0x000000008ea00000|100%| O|  |TAMS 0x000000008e900000| PB 0x000000008e900000| Untracked 
|  86|0x000000008ea00000, 0x000000008eb00000, 0x000000008eb00000|100%| O|  |TAMS 0x000000008ea00000| PB 0x000000008ea00000| Untracked 
|  87|0x000000008eb00000, 0x000000008ec00000, 0x000000008ec00000|100%| O|  |TAMS 0x000000008eb00000| PB 0x000000008eb00000| Untracked 
|  88|0x000000008ec00000, 0x000000008ed00000, 0x000000008ed00000|100%| O|  |TAMS 0x000000008ec00000| PB 0x000000008ec00000| Untracked 
|  89|0x000000008ed00000, 0x000000008ee00000, 0x000000008ee00000|100%| O|  |TAMS 0x000000008ed00000| PB 0x000000008ed00000| Untracked 
|  90|0x000000008ee00000, 0x000000008ef00000, 0x000000008ef00000|100%| O|  |TAMS 0x000000008ee00000| PB 0x000000008ee00000| Untracked 
|  91|0x000000008ef00000, 0x000000008f000000, 0x000000008f000000|100%| O|  |TAMS 0x000000008ef00000| PB 0x000000008ef00000| Untracked 
|  92|0x000000008f000000, 0x000000008f100000, 0x000000008f100000|100%| O|  |TAMS 0x000000008f000000| PB 0x000000008f000000| Untracked 
|  93|0x000000008f100000, 0x000000008f200000, 0x000000008f200000|100%| O|  |TAMS 0x000000008f100000| PB 0x000000008f100000| Untracked 
|  94|0x000000008f200000, 0x000000008f300000, 0x000000008f300000|100%| O|  |TAMS 0x000000008f200000| PB 0x000000008f200000| Untracked 
|  95|0x000000008f300000, 0x000000008f400000, 0x000000008f400000|100%| O|  |TAMS 0x000000008f300000| PB 0x000000008f300000| Untracked 
|  96|0x000000008f400000, 0x000000008f500000, 0x000000008f500000|100%| O|  |TAMS 0x000000008f400000| PB 0x000000008f400000| Untracked 
|  97|0x000000008f500000, 0x000000008f600000, 0x000000008f600000|100%| O|  |TAMS 0x000000008f500000| PB 0x000000008f500000| Untracked 
|  98|0x000000008f600000, 0x000000008f700000, 0x000000008f700000|100%| O|  |TAMS 0x000000008f600000| PB 0x000000008f600000| Untracked 
|  99|0x000000008f700000, 0x000000008f800000, 0x000000008f800000|100%|HS|  |TAMS 0x000000008f700000| PB 0x000000008f700000| Complete 
| 100|0x000000008f800000, 0x000000008f900000, 0x000000008f900000|100%| O|  |TAMS 0x000000008f800000| PB 0x000000008f800000| Untracked 
| 101|0x000000008f900000, 0x000000008fa00000, 0x000000008fa00000|100%| O|  |TAMS 0x000000008f900000| PB 0x000000008f900000| Untracked 
| 102|0x000000008fa00000, 0x000000008fb00000, 0x000000008fb00000|100%| O|  |TAMS 0x000000008fa00000| PB 0x000000008fa00000| Untracked 
| 103|0x000000008fb00000, 0x000000008fc00000, 0x000000008fc00000|100%| O|  |TAMS 0x000000008fb00000| PB 0x000000008fb00000| Untracked 
| 104|0x000000008fc00000, 0x000000008fd00000, 0x000000008fd00000|100%| O|  |TAMS 0x000000008fc00000| PB 0x000000008fc00000| Untracked 
| 105|0x000000008fd00000, 0x000000008fe00000, 0x000000008fe00000|100%| O|  |TAMS 0x000000008fd00000| PB 0x000000008fd00000| Untracked 
| 106|0x000000008fe00000, 0x000000008ff00000, 0x000000008ff00000|100%| O|  |TAMS 0x000000008fe00000| PB 0x000000008fe00000| Untracked 
| 107|0x000000008ff00000, 0x0000000090000000, 0x0000000090000000|100%| O|  |TAMS 0x000000008ff00000| PB 0x000000008ff00000| Untracked 
| 108|0x0000000090000000, 0x0000000090100000, 0x0000000090100000|100%| O|  |TAMS 0x0000000090000000| PB 0x0000000090000000| Untracked 
| 109|0x0000000090100000, 0x00000000901f9038, 0x0000000090200000| 97%| O|  |TAMS 0x0000000090100000| PB 0x0000000090100000| Untracked 
| 110|0x0000000090200000, 0x0000000090200000, 0x0000000090300000|  0%| F|  |TAMS 0x0000000090200000| PB 0x0000000090200000| Untracked 
| 111|0x0000000090300000, 0x0000000090300000, 0x0000000090400000|  0%| F|  |TAMS 0x0000000090300000| PB 0x0000000090300000| Untracked 
| 112|0x0000000090400000, 0x0000000090400000, 0x0000000090500000|  0%| F|  |TAMS 0x0000000090400000| PB 0x0000000090400000| Untracked 
| 113|0x0000000090500000, 0x0000000090500000, 0x0000000090600000|  0%| F|  |TAMS 0x0000000090500000| PB 0x0000000090500000| Untracked 
| 114|0x0000000090600000, 0x0000000090600000, 0x0000000090700000|  0%| F|  |TAMS 0x0000000090600000| PB 0x0000000090600000| Untracked 
| 115|0x0000000090700000, 0x0000000090700000, 0x0000000090800000|  0%| F|  |TAMS 0x0000000090700000| PB 0x0000000090700000| Untracked 
| 116|0x0000000090800000, 0x0000000090800000, 0x0000000090900000|  0%| F|  |TAMS 0x0000000090800000| PB 0x0000000090800000| Untracked 
| 117|0x0000000090900000, 0x0000000090900000, 0x0000000090a00000|  0%| F|  |TAMS 0x0000000090900000| PB 0x0000000090900000| Untracked 
| 118|0x0000000090a00000, 0x0000000090a00000, 0x0000000090b00000|  0%| F|  |TAMS 0x0000000090a00000| PB 0x0000000090a00000| Untracked 
| 119|0x0000000090b00000, 0x0000000090c00000, 0x0000000090c00000|100%| S|CS|TAMS 0x0000000090b00000| PB 0x0000000090b00000| Complete 
| 120|0x0000000090c00000, 0x0000000090d00000, 0x0000000090d00000|100%| S|CS|TAMS 0x0000000090c00000| PB 0x0000000090c00000| Complete 
| 121|0x0000000090d00000, 0x0000000090e00000, 0x0000000090e00000|100%| S|CS|TAMS 0x0000000090d00000| PB 0x0000000090d00000| Complete 
| 122|0x0000000090e00000, 0x0000000090f00000, 0x0000000090f00000|100%| S|CS|TAMS 0x0000000090e00000| PB 0x0000000090e00000| Complete 
| 123|0x0000000090f00000, 0x0000000091000000, 0x0000000091000000|100%| S|CS|TAMS 0x0000000090f00000| PB 0x0000000090f00000| Complete 
| 124|0x0000000091000000, 0x0000000091000000, 0x0000000091100000|  0%| F|  |TAMS 0x0000000091000000| PB 0x0000000091000000| Untracked 
| 125|0x0000000091100000, 0x0000000091100000, 0x0000000091200000|  0%| F|  |TAMS 0x0000000091100000| PB 0x0000000091100000| Untracked 
| 126|0x0000000091200000, 0x0000000091200000, 0x0000000091300000|  0%| F|  |TAMS 0x0000000091200000| PB 0x0000000091200000| Untracked 
| 127|0x0000000091300000, 0x0000000091300000, 0x0000000091400000|  0%| F|  |TAMS 0x0000000091300000| PB 0x0000000091300000| Untracked 
| 128|0x0000000091400000, 0x0000000091400000, 0x0000000091500000|  0%| F|  |TAMS 0x0000000091400000| PB 0x0000000091400000| Untracked 
| 129|0x0000000091500000, 0x0000000091500000, 0x0000000091600000|  0%| F|  |TAMS 0x0000000091500000| PB 0x0000000091500000| Untracked 
| 130|0x0000000091600000, 0x0000000091600000, 0x0000000091700000|  0%| F|  |TAMS 0x0000000091600000| PB 0x0000000091600000| Untracked 
| 131|0x0000000091700000, 0x0000000091700000, 0x0000000091800000|  0%| F|  |TAMS 0x0000000091700000| PB 0x0000000091700000| Untracked 
| 132|0x0000000091800000, 0x0000000091800000, 0x0000000091900000|  0%| F|  |TAMS 0x0000000091800000| PB 0x0000000091800000| Untracked 
| 133|0x0000000091900000, 0x0000000091900000, 0x0000000091a00000|  0%| F|  |TAMS 0x0000000091900000| PB 0x0000000091900000| Untracked 
| 134|0x0000000091a00000, 0x0000000091a00000, 0x0000000091b00000|  0%| F|  |TAMS 0x0000000091a00000| PB 0x0000000091a00000| Untracked 
| 135|0x0000000091b00000, 0x0000000091b00000, 0x0000000091c00000|  0%| F|  |TAMS 0x0000000091b00000| PB 0x0000000091b00000| Untracked 
| 136|0x0000000091c00000, 0x0000000091c00000, 0x0000000091d00000|  0%| F|  |TAMS 0x0000000091c00000| PB 0x0000000091c00000| Untracked 
| 137|0x0000000091d00000, 0x0000000091d00000, 0x0000000091e00000|  0%| F|  |TAMS 0x0000000091d00000| PB 0x0000000091d00000| Untracked 
| 138|0x0000000091e00000, 0x0000000091e00000, 0x0000000091f00000|  0%| F|  |TAMS 0x0000000091e00000| PB 0x0000000091e00000| Untracked 
| 139|0x0000000091f00000, 0x0000000091f00000, 0x0000000092000000|  0%| F|  |TAMS 0x0000000091f00000| PB 0x0000000091f00000| Untracked 
| 140|0x0000000092000000, 0x0000000092000000, 0x0000000092100000|  0%| F|  |TAMS 0x0000000092000000| PB 0x0000000092000000| Untracked 
| 141|0x0000000092100000, 0x0000000092100000, 0x0000000092200000|  0%| F|  |TAMS 0x0000000092100000| PB 0x0000000092100000| Untracked 
| 142|0x0000000092200000, 0x0000000092200000, 0x0000000092300000|  0%| F|  |TAMS 0x0000000092200000| PB 0x0000000092200000| Untracked 
| 143|0x0000000092300000, 0x0000000092300000, 0x0000000092400000|  0%| F|  |TAMS 0x0000000092300000| PB 0x0000000092300000| Untracked 
| 144|0x0000000092400000, 0x0000000092400000, 0x0000000092500000|  0%| F|  |TAMS 0x0000000092400000| PB 0x0000000092400000| Untracked 
| 145|0x0000000092500000, 0x0000000092500000, 0x0000000092600000|  0%| F|  |TAMS 0x0000000092500000| PB 0x0000000092500000| Untracked 
| 146|0x0000000092600000, 0x0000000092600000, 0x0000000092700000|  0%| F|  |TAMS 0x0000000092600000| PB 0x0000000092600000| Untracked 
| 147|0x0000000092700000, 0x0000000092700000, 0x0000000092800000|  0%| F|  |TAMS 0x0000000092700000| PB 0x0000000092700000| Untracked 
| 148|0x0000000092800000, 0x0000000092800000, 0x0000000092900000|  0%| F|  |TAMS 0x0000000092800000| PB 0x0000000092800000| Untracked 
| 149|0x0000000092900000, 0x0000000092900000, 0x0000000092a00000|  0%| F|  |TAMS 0x0000000092900000| PB 0x0000000092900000| Untracked 
| 150|0x0000000092a00000, 0x0000000092a00000, 0x0000000092b00000|  0%| F|  |TAMS 0x0000000092a00000| PB 0x0000000092a00000| Untracked 
| 151|0x0000000092b00000, 0x0000000092b00000, 0x0000000092c00000|  0%| F|  |TAMS 0x0000000092b00000| PB 0x0000000092b00000| Untracked 
| 152|0x0000000092c00000, 0x0000000092c00000, 0x0000000092d00000|  0%| F|  |TAMS 0x0000000092c00000| PB 0x0000000092c00000| Untracked 
| 153|0x0000000092d00000, 0x0000000092d00000, 0x0000000092e00000|  0%| F|  |TAMS 0x0000000092d00000| PB 0x0000000092d00000| Untracked 
| 154|0x0000000092e00000, 0x0000000092e00000, 0x0000000092f00000|  0%| F|  |TAMS 0x0000000092e00000| PB 0x0000000092e00000| Untracked 
| 155|0x0000000092f00000, 0x0000000092f00000, 0x0000000093000000|  0%| F|  |TAMS 0x0000000092f00000| PB 0x0000000092f00000| Untracked 
| 156|0x0000000093000000, 0x0000000093000000, 0x0000000093100000|  0%| F|  |TAMS 0x0000000093000000| PB 0x0000000093000000| Untracked 
| 157|0x0000000093100000, 0x0000000093100000, 0x0000000093200000|  0%| F|  |TAMS 0x0000000093100000| PB 0x0000000093100000| Untracked 
| 158|0x0000000093200000, 0x0000000093200000, 0x0000000093300000|  0%| F|  |TAMS 0x0000000093200000| PB 0x0000000093200000| Untracked 
| 159|0x0000000093300000, 0x0000000093300000, 0x0000000093400000|  0%| F|  |TAMS 0x0000000093300000| PB 0x0000000093300000| Untracked 
| 160|0x0000000093400000, 0x0000000093400000, 0x0000000093500000|  0%| F|  |TAMS 0x0000000093400000| PB 0x0000000093400000| Untracked 
| 161|0x0000000093500000, 0x0000000093500000, 0x0000000093600000|  0%| F|  |TAMS 0x0000000093500000| PB 0x0000000093500000| Untracked 
|1897|0x00000000ffd00000, 0x00000000ffd00000, 0x00000000ffe00000|  0%| F|  |TAMS 0x00000000ffd00000| PB 0x00000000ffd00000| Untracked 
|1898|0x00000000ffe00000, 0x00000000fff00000, 0x00000000fff00000|100%| O|  |TAMS 0x00000000ffe00000| PB 0x00000000ffe00000| Untracked 
|1899|0x00000000fff00000, 0x0000000100000000, 0x0000000100000000|100%| O|  |TAMS 0x00000000fff00000| PB 0x00000000fff00000| Untracked 

Card table byte_map: [0x0000028330180000,0x0000028330540000] _byte_map_base: 0x000002832fd36000

Marking Bits: (CMBitMap*) 0x000002831d762720
 Bits: [0x0000028330540000, 0x00000283322f0000)

Polling page: 0x000002831b6f0000

Metaspace:

Usage:
  Non-class:     51.38 MB used.
      Class:      6.70 MB used.
       Both:     58.08 MB used.

Virtual space:
  Non-class space:       64.00 MB reserved,      51.56 MB ( 81%) committed,  1 nodes.
      Class space:        1.00 GB reserved,       6.81 MB ( <1%) committed,  1 nodes.
             Both:        1.06 GB reserved,      58.38 MB (  5%) committed. 

Chunk freelists:
   Non-Class:  11.73 MB
       Class:  9.19 MB
        Both:  20.92 MB

MaxMetaspaceSize: unlimited
CompressedClassSpaceSize: 1.00 GB
Initial GC threshold: 21.00 MB
Current GC threshold: 93.44 MB
CDS: off
 - commit_granule_bytes: 65536.
 - commit_granule_words: 8192.
 - virtual_space_node_default_size: 8388608.
 - enlarge_chunks_in_place: 1.
 - use_allocation_guard: 0.


Internal statistics:

num_allocs_failed_limit: 6.
num_arena_births: 252.
num_arena_deaths: 0.
num_vsnodes_births: 2.
num_vsnodes_deaths: 0.
num_space_committed: 933.
num_space_uncommitted: 0.
num_chunks_returned_to_freelist: 6.
num_chunks_taken_from_freelist: 1977.
num_chunk_merges: 6.
num_chunk_splits: 1664.
num_chunks_enlarged: 1504.
num_inconsistent_stats: 0.

CodeHeap 'non-profiled nmethods': size=120000Kb used=2991Kb max_used=2991Kb free=117008Kb
 bounds [0x0000028328330000, 0x0000028328620000, 0x000002832f860000]
CodeHeap 'profiled nmethods': size=120000Kb used=10075Kb max_used=10075Kb free=109924Kb
 bounds [0x0000028320860000, 0x0000028321240000, 0x0000028327d90000]
CodeHeap 'non-nmethods': size=5760Kb used=1610Kb max_used=1694Kb free=4149Kb
 bounds [0x0000028327d90000, 0x0000028328000000, 0x0000028328330000]
 total_blobs=5259 nmethods=4589 adapters=574
 compilation: enabled
              stopped_count=0, restarted_count=0
 full_count=0

Compilation events (20 events):
Event: 9.583 Thread 0x0000028335172870 5375       3       org.jetbrains.kotlin.fir.resolve.transformers.FirTypeResolveTransformer::transformTypeRef (10 bytes)
Event: 9.583 Thread 0x0000028335172870 nmethod 5375 0x000002832122ed90 code [0x000002832122ef40, 0x000002832122f080]
Event: 9.583 Thread 0x0000028335172870 5376       3       org.jetbrains.kotlin.fir.resolve.transformers.FirTypeResolveTransformer::transformTypeRef (57 bytes)
Event: 9.584 Thread 0x0000028335172870 nmethod 5376 0x000002832122f110 code [0x000002832122f480, 0x00000283212308c0]
Event: 9.584 Thread 0x0000028335172870 5381       3       org.jetbrains.kotlin.fir.types.impl.FirUserTypeRefImpl::transformChildren (74 bytes)
Event: 9.586 Thread 0x0000028335172870 nmethod 5381 0x0000028321231010 code [0x00000283212314a0, 0x0000028321233460]
Event: 9.586 Thread 0x0000028335172870 5384       3       org.jetbrains.kotlin.fir.resolve.providers.impl.FirTypeResolverImpl::resolveUserTypeToSymbol$lambda$1 (58 bytes)
Event: 9.587 Thread 0x0000028335172870 nmethod 5384 0x0000028321233f90 code [0x0000028321234260, 0x0000028321234eb8]
Event: 9.587 Thread 0x0000028335172870 5378       3       org.jetbrains.kotlin.fir.resolve.transformers.FirSpecificTypeResolverTransformer::transformTypeRef (13 bytes)
Event: 9.587 Thread 0x0000028335172870 nmethod 5378 0x0000028321235390 code [0x0000028321235540, 0x0000028321235758]
Event: 9.587 Thread 0x0000028335172870 5379   !   3       org.jetbrains.kotlin.fir.resolve.transformers.FirSpecificTypeResolverTransformer::transformTypeRef (103 bytes)
Event: 9.588 Thread 0x0000028335172870 nmethod 5379 0x0000028321235810 code [0x0000028321235ae0, 0x0000028321236738]
Event: 9.588 Thread 0x0000028335172870 5380       3       org.jetbrains.kotlin.fir.types.impl.FirUserTypeRefImpl::transformChildren (10 bytes)
Event: 9.589 Thread 0x0000028335172870 nmethod 5380 0x0000028321236c90 code [0x0000028321236e40, 0x0000028321236f78]
Event: 9.589 Thread 0x0000028335172870 5382       3       org.jetbrains.kotlin.fir.types.impl.FirUserTypeRefImpl::transformAnnotations (20 bytes)
Event: 9.589 Thread 0x0000028335172870 nmethod 5382 0x0000028321237010 code [0x00000283212372c0, 0x0000028321237da8]
Event: 9.589 Thread 0x0000028335172870 5383       3       org.jetbrains.kotlin.fir.resolve.providers.impl.FirTypeResolverImpl$$Lambda/0x000000010066e458::invoke (28 bytes)
Event: 9.590 Thread 0x0000028335172870 nmethod 5383 0x0000028321238210 code [0x00000283212383c0, 0x00000283212386e0]
Event: 9.590 Thread 0x0000028335172870 5377       3       org.jetbrains.kotlin.fir.resolve.transformers.FirTypeResolveTransformer::setStaticScopes (13 bytes)
Event: 9.590 Thread 0x0000028335172870 nmethod 5377 0x0000028321238810 code [0x0000028321238a40, 0x0000028321239020]

GC Heap History (20 events):
Event: 6.196 GC heap after
{Heap after GC invocations=16 (full 0):
 garbage-first heap   total 73728K, used 41222K [0x0000000089400000, 0x0000000100000000)
  region size 1024K, 2 young (2048K), 2 survivors (2048K)
 Metaspace       used 56681K, committed 56960K, reserved 1114112K
  class space    used 6627K, committed 6784K, reserved 1048576K
}
Event: 6.708 GC heap before
{Heap before GC invocations=16 (full 0):
 garbage-first heap   total 73728K, used 62726K [0x0000000089400000, 0x0000000100000000)
  region size 1024K, 23 young (23552K), 2 survivors (2048K)
 Metaspace       used 57026K, committed 57344K, reserved 1114112K
  class space    used 6634K, committed 6784K, reserved 1048576K
}
Event: 6.721 GC heap after
{Heap after GC invocations=17 (full 0):
 garbage-first heap   total 73728K, used 49127K [0x0000000089400000, 0x0000000100000000)
  region size 1024K, 3 young (3072K), 3 survivors (3072K)
 Metaspace       used 57026K, committed 57344K, reserved 1114112K
  class space    used 6634K, committed 6784K, reserved 1048576K
}
Event: 7.032 GC heap before
{Heap before GC invocations=18 (full 0):
 garbage-first heap   total 81920K, used 63463K [0x0000000089400000, 0x0000000100000000)
  region size 1024K, 17 young (17408K), 3 survivors (3072K)
 Metaspace       used 57081K, committed 57408K, reserved 1114112K
  class space    used 6634K, committed 6784K, reserved 1048576K
}
Event: 7.039 GC heap after
{Heap after GC invocations=19 (full 0):
 garbage-first heap   total 81920K, used 54247K [0x0000000089400000, 0x0000000100000000)
  region size 1024K, 3 young (3072K), 3 survivors (3072K)
 Metaspace       used 57081K, committed 57408K, reserved 1114112K
  class space    used 6634K, committed 6784K, reserved 1048576K
}
Event: 7.140 GC heap before
{Heap before GC invocations=19 (full 0):
 garbage-first heap   total 81920K, used 69607K [0x0000000089400000, 0x0000000100000000)
  region size 1024K, 18 young (18432K), 3 survivors (3072K)
 Metaspace       used 57082K, committed 57408K, reserved 1114112K
  class space    used 6635K, committed 6784K, reserved 1048576K
}
Event: 7.148 GC heap after
{Heap after GC invocations=20 (full 0):
 garbage-first heap   total 81920K, used 58855K [0x0000000089400000, 0x0000000100000000)
  region size 1024K, 3 young (3072K), 3 survivors (3072K)
 Metaspace       used 57082K, committed 57408K, reserved 1114112K
  class space    used 6635K, committed 6784K, reserved 1048576K
}
Event: 7.260 GC heap before
{Heap before GC invocations=20 (full 0):
 garbage-first heap   total 81920K, used 71143K [0x0000000089400000, 0x0000000100000000)
  region size 1024K, 15 young (15360K), 3 survivors (3072K)
 Metaspace       used 57082K, committed 57408K, reserved 1114112K
  class space    used 6635K, committed 6784K, reserved 1048576K
}
Event: 7.266 GC heap after
{Heap after GC invocations=21 (full 0):
 garbage-first heap   total 81920K, used 62951K [0x0000000089400000, 0x0000000100000000)
  region size 1024K, 2 young (2048K), 2 survivors (2048K)
 Metaspace       used 57082K, committed 57408K, reserved 1114112K
  class space    used 6635K, committed 6784K, reserved 1048576K
}
Event: 7.391 GC heap before
{Heap before GC invocations=22 (full 0):
 garbage-first heap   total 106496K, used 73191K [0x0000000089400000, 0x0000000100000000)
  region size 1024K, 12 young (12288K), 2 survivors (2048K)
 Metaspace       used 57082K, committed 57408K, reserved 1114112K
  class space    used 6635K, committed 6784K, reserved 1048576K
}
Event: 7.397 GC heap after
{Heap after GC invocations=23 (full 0):
 garbage-first heap   total 144384K, used 66438K [0x0000000089400000, 0x0000000100000000)
  region size 1024K, 2 young (2048K), 2 survivors (2048K)
 Metaspace       used 57082K, committed 57408K, reserved 1114112K
  class space    used 6635K, committed 6784K, reserved 1048576K
}
Event: 7.763 GC heap before
{Heap before GC invocations=23 (full 0):
 garbage-first heap   total 144384K, used 111494K [0x0000000089400000, 0x0000000100000000)
  region size 1024K, 47 young (48128K), 2 survivors (2048K)
 Metaspace       used 57088K, committed 57408K, reserved 1114112K
  class space    used 6635K, committed 6784K, reserved 1048576K
}
Event: 7.778 GC heap after
{Heap after GC invocations=24 (full 0):
 garbage-first heap   total 144384K, used 79279K [0x0000000089400000, 0x0000000100000000)
  region size 1024K, 6 young (6144K), 6 survivors (6144K)
 Metaspace       used 57088K, committed 57408K, reserved 1114112K
  class space    used 6635K, committed 6784K, reserved 1048576K
}
Event: 7.973 GC heap before
{Heap before GC invocations=24 (full 0):
 garbage-first heap   total 144384K, used 114095K [0x0000000089400000, 0x0000000100000000)
  region size 1024K, 40 young (40960K), 6 survivors (6144K)
 Metaspace       used 57088K, committed 57408K, reserved 1114112K
  class space    used 6635K, committed 6784K, reserved 1048576K
}
Event: 7.986 GC heap after
{Heap after GC invocations=25 (full 0):
 garbage-first heap   total 144384K, used 90599K [0x0000000089400000, 0x0000000100000000)
  region size 1024K, 5 young (5120K), 5 survivors (5120K)
 Metaspace       used 57088K, committed 57408K, reserved 1114112K
  class space    used 6635K, committed 6784K, reserved 1048576K
}
Event: 8.092 GC heap before
{Heap before GC invocations=25 (full 0):
 garbage-first heap   total 144384K, used 121319K [0x0000000089400000, 0x0000000100000000)
  region size 1024K, 35 young (35840K), 5 survivors (5120K)
 Metaspace       used 57088K, committed 57408K, reserved 1114112K
  class space    used 6635K, committed 6784K, reserved 1048576K
}
Event: 8.100 GC heap after
{Heap after GC invocations=26 (full 0):
 garbage-first heap   total 144384K, used 100839K [0x0000000089400000, 0x0000000100000000)
  region size 1024K, 5 young (5120K), 5 survivors (5120K)
 Metaspace       used 57088K, committed 57408K, reserved 1114112K
  class space    used 6635K, committed 6784K, reserved 1048576K
}
Event: 8.707 GC heap before
{Heap before GC invocations=27 (full 0):
 garbage-first heap   total 168960K, used 125415K [0x0000000089400000, 0x0000000100000000)
  region size 1024K, 29 young (29696K), 5 survivors (5120K)
 Metaspace       used 58827K, committed 59136K, reserved 1114112K
  class space    used 6816K, committed 6976K, reserved 1048576K
}
Event: 8.717 GC heap after
{Heap after GC invocations=28 (full 0):
 garbage-first heap   total 168960K, used 106983K [0x0000000089400000, 0x0000000100000000)
  region size 1024K, 4 young (4096K), 4 survivors (4096K)
 Metaspace       used 58827K, committed 59136K, reserved 1114112K
  class space    used 6816K, committed 6976K, reserved 1048576K
}
Event: 9.629 GC heap before
{Heap before GC invocations=28 (full 0):
 garbage-first heap   total 168960K, used 142823K [0x0000000089400000, 0x0000000100000000)
  region size 1024K, 39 young (39936K), 4 survivors (4096K)
 Metaspace       used 59472K, committed 59776K, reserved 1114112K
  class space    used 6856K, committed 6976K, reserved 1048576K
}

Dll operation events (3 events):
Event: 0.012 Loaded shared library E:\Programm\Program Files\Android\Android Studio\jbr\bin\java.dll
Event: 0.019 Loaded shared library E:\Programm\Program Files\Android\Android Studio\jbr\bin\zip.dll
Event: 2.794 Loaded shared library E:\Programm\Program Files\Android\Android Studio\jbr\bin\verify.dll

Deoptimization events (20 events):
Event: 9.455 Thread 0x000002831b476900 Uncommon trap: trap_request=0xffffffde fr.pc=0x00000283284de89c relative=0x000000000000041c
Event: 9.455 Thread 0x000002831b476900 Uncommon trap: reason=class_check action=maybe_recompile pc=0x00000283284de89c method=kotlin.jvm.internal.CollectionToArray.toArray(Ljava/util/Collection;)[Ljava/lang/Object; @ 32 c2
Event: 9.455 Thread 0x000002831b476900 DEOPT PACKING pc=0x00000283284de89c sp=0x000000e6a19fcf40
Event: 9.455 Thread 0x000002831b476900 DEOPT UNPACKING pc=0x0000028327de46a2 sp=0x000000e6a19fced8 mode 2
Event: 9.461 Thread 0x000002831b476900 Uncommon trap: trap_request=0xffffffde fr.pc=0x00000283284de89c relative=0x000000000000041c
Event: 9.461 Thread 0x000002831b476900 Uncommon trap: reason=class_check action=maybe_recompile pc=0x00000283284de89c method=kotlin.jvm.internal.CollectionToArray.toArray(Ljava/util/Collection;)[Ljava/lang/Object; @ 32 c2
Event: 9.461 Thread 0x000002831b476900 DEOPT PACKING pc=0x00000283284de89c sp=0x000000e6a19fcee0
Event: 9.461 Thread 0x000002831b476900 DEOPT UNPACKING pc=0x0000028327de46a2 sp=0x000000e6a19fce78 mode 2
Event: 9.464 Thread 0x000002831b476900 Uncommon trap: trap_request=0xffffffde fr.pc=0x00000283284de89c relative=0x000000000000041c
Event: 9.464 Thread 0x000002831b476900 Uncommon trap: reason=class_check action=maybe_recompile pc=0x00000283284de89c method=kotlin.jvm.internal.CollectionToArray.toArray(Ljava/util/Collection;)[Ljava/lang/Object; @ 32 c2
Event: 9.464 Thread 0x000002831b476900 DEOPT PACKING pc=0x00000283284de89c sp=0x000000e6a19fcee0
Event: 9.464 Thread 0x000002831b476900 DEOPT UNPACKING pc=0x0000028327de46a2 sp=0x000000e6a19fce78 mode 2
Event: 9.468 Thread 0x000002831b476900 Uncommon trap: trap_request=0xffffff45 fr.pc=0x00000283285f11e4 relative=0x0000000000004f44
Event: 9.468 Thread 0x000002831b476900 Uncommon trap: reason=unstable_if action=reinterpret pc=0x00000283285f11e4 method=org.jetbrains.kotlin.metadata.ProtoBuf$Function.<init>(Lorg/jetbrains/kotlin/protobuf/CodedInputStream;Lorg/jetbrains/kotlin/protobuf/ExtensionRegistryLite;)V @ 981 c2
Event: 9.468 Thread 0x000002831b476900 DEOPT PACKING pc=0x00000283285f11e4 sp=0x000000e6a19fbfb0
Event: 9.468 Thread 0x000002831b476900 DEOPT UNPACKING pc=0x0000028327de46a2 sp=0x000000e6a19fbf68 mode 2
Event: 9.544 Thread 0x000002831b476900 Uncommon trap: trap_request=0xffffff45 fr.pc=0x0000028328582c10 relative=0x0000000000002030
Event: 9.544 Thread 0x000002831b476900 Uncommon trap: reason=unstable_if action=reinterpret pc=0x0000028328582c10 method=org.jetbrains.kotlin.metadata.jvm.JvmProtoBuf$StringTableTypes.<init>(Lorg/jetbrains/kotlin/protobuf/CodedInputStream;Lorg/jetbrains/kotlin/protobuf/ExtensionRegistryLite;)V
Event: 9.544 Thread 0x000002831b476900 DEOPT PACKING pc=0x0000028328582c10 sp=0x000000e6a19fb4c0
Event: 9.544 Thread 0x000002831b476900 DEOPT UNPACKING pc=0x0000028327de46a2 sp=0x000000e6a19fb470 mode 2

Classes loaded (20 events):
Event: 5.699 Loading class java/util/regex/Pattern$StartS
Event: 5.699 Loading class java/util/regex/Pattern$StartS done
Event: 5.810 Loading class java/util/PriorityQueue
Event: 5.810 Loading class java/util/PriorityQueue done
Event: 5.932 Loading class java/security/AccessControlException
Event: 5.933 Loading class java/security/AccessControlException done
Event: 5.935 Loading class java/lang/Override
Event: 5.935 Loading class java/lang/Override done
Event: 6.050 Loading class java/util/concurrent/atomic/AtomicIntegerArray
Event: 6.050 Loading class java/util/concurrent/atomic/AtomicIntegerArray done
Event: 6.050 Loading class java/util/concurrent/atomic/AtomicLongArray
Event: 6.050 Loading class java/util/concurrent/atomic/AtomicLongArray done
Event: 8.313 Loading class java/security/CodeSigner
Event: 8.313 Loading class java/security/CodeSigner done
Event: 8.434 Loading class java/text/StringCharacterIterator
Event: 8.434 Loading class java/text/CharacterIterator
Event: 8.435 Loading class java/text/CharacterIterator done
Event: 8.435 Loading class java/text/StringCharacterIterator done
Event: 8.551 Loading class java/util/AbstractList$ListItr
Event: 8.551 Loading class java/util/AbstractList$ListItr done

Classes unloaded (0 events):
No events

Classes redefined (0 events):
No events

Internal exceptions (20 events):
Event: 3.008 Thread 0x000002831b476900 Exception <a 'java/lang/NoSuchMethodError'{0x000000008aefb968}: 'long java.lang.invoke.DirectMethodHandle$Holder.invokeStatic(java.lang.Object, java.lang.Object, int)'> (0x000000008aefb968) 
thrown [s\src\hotspot\share\interpreter\linkResolver.cpp, line 784]
Event: 3.010 Thread 0x000002831b476900 Exception <a 'java/lang/NoSuchMethodError'{0x000000008ad06e58}: 'java.lang.Object java.lang.invoke.DelegatingMethodHandle$Holder.reinvoke_L(java.lang.Object, int, long, java.lang.Object, java.lang.Object, int, java.lang.Object)'> (0x000000008ad06e58) 
thrown [s\src\hotspot\share\interpreter\linkResolver.cpp, line 784]
Event: 3.035 Thread 0x000002831b476900 Exception <a 'java/lang/NoSuchMethodError'{0x000000008adaf838}: 'java.lang.Object java.lang.invoke.DirectMethodHandle$Holder.invokeStatic(java.lang.Object, java.lang.Object, long, long)'> (0x000000008adaf838) 
thrown [s\src\hotspot\share\interpreter\linkResolver.cpp, line 784]
Event: 3.041 Thread 0x000002831b476900 Exception <a 'java/lang/NoSuchMethodError'{0x000000008ade0a10}: 'java.lang.Object java.lang.invoke.DirectMethodHandle$Holder.newInvokeSpecial(java.lang.Object, java.lang.Object, java.lang.Object, long)'> (0x000000008ade0a10) 
thrown [s\src\hotspot\share\interpreter\linkResolver.cpp, line 784]
Event: 3.042 Thread 0x000002831b476900 Exception <a 'java/lang/NoSuchMethodError'{0x000000008ade45c0}: 'java.lang.Object java.lang.invoke.Invokers$Holder.linkToTargetMethod(java.lang.Object, java.lang.Object, long, java.lang.Object)'> (0x000000008ade45c0) 
thrown [s\src\hotspot\share\interpreter\linkResolver.cpp, line 784]
Event: 3.622 Thread 0x000002831b476900 Exception <a 'java/lang/NoSuchMethodError'{0x000000008b16ef40}: 'java.lang.Object java.lang.invoke.DirectMethodHandle$Holder.newInvokeSpecial(java.lang.Object, java.lang.Object, java.lang.Object, java.lang.Object, java.lang.Object, java.lang.Object, java.lang.Object)'> (0x000000008b16ef40) 
thrown [s\src\hotspot\share\interpreter\linkResolver.cpp, line 784]
Event: 3.623 Thread 0x000002831b476900 Exception <a 'java/lang/NoSuchMethodError'{0x000000008b179eb8}: 'java.lang.Object java.lang.invoke.DirectMethodHandle$Holder.newInvokeSpecial(java.lang.Object, java.lang.Object, java.lang.Object, java.lang.Object, java.lang.Object, java.lang.Object, java.lang.Object, java.lang.Object)'> (0x000000008b179eb8) 
thrown [s\src\hotspot\share\interpreter\linkResolver.cpp, line 784]
Event: 3.625 Thread 0x000002831b476900 Exception <a 'java/lang/NoSuchMethodError'{0x000000008b18c8d8}: 'java.lang.Object java.lang.invoke.DirectMethodHandle$Holder.newInvokeSpecial(java.lang.Object, java.lang.Object, java.lang.Object, java.lang.Object, java.lang.Object, java.lang.Object, java.lang.Object, java.lang.Object, java.lang.Object)'> (0x000000008b18c8d8) 
thrown [s\src\hotspot\share\interpreter\linkResolver.cpp, line 784]
Event: 4.302 Thread 0x000002831b476900 Exception <a 'java/lang/NoSuchMethodError'{0x000000008be551d0}: 'java.lang.Object java.lang.invoke.DirectMethodHandle$Holder.newInvokeSpecial(java.lang.Object, java.lang.Object, int, int)'> (0x000000008be551d0) 
thrown [s\src\hotspot\share\interpreter\linkResolver.cpp, line 784]
Event: 4.303 Thread 0x000002831b476900 Exception <a 'java/lang/NoSuchMethodError'{0x000000008be59220}: 'java.lang.Object java.lang.invoke.DirectMethodHandle$Holder.invokeSpecial(java.lang.Object, java.lang.Object, java.lang.Object, int, int)'> (0x000000008be59220) 
thrown [s\src\hotspot\share\interpreter\linkResolver.cpp, line 784]
Event: 4.305 Thread 0x000002831b476900 Exception <a 'java/lang/NoSuchMethodError'{0x000000008be6afc0}: 'java.lang.Object java.lang.invoke.DirectMethodHandle$Holder.invokeStatic(java.lang.Object, java.lang.Object, int, java.lang.Object)'> (0x000000008be6afc0) 
thrown [s\src\hotspot\share\interpreter\linkResolver.cpp, line 784]
Event: 5.282 Thread 0x000002831b476900 Exception <a 'java/lang/NoSuchMethodError'{0x000000008e9cf0e8}: 'java.lang.Object java.lang.invoke.DirectMethodHandle$Holder.newInvokeSpecial(java.lang.Object, java.lang.Object, java.lang.Object, int)'> (0x000000008e9cf0e8) 
thrown [s\src\hotspot\share\interpreter\linkResolver.cpp, line 784]
Event: 5.283 Thread 0x000002831b476900 Exception <a 'java/lang/NoSuchMethodError'{0x000000008e9d32e8}: 'java.lang.Object java.lang.invoke.DirectMethodHandle$Holder.invokeSpecial(java.lang.Object, java.lang.Object, java.lang.Object, java.lang.Object, int)'> (0x000000008e9d32e8) 
thrown [s\src\hotspot\share\interpreter\linkResolver.cpp, line 784]
Event: 5.283 Thread 0x000002831b476900 Exception <a 'java/lang/NoSuchMethodError'{0x000000008e9d6cc8}: 'java.lang.Object java.lang.invoke.Invokers$Holder.linkToTargetMethod(java.lang.Object, java.lang.Object, int, java.lang.Object)'> (0x000000008e9d6cc8) 
thrown [s\src\hotspot\share\interpreter\linkResolver.cpp, line 784]
Event: 5.341 Thread 0x000002831b476900 Implicit null exception at 0x00000283284711da to 0x00000283284712d8
Event: 6.032 Thread 0x000002831b476900 Exception <a 'java/lang/NoSuchMethodError'{0x000000008c623f50}: 'java.lang.Object java.lang.invoke.DirectMethodHandle$Holder.newInvokeSpecial(java.lang.Object, java.lang.Object, java.lang.Object, int, java.lang.Object)'> (0x000000008c623f50) 
thrown [s\src\hotspot\share\interpreter\linkResolver.cpp, line 784]
Event: 6.043 Thread 0x000002831b476900 Exception <a 'java/lang/NoSuchMethodError'{0x000000008c6a20c0}: 'java.lang.Object java.lang.invoke.DirectMethodHandle$Holder.newInvokeSpecial(java.lang.Object, java.lang.Object, java.lang.Object, java.lang.Object, int)'> (0x000000008c6a20c0) 
thrown [s\src\hotspot\share\interpreter\linkResolver.cpp, line 784]
Event: 6.043 Thread 0x000002831b476900 Exception <a 'java/lang/NoSuchMethodError'{0x000000008c6a67b8}: 'java.lang.Object java.lang.invoke.DirectMethodHandle$Holder.invokeSpecial(java.lang.Object, java.lang.Object, java.lang.Object, java.lang.Object, java.lang.Object, int)'> (0x000000008c6a67b8) 
thrown [s\src\hotspot\share\interpreter\linkResolver.cpp, line 784]
Event: 6.043 Thread 0x000002831b476900 Exception <a 'java/lang/NoSuchMethodError'{0x000000008c6aa7a8}: 'java.lang.Object java.lang.invoke.Invokers$Holder.linkToTargetMethod(java.lang.Object, java.lang.Object, java.lang.Object, int, java.lang.Object)'> (0x000000008c6aa7a8) 
thrown [s\src\hotspot\share\interpreter\linkResolver.cpp, line 784]
Event: 6.223 Thread 0x000002831b476900 Implicit null exception at 0x00000283283b5325 to 0x00000283283b5570

ZGC Phase Switch (0 events):
No events

VM Operations (20 events):
Event: 8.146 Executing VM operation: G1PauseRemark done
Event: 8.163 Executing VM operation: G1PauseCleanup
Event: 8.163 Executing VM operation: G1PauseCleanup done
Event: 8.217 Executing VM operation: HandshakeAllThreads (Deoptimize)
Event: 8.217 Executing VM operation: HandshakeAllThreads (Deoptimize) done
Event: 8.344 Executing VM operation: HandshakeAllThreads (Deoptimize)
Event: 8.344 Executing VM operation: HandshakeAllThreads (Deoptimize) done
Event: 8.376 Executing VM operation: HandshakeAllThreads (Deoptimize)
Event: 8.376 Executing VM operation: HandshakeAllThreads (Deoptimize) done
Event: 8.438 Executing VM operation: HandshakeAllThreads (Deoptimize)
Event: 8.438 Executing VM operation: HandshakeAllThreads (Deoptimize) done
Event: 8.552 Executing VM operation: HandshakeAllThreads (Deoptimize)
Event: 8.552 Executing VM operation: HandshakeAllThreads (Deoptimize) done
Event: 8.616 Executing VM operation: ICBufferFull
Event: 8.617 Executing VM operation: ICBufferFull done
Event: 8.707 Executing VM operation: G1CollectForAllocation (G1 Evacuation Pause)
Event: 8.717 Executing VM operation: G1CollectForAllocation (G1 Evacuation Pause) done
Event: 9.554 Executing VM operation: ICBufferFull
Event: 9.555 Executing VM operation: ICBufferFull done
Event: 9.629 Executing VM operation: G1CollectForAllocation (G1 Evacuation Pause)

Memory protections (0 events):
No events

Nmethod flushes (20 events):
Event: 8.145 Thread 0x0000028334f8e2e0 flushing  nmethod 0x0000028320f7d990
Event: 8.145 Thread 0x0000028334f8e2e0 flushing  nmethod 0x0000028320f7e590
Event: 8.145 Thread 0x0000028334f8e2e0 flushing  nmethod 0x0000028320f86b10
Event: 8.145 Thread 0x0000028334f8e2e0 flushing  nmethod 0x0000028320f87390
Event: 8.145 Thread 0x0000028334f8e2e0 flushing  nmethod 0x0000028320f87f10
Event: 8.145 Thread 0x0000028334f8e2e0 flushing  nmethod 0x0000028320fb6490
Event: 8.145 Thread 0x0000028334f8e2e0 flushing  nmethod 0x000002832101dc90
Event: 8.145 Thread 0x0000028334f8e2e0 flushing  nmethod 0x0000028320870790
Event: 8.145 Thread 0x0000028334f8e2e0 flushing  nmethod 0x00000283208c1310
Event: 8.145 Thread 0x0000028334f8e2e0 flushing  nmethod 0x0000028320911090
Event: 8.145 Thread 0x0000028334f8e2e0 flushing  nmethod 0x0000028320960090
Event: 8.145 Thread 0x0000028334f8e2e0 flushing  nmethod 0x0000028320b7d590
Event: 8.145 Thread 0x0000028334f8e2e0 flushing  nmethod 0x0000028320bc7f10
Event: 8.145 Thread 0x0000028334f8e2e0 flushing  nmethod 0x0000028320c6ca90
Event: 8.145 Thread 0x0000028334f8e2e0 flushing  nmethod 0x0000028320cbc790
Event: 8.145 Thread 0x0000028334f8e2e0 flushing  nmethod 0x0000028320cbea90
Event: 8.145 Thread 0x0000028334f8e2e0 flushing  nmethod 0x0000028320fe7990
Event: 8.145 Thread 0x0000028334f8e2e0 flushing  nmethod 0x0000028320ff9910
Event: 8.145 Thread 0x0000028334f8e2e0 flushing  nmethod 0x0000028321001790
Event: 8.145 Thread 0x0000028334f8e2e0 flushing  nmethod 0x000002832109f190

Events (20 events):
Event: 0.018 Thread 0x000002831b476900 Thread added: 0x000002831b476900
Event: 0.085 Thread 0x000002831b476900 Thread added: 0x00000283351139c0
Event: 0.096 Thread 0x000002831b476900 Thread added: 0x000002833516c8b0
Event: 0.096 Thread 0x000002831b476900 Thread added: 0x00000283351715a0
Event: 0.098 Thread 0x000002831b476900 Thread added: 0x000002833518a6d0
Event: 0.098 Thread 0x000002831b476900 Thread added: 0x000002833518ad40
Event: 0.098 Thread 0x000002831b476900 Thread added: 0x000002833518b7a0
Event: 0.098 Thread 0x000002831b476900 Thread added: 0x000002833518c200
Event: 0.098 Thread 0x000002831b476900 Thread added: 0x0000028335196fb0
Event: 0.098 Thread 0x000002831b476900 Thread added: 0x0000028335172870
Event: 0.144 Thread 0x000002831b476900 Thread added: 0x0000028335325970
Event: 0.160 Loaded shared library E:\Programm\Program Files\Android\Android Studio\jbr\bin\net.dll
Event: 0.163 Loaded shared library E:\Programm\Program Files\Android\Android Studio\jbr\bin\nio.dll
Event: 0.185 Thread 0x0000028335196fb0 Thread added: 0x0000028335172f40
Event: 0.200 Loaded shared library E:\Programm\Program Files\Android\Android Studio\jbr\bin\zip.dll
Event: 0.261 Loaded shared library E:\Programm\Program Files\Android\Android Studio\jbr\bin\jimage.dll
Event: 0.747 Thread 0x0000028335172f40 Thread exited: 0x0000028335172f40
Event: 1.152 Loaded shared library E:\Programm\Program Files\Android\Android Studio\jbr\bin\management.dll
Event: 1.163 Loaded shared library E:\Programm\Program Files\Android\Android Studio\jbr\bin\management_ext.dll
Event: 5.258 Thread 0x0000028335172870 Thread added: 0x000002833aa5d100


Dynamic libraries:
0x00007ff79b1f0000 - 0x00007ff79b1fa000 	E:\Programm\Program Files\Android\Android Studio\jbr\bin\java.exe
0x00007ff85be10000 - 0x00007ff85c028000 	C:\WINDOWS\SYSTEM32\ntdll.dll
0x00007ff85b170000 - 0x00007ff85b234000 	C:\WINDOWS\System32\KERNEL32.DLL
0x00007ff859470000 - 0x00007ff859843000 	C:\WINDOWS\System32\KERNELBASE.dll
0x00007ff858f20000 - 0x00007ff859031000 	C:\WINDOWS\System32\ucrtbase.dll
0x00007ff84a890000 - 0x00007ff84a8ab000 	E:\Programm\Program Files\Android\Android Studio\jbr\bin\VCRUNTIME140.dll
0x00007ff8497b0000 - 0x00007ff8497c8000 	E:\Programm\Program Files\Android\Android Studio\jbr\bin\jli.dll
0x00007ff85b240000 - 0x00007ff85b3f2000 	C:\WINDOWS\System32\USER32.dll
0x00007ff859300000 - 0x00007ff859326000 	C:\WINDOWS\System32\win32u.dll
0x00007ff859ab0000 - 0x00007ff859ad9000 	C:\WINDOWS\System32\GDI32.dll
0x00007ff849fe0000 - 0x00007ff84a27c000 	C:\WINDOWS\WinSxS\amd64_microsoft.windows.common-controls_6595b64144ccf1df_6.0.22621.6060_none_2712eda17382d24b\COMCTL32.dll
0x00007ff8591b0000 - 0x00007ff8592cb000 	C:\WINDOWS\System32\gdi32full.dll
0x00007ff859990000 - 0x00007ff859a2a000 	C:\WINDOWS\System32\msvcp_win.dll
0x00007ff85a9d0000 - 0x00007ff85aa77000 	C:\WINDOWS\System32\msvcrt.dll
0x00007ff85b660000 - 0x00007ff85b691000 	C:\WINDOWS\System32\IMM32.DLL
0x00007ff849d60000 - 0x00007ff849d6c000 	E:\Programm\Program Files\Android\Android Studio\jbr\bin\vcruntime140_1.dll
0x00007ff8388a0000 - 0x00007ff83892d000 	E:\Programm\Program Files\Android\Android Studio\jbr\bin\msvcp140.dll
0x00007ffff0da0000 - 0x00007ffff1a2e000 	E:\Programm\Program Files\Android\Android Studio\jbr\bin\server\jvm.dll
0x00007ff85ba70000 - 0x00007ff85bb21000 	C:\WINDOWS\System32\ADVAPI32.dll
0x00007ff85b400000 - 0x00007ff85b4a8000 	C:\WINDOWS\System32\sechost.dll
0x00007ff8592d0000 - 0x00007ff8592f8000 	C:\WINDOWS\System32\bcrypt.dll
0x00007ff85bb30000 - 0x00007ff85bc48000 	C:\WINDOWS\System32\RPCRT4.dll
0x00007ff85b810000 - 0x00007ff85b881000 	C:\WINDOWS\System32\WS2_32.dll
0x00007ff858c40000 - 0x00007ff858c8d000 	C:\WINDOWS\SYSTEM32\POWRPROF.dll
0x00007ff84f260000 - 0x00007ff84f294000 	C:\WINDOWS\SYSTEM32\WINMM.dll
0x00007ff851b40000 - 0x00007ff851b4a000 	C:\WINDOWS\SYSTEM32\VERSION.dll
0x00007ff858c20000 - 0x00007ff858c33000 	C:\WINDOWS\SYSTEM32\UMPDC.dll
0x00007ff857ee0000 - 0x00007ff857ef8000 	C:\WINDOWS\SYSTEM32\kernel.appcore.dll
0x00007ff849d50000 - 0x00007ff849d5a000 	E:\Programm\Program Files\Android\Android Studio\jbr\bin\jimage.dll
0x00007ff850b50000 - 0x00007ff850d83000 	C:\WINDOWS\SYSTEM32\DBGHELP.DLL
0x00007ff85a400000 - 0x00007ff85a791000 	C:\WINDOWS\System32\combase.dll
0x00007ff85b990000 - 0x00007ff85ba68000 	C:\WINDOWS\System32\OLEAUT32.dll
0x00007ff84ce30000 - 0x00007ff84ce62000 	C:\WINDOWS\SYSTEM32\dbgcore.DLL
0x00007ff859a30000 - 0x00007ff859aab000 	C:\WINDOWS\System32\bcryptPrimitives.dll
0x00007ff849a70000 - 0x00007ff849a90000 	E:\Programm\Program Files\Android\Android Studio\jbr\bin\java.dll
0x00007ff846e40000 - 0x00007ff846e58000 	E:\Programm\Program Files\Android\Android Studio\jbr\bin\zip.dll
0x00007ff859ae0000 - 0x00007ff85a37c000 	C:\WINDOWS\System32\SHELL32.dll
0x00007ff859330000 - 0x00007ff85946f000 	C:\WINDOWS\System32\wintypes.dll
0x00007ff856dd0000 - 0x00007ff8576ea000 	C:\WINDOWS\SYSTEM32\windows.storage.dll
0x00007ff85afd0000 - 0x00007ff85b0d4000 	C:\WINDOWS\System32\SHCORE.dll
0x00007ff85b100000 - 0x00007ff85b169000 	C:\WINDOWS\System32\shlwapi.dll
0x00007ff858e50000 - 0x00007ff858e75000 	C:\WINDOWS\SYSTEM32\profapi.dll
0x00007ff849af0000 - 0x00007ff849b00000 	E:\Programm\Program Files\Android\Android Studio\jbr\bin\net.dll
0x00007ff854ee0000 - 0x00007ff85500c000 	C:\WINDOWS\SYSTEM32\WINHTTP.dll
0x00007ff8583e0000 - 0x00007ff858449000 	C:\WINDOWS\system32\mswsock.dll
0x00007ff846290000 - 0x00007ff8462a6000 	E:\Programm\Program Files\Android\Android Studio\jbr\bin\nio.dll
0x00007ff849a30000 - 0x00007ff849a39000 	E:\Programm\Program Files\Android\Android Studio\jbr\bin\management.dll
0x00007ff8497a0000 - 0x00007ff8497ab000 	E:\Programm\Program Files\Android\Android Studio\jbr\bin\management_ext.dll
0x00007ff85bc50000 - 0x00007ff85bc58000 	C:\WINDOWS\System32\PSAPI.DLL
0x00007ff846eb0000 - 0x00007ff846ec0000 	E:\Programm\Program Files\Android\Android Studio\jbr\bin\verify.dll

dbghelp: loaded successfully - version: 4.0.5 - missing functions: none
symbol engine: initialized successfully - sym options: 0x614 - pdb path: .;E:\Programm\Program Files\Android\Android Studio\jbr\bin;C:\WINDOWS\SYSTEM32;C:\WINDOWS\WinSxS\amd64_microsoft.windows.common-controls_6595b64144ccf1df_6.0.22621.6060_none_2712eda17382d24b;E:\Programm\Program Files\Android\Android Studio\jbr\bin\server

VM Arguments:
java_command: org.jetbrains.kotlin.cli.jvm.K2JVMCompiler @D:\User\Documents\GitHub\app-chat\app\common\build\20260105_15581712512729405917.compiler.options
java_class_path (initial): C:\Users\User\.gradle\caches\modules-2\files-2.1\org.jetbrains.kotlin\kotlin-compiler-embeddable\2.2.20\bb8331b7585e36ea311825b01a1c06860c055fd1\kotlin-compiler-embeddable-2.2.20.jar;C:\Users\User\.gradle\caches\modules-2\files-2.1\org.jetbrains.kotlin\kotlin-stdlib\2.2.20\5380b19fa1924399b62ce3a1faffebb2b4f82272\kotlin-stdlib-2.2.20.jar;C:\Users\User\.gradle\caches\modules-2\files-2.1\org.jetbrains.kotlin\kotlin-script-runtime\2.2.20\4c679cbeac0bb583b75c3a080013da8eaf240807\kotlin-script-runtime-2.2.20.jar;C:\Users\User\.gradle\caches\modules-2\files-2.1\org.jetbrains.kotlin\kotlin-reflect\1.6.10\1cbe9c92c12a94eea200d23c2bbaedaf3daf5132\kotlin-reflect-1.6.10.jar;C:\Users\User\.gradle\caches\modules-2\files-2.1\org.jetbrains.kotlin\kotlin-daemon-embeddable\2.2.20\feff12d48d7f1eb628742b0a721395e16f8755bf\kotlin-daemon-embeddable-2.2.20.jar;C:\Users\User\.gradle\caches\modules-2\files-2.1\org.jetbrains.kotlinx\kotlinx-coroutines-core-jvm\1.8.0\ac1dc37a30a93150b704022f8d895ee1bd3a36b3\kotlinx-coroutines-core-jvm-1.8.0.jar;C:\Users\User\.gradle\caches\modules-2\files-2.1\org.jetbrains\annotations\13.0\919f0dfe192fb4e063e7dacadee7f8bb9a2672a9\annotations-13.0.jar
Launcher Type: SUN_STANDARD

[Global flags]
     intx CICompilerCount                          = 4                                         {product} {ergonomic}
     uint ConcGCThreads                            = 3                                         {product} {ergonomic}
     uint G1ConcRefinementThreads                  = 10                                        {product} {ergonomic}
   size_t G1HeapRegionSize                         = 1048576                                   {product} {ergonomic}
    uintx GCDrainStackTargetSize                   = 64                                        {product} {ergonomic}
   size_t InitialHeapSize                          = 125829120                                 {product} {ergonomic}
   size_t MarkStackSize                            = 4194304                                   {product} {ergonomic}
   size_t MaxHeapSize                              = 1992294400                                {product} {ergonomic}
   size_t MaxNewSize                               = 1195376640                                {product} {ergonomic}
   size_t MinHeapDeltaBytes                        = 1048576                                   {product} {ergonomic}
   size_t MinHeapSize                              = 8388608                                   {product} {ergonomic}
    uintx NonNMethodCodeHeapSize                   = 5839372                                {pd product} {ergonomic}
    uintx NonProfiledCodeHeapSize                  = 122909434                              {pd product} {ergonomic}
    uintx ProfiledCodeHeapSize                     = 122909434                              {pd product} {ergonomic}
    uintx ReservedCodeCacheSize                    = 251658240                              {pd product} {ergonomic}
     bool SegmentedCodeCache                       = true                                      {product} {ergonomic}
   size_t SoftMaxHeapSize                          = 1992294400                             {manageable} {ergonomic}
     bool UseCompressedOops                        = true                           {product lp64_product} {ergonomic}
     bool UseG1GC                                  = true                                      {product} {ergonomic}
     bool UseLargePagesIndividualAllocation        = false                                  {pd product} {ergonomic}

Logging:
Log output configuration:
 #0: stdout all=warning uptime,level,tags foldmultilines=false
 #1: stderr all=off uptime,level,tags foldmultilines=false

Environment Variables:
PATH=C:\Program Files (x86)\Common Files\Intel\Shared Libraries\redist\intel64\compiler;E:\Programm\Program Files\Common Files\Oracle\Java\javapath;E:\Programm\Program Files\Zulu\zulu-17\bin\;E:\Programm\Program Files\Python310\Scripts\;E:\Programm\Program Files\Python310\;C:\Windows\system32;C:\Windows;C:\Windows\System32\Wbem;C:\Windows\System32\WindowsPowerShell\v1.0\;C:\Windows\System32\OpenSSH\;C:\Program Files (x86)\NVIDIA Corporation\PhysX\Common;C:\Program Files\NVIDIA Corporation\NVIDIA NvDLISR;C:\WINDOWS\system32;C:\WINDOWS;C:\WINDOWS\System32\Wbem;C:\WINDOWS\System32\WindowsPowerShell\v1.0\;C:\WINDOWS\System32\OpenSSH\;D:\BaiduNetdiskDownload\php-8.3.3-Win32;E:\Programm\Program Files\apache-maven-3.9.7\bin;E:\Programm\Program Files\nodejs\;E:\Program Files (x86)\WinSCP\;E:\Programm\Program Files\Git\cmd;C:\ProgramData\chocolatey\bin;E:\Programm\Program Files\apache-ant-1.10.15\bin;E:\Programm\Program Files\swipl\bin;E:\Users\User\AppData\Local\bin\NASM;E:\Programm\Program Files\Bochs-2.8;E:\Programm\Program Files\qemu;E:\Programm\Program Files\x86_64-elf-tools-windows\bin;E:\Programm\Program Files\gradle-9.2.1\bin;E:\Programm\Program Files\MySQL\MySQL Shell 8.0\bin\;C:\Users\User\AppData\Local\Microsoft\WindowsApps;E:\Programm\Program Files\JetBrains\PyCharm Community Edition 2023.1.4\bin;;E:\Users\User\AppData\Local\Programs\Microsoft VS Code\bin;E:\Programm\Program Files\JetBrains\IntelliJ IDEA Community Edition 2024.1\bin;;C:\Users\User\AppData\Roaming\npm;C:\Users\User\AppData\Local\GitHubDesktop\bin;C:\Users\User\.local\bin;C:\Users\User\.local\share\man;c:\users\user\appdata\roaming\python\python310\scripts;E:\ghcup\bin;E:\BaiduNetdiskDownload\pandoc-2.14.2-windows-x86_64\pandoc-2.14.2;E:\Programm\Program Files\MiKTex\miktex\bin\x64\;C:\Users\User\AppData\Local\Pandoc\;E:\Programm\Program Files\Git\usr\bin;C:\Users\User\AppData\Local\Programs\Julia-1.11.6\bin;
USERNAME=User
OS=Windows_NT
PROCESSOR_IDENTIFIER=AMD64 Family 23 Model 96 Stepping 1, AuthenticAMD
TMP=E:\UserData\Tmp
TEMP=E:\UserData\Temp




Periodic native trim disabled

JNI global refs:
JNI global refs: 11, weak refs: 7

JNI global refs memory usage: 835, weak refs: 833

Process memory usage:
Resident Set Size: 387600K (4% of 7781324K total physical memory with 164492K free physical memory)

OOME stack traces (most recent first):
Classloader memory used:
Loader jdk.internal.loader.ClassLoaders$AppClassLoader                                 : 46290K
Loader bootstrap                                                                       : 11525K
Loader java.net.URLClassLoader                                                         : 1272K
Loader jdk.internal.jrtfs.JrtFileSystemProvider$JrtFsLoader                            : 318K
Loader jdk.internal.loader.ClassLoaders$PlatformClassLoader                            : 67904B

Classes loaded by more than one classloader:
Class jdk.internal.jimage.BasicImageReader                                            : loaded 2 times (x 93B)
Class jdk.internal.jimage.decompressor.StringSharingDecompressorFactory               : loaded 2 times (x 72B)
Class jdk.internal.jrtfs.JrtFileSystemProvider                                        : loaded 2 times (x 99B)
Class jdk.internal.jimage.ImageLocation                                               : loaded 2 times (x 88B)
Class jdk.internal.jimage.ImageBufferCache$1                                          : loaded 2 times (x 81B)
Class jdk.internal.jimage.ImageBufferCache$2                                          : loaded 2 times (x 89B)
Class jdk.internal.jimage.ImageHeader                                                 : loaded 2 times (x 69B)
Class jdk.internal.jimage.decompressor.ResourceDecompressor                           : loaded 2 times (x 68B)
Class jdk.internal.jimage.ImageStringsReader                                          : loaded 2 times (x 78B)
Class jdk.internal.jimage.ImageReader                                                 : loaded 2 times (x 73B)
Class jdk.internal.jimage.ImageReader$SharedImageReader                               : loaded 2 times (x 93B)
Class jdk.internal.jimage.decompressor.ResourceDecompressorFactory                    : loaded 2 times (x 72B)
Class jdk.internal.jimage.ImageReader$Node                                            : loaded 2 times (x 82B)
Class jdk.internal.jimage.BasicImageReader$1                                          : loaded 2 times (x 75B)
Class jdk.internal.jimage.decompressor.Decompressor                                   : loaded 2 times (x 70B)
Class jdk.internal.jimage.ImageBufferCache                                            : loaded 2 times (x 69B)
Class jdk.internal.jrtfs.JrtPath                                                      : loaded 2 times (x 116B)
Class jdk.internal.jimage.decompressor.ResourceDecompressorRepository                 : loaded 2 times (x 69B)
Class jdk.internal.jimage.ImageReader$Directory                                       : loaded 2 times (x 82B)
Class jdk.internal.jimage.decompressor.ZipDecompressorFactory                         : loaded 2 times (x 72B)
Class jdk.internal.jimage.decompressor.ZipDecompressor                                : loaded 2 times (x 73B)
Class jdk.internal.jimage.ImageStrings                                                : loaded 2 times (x 68B)
Class jdk.internal.jrtfs.JrtFileSystem                                                : loaded 2 times (x 100B)
Class jdk.internal.jimage.decompressor.CompressedResourceHeader                       : loaded 2 times (x 69B)
Class jdk.internal.jimage.decompressor.ResourceDecompressor$StringsProvider           : loaded 2 times (x 68B)

---------------  S Y S T E M  ---------------

OS:
 Windows 11 , 64 bit Build 22621 (10.0.22621.5415)
OS uptime: 8 days 22:07 hours
Hyper-V role detected

CPU: total 12 (initial active 12) (12 cores per cpu, 2 threads per core) family 23 model 96 stepping 1 microcode 0x0, cx8, cmov, fxsr, ht, mmx, 3dnowpref, sse, sse2, sse3, ssse3, sse4a, sse4.1, sse4.2, popcnt, lzcnt, tsc, tscinvbit, avx, avx2, aes, clmul, bmi1, bmi2, adx, sha, fma, vzeroupper, clflush, clflushopt, hv, rdtscp, rdpid, f16c
Processor Information for the first 12 processors :
  Max Mhz: 3001, Current Mhz: 3001, Mhz Limit: 3001

Memory: 4k page, system-wide physical 7598M (180M free)
TotalPageFile size 27290M (AvailPageFile size 15M)
current process WorkingSet (physical memory assigned to process): 378M, peak: 379M
current process commit charge ("private bytes"): 380M, peak: 451M

vm_info: OpenJDK 64-Bit Server VM (21.0.7+-13880790-b1038.58) for windows-amd64 JRE (21.0.7+-13880790-b1038.58), built on 2025-08-04T20:56:21Z by "builder" with MS VC++ 16.10 / 16.11 (VS2019)

END.
